[2023-02-02T02:08:18.715+0000] {processor.py:153} INFO - Started process (PID=38) to work on /opt/airflow/dags/my_dag.py
[2023-02-02T02:08:18.716+0000] {processor.py:743} INFO - Processing file /opt/airflow/dags/my_dag.py for tasks to queue
[2023-02-02T02:08:18.717+0000] {logging_mixin.py:137} INFO - [2023-02-02T02:08:18.716+0000] {dagbag.py:538} INFO - Filling up the DagBag from /opt/airflow/dags/my_dag.py
[2023-02-02T02:08:18.731+0000] {logging_mixin.py:137} INFO - [2023-02-02T02:08:18.730+0000] {dagbag.py:343} ERROR - Failed to import: /opt/airflow/dags/my_dag.py
Traceback (most recent call last):
  File "/home/airflow/.local/lib/python3.7/site-packages/airflow/models/dagbag.py", line 339, in parse
    loader.exec_module(new_module)
  File "<frozen importlib._bootstrap_external>", line 728, in exec_module
  File "<frozen importlib._bootstrap>", line 219, in _call_with_frames_removed
  File "/opt/airflow/dags/my_dag.py", line 28, in <module>
    catchup=False,
TypeError: __init__() got an unexpected keyword argument 'scheduling_interval'
[2023-02-02T02:08:18.731+0000] {processor.py:755} WARNING - No viable dags retrieved from /opt/airflow/dags/my_dag.py
[2023-02-02T02:08:18.745+0000] {processor.py:175} INFO - Processing /opt/airflow/dags/my_dag.py took 0.033 seconds
[2023-02-02T02:08:49.407+0000] {processor.py:153} INFO - Started process (PID=126) to work on /opt/airflow/dags/my_dag.py
[2023-02-02T02:08:49.408+0000] {processor.py:743} INFO - Processing file /opt/airflow/dags/my_dag.py for tasks to queue
[2023-02-02T02:08:49.409+0000] {logging_mixin.py:137} INFO - [2023-02-02T02:08:49.408+0000] {dagbag.py:538} INFO - Filling up the DagBag from /opt/airflow/dags/my_dag.py
[2023-02-02T02:08:49.417+0000] {logging_mixin.py:137} INFO - [2023-02-02T02:08:49.416+0000] {dagbag.py:343} ERROR - Failed to import: /opt/airflow/dags/my_dag.py
Traceback (most recent call last):
  File "/home/airflow/.local/lib/python3.7/site-packages/airflow/models/dagbag.py", line 339, in parse
    loader.exec_module(new_module)
  File "<frozen importlib._bootstrap_external>", line 728, in exec_module
  File "<frozen importlib._bootstrap>", line 219, in _call_with_frames_removed
  File "/opt/airflow/dags/my_dag.py", line 28, in <module>
    catchup=False,
TypeError: __init__() got an unexpected keyword argument 'scheduling_interval'
[2023-02-02T02:08:49.417+0000] {processor.py:755} WARNING - No viable dags retrieved from /opt/airflow/dags/my_dag.py
[2023-02-02T02:08:49.440+0000] {processor.py:175} INFO - Processing /opt/airflow/dags/my_dag.py took 0.035 seconds
[2023-02-02T02:09:19.555+0000] {processor.py:153} INFO - Started process (PID=198) to work on /opt/airflow/dags/my_dag.py
[2023-02-02T02:09:19.555+0000] {processor.py:743} INFO - Processing file /opt/airflow/dags/my_dag.py for tasks to queue
[2023-02-02T02:09:19.556+0000] {logging_mixin.py:137} INFO - [2023-02-02T02:09:19.556+0000] {dagbag.py:538} INFO - Filling up the DagBag from /opt/airflow/dags/my_dag.py
[2023-02-02T02:09:19.563+0000] {logging_mixin.py:137} INFO - [2023-02-02T02:09:19.562+0000] {dagbag.py:343} ERROR - Failed to import: /opt/airflow/dags/my_dag.py
Traceback (most recent call last):
  File "/home/airflow/.local/lib/python3.7/site-packages/airflow/models/dagbag.py", line 339, in parse
    loader.exec_module(new_module)
  File "<frozen importlib._bootstrap_external>", line 728, in exec_module
  File "<frozen importlib._bootstrap>", line 219, in _call_with_frames_removed
  File "/opt/airflow/dags/my_dag.py", line 28, in <module>
    catchup=False,
TypeError: __init__() got an unexpected keyword argument 'scheduling_interval'
[2023-02-02T02:09:19.563+0000] {processor.py:755} WARNING - No viable dags retrieved from /opt/airflow/dags/my_dag.py
[2023-02-02T02:09:19.576+0000] {processor.py:175} INFO - Processing /opt/airflow/dags/my_dag.py took 0.024 seconds
[2023-02-02T02:09:49.844+0000] {processor.py:153} INFO - Started process (PID=286) to work on /opt/airflow/dags/my_dag.py
[2023-02-02T02:09:49.844+0000] {processor.py:743} INFO - Processing file /opt/airflow/dags/my_dag.py for tasks to queue
[2023-02-02T02:09:49.845+0000] {logging_mixin.py:137} INFO - [2023-02-02T02:09:49.845+0000] {dagbag.py:538} INFO - Filling up the DagBag from /opt/airflow/dags/my_dag.py
[2023-02-02T02:09:49.852+0000] {logging_mixin.py:137} INFO - [2023-02-02T02:09:49.851+0000] {dagbag.py:343} ERROR - Failed to import: /opt/airflow/dags/my_dag.py
Traceback (most recent call last):
  File "/home/airflow/.local/lib/python3.7/site-packages/airflow/models/dagbag.py", line 339, in parse
    loader.exec_module(new_module)
  File "<frozen importlib._bootstrap_external>", line 728, in exec_module
  File "<frozen importlib._bootstrap>", line 219, in _call_with_frames_removed
  File "/opt/airflow/dags/my_dag.py", line 28, in <module>
    catchup=False,
TypeError: __init__() got an unexpected keyword argument 'scheduling_interval'
[2023-02-02T02:09:49.852+0000] {processor.py:755} WARNING - No viable dags retrieved from /opt/airflow/dags/my_dag.py
[2023-02-02T02:09:49.882+0000] {processor.py:175} INFO - Processing /opt/airflow/dags/my_dag.py took 0.040 seconds
[2023-02-02T02:10:20.752+0000] {processor.py:153} INFO - Started process (PID=374) to work on /opt/airflow/dags/my_dag.py
[2023-02-02T02:10:20.752+0000] {processor.py:743} INFO - Processing file /opt/airflow/dags/my_dag.py for tasks to queue
[2023-02-02T02:10:20.753+0000] {logging_mixin.py:137} INFO - [2023-02-02T02:10:20.753+0000] {dagbag.py:538} INFO - Filling up the DagBag from /opt/airflow/dags/my_dag.py
[2023-02-02T02:10:20.760+0000] {logging_mixin.py:137} INFO - [2023-02-02T02:10:20.759+0000] {dagbag.py:343} ERROR - Failed to import: /opt/airflow/dags/my_dag.py
Traceback (most recent call last):
  File "/home/airflow/.local/lib/python3.7/site-packages/airflow/models/dagbag.py", line 339, in parse
    loader.exec_module(new_module)
  File "<frozen importlib._bootstrap_external>", line 728, in exec_module
  File "<frozen importlib._bootstrap>", line 219, in _call_with_frames_removed
  File "/opt/airflow/dags/my_dag.py", line 28, in <module>
    catchup=False,
TypeError: __init__() got an unexpected keyword argument 'scheduling_interval'
[2023-02-02T02:10:20.760+0000] {processor.py:755} WARNING - No viable dags retrieved from /opt/airflow/dags/my_dag.py
[2023-02-02T02:10:20.773+0000] {processor.py:175} INFO - Processing /opt/airflow/dags/my_dag.py took 0.023 seconds
[2023-02-02T02:11:57.202+0000] {processor.py:153} INFO - Started process (PID=38) to work on /opt/airflow/dags/my_dag.py
[2023-02-02T02:11:57.203+0000] {processor.py:743} INFO - Processing file /opt/airflow/dags/my_dag.py for tasks to queue
[2023-02-02T02:11:57.203+0000] {logging_mixin.py:137} INFO - [2023-02-02T02:11:57.203+0000] {dagbag.py:538} INFO - Filling up the DagBag from /opt/airflow/dags/my_dag.py
[2023-02-02T02:11:57.237+0000] {processor.py:753} INFO - DAG(s) dict_keys(['my_dag']) retrieved from /opt/airflow/dags/my_dag.py
[2023-02-02T02:11:57.364+0000] {logging_mixin.py:137} INFO - [2023-02-02T02:11:57.364+0000] {manager.py:504} INFO - Created Permission View: can delete on DAG:my_dag
[2023-02-02T02:11:57.371+0000] {logging_mixin.py:137} INFO - [2023-02-02T02:11:57.371+0000] {manager.py:504} INFO - Created Permission View: can edit on DAG:my_dag
[2023-02-02T02:11:57.376+0000] {logging_mixin.py:137} INFO - [2023-02-02T02:11:57.376+0000] {manager.py:504} INFO - Created Permission View: can read on DAG:my_dag
[2023-02-02T02:11:57.376+0000] {logging_mixin.py:137} INFO - [2023-02-02T02:11:57.376+0000] {dag.py:2690} INFO - Sync 1 DAGs
[2023-02-02T02:11:57.390+0000] {logging_mixin.py:137} INFO - [2023-02-02T02:11:57.390+0000] {dag.py:2711} INFO - Creating ORM DAG for my_dag
[2023-02-02T02:11:57.402+0000] {logging_mixin.py:137} INFO - [2023-02-02T02:11:57.402+0000] {dag.py:3441} INFO - Setting next_dagrun for my_dag to 2023-02-01T00:00:00+00:00, run_after=2023-02-02T00:00:00+00:00
[2023-02-02T02:11:57.415+0000] {processor.py:175} INFO - Processing /opt/airflow/dags/my_dag.py took 0.216 seconds
[2023-02-02T02:12:27.965+0000] {processor.py:153} INFO - Started process (PID=125) to work on /opt/airflow/dags/my_dag.py
[2023-02-02T02:12:27.966+0000] {processor.py:743} INFO - Processing file /opt/airflow/dags/my_dag.py for tasks to queue
[2023-02-02T02:12:27.967+0000] {logging_mixin.py:137} INFO - [2023-02-02T02:12:27.966+0000] {dagbag.py:538} INFO - Filling up the DagBag from /opt/airflow/dags/my_dag.py
[2023-02-02T02:12:27.983+0000] {processor.py:753} INFO - DAG(s) dict_keys(['my_dag']) retrieved from /opt/airflow/dags/my_dag.py
[2023-02-02T02:12:28.006+0000] {logging_mixin.py:137} INFO - [2023-02-02T02:12:28.006+0000] {dag.py:2690} INFO - Sync 1 DAGs
[2023-02-02T02:12:28.029+0000] {logging_mixin.py:137} INFO - [2023-02-02T02:12:28.029+0000] {dag.py:3441} INFO - Setting next_dagrun for my_dag to 2023-02-01T00:00:00+00:00, run_after=2023-02-02T00:00:00+00:00
[2023-02-02T02:12:28.046+0000] {processor.py:175} INFO - Processing /opt/airflow/dags/my_dag.py took 0.084 seconds
[2023-02-02T02:12:58.766+0000] {processor.py:153} INFO - Started process (PID=204) to work on /opt/airflow/dags/my_dag.py
[2023-02-02T02:12:58.766+0000] {processor.py:743} INFO - Processing file /opt/airflow/dags/my_dag.py for tasks to queue
[2023-02-02T02:12:58.767+0000] {logging_mixin.py:137} INFO - [2023-02-02T02:12:58.767+0000] {dagbag.py:538} INFO - Filling up the DagBag from /opt/airflow/dags/my_dag.py
[2023-02-02T02:12:58.788+0000] {processor.py:753} INFO - DAG(s) dict_keys(['my_dag']) retrieved from /opt/airflow/dags/my_dag.py
[2023-02-02T02:12:58.805+0000] {logging_mixin.py:137} INFO - [2023-02-02T02:12:58.805+0000] {dag.py:2690} INFO - Sync 1 DAGs
[2023-02-02T02:12:58.822+0000] {logging_mixin.py:137} INFO - [2023-02-02T02:12:58.822+0000] {dag.py:3441} INFO - Setting next_dagrun for my_dag to 2023-02-01T00:00:00+00:00, run_after=2023-02-02T00:00:00+00:00
[2023-02-02T02:12:58.834+0000] {processor.py:175} INFO - Processing /opt/airflow/dags/my_dag.py took 0.070 seconds
[2023-02-02T02:13:29.658+0000] {processor.py:153} INFO - Started process (PID=285) to work on /opt/airflow/dags/my_dag.py
[2023-02-02T02:13:29.658+0000] {processor.py:743} INFO - Processing file /opt/airflow/dags/my_dag.py for tasks to queue
[2023-02-02T02:13:29.659+0000] {logging_mixin.py:137} INFO - [2023-02-02T02:13:29.659+0000] {dagbag.py:538} INFO - Filling up the DagBag from /opt/airflow/dags/my_dag.py
[2023-02-02T02:13:29.675+0000] {processor.py:753} INFO - DAG(s) dict_keys(['my_dag']) retrieved from /opt/airflow/dags/my_dag.py
[2023-02-02T02:13:29.694+0000] {logging_mixin.py:137} INFO - [2023-02-02T02:13:29.694+0000] {dag.py:2690} INFO - Sync 1 DAGs
[2023-02-02T02:13:29.712+0000] {logging_mixin.py:137} INFO - [2023-02-02T02:13:29.712+0000] {dag.py:3441} INFO - Setting next_dagrun for my_dag to 2023-02-01T00:00:00+00:00, run_after=2023-02-02T00:00:00+00:00
[2023-02-02T02:13:29.733+0000] {processor.py:175} INFO - Processing /opt/airflow/dags/my_dag.py took 0.078 seconds
[2023-02-02T02:14:00.360+0000] {processor.py:153} INFO - Started process (PID=373) to work on /opt/airflow/dags/my_dag.py
[2023-02-02T02:14:00.361+0000] {processor.py:743} INFO - Processing file /opt/airflow/dags/my_dag.py for tasks to queue
[2023-02-02T02:14:00.362+0000] {logging_mixin.py:137} INFO - [2023-02-02T02:14:00.361+0000] {dagbag.py:538} INFO - Filling up the DagBag from /opt/airflow/dags/my_dag.py
[2023-02-02T02:14:00.377+0000] {processor.py:753} INFO - DAG(s) dict_keys(['my_dag']) retrieved from /opt/airflow/dags/my_dag.py
[2023-02-02T02:14:00.395+0000] {logging_mixin.py:137} INFO - [2023-02-02T02:14:00.395+0000] {dag.py:2690} INFO - Sync 1 DAGs
[2023-02-02T02:14:00.414+0000] {logging_mixin.py:137} INFO - [2023-02-02T02:14:00.414+0000] {dag.py:3441} INFO - Setting next_dagrun for my_dag to 2023-02-01T00:00:00+00:00, run_after=2023-02-02T00:00:00+00:00
[2023-02-02T02:14:00.435+0000] {processor.py:175} INFO - Processing /opt/airflow/dags/my_dag.py took 0.077 seconds
[2023-02-02T02:14:31.217+0000] {processor.py:153} INFO - Started process (PID=461) to work on /opt/airflow/dags/my_dag.py
[2023-02-02T02:14:31.217+0000] {processor.py:743} INFO - Processing file /opt/airflow/dags/my_dag.py for tasks to queue
[2023-02-02T02:14:31.218+0000] {logging_mixin.py:137} INFO - [2023-02-02T02:14:31.218+0000] {dagbag.py:538} INFO - Filling up the DagBag from /opt/airflow/dags/my_dag.py
[2023-02-02T02:14:31.235+0000] {processor.py:753} INFO - DAG(s) dict_keys(['my_dag']) retrieved from /opt/airflow/dags/my_dag.py
[2023-02-02T02:14:31.254+0000] {logging_mixin.py:137} INFO - [2023-02-02T02:14:31.254+0000] {dag.py:2690} INFO - Sync 1 DAGs
[2023-02-02T02:14:31.274+0000] {logging_mixin.py:137} INFO - [2023-02-02T02:14:31.274+0000] {dag.py:3441} INFO - Setting next_dagrun for my_dag to 2023-02-01T00:00:00+00:00, run_after=2023-02-02T00:00:00+00:00
[2023-02-02T02:14:31.319+0000] {processor.py:175} INFO - Processing /opt/airflow/dags/my_dag.py took 0.105 seconds
[2023-02-02T02:15:01.985+0000] {processor.py:153} INFO - Started process (PID=533) to work on /opt/airflow/dags/my_dag.py
[2023-02-02T02:15:01.985+0000] {processor.py:743} INFO - Processing file /opt/airflow/dags/my_dag.py for tasks to queue
[2023-02-02T02:15:01.986+0000] {logging_mixin.py:137} INFO - [2023-02-02T02:15:01.986+0000] {dagbag.py:538} INFO - Filling up the DagBag from /opt/airflow/dags/my_dag.py
[2023-02-02T02:15:02.000+0000] {processor.py:753} INFO - DAG(s) dict_keys(['my_dag']) retrieved from /opt/airflow/dags/my_dag.py
[2023-02-02T02:15:02.017+0000] {logging_mixin.py:137} INFO - [2023-02-02T02:15:02.017+0000] {dag.py:2690} INFO - Sync 1 DAGs
[2023-02-02T02:15:02.034+0000] {logging_mixin.py:137} INFO - [2023-02-02T02:15:02.034+0000] {dag.py:3441} INFO - Setting next_dagrun for my_dag to 2023-02-01T00:00:00+00:00, run_after=2023-02-02T00:00:00+00:00
[2023-02-02T02:15:02.045+0000] {processor.py:175} INFO - Processing /opt/airflow/dags/my_dag.py took 0.063 seconds
[2023-02-02T02:15:32.711+0000] {processor.py:153} INFO - Started process (PID=621) to work on /opt/airflow/dags/my_dag.py
[2023-02-02T02:15:32.712+0000] {processor.py:743} INFO - Processing file /opt/airflow/dags/my_dag.py for tasks to queue
[2023-02-02T02:15:32.712+0000] {logging_mixin.py:137} INFO - [2023-02-02T02:15:32.712+0000] {dagbag.py:538} INFO - Filling up the DagBag from /opt/airflow/dags/my_dag.py
[2023-02-02T02:15:32.728+0000] {processor.py:753} INFO - DAG(s) dict_keys(['my_dag']) retrieved from /opt/airflow/dags/my_dag.py
[2023-02-02T02:15:32.752+0000] {logging_mixin.py:137} INFO - [2023-02-02T02:15:32.752+0000] {dag.py:2690} INFO - Sync 1 DAGs
[2023-02-02T02:15:32.779+0000] {logging_mixin.py:137} INFO - [2023-02-02T02:15:32.779+0000] {dag.py:3441} INFO - Setting next_dagrun for my_dag to 2023-02-01T00:00:00+00:00, run_after=2023-02-02T00:00:00+00:00
[2023-02-02T02:15:32.795+0000] {processor.py:175} INFO - Processing /opt/airflow/dags/my_dag.py took 0.087 seconds
[2023-02-02T02:16:03.573+0000] {processor.py:153} INFO - Started process (PID=709) to work on /opt/airflow/dags/my_dag.py
[2023-02-02T02:16:03.573+0000] {processor.py:743} INFO - Processing file /opt/airflow/dags/my_dag.py for tasks to queue
[2023-02-02T02:16:03.574+0000] {logging_mixin.py:137} INFO - [2023-02-02T02:16:03.573+0000] {dagbag.py:538} INFO - Filling up the DagBag from /opt/airflow/dags/my_dag.py
[2023-02-02T02:16:03.589+0000] {processor.py:753} INFO - DAG(s) dict_keys(['my_dag']) retrieved from /opt/airflow/dags/my_dag.py
[2023-02-02T02:16:03.610+0000] {logging_mixin.py:137} INFO - [2023-02-02T02:16:03.610+0000] {dag.py:2690} INFO - Sync 1 DAGs
[2023-02-02T02:16:03.633+0000] {logging_mixin.py:137} INFO - [2023-02-02T02:16:03.633+0000] {dag.py:3441} INFO - Setting next_dagrun for my_dag to 2023-02-01T00:00:00+00:00, run_after=2023-02-02T00:00:00+00:00
[2023-02-02T02:16:03.659+0000] {processor.py:175} INFO - Processing /opt/airflow/dags/my_dag.py took 0.089 seconds
[2023-02-02T02:16:34.356+0000] {processor.py:153} INFO - Started process (PID=781) to work on /opt/airflow/dags/my_dag.py
[2023-02-02T02:16:34.356+0000] {processor.py:743} INFO - Processing file /opt/airflow/dags/my_dag.py for tasks to queue
[2023-02-02T02:16:34.357+0000] {logging_mixin.py:137} INFO - [2023-02-02T02:16:34.357+0000] {dagbag.py:538} INFO - Filling up the DagBag from /opt/airflow/dags/my_dag.py
[2023-02-02T02:16:34.374+0000] {processor.py:753} INFO - DAG(s) dict_keys(['my_dag']) retrieved from /opt/airflow/dags/my_dag.py
[2023-02-02T02:16:34.396+0000] {logging_mixin.py:137} INFO - [2023-02-02T02:16:34.396+0000] {dag.py:2690} INFO - Sync 1 DAGs
[2023-02-02T02:16:34.422+0000] {logging_mixin.py:137} INFO - [2023-02-02T02:16:34.421+0000] {dag.py:3441} INFO - Setting next_dagrun for my_dag to 2023-02-01T00:00:00+00:00, run_after=2023-02-02T00:00:00+00:00
[2023-02-02T02:16:34.436+0000] {processor.py:175} INFO - Processing /opt/airflow/dags/my_dag.py took 0.082 seconds
[2023-02-02T02:17:05.303+0000] {processor.py:153} INFO - Started process (PID=869) to work on /opt/airflow/dags/my_dag.py
[2023-02-02T02:17:05.303+0000] {processor.py:743} INFO - Processing file /opt/airflow/dags/my_dag.py for tasks to queue
[2023-02-02T02:17:05.304+0000] {logging_mixin.py:137} INFO - [2023-02-02T02:17:05.303+0000] {dagbag.py:538} INFO - Filling up the DagBag from /opt/airflow/dags/my_dag.py
[2023-02-02T02:17:05.322+0000] {processor.py:753} INFO - DAG(s) dict_keys(['my_dag']) retrieved from /opt/airflow/dags/my_dag.py
[2023-02-02T02:17:05.343+0000] {logging_mixin.py:137} INFO - [2023-02-02T02:17:05.342+0000] {dag.py:2690} INFO - Sync 1 DAGs
[2023-02-02T02:17:05.361+0000] {logging_mixin.py:137} INFO - [2023-02-02T02:17:05.361+0000] {dag.py:3441} INFO - Setting next_dagrun for my_dag to 2023-02-01T00:00:00+00:00, run_after=2023-02-02T00:00:00+00:00
[2023-02-02T02:17:05.373+0000] {processor.py:175} INFO - Processing /opt/airflow/dags/my_dag.py took 0.073 seconds
[2023-02-02T02:17:36.194+0000] {processor.py:153} INFO - Started process (PID=957) to work on /opt/airflow/dags/my_dag.py
[2023-02-02T02:17:36.194+0000] {processor.py:743} INFO - Processing file /opt/airflow/dags/my_dag.py for tasks to queue
[2023-02-02T02:17:36.195+0000] {logging_mixin.py:137} INFO - [2023-02-02T02:17:36.195+0000] {dagbag.py:538} INFO - Filling up the DagBag from /opt/airflow/dags/my_dag.py
[2023-02-02T02:17:36.210+0000] {processor.py:753} INFO - DAG(s) dict_keys(['my_dag']) retrieved from /opt/airflow/dags/my_dag.py
[2023-02-02T02:17:36.229+0000] {logging_mixin.py:137} INFO - [2023-02-02T02:17:36.229+0000] {dag.py:2690} INFO - Sync 1 DAGs
[2023-02-02T02:17:36.258+0000] {logging_mixin.py:137} INFO - [2023-02-02T02:17:36.257+0000] {dag.py:3441} INFO - Setting next_dagrun for my_dag to 2023-02-01T00:00:00+00:00, run_after=2023-02-02T00:00:00+00:00
[2023-02-02T02:17:36.272+0000] {processor.py:175} INFO - Processing /opt/airflow/dags/my_dag.py took 0.081 seconds
[2023-02-02T02:18:07.062+0000] {processor.py:153} INFO - Started process (PID=1029) to work on /opt/airflow/dags/my_dag.py
[2023-02-02T02:18:07.063+0000] {processor.py:743} INFO - Processing file /opt/airflow/dags/my_dag.py for tasks to queue
[2023-02-02T02:18:07.064+0000] {logging_mixin.py:137} INFO - [2023-02-02T02:18:07.064+0000] {dagbag.py:538} INFO - Filling up the DagBag from /opt/airflow/dags/my_dag.py
[2023-02-02T02:18:07.080+0000] {processor.py:753} INFO - DAG(s) dict_keys(['my_dag']) retrieved from /opt/airflow/dags/my_dag.py
[2023-02-02T02:18:07.100+0000] {logging_mixin.py:137} INFO - [2023-02-02T02:18:07.100+0000] {dag.py:2690} INFO - Sync 1 DAGs
[2023-02-02T02:18:07.118+0000] {logging_mixin.py:137} INFO - [2023-02-02T02:18:07.118+0000] {dag.py:3441} INFO - Setting next_dagrun for my_dag to 2023-02-01T00:00:00+00:00, run_after=2023-02-02T00:00:00+00:00
[2023-02-02T02:18:07.132+0000] {processor.py:175} INFO - Processing /opt/airflow/dags/my_dag.py took 0.072 seconds
[2023-02-02T02:18:38.117+0000] {processor.py:153} INFO - Started process (PID=1117) to work on /opt/airflow/dags/my_dag.py
[2023-02-02T02:18:38.118+0000] {processor.py:743} INFO - Processing file /opt/airflow/dags/my_dag.py for tasks to queue
[2023-02-02T02:18:38.119+0000] {logging_mixin.py:137} INFO - [2023-02-02T02:18:38.119+0000] {dagbag.py:538} INFO - Filling up the DagBag from /opt/airflow/dags/my_dag.py
[2023-02-02T02:18:38.134+0000] {processor.py:753} INFO - DAG(s) dict_keys(['my_dag']) retrieved from /opt/airflow/dags/my_dag.py
[2023-02-02T02:18:38.153+0000] {logging_mixin.py:137} INFO - [2023-02-02T02:18:38.153+0000] {dag.py:2690} INFO - Sync 1 DAGs
[2023-02-02T02:18:38.173+0000] {logging_mixin.py:137} INFO - [2023-02-02T02:18:38.173+0000] {dag.py:3441} INFO - Setting next_dagrun for my_dag to 2023-02-01T00:00:00+00:00, run_after=2023-02-02T00:00:00+00:00
[2023-02-02T02:18:38.185+0000] {processor.py:175} INFO - Processing /opt/airflow/dags/my_dag.py took 0.070 seconds
[2023-02-02T02:19:08.987+0000] {processor.py:153} INFO - Started process (PID=1205) to work on /opt/airflow/dags/my_dag.py
[2023-02-02T02:19:08.987+0000] {processor.py:743} INFO - Processing file /opt/airflow/dags/my_dag.py for tasks to queue
[2023-02-02T02:19:08.988+0000] {logging_mixin.py:137} INFO - [2023-02-02T02:19:08.988+0000] {dagbag.py:538} INFO - Filling up the DagBag from /opt/airflow/dags/my_dag.py
[2023-02-02T02:19:09.006+0000] {processor.py:753} INFO - DAG(s) dict_keys(['my_dag']) retrieved from /opt/airflow/dags/my_dag.py
[2023-02-02T02:19:09.028+0000] {logging_mixin.py:137} INFO - [2023-02-02T02:19:09.028+0000] {dag.py:2690} INFO - Sync 1 DAGs
[2023-02-02T02:19:09.054+0000] {logging_mixin.py:137} INFO - [2023-02-02T02:19:09.054+0000] {dag.py:3441} INFO - Setting next_dagrun for my_dag to 2023-02-01T00:00:00+00:00, run_after=2023-02-02T00:00:00+00:00
[2023-02-02T02:19:09.069+0000] {processor.py:175} INFO - Processing /opt/airflow/dags/my_dag.py took 0.084 seconds
[2023-02-02T02:19:39.889+0000] {processor.py:153} INFO - Started process (PID=1293) to work on /opt/airflow/dags/my_dag.py
[2023-02-02T02:19:39.890+0000] {processor.py:743} INFO - Processing file /opt/airflow/dags/my_dag.py for tasks to queue
[2023-02-02T02:19:39.890+0000] {logging_mixin.py:137} INFO - [2023-02-02T02:19:39.890+0000] {dagbag.py:538} INFO - Filling up the DagBag from /opt/airflow/dags/my_dag.py
[2023-02-02T02:19:39.908+0000] {processor.py:753} INFO - DAG(s) dict_keys(['my_dag']) retrieved from /opt/airflow/dags/my_dag.py
[2023-02-02T02:19:39.926+0000] {logging_mixin.py:137} INFO - [2023-02-02T02:19:39.926+0000] {dag.py:2690} INFO - Sync 1 DAGs
[2023-02-02T02:19:39.944+0000] {logging_mixin.py:137} INFO - [2023-02-02T02:19:39.944+0000] {dag.py:3441} INFO - Setting next_dagrun for my_dag to 2023-02-01T00:00:00+00:00, run_after=2023-02-02T00:00:00+00:00
[2023-02-02T02:19:39.962+0000] {processor.py:175} INFO - Processing /opt/airflow/dags/my_dag.py took 0.075 seconds
[2023-02-02T02:20:10.722+0000] {processor.py:153} INFO - Started process (PID=1365) to work on /opt/airflow/dags/my_dag.py
[2023-02-02T02:20:10.723+0000] {processor.py:743} INFO - Processing file /opt/airflow/dags/my_dag.py for tasks to queue
[2023-02-02T02:20:10.723+0000] {logging_mixin.py:137} INFO - [2023-02-02T02:20:10.723+0000] {dagbag.py:538} INFO - Filling up the DagBag from /opt/airflow/dags/my_dag.py
[2023-02-02T02:20:10.739+0000] {processor.py:753} INFO - DAG(s) dict_keys(['my_dag']) retrieved from /opt/airflow/dags/my_dag.py
[2023-02-02T02:20:10.757+0000] {logging_mixin.py:137} INFO - [2023-02-02T02:20:10.757+0000] {dag.py:2690} INFO - Sync 1 DAGs
[2023-02-02T02:20:10.777+0000] {logging_mixin.py:137} INFO - [2023-02-02T02:20:10.777+0000] {dag.py:3441} INFO - Setting next_dagrun for my_dag to 2023-02-01T00:00:00+00:00, run_after=2023-02-02T00:00:00+00:00
[2023-02-02T02:20:10.789+0000] {processor.py:175} INFO - Processing /opt/airflow/dags/my_dag.py took 0.069 seconds
[2023-02-02T02:20:41.691+0000] {processor.py:153} INFO - Started process (PID=1453) to work on /opt/airflow/dags/my_dag.py
[2023-02-02T02:20:41.692+0000] {processor.py:743} INFO - Processing file /opt/airflow/dags/my_dag.py for tasks to queue
[2023-02-02T02:20:41.693+0000] {logging_mixin.py:137} INFO - [2023-02-02T02:20:41.692+0000] {dagbag.py:538} INFO - Filling up the DagBag from /opt/airflow/dags/my_dag.py
[2023-02-02T02:20:41.714+0000] {processor.py:753} INFO - DAG(s) dict_keys(['my_dag']) retrieved from /opt/airflow/dags/my_dag.py
[2023-02-02T02:20:41.737+0000] {logging_mixin.py:137} INFO - [2023-02-02T02:20:41.737+0000] {dag.py:2690} INFO - Sync 1 DAGs
[2023-02-02T02:20:41.758+0000] {logging_mixin.py:137} INFO - [2023-02-02T02:20:41.758+0000] {dag.py:3441} INFO - Setting next_dagrun for my_dag to 2023-02-01T00:00:00+00:00, run_after=2023-02-02T00:00:00+00:00
[2023-02-02T02:20:41.771+0000] {processor.py:175} INFO - Processing /opt/airflow/dags/my_dag.py took 0.082 seconds
[2023-02-02T02:21:12.482+0000] {processor.py:153} INFO - Started process (PID=1541) to work on /opt/airflow/dags/my_dag.py
[2023-02-02T02:21:12.483+0000] {processor.py:743} INFO - Processing file /opt/airflow/dags/my_dag.py for tasks to queue
[2023-02-02T02:21:12.484+0000] {logging_mixin.py:137} INFO - [2023-02-02T02:21:12.483+0000] {dagbag.py:538} INFO - Filling up the DagBag from /opt/airflow/dags/my_dag.py
[2023-02-02T02:21:12.500+0000] {processor.py:753} INFO - DAG(s) dict_keys(['my_dag']) retrieved from /opt/airflow/dags/my_dag.py
[2023-02-02T02:21:12.519+0000] {logging_mixin.py:137} INFO - [2023-02-02T02:21:12.519+0000] {dag.py:2690} INFO - Sync 1 DAGs
[2023-02-02T02:21:12.536+0000] {logging_mixin.py:137} INFO - [2023-02-02T02:21:12.536+0000] {dag.py:3441} INFO - Setting next_dagrun for my_dag to 2023-02-01T00:00:00+00:00, run_after=2023-02-02T00:00:00+00:00
[2023-02-02T02:21:12.548+0000] {processor.py:175} INFO - Processing /opt/airflow/dags/my_dag.py took 0.068 seconds
[2023-02-02T02:21:43.397+0000] {processor.py:153} INFO - Started process (PID=1613) to work on /opt/airflow/dags/my_dag.py
[2023-02-02T02:21:43.397+0000] {processor.py:743} INFO - Processing file /opt/airflow/dags/my_dag.py for tasks to queue
[2023-02-02T02:21:43.398+0000] {logging_mixin.py:137} INFO - [2023-02-02T02:21:43.398+0000] {dagbag.py:538} INFO - Filling up the DagBag from /opt/airflow/dags/my_dag.py
[2023-02-02T02:21:43.414+0000] {processor.py:753} INFO - DAG(s) dict_keys(['my_dag']) retrieved from /opt/airflow/dags/my_dag.py
[2023-02-02T02:21:43.440+0000] {logging_mixin.py:137} INFO - [2023-02-02T02:21:43.439+0000] {dag.py:2690} INFO - Sync 1 DAGs
[2023-02-02T02:21:43.461+0000] {logging_mixin.py:137} INFO - [2023-02-02T02:21:43.461+0000] {dag.py:3441} INFO - Setting next_dagrun for my_dag to 2023-02-01T00:00:00+00:00, run_after=2023-02-02T00:00:00+00:00
[2023-02-02T02:21:43.476+0000] {processor.py:175} INFO - Processing /opt/airflow/dags/my_dag.py took 0.082 seconds
[2023-02-02T02:22:14.394+0000] {processor.py:153} INFO - Started process (PID=1701) to work on /opt/airflow/dags/my_dag.py
[2023-02-02T02:22:14.395+0000] {processor.py:743} INFO - Processing file /opt/airflow/dags/my_dag.py for tasks to queue
[2023-02-02T02:22:14.395+0000] {logging_mixin.py:137} INFO - [2023-02-02T02:22:14.395+0000] {dagbag.py:538} INFO - Filling up the DagBag from /opt/airflow/dags/my_dag.py
[2023-02-02T02:22:14.410+0000] {processor.py:753} INFO - DAG(s) dict_keys(['my_dag']) retrieved from /opt/airflow/dags/my_dag.py
[2023-02-02T02:22:14.426+0000] {logging_mixin.py:137} INFO - [2023-02-02T02:22:14.426+0000] {dag.py:2690} INFO - Sync 1 DAGs
[2023-02-02T02:22:14.443+0000] {logging_mixin.py:137} INFO - [2023-02-02T02:22:14.443+0000] {dag.py:3441} INFO - Setting next_dagrun for my_dag to 2023-02-01T00:00:00+00:00, run_after=2023-02-02T00:00:00+00:00
[2023-02-02T02:22:14.455+0000] {processor.py:175} INFO - Processing /opt/airflow/dags/my_dag.py took 0.064 seconds
[2023-02-02T02:22:45.241+0000] {processor.py:153} INFO - Started process (PID=1789) to work on /opt/airflow/dags/my_dag.py
[2023-02-02T02:22:45.242+0000] {processor.py:743} INFO - Processing file /opt/airflow/dags/my_dag.py for tasks to queue
[2023-02-02T02:22:45.242+0000] {logging_mixin.py:137} INFO - [2023-02-02T02:22:45.242+0000] {dagbag.py:538} INFO - Filling up the DagBag from /opt/airflow/dags/my_dag.py
[2023-02-02T02:22:45.257+0000] {processor.py:753} INFO - DAG(s) dict_keys(['my_dag']) retrieved from /opt/airflow/dags/my_dag.py
[2023-02-02T02:22:45.278+0000] {logging_mixin.py:137} INFO - [2023-02-02T02:22:45.277+0000] {dag.py:2690} INFO - Sync 1 DAGs
[2023-02-02T02:22:45.296+0000] {logging_mixin.py:137} INFO - [2023-02-02T02:22:45.296+0000] {dag.py:3441} INFO - Setting next_dagrun for my_dag to 2023-02-01T00:00:00+00:00, run_after=2023-02-02T00:00:00+00:00
[2023-02-02T02:22:45.324+0000] {processor.py:175} INFO - Processing /opt/airflow/dags/my_dag.py took 0.085 seconds
[2023-02-02T02:23:15.917+0000] {processor.py:153} INFO - Started process (PID=1870) to work on /opt/airflow/dags/my_dag.py
[2023-02-02T02:23:15.918+0000] {processor.py:743} INFO - Processing file /opt/airflow/dags/my_dag.py for tasks to queue
[2023-02-02T02:23:15.918+0000] {logging_mixin.py:137} INFO - [2023-02-02T02:23:15.918+0000] {dagbag.py:538} INFO - Filling up the DagBag from /opt/airflow/dags/my_dag.py
[2023-02-02T02:23:15.935+0000] {processor.py:753} INFO - DAG(s) dict_keys(['my_dag']) retrieved from /opt/airflow/dags/my_dag.py
[2023-02-02T02:23:15.958+0000] {logging_mixin.py:137} INFO - [2023-02-02T02:23:15.958+0000] {dag.py:2690} INFO - Sync 1 DAGs
[2023-02-02T02:23:15.984+0000] {logging_mixin.py:137} INFO - [2023-02-02T02:23:15.984+0000] {dag.py:3441} INFO - Setting next_dagrun for my_dag to 2023-02-01T00:00:00+00:00, run_after=2023-02-02T00:00:00+00:00
[2023-02-02T02:23:16.000+0000] {processor.py:175} INFO - Processing /opt/airflow/dags/my_dag.py took 0.086 seconds
[2023-02-02T02:23:46.811+0000] {processor.py:153} INFO - Started process (PID=1949) to work on /opt/airflow/dags/my_dag.py
[2023-02-02T02:23:46.812+0000] {processor.py:743} INFO - Processing file /opt/airflow/dags/my_dag.py for tasks to queue
[2023-02-02T02:23:46.813+0000] {logging_mixin.py:137} INFO - [2023-02-02T02:23:46.812+0000] {dagbag.py:538} INFO - Filling up the DagBag from /opt/airflow/dags/my_dag.py
[2023-02-02T02:23:46.828+0000] {processor.py:753} INFO - DAG(s) dict_keys(['my_dag']) retrieved from /opt/airflow/dags/my_dag.py
[2023-02-02T02:23:46.846+0000] {logging_mixin.py:137} INFO - [2023-02-02T02:23:46.846+0000] {dag.py:2690} INFO - Sync 1 DAGs
[2023-02-02T02:23:46.865+0000] {logging_mixin.py:137} INFO - [2023-02-02T02:23:46.865+0000] {dag.py:3441} INFO - Setting next_dagrun for my_dag to 2023-02-01T00:00:00+00:00, run_after=2023-02-02T00:00:00+00:00
[2023-02-02T02:23:46.877+0000] {processor.py:175} INFO - Processing /opt/airflow/dags/my_dag.py took 0.068 seconds
[2023-02-02T02:24:17.541+0000] {processor.py:153} INFO - Started process (PID=2037) to work on /opt/airflow/dags/my_dag.py
[2023-02-02T02:24:17.542+0000] {processor.py:743} INFO - Processing file /opt/airflow/dags/my_dag.py for tasks to queue
[2023-02-02T02:24:17.543+0000] {logging_mixin.py:137} INFO - [2023-02-02T02:24:17.542+0000] {dagbag.py:538} INFO - Filling up the DagBag from /opt/airflow/dags/my_dag.py
[2023-02-02T02:24:17.557+0000] {processor.py:753} INFO - DAG(s) dict_keys(['my_dag']) retrieved from /opt/airflow/dags/my_dag.py
[2023-02-02T02:24:17.576+0000] {logging_mixin.py:137} INFO - [2023-02-02T02:24:17.576+0000] {dag.py:2690} INFO - Sync 1 DAGs
[2023-02-02T02:24:17.595+0000] {logging_mixin.py:137} INFO - [2023-02-02T02:24:17.595+0000] {dag.py:3441} INFO - Setting next_dagrun for my_dag to 2023-02-01T00:00:00+00:00, run_after=2023-02-02T00:00:00+00:00
[2023-02-02T02:24:17.607+0000] {processor.py:175} INFO - Processing /opt/airflow/dags/my_dag.py took 0.068 seconds
[2023-02-02T02:24:48.464+0000] {processor.py:153} INFO - Started process (PID=2125) to work on /opt/airflow/dags/my_dag.py
[2023-02-02T02:24:48.465+0000] {processor.py:743} INFO - Processing file /opt/airflow/dags/my_dag.py for tasks to queue
[2023-02-02T02:24:48.466+0000] {logging_mixin.py:137} INFO - [2023-02-02T02:24:48.466+0000] {dagbag.py:538} INFO - Filling up the DagBag from /opt/airflow/dags/my_dag.py
[2023-02-02T02:24:48.480+0000] {processor.py:753} INFO - DAG(s) dict_keys(['my_dag']) retrieved from /opt/airflow/dags/my_dag.py
[2023-02-02T02:24:48.498+0000] {logging_mixin.py:137} INFO - [2023-02-02T02:24:48.498+0000] {dag.py:2690} INFO - Sync 1 DAGs
[2023-02-02T02:24:48.517+0000] {logging_mixin.py:137} INFO - [2023-02-02T02:24:48.516+0000] {dag.py:3441} INFO - Setting next_dagrun for my_dag to 2023-02-01T00:00:00+00:00, run_after=2023-02-02T00:00:00+00:00
[2023-02-02T02:24:48.527+0000] {processor.py:175} INFO - Processing /opt/airflow/dags/my_dag.py took 0.066 seconds
[2023-02-02T02:25:19.120+0000] {processor.py:153} INFO - Started process (PID=2197) to work on /opt/airflow/dags/my_dag.py
[2023-02-02T02:25:19.120+0000] {processor.py:743} INFO - Processing file /opt/airflow/dags/my_dag.py for tasks to queue
[2023-02-02T02:25:19.121+0000] {logging_mixin.py:137} INFO - [2023-02-02T02:25:19.121+0000] {dagbag.py:538} INFO - Filling up the DagBag from /opt/airflow/dags/my_dag.py
[2023-02-02T02:25:19.137+0000] {processor.py:753} INFO - DAG(s) dict_keys(['my_dag']) retrieved from /opt/airflow/dags/my_dag.py
[2023-02-02T02:25:19.153+0000] {logging_mixin.py:137} INFO - [2023-02-02T02:25:19.153+0000] {dag.py:2690} INFO - Sync 1 DAGs
[2023-02-02T02:25:19.170+0000] {logging_mixin.py:137} INFO - [2023-02-02T02:25:19.170+0000] {dag.py:3441} INFO - Setting next_dagrun for my_dag to 2023-02-01T00:00:00+00:00, run_after=2023-02-02T00:00:00+00:00
[2023-02-02T02:25:19.182+0000] {processor.py:175} INFO - Processing /opt/airflow/dags/my_dag.py took 0.065 seconds
[2023-02-02T02:25:50.022+0000] {processor.py:153} INFO - Started process (PID=2285) to work on /opt/airflow/dags/my_dag.py
[2023-02-02T02:25:50.023+0000] {processor.py:743} INFO - Processing file /opt/airflow/dags/my_dag.py for tasks to queue
[2023-02-02T02:25:50.024+0000] {logging_mixin.py:137} INFO - [2023-02-02T02:25:50.023+0000] {dagbag.py:538} INFO - Filling up the DagBag from /opt/airflow/dags/my_dag.py
[2023-02-02T02:25:50.038+0000] {processor.py:753} INFO - DAG(s) dict_keys(['my_dag']) retrieved from /opt/airflow/dags/my_dag.py
[2023-02-02T02:25:50.063+0000] {logging_mixin.py:137} INFO - [2023-02-02T02:25:50.063+0000] {dag.py:2690} INFO - Sync 1 DAGs
[2023-02-02T02:25:50.089+0000] {logging_mixin.py:137} INFO - [2023-02-02T02:25:50.089+0000] {dag.py:3441} INFO - Setting next_dagrun for my_dag to 2023-02-01T00:00:00+00:00, run_after=2023-02-02T00:00:00+00:00
[2023-02-02T02:25:50.174+0000] {processor.py:175} INFO - Processing /opt/airflow/dags/my_dag.py took 0.154 seconds
[2023-02-02T02:26:20.835+0000] {processor.py:153} INFO - Started process (PID=2373) to work on /opt/airflow/dags/my_dag.py
[2023-02-02T02:26:20.836+0000] {processor.py:743} INFO - Processing file /opt/airflow/dags/my_dag.py for tasks to queue
[2023-02-02T02:26:20.837+0000] {logging_mixin.py:137} INFO - [2023-02-02T02:26:20.837+0000] {dagbag.py:538} INFO - Filling up the DagBag from /opt/airflow/dags/my_dag.py
[2023-02-02T02:26:20.852+0000] {processor.py:753} INFO - DAG(s) dict_keys(['my_dag']) retrieved from /opt/airflow/dags/my_dag.py
[2023-02-02T02:26:20.870+0000] {logging_mixin.py:137} INFO - [2023-02-02T02:26:20.870+0000] {dag.py:2690} INFO - Sync 1 DAGs
[2023-02-02T02:26:20.890+0000] {logging_mixin.py:137} INFO - [2023-02-02T02:26:20.890+0000] {dag.py:3441} INFO - Setting next_dagrun for my_dag to 2023-02-01T00:00:00+00:00, run_after=2023-02-02T00:00:00+00:00
[2023-02-02T02:26:20.972+0000] {processor.py:175} INFO - Processing /opt/airflow/dags/my_dag.py took 0.139 seconds
[2023-02-02T02:26:51.745+0000] {processor.py:153} INFO - Started process (PID=2445) to work on /opt/airflow/dags/my_dag.py
[2023-02-02T02:26:51.745+0000] {processor.py:743} INFO - Processing file /opt/airflow/dags/my_dag.py for tasks to queue
[2023-02-02T02:26:51.746+0000] {logging_mixin.py:137} INFO - [2023-02-02T02:26:51.746+0000] {dagbag.py:538} INFO - Filling up the DagBag from /opt/airflow/dags/my_dag.py
[2023-02-02T02:26:51.768+0000] {processor.py:753} INFO - DAG(s) dict_keys(['my_dag']) retrieved from /opt/airflow/dags/my_dag.py
[2023-02-02T02:26:51.787+0000] {logging_mixin.py:137} INFO - [2023-02-02T02:26:51.787+0000] {dag.py:2690} INFO - Sync 1 DAGs
[2023-02-02T02:26:51.810+0000] {logging_mixin.py:137} INFO - [2023-02-02T02:26:51.810+0000] {dag.py:3441} INFO - Setting next_dagrun for my_dag to 2023-02-01T00:00:00+00:00, run_after=2023-02-02T00:00:00+00:00
[2023-02-02T02:26:51.823+0000] {processor.py:175} INFO - Processing /opt/airflow/dags/my_dag.py took 0.081 seconds
[2023-02-02T02:27:22.711+0000] {processor.py:153} INFO - Started process (PID=2533) to work on /opt/airflow/dags/my_dag.py
[2023-02-02T02:27:22.712+0000] {processor.py:743} INFO - Processing file /opt/airflow/dags/my_dag.py for tasks to queue
[2023-02-02T02:27:22.712+0000] {logging_mixin.py:137} INFO - [2023-02-02T02:27:22.712+0000] {dagbag.py:538} INFO - Filling up the DagBag from /opt/airflow/dags/my_dag.py
[2023-02-02T02:27:22.728+0000] {processor.py:753} INFO - DAG(s) dict_keys(['my_dag']) retrieved from /opt/airflow/dags/my_dag.py
[2023-02-02T02:27:22.750+0000] {logging_mixin.py:137} INFO - [2023-02-02T02:27:22.749+0000] {dag.py:2690} INFO - Sync 1 DAGs
[2023-02-02T02:27:22.776+0000] {logging_mixin.py:137} INFO - [2023-02-02T02:27:22.775+0000] {dag.py:3441} INFO - Setting next_dagrun for my_dag to 2023-02-01T00:00:00+00:00, run_after=2023-02-02T00:00:00+00:00
[2023-02-02T02:27:22.789+0000] {processor.py:175} INFO - Processing /opt/airflow/dags/my_dag.py took 0.080 seconds
[2023-02-02T02:27:53.455+0000] {processor.py:153} INFO - Started process (PID=2621) to work on /opt/airflow/dags/my_dag.py
[2023-02-02T02:27:53.456+0000] {processor.py:743} INFO - Processing file /opt/airflow/dags/my_dag.py for tasks to queue
[2023-02-02T02:27:53.456+0000] {logging_mixin.py:137} INFO - [2023-02-02T02:27:53.456+0000] {dagbag.py:538} INFO - Filling up the DagBag from /opt/airflow/dags/my_dag.py
[2023-02-02T02:27:53.471+0000] {processor.py:753} INFO - DAG(s) dict_keys(['my_dag']) retrieved from /opt/airflow/dags/my_dag.py
[2023-02-02T02:27:53.490+0000] {logging_mixin.py:137} INFO - [2023-02-02T02:27:53.490+0000] {dag.py:2690} INFO - Sync 1 DAGs
[2023-02-02T02:27:53.512+0000] {logging_mixin.py:137} INFO - [2023-02-02T02:27:53.511+0000] {dag.py:3441} INFO - Setting next_dagrun for my_dag to 2023-02-01T00:00:00+00:00, run_after=2023-02-02T00:00:00+00:00
[2023-02-02T02:27:53.525+0000] {processor.py:175} INFO - Processing /opt/airflow/dags/my_dag.py took 0.072 seconds
[2023-02-02T02:28:24.410+0000] {processor.py:153} INFO - Started process (PID=2709) to work on /opt/airflow/dags/my_dag.py
[2023-02-02T02:28:24.410+0000] {processor.py:743} INFO - Processing file /opt/airflow/dags/my_dag.py for tasks to queue
[2023-02-02T02:28:24.411+0000] {logging_mixin.py:137} INFO - [2023-02-02T02:28:24.411+0000] {dagbag.py:538} INFO - Filling up the DagBag from /opt/airflow/dags/my_dag.py
[2023-02-02T02:28:24.424+0000] {processor.py:753} INFO - DAG(s) dict_keys(['my_dag']) retrieved from /opt/airflow/dags/my_dag.py
[2023-02-02T02:28:24.439+0000] {logging_mixin.py:137} INFO - [2023-02-02T02:28:24.439+0000] {dag.py:2690} INFO - Sync 1 DAGs
[2023-02-02T02:28:24.457+0000] {logging_mixin.py:137} INFO - [2023-02-02T02:28:24.456+0000] {dag.py:3441} INFO - Setting next_dagrun for my_dag to 2023-02-01T00:00:00+00:00, run_after=2023-02-02T00:00:00+00:00
[2023-02-02T02:28:24.468+0000] {processor.py:175} INFO - Processing /opt/airflow/dags/my_dag.py took 0.060 seconds
[2023-02-02T02:28:55.257+0000] {processor.py:153} INFO - Started process (PID=2781) to work on /opt/airflow/dags/my_dag.py
[2023-02-02T02:28:55.257+0000] {processor.py:743} INFO - Processing file /opt/airflow/dags/my_dag.py for tasks to queue
[2023-02-02T02:28:55.258+0000] {logging_mixin.py:137} INFO - [2023-02-02T02:28:55.258+0000] {dagbag.py:538} INFO - Filling up the DagBag from /opt/airflow/dags/my_dag.py
[2023-02-02T02:28:55.276+0000] {processor.py:753} INFO - DAG(s) dict_keys(['my_dag']) retrieved from /opt/airflow/dags/my_dag.py
[2023-02-02T02:28:55.294+0000] {logging_mixin.py:137} INFO - [2023-02-02T02:28:55.294+0000] {dag.py:2690} INFO - Sync 1 DAGs
[2023-02-02T02:28:55.312+0000] {logging_mixin.py:137} INFO - [2023-02-02T02:28:55.312+0000] {dag.py:3441} INFO - Setting next_dagrun for my_dag to 2023-02-01T00:00:00+00:00, run_after=2023-02-02T00:00:00+00:00
[2023-02-02T02:28:55.325+0000] {processor.py:175} INFO - Processing /opt/airflow/dags/my_dag.py took 0.070 seconds
[2023-02-02T02:29:26.120+0000] {processor.py:153} INFO - Started process (PID=2869) to work on /opt/airflow/dags/my_dag.py
[2023-02-02T02:29:26.120+0000] {processor.py:743} INFO - Processing file /opt/airflow/dags/my_dag.py for tasks to queue
[2023-02-02T02:29:26.121+0000] {logging_mixin.py:137} INFO - [2023-02-02T02:29:26.121+0000] {dagbag.py:538} INFO - Filling up the DagBag from /opt/airflow/dags/my_dag.py
[2023-02-02T02:29:26.142+0000] {processor.py:753} INFO - DAG(s) dict_keys(['my_dag']) retrieved from /opt/airflow/dags/my_dag.py
[2023-02-02T02:29:26.162+0000] {logging_mixin.py:137} INFO - [2023-02-02T02:29:26.162+0000] {dag.py:2690} INFO - Sync 1 DAGs
[2023-02-02T02:29:26.179+0000] {logging_mixin.py:137} INFO - [2023-02-02T02:29:26.179+0000] {dag.py:3441} INFO - Setting next_dagrun for my_dag to 2023-02-01T00:00:00+00:00, run_after=2023-02-02T00:00:00+00:00
[2023-02-02T02:29:26.191+0000] {processor.py:175} INFO - Processing /opt/airflow/dags/my_dag.py took 0.074 seconds
[2023-02-02T02:29:57.142+0000] {processor.py:153} INFO - Started process (PID=2957) to work on /opt/airflow/dags/my_dag.py
[2023-02-02T02:29:57.142+0000] {processor.py:743} INFO - Processing file /opt/airflow/dags/my_dag.py for tasks to queue
[2023-02-02T02:29:57.143+0000] {logging_mixin.py:137} INFO - [2023-02-02T02:29:57.143+0000] {dagbag.py:538} INFO - Filling up the DagBag from /opt/airflow/dags/my_dag.py
[2023-02-02T02:29:57.159+0000] {processor.py:753} INFO - DAG(s) dict_keys(['my_dag']) retrieved from /opt/airflow/dags/my_dag.py
[2023-02-02T02:29:57.177+0000] {logging_mixin.py:137} INFO - [2023-02-02T02:29:57.177+0000] {dag.py:2690} INFO - Sync 1 DAGs
[2023-02-02T02:29:57.199+0000] {logging_mixin.py:137} INFO - [2023-02-02T02:29:57.199+0000] {dag.py:3441} INFO - Setting next_dagrun for my_dag to 2023-02-01T00:00:00+00:00, run_after=2023-02-02T00:00:00+00:00
[2023-02-02T02:29:57.211+0000] {processor.py:175} INFO - Processing /opt/airflow/dags/my_dag.py took 0.072 seconds
[2023-02-02T02:30:28.025+0000] {processor.py:153} INFO - Started process (PID=3038) to work on /opt/airflow/dags/my_dag.py
[2023-02-02T02:30:28.026+0000] {processor.py:743} INFO - Processing file /opt/airflow/dags/my_dag.py for tasks to queue
[2023-02-02T02:30:28.026+0000] {logging_mixin.py:137} INFO - [2023-02-02T02:30:28.026+0000] {dagbag.py:538} INFO - Filling up the DagBag from /opt/airflow/dags/my_dag.py
[2023-02-02T02:30:28.041+0000] {processor.py:753} INFO - DAG(s) dict_keys(['my_dag']) retrieved from /opt/airflow/dags/my_dag.py
[2023-02-02T02:30:28.059+0000] {logging_mixin.py:137} INFO - [2023-02-02T02:30:28.059+0000] {dag.py:2690} INFO - Sync 1 DAGs
[2023-02-02T02:30:28.077+0000] {logging_mixin.py:137} INFO - [2023-02-02T02:30:28.077+0000] {dag.py:3441} INFO - Setting next_dagrun for my_dag to 2023-02-01T00:00:00+00:00, run_after=2023-02-02T00:00:00+00:00
[2023-02-02T02:30:28.089+0000] {processor.py:175} INFO - Processing /opt/airflow/dags/my_dag.py took 0.066 seconds
[2023-02-02T02:30:58.974+0000] {processor.py:153} INFO - Started process (PID=3117) to work on /opt/airflow/dags/my_dag.py
[2023-02-02T02:30:58.975+0000] {processor.py:743} INFO - Processing file /opt/airflow/dags/my_dag.py for tasks to queue
[2023-02-02T02:30:58.975+0000] {logging_mixin.py:137} INFO - [2023-02-02T02:30:58.975+0000] {dagbag.py:538} INFO - Filling up the DagBag from /opt/airflow/dags/my_dag.py
[2023-02-02T02:30:58.991+0000] {processor.py:753} INFO - DAG(s) dict_keys(['my_dag']) retrieved from /opt/airflow/dags/my_dag.py
[2023-02-02T02:30:59.012+0000] {logging_mixin.py:137} INFO - [2023-02-02T02:30:59.012+0000] {dag.py:2690} INFO - Sync 1 DAGs
[2023-02-02T02:30:59.035+0000] {logging_mixin.py:137} INFO - [2023-02-02T02:30:59.035+0000] {dag.py:3441} INFO - Setting next_dagrun for my_dag to 2023-02-01T00:00:00+00:00, run_after=2023-02-02T00:00:00+00:00
[2023-02-02T02:30:59.046+0000] {processor.py:175} INFO - Processing /opt/airflow/dags/my_dag.py took 0.074 seconds
[2023-02-02T02:31:29.908+0000] {processor.py:153} INFO - Started process (PID=3205) to work on /opt/airflow/dags/my_dag.py
[2023-02-02T02:31:29.908+0000] {processor.py:743} INFO - Processing file /opt/airflow/dags/my_dag.py for tasks to queue
[2023-02-02T02:31:29.909+0000] {logging_mixin.py:137} INFO - [2023-02-02T02:31:29.909+0000] {dagbag.py:538} INFO - Filling up the DagBag from /opt/airflow/dags/my_dag.py
[2023-02-02T02:31:29.924+0000] {processor.py:753} INFO - DAG(s) dict_keys(['my_dag']) retrieved from /opt/airflow/dags/my_dag.py
[2023-02-02T02:31:29.941+0000] {logging_mixin.py:137} INFO - [2023-02-02T02:31:29.941+0000] {dag.py:2690} INFO - Sync 1 DAGs
[2023-02-02T02:31:29.958+0000] {logging_mixin.py:137} INFO - [2023-02-02T02:31:29.958+0000] {dag.py:3441} INFO - Setting next_dagrun for my_dag to 2023-02-01T00:00:00+00:00, run_after=2023-02-02T00:00:00+00:00
[2023-02-02T02:31:29.970+0000] {processor.py:175} INFO - Processing /opt/airflow/dags/my_dag.py took 0.065 seconds
[2023-02-02T02:32:00.730+0000] {processor.py:153} INFO - Started process (PID=3293) to work on /opt/airflow/dags/my_dag.py
[2023-02-02T02:32:00.731+0000] {processor.py:743} INFO - Processing file /opt/airflow/dags/my_dag.py for tasks to queue
[2023-02-02T02:32:00.731+0000] {logging_mixin.py:137} INFO - [2023-02-02T02:32:00.731+0000] {dagbag.py:538} INFO - Filling up the DagBag from /opt/airflow/dags/my_dag.py
[2023-02-02T02:32:00.746+0000] {processor.py:753} INFO - DAG(s) dict_keys(['my_dag']) retrieved from /opt/airflow/dags/my_dag.py
[2023-02-02T02:32:00.766+0000] {logging_mixin.py:137} INFO - [2023-02-02T02:32:00.766+0000] {dag.py:2690} INFO - Sync 1 DAGs
[2023-02-02T02:32:00.786+0000] {logging_mixin.py:137} INFO - [2023-02-02T02:32:00.786+0000] {dag.py:3441} INFO - Setting next_dagrun for my_dag to 2023-02-01T00:00:00+00:00, run_after=2023-02-02T00:00:00+00:00
[2023-02-02T02:32:00.797+0000] {processor.py:175} INFO - Processing /opt/airflow/dags/my_dag.py took 0.070 seconds
[2023-02-02T02:32:31.441+0000] {processor.py:153} INFO - Started process (PID=3365) to work on /opt/airflow/dags/my_dag.py
[2023-02-02T02:32:31.441+0000] {processor.py:743} INFO - Processing file /opt/airflow/dags/my_dag.py for tasks to queue
[2023-02-02T02:32:31.443+0000] {logging_mixin.py:137} INFO - [2023-02-02T02:32:31.443+0000] {dagbag.py:538} INFO - Filling up the DagBag from /opt/airflow/dags/my_dag.py
[2023-02-02T02:32:31.457+0000] {processor.py:753} INFO - DAG(s) dict_keys(['my_dag']) retrieved from /opt/airflow/dags/my_dag.py
[2023-02-02T02:32:31.477+0000] {logging_mixin.py:137} INFO - [2023-02-02T02:32:31.477+0000] {dag.py:2690} INFO - Sync 1 DAGs
[2023-02-02T02:32:31.497+0000] {logging_mixin.py:137} INFO - [2023-02-02T02:32:31.497+0000] {dag.py:3441} INFO - Setting next_dagrun for my_dag to 2023-02-01T00:00:00+00:00, run_after=2023-02-02T00:00:00+00:00
[2023-02-02T02:32:31.510+0000] {processor.py:175} INFO - Processing /opt/airflow/dags/my_dag.py took 0.071 seconds
[2023-02-02T02:33:02.181+0000] {processor.py:153} INFO - Started process (PID=3453) to work on /opt/airflow/dags/my_dag.py
[2023-02-02T02:33:02.182+0000] {processor.py:743} INFO - Processing file /opt/airflow/dags/my_dag.py for tasks to queue
[2023-02-02T02:33:02.182+0000] {logging_mixin.py:137} INFO - [2023-02-02T02:33:02.182+0000] {dagbag.py:538} INFO - Filling up the DagBag from /opt/airflow/dags/my_dag.py
[2023-02-02T02:33:02.195+0000] {processor.py:753} INFO - DAG(s) dict_keys(['my_dag']) retrieved from /opt/airflow/dags/my_dag.py
[2023-02-02T02:33:02.212+0000] {logging_mixin.py:137} INFO - [2023-02-02T02:33:02.211+0000] {dag.py:2690} INFO - Sync 1 DAGs
[2023-02-02T02:33:02.230+0000] {logging_mixin.py:137} INFO - [2023-02-02T02:33:02.230+0000] {dag.py:3441} INFO - Setting next_dagrun for my_dag to 2023-02-01T00:00:00+00:00, run_after=2023-02-02T00:00:00+00:00
[2023-02-02T02:33:02.244+0000] {processor.py:175} INFO - Processing /opt/airflow/dags/my_dag.py took 0.066 seconds
[2023-02-02T02:33:33.068+0000] {processor.py:153} INFO - Started process (PID=3541) to work on /opt/airflow/dags/my_dag.py
[2023-02-02T02:33:33.069+0000] {processor.py:743} INFO - Processing file /opt/airflow/dags/my_dag.py for tasks to queue
[2023-02-02T02:33:33.070+0000] {logging_mixin.py:137} INFO - [2023-02-02T02:33:33.070+0000] {dagbag.py:538} INFO - Filling up the DagBag from /opt/airflow/dags/my_dag.py
[2023-02-02T02:33:33.086+0000] {processor.py:753} INFO - DAG(s) dict_keys(['my_dag']) retrieved from /opt/airflow/dags/my_dag.py
[2023-02-02T02:33:33.104+0000] {logging_mixin.py:137} INFO - [2023-02-02T02:33:33.104+0000] {dag.py:2690} INFO - Sync 1 DAGs
[2023-02-02T02:33:33.124+0000] {logging_mixin.py:137} INFO - [2023-02-02T02:33:33.124+0000] {dag.py:3441} INFO - Setting next_dagrun for my_dag to 2023-02-01T00:00:00+00:00, run_after=2023-02-02T00:00:00+00:00
[2023-02-02T02:33:33.137+0000] {processor.py:175} INFO - Processing /opt/airflow/dags/my_dag.py took 0.071 seconds
[2023-02-02T02:34:01.909+0000] {processor.py:153} INFO - Started process (PID=3613) to work on /opt/airflow/dags/my_dag.py
[2023-02-02T02:34:01.909+0000] {processor.py:743} INFO - Processing file /opt/airflow/dags/my_dag.py for tasks to queue
[2023-02-02T02:34:01.910+0000] {logging_mixin.py:137} INFO - [2023-02-02T02:34:01.910+0000] {dagbag.py:538} INFO - Filling up the DagBag from /opt/airflow/dags/my_dag.py
[2023-02-02T02:34:01.924+0000] {processor.py:753} INFO - DAG(s) dict_keys(['my_dag']) retrieved from /opt/airflow/dags/my_dag.py
[2023-02-02T02:34:01.971+0000] {logging_mixin.py:137} INFO - [2023-02-02T02:34:01.971+0000] {dag.py:2690} INFO - Sync 1 DAGs
[2023-02-02T02:34:01.987+0000] {logging_mixin.py:137} INFO - [2023-02-02T02:34:01.987+0000] {dag.py:3441} INFO - Setting next_dagrun for my_dag to 2023-02-01T00:00:00+00:00, run_after=2023-02-02T00:00:00+00:00
[2023-02-02T02:34:02.001+0000] {processor.py:175} INFO - Processing /opt/airflow/dags/my_dag.py took 0.095 seconds
[2023-02-02T02:34:16.827+0000] {processor.py:153} INFO - Started process (PID=3685) to work on /opt/airflow/dags/my_dag.py
[2023-02-02T02:34:16.828+0000] {processor.py:743} INFO - Processing file /opt/airflow/dags/my_dag.py for tasks to queue
[2023-02-02T02:34:16.828+0000] {logging_mixin.py:137} INFO - [2023-02-02T02:34:16.828+0000] {dagbag.py:538} INFO - Filling up the DagBag from /opt/airflow/dags/my_dag.py
[2023-02-02T02:34:16.843+0000] {processor.py:753} INFO - DAG(s) dict_keys(['my_dag']) retrieved from /opt/airflow/dags/my_dag.py
[2023-02-02T02:34:16.854+0000] {logging_mixin.py:137} INFO - [2023-02-02T02:34:16.854+0000] {dag.py:2690} INFO - Sync 1 DAGs
[2023-02-02T02:34:16.875+0000] {logging_mixin.py:137} INFO - [2023-02-02T02:34:16.875+0000] {dag.py:3441} INFO - Setting next_dagrun for my_dag to 2023-02-01T00:00:00+00:00, run_after=2023-02-02T00:00:00+00:00
[2023-02-02T02:34:16.889+0000] {processor.py:175} INFO - Processing /opt/airflow/dags/my_dag.py took 0.065 seconds
[2023-02-02T02:34:47.523+0000] {processor.py:153} INFO - Started process (PID=3757) to work on /opt/airflow/dags/my_dag.py
[2023-02-02T02:34:47.524+0000] {processor.py:743} INFO - Processing file /opt/airflow/dags/my_dag.py for tasks to queue
[2023-02-02T02:34:47.524+0000] {logging_mixin.py:137} INFO - [2023-02-02T02:34:47.524+0000] {dagbag.py:538} INFO - Filling up the DagBag from /opt/airflow/dags/my_dag.py
[2023-02-02T02:34:47.540+0000] {processor.py:753} INFO - DAG(s) dict_keys(['my_dag']) retrieved from /opt/airflow/dags/my_dag.py
[2023-02-02T02:34:47.559+0000] {logging_mixin.py:137} INFO - [2023-02-02T02:34:47.559+0000] {dag.py:2690} INFO - Sync 1 DAGs
[2023-02-02T02:34:47.578+0000] {logging_mixin.py:137} INFO - [2023-02-02T02:34:47.578+0000] {dag.py:3441} INFO - Setting next_dagrun for my_dag to 2023-02-01T00:00:00+00:00, run_after=2023-02-02T00:00:00+00:00
[2023-02-02T02:34:47.619+0000] {processor.py:175} INFO - Processing /opt/airflow/dags/my_dag.py took 0.099 seconds
[2023-02-02T02:35:18.309+0000] {processor.py:153} INFO - Started process (PID=3845) to work on /opt/airflow/dags/my_dag.py
[2023-02-02T02:35:18.309+0000] {processor.py:743} INFO - Processing file /opt/airflow/dags/my_dag.py for tasks to queue
[2023-02-02T02:35:18.310+0000] {logging_mixin.py:137} INFO - [2023-02-02T02:35:18.310+0000] {dagbag.py:538} INFO - Filling up the DagBag from /opt/airflow/dags/my_dag.py
[2023-02-02T02:35:18.325+0000] {processor.py:753} INFO - DAG(s) dict_keys(['my_dag']) retrieved from /opt/airflow/dags/my_dag.py
[2023-02-02T02:35:18.342+0000] {logging_mixin.py:137} INFO - [2023-02-02T02:35:18.342+0000] {dag.py:2690} INFO - Sync 1 DAGs
[2023-02-02T02:35:18.361+0000] {logging_mixin.py:137} INFO - [2023-02-02T02:35:18.361+0000] {dag.py:3441} INFO - Setting next_dagrun for my_dag to 2023-02-01T00:00:00+00:00, run_after=2023-02-02T00:00:00+00:00
[2023-02-02T02:35:18.373+0000] {processor.py:175} INFO - Processing /opt/airflow/dags/my_dag.py took 0.066 seconds
[2023-02-02T02:35:49.035+0000] {processor.py:153} INFO - Started process (PID=3933) to work on /opt/airflow/dags/my_dag.py
[2023-02-02T02:35:49.036+0000] {processor.py:743} INFO - Processing file /opt/airflow/dags/my_dag.py for tasks to queue
[2023-02-02T02:35:49.036+0000] {logging_mixin.py:137} INFO - [2023-02-02T02:35:49.036+0000] {dagbag.py:538} INFO - Filling up the DagBag from /opt/airflow/dags/my_dag.py
[2023-02-02T02:35:49.051+0000] {processor.py:753} INFO - DAG(s) dict_keys(['my_dag']) retrieved from /opt/airflow/dags/my_dag.py
[2023-02-02T02:35:49.067+0000] {logging_mixin.py:137} INFO - [2023-02-02T02:35:49.067+0000] {dag.py:2690} INFO - Sync 1 DAGs
[2023-02-02T02:35:49.084+0000] {logging_mixin.py:137} INFO - [2023-02-02T02:35:49.084+0000] {dag.py:3441} INFO - Setting next_dagrun for my_dag to 2023-02-01T00:00:00+00:00, run_after=2023-02-02T00:00:00+00:00
[2023-02-02T02:35:49.096+0000] {processor.py:175} INFO - Processing /opt/airflow/dags/my_dag.py took 0.062 seconds
[2023-02-02T02:36:20.001+0000] {processor.py:153} INFO - Started process (PID=4005) to work on /opt/airflow/dags/my_dag.py
[2023-02-02T02:36:20.002+0000] {processor.py:743} INFO - Processing file /opt/airflow/dags/my_dag.py for tasks to queue
[2023-02-02T02:36:20.002+0000] {logging_mixin.py:137} INFO - [2023-02-02T02:36:20.002+0000] {dagbag.py:538} INFO - Filling up the DagBag from /opt/airflow/dags/my_dag.py
[2023-02-02T02:36:20.016+0000] {processor.py:753} INFO - DAG(s) dict_keys(['my_dag']) retrieved from /opt/airflow/dags/my_dag.py
[2023-02-02T02:36:20.034+0000] {logging_mixin.py:137} INFO - [2023-02-02T02:36:20.034+0000] {dag.py:2690} INFO - Sync 1 DAGs
[2023-02-02T02:36:20.055+0000] {logging_mixin.py:137} INFO - [2023-02-02T02:36:20.055+0000] {dag.py:3441} INFO - Setting next_dagrun for my_dag to 2023-02-01T00:00:00+00:00, run_after=2023-02-02T00:00:00+00:00
[2023-02-02T02:36:20.067+0000] {processor.py:175} INFO - Processing /opt/airflow/dags/my_dag.py took 0.068 seconds
[2023-02-02T02:36:50.709+0000] {processor.py:153} INFO - Started process (PID=4093) to work on /opt/airflow/dags/my_dag.py
[2023-02-02T02:36:50.709+0000] {processor.py:743} INFO - Processing file /opt/airflow/dags/my_dag.py for tasks to queue
[2023-02-02T02:36:50.710+0000] {logging_mixin.py:137} INFO - [2023-02-02T02:36:50.710+0000] {dagbag.py:538} INFO - Filling up the DagBag from /opt/airflow/dags/my_dag.py
[2023-02-02T02:36:50.723+0000] {processor.py:753} INFO - DAG(s) dict_keys(['my_dag']) retrieved from /opt/airflow/dags/my_dag.py
[2023-02-02T02:36:50.740+0000] {logging_mixin.py:137} INFO - [2023-02-02T02:36:50.740+0000] {dag.py:2690} INFO - Sync 1 DAGs
[2023-02-02T02:36:50.760+0000] {logging_mixin.py:137} INFO - [2023-02-02T02:36:50.760+0000] {dag.py:3441} INFO - Setting next_dagrun for my_dag to 2023-02-01T00:00:00+00:00, run_after=2023-02-02T00:00:00+00:00
[2023-02-02T02:36:50.774+0000] {processor.py:175} INFO - Processing /opt/airflow/dags/my_dag.py took 0.067 seconds
