[2023-02-02T01:11:16.051+0000] {processor.py:153} INFO - Started process (PID=76) to work on /home/airflow/.local/lib/python3.7/site-packages/airflow/example_dags/plugins/workday.py
[2023-02-02T01:11:16.051+0000] {processor.py:743} INFO - Processing file /home/airflow/.local/lib/python3.7/site-packages/airflow/example_dags/plugins/workday.py for tasks to queue
[2023-02-02T01:11:16.052+0000] {logging_mixin.py:137} INFO - [2023-02-02T01:11:16.052+0000] {dagbag.py:538} INFO - Filling up the DagBag from /home/airflow/.local/lib/python3.7/site-packages/airflow/example_dags/plugins/workday.py
[2023-02-02T01:11:16.054+0000] {processor.py:755} WARNING - No viable dags retrieved from /home/airflow/.local/lib/python3.7/site-packages/airflow/example_dags/plugins/workday.py
[2023-02-02T01:11:16.063+0000] {processor.py:175} INFO - Processing /home/airflow/.local/lib/python3.7/site-packages/airflow/example_dags/plugins/workday.py took 0.015 seconds
[2023-02-02T01:11:46.866+0000] {processor.py:153} INFO - Started process (PID=163) to work on /home/airflow/.local/lib/python3.7/site-packages/airflow/example_dags/plugins/workday.py
[2023-02-02T01:11:46.867+0000] {processor.py:743} INFO - Processing file /home/airflow/.local/lib/python3.7/site-packages/airflow/example_dags/plugins/workday.py for tasks to queue
[2023-02-02T01:11:46.867+0000] {logging_mixin.py:137} INFO - [2023-02-02T01:11:46.867+0000] {dagbag.py:538} INFO - Filling up the DagBag from /home/airflow/.local/lib/python3.7/site-packages/airflow/example_dags/plugins/workday.py
[2023-02-02T01:11:46.869+0000] {processor.py:755} WARNING - No viable dags retrieved from /home/airflow/.local/lib/python3.7/site-packages/airflow/example_dags/plugins/workday.py
[2023-02-02T01:11:46.878+0000] {processor.py:175} INFO - Processing /home/airflow/.local/lib/python3.7/site-packages/airflow/example_dags/plugins/workday.py took 0.014 seconds
[2023-02-02T01:12:17.763+0000] {processor.py:153} INFO - Started process (PID=250) to work on /home/airflow/.local/lib/python3.7/site-packages/airflow/example_dags/plugins/workday.py
[2023-02-02T01:12:17.764+0000] {processor.py:743} INFO - Processing file /home/airflow/.local/lib/python3.7/site-packages/airflow/example_dags/plugins/workday.py for tasks to queue
[2023-02-02T01:12:17.765+0000] {logging_mixin.py:137} INFO - [2023-02-02T01:12:17.765+0000] {dagbag.py:538} INFO - Filling up the DagBag from /home/airflow/.local/lib/python3.7/site-packages/airflow/example_dags/plugins/workday.py
[2023-02-02T01:12:17.766+0000] {processor.py:755} WARNING - No viable dags retrieved from /home/airflow/.local/lib/python3.7/site-packages/airflow/example_dags/plugins/workday.py
[2023-02-02T01:12:17.776+0000] {processor.py:175} INFO - Processing /home/airflow/.local/lib/python3.7/site-packages/airflow/example_dags/plugins/workday.py took 0.017 seconds
[2023-02-02T01:12:48.563+0000] {processor.py:153} INFO - Started process (PID=321) to work on /home/airflow/.local/lib/python3.7/site-packages/airflow/example_dags/plugins/workday.py
[2023-02-02T01:12:48.564+0000] {processor.py:743} INFO - Processing file /home/airflow/.local/lib/python3.7/site-packages/airflow/example_dags/plugins/workday.py for tasks to queue
[2023-02-02T01:12:48.565+0000] {logging_mixin.py:137} INFO - [2023-02-02T01:12:48.565+0000] {dagbag.py:538} INFO - Filling up the DagBag from /home/airflow/.local/lib/python3.7/site-packages/airflow/example_dags/plugins/workday.py
[2023-02-02T01:12:48.566+0000] {processor.py:755} WARNING - No viable dags retrieved from /home/airflow/.local/lib/python3.7/site-packages/airflow/example_dags/plugins/workday.py
[2023-02-02T01:12:48.577+0000] {processor.py:175} INFO - Processing /home/airflow/.local/lib/python3.7/site-packages/airflow/example_dags/plugins/workday.py took 0.017 seconds
[2023-02-02T01:13:19.266+0000] {processor.py:153} INFO - Started process (PID=408) to work on /home/airflow/.local/lib/python3.7/site-packages/airflow/example_dags/plugins/workday.py
[2023-02-02T01:13:19.267+0000] {processor.py:743} INFO - Processing file /home/airflow/.local/lib/python3.7/site-packages/airflow/example_dags/plugins/workday.py for tasks to queue
[2023-02-02T01:13:19.268+0000] {logging_mixin.py:137} INFO - [2023-02-02T01:13:19.267+0000] {dagbag.py:538} INFO - Filling up the DagBag from /home/airflow/.local/lib/python3.7/site-packages/airflow/example_dags/plugins/workday.py
[2023-02-02T01:13:19.269+0000] {processor.py:755} WARNING - No viable dags retrieved from /home/airflow/.local/lib/python3.7/site-packages/airflow/example_dags/plugins/workday.py
[2023-02-02T01:13:19.278+0000] {processor.py:175} INFO - Processing /home/airflow/.local/lib/python3.7/site-packages/airflow/example_dags/plugins/workday.py took 0.015 seconds
[2023-02-02T01:13:50.053+0000] {processor.py:153} INFO - Started process (PID=495) to work on /home/airflow/.local/lib/python3.7/site-packages/airflow/example_dags/plugins/workday.py
[2023-02-02T01:13:50.054+0000] {processor.py:743} INFO - Processing file /home/airflow/.local/lib/python3.7/site-packages/airflow/example_dags/plugins/workday.py for tasks to queue
[2023-02-02T01:13:50.054+0000] {logging_mixin.py:137} INFO - [2023-02-02T01:13:50.054+0000] {dagbag.py:538} INFO - Filling up the DagBag from /home/airflow/.local/lib/python3.7/site-packages/airflow/example_dags/plugins/workday.py
[2023-02-02T01:13:50.056+0000] {processor.py:755} WARNING - No viable dags retrieved from /home/airflow/.local/lib/python3.7/site-packages/airflow/example_dags/plugins/workday.py
[2023-02-02T01:13:50.063+0000] {processor.py:175} INFO - Processing /home/airflow/.local/lib/python3.7/site-packages/airflow/example_dags/plugins/workday.py took 0.012 seconds
[2023-02-02T01:14:20.723+0000] {processor.py:153} INFO - Started process (PID=566) to work on /home/airflow/.local/lib/python3.7/site-packages/airflow/example_dags/plugins/workday.py
[2023-02-02T01:14:20.724+0000] {processor.py:743} INFO - Processing file /home/airflow/.local/lib/python3.7/site-packages/airflow/example_dags/plugins/workday.py for tasks to queue
[2023-02-02T01:14:20.724+0000] {logging_mixin.py:137} INFO - [2023-02-02T01:14:20.724+0000] {dagbag.py:538} INFO - Filling up the DagBag from /home/airflow/.local/lib/python3.7/site-packages/airflow/example_dags/plugins/workday.py
[2023-02-02T01:14:20.726+0000] {processor.py:755} WARNING - No viable dags retrieved from /home/airflow/.local/lib/python3.7/site-packages/airflow/example_dags/plugins/workday.py
[2023-02-02T01:14:20.737+0000] {processor.py:175} INFO - Processing /home/airflow/.local/lib/python3.7/site-packages/airflow/example_dags/plugins/workday.py took 0.016 seconds
[2023-02-02T01:14:51.518+0000] {processor.py:153} INFO - Started process (PID=653) to work on /home/airflow/.local/lib/python3.7/site-packages/airflow/example_dags/plugins/workday.py
[2023-02-02T01:14:51.519+0000] {processor.py:743} INFO - Processing file /home/airflow/.local/lib/python3.7/site-packages/airflow/example_dags/plugins/workday.py for tasks to queue
[2023-02-02T01:14:51.519+0000] {logging_mixin.py:137} INFO - [2023-02-02T01:14:51.519+0000] {dagbag.py:538} INFO - Filling up the DagBag from /home/airflow/.local/lib/python3.7/site-packages/airflow/example_dags/plugins/workday.py
[2023-02-02T01:14:51.521+0000] {processor.py:755} WARNING - No viable dags retrieved from /home/airflow/.local/lib/python3.7/site-packages/airflow/example_dags/plugins/workday.py
[2023-02-02T01:14:51.531+0000] {processor.py:175} INFO - Processing /home/airflow/.local/lib/python3.7/site-packages/airflow/example_dags/plugins/workday.py took 0.015 seconds
[2023-02-02T01:15:22.208+0000] {processor.py:153} INFO - Started process (PID=740) to work on /home/airflow/.local/lib/python3.7/site-packages/airflow/example_dags/plugins/workday.py
[2023-02-02T01:15:22.208+0000] {processor.py:743} INFO - Processing file /home/airflow/.local/lib/python3.7/site-packages/airflow/example_dags/plugins/workday.py for tasks to queue
[2023-02-02T01:15:22.209+0000] {logging_mixin.py:137} INFO - [2023-02-02T01:15:22.209+0000] {dagbag.py:538} INFO - Filling up the DagBag from /home/airflow/.local/lib/python3.7/site-packages/airflow/example_dags/plugins/workday.py
[2023-02-02T01:15:22.211+0000] {processor.py:755} WARNING - No viable dags retrieved from /home/airflow/.local/lib/python3.7/site-packages/airflow/example_dags/plugins/workday.py
[2023-02-02T01:15:22.221+0000] {processor.py:175} INFO - Processing /home/airflow/.local/lib/python3.7/site-packages/airflow/example_dags/plugins/workday.py took 0.016 seconds
[2023-02-02T01:15:53.058+0000] {processor.py:153} INFO - Started process (PID=820) to work on /home/airflow/.local/lib/python3.7/site-packages/airflow/example_dags/plugins/workday.py
[2023-02-02T01:15:53.058+0000] {processor.py:743} INFO - Processing file /home/airflow/.local/lib/python3.7/site-packages/airflow/example_dags/plugins/workday.py for tasks to queue
[2023-02-02T01:15:53.059+0000] {logging_mixin.py:137} INFO - [2023-02-02T01:15:53.059+0000] {dagbag.py:538} INFO - Filling up the DagBag from /home/airflow/.local/lib/python3.7/site-packages/airflow/example_dags/plugins/workday.py
[2023-02-02T01:15:53.061+0000] {processor.py:755} WARNING - No viable dags retrieved from /home/airflow/.local/lib/python3.7/site-packages/airflow/example_dags/plugins/workday.py
[2023-02-02T01:15:53.072+0000] {processor.py:175} INFO - Processing /home/airflow/.local/lib/python3.7/site-packages/airflow/example_dags/plugins/workday.py took 0.018 seconds
[2023-02-02T01:16:23.858+0000] {processor.py:153} INFO - Started process (PID=898) to work on /home/airflow/.local/lib/python3.7/site-packages/airflow/example_dags/plugins/workday.py
[2023-02-02T01:16:23.858+0000] {processor.py:743} INFO - Processing file /home/airflow/.local/lib/python3.7/site-packages/airflow/example_dags/plugins/workday.py for tasks to queue
[2023-02-02T01:16:23.859+0000] {logging_mixin.py:137} INFO - [2023-02-02T01:16:23.859+0000] {dagbag.py:538} INFO - Filling up the DagBag from /home/airflow/.local/lib/python3.7/site-packages/airflow/example_dags/plugins/workday.py
[2023-02-02T01:16:23.860+0000] {processor.py:755} WARNING - No viable dags retrieved from /home/airflow/.local/lib/python3.7/site-packages/airflow/example_dags/plugins/workday.py
[2023-02-02T01:16:23.870+0000] {processor.py:175} INFO - Processing /home/airflow/.local/lib/python3.7/site-packages/airflow/example_dags/plugins/workday.py took 0.015 seconds
[2023-02-02T01:16:54.694+0000] {processor.py:153} INFO - Started process (PID=985) to work on /home/airflow/.local/lib/python3.7/site-packages/airflow/example_dags/plugins/workday.py
[2023-02-02T01:16:54.694+0000] {processor.py:743} INFO - Processing file /home/airflow/.local/lib/python3.7/site-packages/airflow/example_dags/plugins/workday.py for tasks to queue
[2023-02-02T01:16:54.695+0000] {logging_mixin.py:137} INFO - [2023-02-02T01:16:54.695+0000] {dagbag.py:538} INFO - Filling up the DagBag from /home/airflow/.local/lib/python3.7/site-packages/airflow/example_dags/plugins/workday.py
[2023-02-02T01:16:54.696+0000] {processor.py:755} WARNING - No viable dags retrieved from /home/airflow/.local/lib/python3.7/site-packages/airflow/example_dags/plugins/workday.py
[2023-02-02T01:16:54.704+0000] {processor.py:175} INFO - Processing /home/airflow/.local/lib/python3.7/site-packages/airflow/example_dags/plugins/workday.py took 0.012 seconds
[2023-02-02T01:17:25.666+0000] {processor.py:153} INFO - Started process (PID=1072) to work on /home/airflow/.local/lib/python3.7/site-packages/airflow/example_dags/plugins/workday.py
[2023-02-02T01:17:25.667+0000] {processor.py:743} INFO - Processing file /home/airflow/.local/lib/python3.7/site-packages/airflow/example_dags/plugins/workday.py for tasks to queue
[2023-02-02T01:17:25.667+0000] {logging_mixin.py:137} INFO - [2023-02-02T01:17:25.667+0000] {dagbag.py:538} INFO - Filling up the DagBag from /home/airflow/.local/lib/python3.7/site-packages/airflow/example_dags/plugins/workday.py
[2023-02-02T01:17:25.669+0000] {processor.py:755} WARNING - No viable dags retrieved from /home/airflow/.local/lib/python3.7/site-packages/airflow/example_dags/plugins/workday.py
[2023-02-02T01:17:25.679+0000] {processor.py:175} INFO - Processing /home/airflow/.local/lib/python3.7/site-packages/airflow/example_dags/plugins/workday.py took 0.016 seconds
[2023-02-02T01:17:56.342+0000] {processor.py:153} INFO - Started process (PID=1143) to work on /home/airflow/.local/lib/python3.7/site-packages/airflow/example_dags/plugins/workday.py
[2023-02-02T01:17:56.343+0000] {processor.py:743} INFO - Processing file /home/airflow/.local/lib/python3.7/site-packages/airflow/example_dags/plugins/workday.py for tasks to queue
[2023-02-02T01:17:56.343+0000] {logging_mixin.py:137} INFO - [2023-02-02T01:17:56.343+0000] {dagbag.py:538} INFO - Filling up the DagBag from /home/airflow/.local/lib/python3.7/site-packages/airflow/example_dags/plugins/workday.py
[2023-02-02T01:17:56.344+0000] {processor.py:755} WARNING - No viable dags retrieved from /home/airflow/.local/lib/python3.7/site-packages/airflow/example_dags/plugins/workday.py
[2023-02-02T01:17:56.353+0000] {processor.py:175} INFO - Processing /home/airflow/.local/lib/python3.7/site-packages/airflow/example_dags/plugins/workday.py took 0.013 seconds
[2023-02-02T01:18:27.190+0000] {processor.py:153} INFO - Started process (PID=1230) to work on /home/airflow/.local/lib/python3.7/site-packages/airflow/example_dags/plugins/workday.py
[2023-02-02T01:18:27.191+0000] {processor.py:743} INFO - Processing file /home/airflow/.local/lib/python3.7/site-packages/airflow/example_dags/plugins/workday.py for tasks to queue
[2023-02-02T01:18:27.191+0000] {logging_mixin.py:137} INFO - [2023-02-02T01:18:27.191+0000] {dagbag.py:538} INFO - Filling up the DagBag from /home/airflow/.local/lib/python3.7/site-packages/airflow/example_dags/plugins/workday.py
[2023-02-02T01:18:27.192+0000] {processor.py:755} WARNING - No viable dags retrieved from /home/airflow/.local/lib/python3.7/site-packages/airflow/example_dags/plugins/workday.py
[2023-02-02T01:18:27.202+0000] {processor.py:175} INFO - Processing /home/airflow/.local/lib/python3.7/site-packages/airflow/example_dags/plugins/workday.py took 0.014 seconds
[2023-02-02T01:18:58.000+0000] {processor.py:153} INFO - Started process (PID=1317) to work on /home/airflow/.local/lib/python3.7/site-packages/airflow/example_dags/plugins/workday.py
[2023-02-02T01:18:58.001+0000] {processor.py:743} INFO - Processing file /home/airflow/.local/lib/python3.7/site-packages/airflow/example_dags/plugins/workday.py for tasks to queue
[2023-02-02T01:18:58.001+0000] {logging_mixin.py:137} INFO - [2023-02-02T01:18:58.001+0000] {dagbag.py:538} INFO - Filling up the DagBag from /home/airflow/.local/lib/python3.7/site-packages/airflow/example_dags/plugins/workday.py
[2023-02-02T01:18:58.003+0000] {processor.py:755} WARNING - No viable dags retrieved from /home/airflow/.local/lib/python3.7/site-packages/airflow/example_dags/plugins/workday.py
[2023-02-02T01:18:58.013+0000] {processor.py:175} INFO - Processing /home/airflow/.local/lib/python3.7/site-packages/airflow/example_dags/plugins/workday.py took 0.015 seconds
[2023-02-02T01:19:28.719+0000] {processor.py:153} INFO - Started process (PID=1388) to work on /home/airflow/.local/lib/python3.7/site-packages/airflow/example_dags/plugins/workday.py
[2023-02-02T01:19:28.719+0000] {processor.py:743} INFO - Processing file /home/airflow/.local/lib/python3.7/site-packages/airflow/example_dags/plugins/workday.py for tasks to queue
[2023-02-02T01:19:28.720+0000] {logging_mixin.py:137} INFO - [2023-02-02T01:19:28.720+0000] {dagbag.py:538} INFO - Filling up the DagBag from /home/airflow/.local/lib/python3.7/site-packages/airflow/example_dags/plugins/workday.py
[2023-02-02T01:19:28.721+0000] {processor.py:755} WARNING - No viable dags retrieved from /home/airflow/.local/lib/python3.7/site-packages/airflow/example_dags/plugins/workday.py
[2023-02-02T01:19:28.730+0000] {processor.py:175} INFO - Processing /home/airflow/.local/lib/python3.7/site-packages/airflow/example_dags/plugins/workday.py took 0.014 seconds
[2023-02-02T01:19:59.431+0000] {processor.py:153} INFO - Started process (PID=1475) to work on /home/airflow/.local/lib/python3.7/site-packages/airflow/example_dags/plugins/workday.py
[2023-02-02T01:19:59.431+0000] {processor.py:743} INFO - Processing file /home/airflow/.local/lib/python3.7/site-packages/airflow/example_dags/plugins/workday.py for tasks to queue
[2023-02-02T01:19:59.432+0000] {logging_mixin.py:137} INFO - [2023-02-02T01:19:59.432+0000] {dagbag.py:538} INFO - Filling up the DagBag from /home/airflow/.local/lib/python3.7/site-packages/airflow/example_dags/plugins/workday.py
[2023-02-02T01:19:59.433+0000] {processor.py:755} WARNING - No viable dags retrieved from /home/airflow/.local/lib/python3.7/site-packages/airflow/example_dags/plugins/workday.py
[2023-02-02T01:19:59.442+0000] {processor.py:175} INFO - Processing /home/airflow/.local/lib/python3.7/site-packages/airflow/example_dags/plugins/workday.py took 0.013 seconds
[2023-02-02T01:20:30.287+0000] {processor.py:153} INFO - Started process (PID=1562) to work on /home/airflow/.local/lib/python3.7/site-packages/airflow/example_dags/plugins/workday.py
[2023-02-02T01:20:30.287+0000] {processor.py:743} INFO - Processing file /home/airflow/.local/lib/python3.7/site-packages/airflow/example_dags/plugins/workday.py for tasks to queue
[2023-02-02T01:20:30.288+0000] {logging_mixin.py:137} INFO - [2023-02-02T01:20:30.288+0000] {dagbag.py:538} INFO - Filling up the DagBag from /home/airflow/.local/lib/python3.7/site-packages/airflow/example_dags/plugins/workday.py
[2023-02-02T01:20:30.289+0000] {processor.py:755} WARNING - No viable dags retrieved from /home/airflow/.local/lib/python3.7/site-packages/airflow/example_dags/plugins/workday.py
[2023-02-02T01:20:30.297+0000] {processor.py:175} INFO - Processing /home/airflow/.local/lib/python3.7/site-packages/airflow/example_dags/plugins/workday.py took 0.012 seconds
[2023-02-02T01:21:00.918+0000] {processor.py:153} INFO - Started process (PID=1633) to work on /home/airflow/.local/lib/python3.7/site-packages/airflow/example_dags/plugins/workday.py
[2023-02-02T01:21:00.919+0000] {processor.py:743} INFO - Processing file /home/airflow/.local/lib/python3.7/site-packages/airflow/example_dags/plugins/workday.py for tasks to queue
[2023-02-02T01:21:00.919+0000] {logging_mixin.py:137} INFO - [2023-02-02T01:21:00.919+0000] {dagbag.py:538} INFO - Filling up the DagBag from /home/airflow/.local/lib/python3.7/site-packages/airflow/example_dags/plugins/workday.py
[2023-02-02T01:21:00.921+0000] {processor.py:755} WARNING - No viable dags retrieved from /home/airflow/.local/lib/python3.7/site-packages/airflow/example_dags/plugins/workday.py
[2023-02-02T01:21:00.931+0000] {processor.py:175} INFO - Processing /home/airflow/.local/lib/python3.7/site-packages/airflow/example_dags/plugins/workday.py took 0.016 seconds
[2023-02-02T01:21:31.672+0000] {processor.py:153} INFO - Started process (PID=1720) to work on /home/airflow/.local/lib/python3.7/site-packages/airflow/example_dags/plugins/workday.py
[2023-02-02T01:21:31.672+0000] {processor.py:743} INFO - Processing file /home/airflow/.local/lib/python3.7/site-packages/airflow/example_dags/plugins/workday.py for tasks to queue
[2023-02-02T01:21:31.673+0000] {logging_mixin.py:137} INFO - [2023-02-02T01:21:31.673+0000] {dagbag.py:538} INFO - Filling up the DagBag from /home/airflow/.local/lib/python3.7/site-packages/airflow/example_dags/plugins/workday.py
[2023-02-02T01:21:31.674+0000] {processor.py:755} WARNING - No viable dags retrieved from /home/airflow/.local/lib/python3.7/site-packages/airflow/example_dags/plugins/workday.py
[2023-02-02T01:21:31.682+0000] {processor.py:175} INFO - Processing /home/airflow/.local/lib/python3.7/site-packages/airflow/example_dags/plugins/workday.py took 0.013 seconds
[2023-02-02T01:22:02.312+0000] {processor.py:153} INFO - Started process (PID=1807) to work on /home/airflow/.local/lib/python3.7/site-packages/airflow/example_dags/plugins/workday.py
[2023-02-02T01:22:02.313+0000] {processor.py:743} INFO - Processing file /home/airflow/.local/lib/python3.7/site-packages/airflow/example_dags/plugins/workday.py for tasks to queue
[2023-02-02T01:22:02.313+0000] {logging_mixin.py:137} INFO - [2023-02-02T01:22:02.313+0000] {dagbag.py:538} INFO - Filling up the DagBag from /home/airflow/.local/lib/python3.7/site-packages/airflow/example_dags/plugins/workday.py
[2023-02-02T01:22:02.314+0000] {processor.py:755} WARNING - No viable dags retrieved from /home/airflow/.local/lib/python3.7/site-packages/airflow/example_dags/plugins/workday.py
[2023-02-02T01:22:02.323+0000] {processor.py:175} INFO - Processing /home/airflow/.local/lib/python3.7/site-packages/airflow/example_dags/plugins/workday.py took 0.013 seconds
[2023-02-02T01:22:33.246+0000] {processor.py:153} INFO - Started process (PID=1894) to work on /home/airflow/.local/lib/python3.7/site-packages/airflow/example_dags/plugins/workday.py
[2023-02-02T01:22:33.246+0000] {processor.py:743} INFO - Processing file /home/airflow/.local/lib/python3.7/site-packages/airflow/example_dags/plugins/workday.py for tasks to queue
[2023-02-02T01:22:33.247+0000] {logging_mixin.py:137} INFO - [2023-02-02T01:22:33.247+0000] {dagbag.py:538} INFO - Filling up the DagBag from /home/airflow/.local/lib/python3.7/site-packages/airflow/example_dags/plugins/workday.py
[2023-02-02T01:22:33.248+0000] {processor.py:755} WARNING - No viable dags retrieved from /home/airflow/.local/lib/python3.7/site-packages/airflow/example_dags/plugins/workday.py
[2023-02-02T01:22:33.257+0000] {processor.py:175} INFO - Processing /home/airflow/.local/lib/python3.7/site-packages/airflow/example_dags/plugins/workday.py took 0.014 seconds
[2023-02-02T01:23:03.945+0000] {processor.py:153} INFO - Started process (PID=1965) to work on /home/airflow/.local/lib/python3.7/site-packages/airflow/example_dags/plugins/workday.py
[2023-02-02T01:23:03.945+0000] {processor.py:743} INFO - Processing file /home/airflow/.local/lib/python3.7/site-packages/airflow/example_dags/plugins/workday.py for tasks to queue
[2023-02-02T01:23:03.946+0000] {logging_mixin.py:137} INFO - [2023-02-02T01:23:03.946+0000] {dagbag.py:538} INFO - Filling up the DagBag from /home/airflow/.local/lib/python3.7/site-packages/airflow/example_dags/plugins/workday.py
[2023-02-02T01:23:03.947+0000] {processor.py:755} WARNING - No viable dags retrieved from /home/airflow/.local/lib/python3.7/site-packages/airflow/example_dags/plugins/workday.py
[2023-02-02T01:23:03.955+0000] {processor.py:175} INFO - Processing /home/airflow/.local/lib/python3.7/site-packages/airflow/example_dags/plugins/workday.py took 0.012 seconds
[2023-02-02T01:23:34.696+0000] {processor.py:153} INFO - Started process (PID=2052) to work on /home/airflow/.local/lib/python3.7/site-packages/airflow/example_dags/plugins/workday.py
[2023-02-02T01:23:34.696+0000] {processor.py:743} INFO - Processing file /home/airflow/.local/lib/python3.7/site-packages/airflow/example_dags/plugins/workday.py for tasks to queue
[2023-02-02T01:23:34.697+0000] {logging_mixin.py:137} INFO - [2023-02-02T01:23:34.697+0000] {dagbag.py:538} INFO - Filling up the DagBag from /home/airflow/.local/lib/python3.7/site-packages/airflow/example_dags/plugins/workday.py
[2023-02-02T01:23:34.699+0000] {processor.py:755} WARNING - No viable dags retrieved from /home/airflow/.local/lib/python3.7/site-packages/airflow/example_dags/plugins/workday.py
[2023-02-02T01:23:34.708+0000] {processor.py:175} INFO - Processing /home/airflow/.local/lib/python3.7/site-packages/airflow/example_dags/plugins/workday.py took 0.014 seconds
[2023-02-02T01:24:05.571+0000] {processor.py:153} INFO - Started process (PID=2139) to work on /home/airflow/.local/lib/python3.7/site-packages/airflow/example_dags/plugins/workday.py
[2023-02-02T01:24:05.571+0000] {processor.py:743} INFO - Processing file /home/airflow/.local/lib/python3.7/site-packages/airflow/example_dags/plugins/workday.py for tasks to queue
[2023-02-02T01:24:05.572+0000] {logging_mixin.py:137} INFO - [2023-02-02T01:24:05.572+0000] {dagbag.py:538} INFO - Filling up the DagBag from /home/airflow/.local/lib/python3.7/site-packages/airflow/example_dags/plugins/workday.py
[2023-02-02T01:24:05.573+0000] {processor.py:755} WARNING - No viable dags retrieved from /home/airflow/.local/lib/python3.7/site-packages/airflow/example_dags/plugins/workday.py
[2023-02-02T01:24:05.583+0000] {processor.py:175} INFO - Processing /home/airflow/.local/lib/python3.7/site-packages/airflow/example_dags/plugins/workday.py took 0.014 seconds
[2023-02-02T01:24:36.253+0000] {processor.py:153} INFO - Started process (PID=2210) to work on /home/airflow/.local/lib/python3.7/site-packages/airflow/example_dags/plugins/workday.py
[2023-02-02T01:24:36.254+0000] {processor.py:743} INFO - Processing file /home/airflow/.local/lib/python3.7/site-packages/airflow/example_dags/plugins/workday.py for tasks to queue
[2023-02-02T01:24:36.254+0000] {logging_mixin.py:137} INFO - [2023-02-02T01:24:36.254+0000] {dagbag.py:538} INFO - Filling up the DagBag from /home/airflow/.local/lib/python3.7/site-packages/airflow/example_dags/plugins/workday.py
[2023-02-02T01:24:36.256+0000] {processor.py:755} WARNING - No viable dags retrieved from /home/airflow/.local/lib/python3.7/site-packages/airflow/example_dags/plugins/workday.py
[2023-02-02T01:24:36.265+0000] {processor.py:175} INFO - Processing /home/airflow/.local/lib/python3.7/site-packages/airflow/example_dags/plugins/workday.py took 0.015 seconds
[2023-02-02T01:25:06.942+0000] {processor.py:153} INFO - Started process (PID=2297) to work on /home/airflow/.local/lib/python3.7/site-packages/airflow/example_dags/plugins/workday.py
[2023-02-02T01:25:06.943+0000] {processor.py:743} INFO - Processing file /home/airflow/.local/lib/python3.7/site-packages/airflow/example_dags/plugins/workday.py for tasks to queue
[2023-02-02T01:25:06.943+0000] {logging_mixin.py:137} INFO - [2023-02-02T01:25:06.943+0000] {dagbag.py:538} INFO - Filling up the DagBag from /home/airflow/.local/lib/python3.7/site-packages/airflow/example_dags/plugins/workday.py
[2023-02-02T01:25:06.944+0000] {processor.py:755} WARNING - No viable dags retrieved from /home/airflow/.local/lib/python3.7/site-packages/airflow/example_dags/plugins/workday.py
[2023-02-02T01:25:06.955+0000] {processor.py:175} INFO - Processing /home/airflow/.local/lib/python3.7/site-packages/airflow/example_dags/plugins/workday.py took 0.016 seconds
