[2023-02-02T01:11:15.591+0000] {processor.py:153} INFO - Started process (PID=65) to work on /home/airflow/.local/lib/python3.7/site-packages/airflow/example_dags/example_task_group_decorator.py
[2023-02-02T01:11:15.591+0000] {processor.py:743} INFO - Processing file /home/airflow/.local/lib/python3.7/site-packages/airflow/example_dags/example_task_group_decorator.py for tasks to queue
[2023-02-02T01:11:15.592+0000] {logging_mixin.py:137} INFO - [2023-02-02T01:11:15.592+0000] {dagbag.py:538} INFO - Filling up the DagBag from /home/airflow/.local/lib/python3.7/site-packages/airflow/example_dags/example_task_group_decorator.py
[2023-02-02T01:11:15.622+0000] {processor.py:753} INFO - DAG(s) dict_keys(['example_task_group_decorator']) retrieved from /home/airflow/.local/lib/python3.7/site-packages/airflow/example_dags/example_task_group_decorator.py
[2023-02-02T01:11:15.633+0000] {logging_mixin.py:137} INFO - [2023-02-02T01:11:15.633+0000] {dag.py:2690} INFO - Sync 1 DAGs
[2023-02-02T01:11:15.654+0000] {logging_mixin.py:137} INFO - [2023-02-02T01:11:15.653+0000] {dag.py:3441} INFO - Setting next_dagrun for example_task_group_decorator to 2023-02-01T01:11:15.653700+00:00, run_after=2023-02-02T01:11:15.653700+00:00
[2023-02-02T01:11:15.669+0000] {processor.py:175} INFO - Processing /home/airflow/.local/lib/python3.7/site-packages/airflow/example_dags/example_task_group_decorator.py took 0.081 seconds
[2023-02-02T01:11:46.370+0000] {processor.py:153} INFO - Started process (PID=152) to work on /home/airflow/.local/lib/python3.7/site-packages/airflow/example_dags/example_task_group_decorator.py
[2023-02-02T01:11:46.370+0000] {processor.py:743} INFO - Processing file /home/airflow/.local/lib/python3.7/site-packages/airflow/example_dags/example_task_group_decorator.py for tasks to queue
[2023-02-02T01:11:46.371+0000] {logging_mixin.py:137} INFO - [2023-02-02T01:11:46.371+0000] {dagbag.py:538} INFO - Filling up the DagBag from /home/airflow/.local/lib/python3.7/site-packages/airflow/example_dags/example_task_group_decorator.py
[2023-02-02T01:11:46.396+0000] {processor.py:753} INFO - DAG(s) dict_keys(['example_task_group_decorator']) retrieved from /home/airflow/.local/lib/python3.7/site-packages/airflow/example_dags/example_task_group_decorator.py
[2023-02-02T01:11:46.412+0000] {logging_mixin.py:137} INFO - [2023-02-02T01:11:46.412+0000] {dag.py:2690} INFO - Sync 1 DAGs
[2023-02-02T01:11:46.428+0000] {logging_mixin.py:137} INFO - [2023-02-02T01:11:46.428+0000] {dag.py:3441} INFO - Setting next_dagrun for example_task_group_decorator to 2023-02-01T01:11:46.428336+00:00, run_after=2023-02-02T01:11:46.428336+00:00
[2023-02-02T01:11:46.439+0000] {processor.py:175} INFO - Processing /home/airflow/.local/lib/python3.7/site-packages/airflow/example_dags/example_task_group_decorator.py took 0.073 seconds
[2023-02-02T01:12:17.257+0000] {processor.py:153} INFO - Started process (PID=239) to work on /home/airflow/.local/lib/python3.7/site-packages/airflow/example_dags/example_task_group_decorator.py
[2023-02-02T01:12:17.258+0000] {processor.py:743} INFO - Processing file /home/airflow/.local/lib/python3.7/site-packages/airflow/example_dags/example_task_group_decorator.py for tasks to queue
[2023-02-02T01:12:17.259+0000] {logging_mixin.py:137} INFO - [2023-02-02T01:12:17.258+0000] {dagbag.py:538} INFO - Filling up the DagBag from /home/airflow/.local/lib/python3.7/site-packages/airflow/example_dags/example_task_group_decorator.py
[2023-02-02T01:12:17.286+0000] {processor.py:753} INFO - DAG(s) dict_keys(['example_task_group_decorator']) retrieved from /home/airflow/.local/lib/python3.7/site-packages/airflow/example_dags/example_task_group_decorator.py
[2023-02-02T01:12:17.309+0000] {logging_mixin.py:137} INFO - [2023-02-02T01:12:17.309+0000] {dag.py:2690} INFO - Sync 1 DAGs
[2023-02-02T01:12:17.327+0000] {logging_mixin.py:137} INFO - [2023-02-02T01:12:17.327+0000] {dag.py:3441} INFO - Setting next_dagrun for example_task_group_decorator to 2023-02-01T01:12:17.327730+00:00, run_after=2023-02-02T01:12:17.327730+00:00
[2023-02-02T01:12:17.339+0000] {processor.py:175} INFO - Processing /home/airflow/.local/lib/python3.7/site-packages/airflow/example_dags/example_task_group_decorator.py took 0.084 seconds
[2023-02-02T01:12:48.054+0000] {processor.py:153} INFO - Started process (PID=310) to work on /home/airflow/.local/lib/python3.7/site-packages/airflow/example_dags/example_task_group_decorator.py
[2023-02-02T01:12:48.055+0000] {processor.py:743} INFO - Processing file /home/airflow/.local/lib/python3.7/site-packages/airflow/example_dags/example_task_group_decorator.py for tasks to queue
[2023-02-02T01:12:48.056+0000] {logging_mixin.py:137} INFO - [2023-02-02T01:12:48.056+0000] {dagbag.py:538} INFO - Filling up the DagBag from /home/airflow/.local/lib/python3.7/site-packages/airflow/example_dags/example_task_group_decorator.py
[2023-02-02T01:12:48.081+0000] {processor.py:753} INFO - DAG(s) dict_keys(['example_task_group_decorator']) retrieved from /home/airflow/.local/lib/python3.7/site-packages/airflow/example_dags/example_task_group_decorator.py
[2023-02-02T01:12:48.104+0000] {logging_mixin.py:137} INFO - [2023-02-02T01:12:48.104+0000] {dag.py:2690} INFO - Sync 1 DAGs
[2023-02-02T01:12:48.126+0000] {logging_mixin.py:137} INFO - [2023-02-02T01:12:48.125+0000] {dag.py:3441} INFO - Setting next_dagrun for example_task_group_decorator to 2023-02-01T01:12:48.125808+00:00, run_after=2023-02-02T01:12:48.125808+00:00
[2023-02-02T01:12:48.138+0000] {processor.py:175} INFO - Processing /home/airflow/.local/lib/python3.7/site-packages/airflow/example_dags/example_task_group_decorator.py took 0.086 seconds
[2023-02-02T01:13:18.806+0000] {processor.py:153} INFO - Started process (PID=397) to work on /home/airflow/.local/lib/python3.7/site-packages/airflow/example_dags/example_task_group_decorator.py
[2023-02-02T01:13:18.807+0000] {processor.py:743} INFO - Processing file /home/airflow/.local/lib/python3.7/site-packages/airflow/example_dags/example_task_group_decorator.py for tasks to queue
[2023-02-02T01:13:18.808+0000] {logging_mixin.py:137} INFO - [2023-02-02T01:13:18.808+0000] {dagbag.py:538} INFO - Filling up the DagBag from /home/airflow/.local/lib/python3.7/site-packages/airflow/example_dags/example_task_group_decorator.py
[2023-02-02T01:13:18.829+0000] {processor.py:753} INFO - DAG(s) dict_keys(['example_task_group_decorator']) retrieved from /home/airflow/.local/lib/python3.7/site-packages/airflow/example_dags/example_task_group_decorator.py
[2023-02-02T01:13:18.846+0000] {logging_mixin.py:137} INFO - [2023-02-02T01:13:18.846+0000] {dag.py:2690} INFO - Sync 1 DAGs
[2023-02-02T01:13:18.862+0000] {logging_mixin.py:137} INFO - [2023-02-02T01:13:18.861+0000] {dag.py:3441} INFO - Setting next_dagrun for example_task_group_decorator to 2023-02-01T01:13:18.861817+00:00, run_after=2023-02-02T01:13:18.861817+00:00
[2023-02-02T01:13:18.874+0000] {processor.py:175} INFO - Processing /home/airflow/.local/lib/python3.7/site-packages/airflow/example_dags/example_task_group_decorator.py took 0.070 seconds
[2023-02-02T01:13:49.536+0000] {processor.py:153} INFO - Started process (PID=484) to work on /home/airflow/.local/lib/python3.7/site-packages/airflow/example_dags/example_task_group_decorator.py
[2023-02-02T01:13:49.537+0000] {processor.py:743} INFO - Processing file /home/airflow/.local/lib/python3.7/site-packages/airflow/example_dags/example_task_group_decorator.py for tasks to queue
[2023-02-02T01:13:49.537+0000] {logging_mixin.py:137} INFO - [2023-02-02T01:13:49.537+0000] {dagbag.py:538} INFO - Filling up the DagBag from /home/airflow/.local/lib/python3.7/site-packages/airflow/example_dags/example_task_group_decorator.py
[2023-02-02T01:13:49.562+0000] {processor.py:753} INFO - DAG(s) dict_keys(['example_task_group_decorator']) retrieved from /home/airflow/.local/lib/python3.7/site-packages/airflow/example_dags/example_task_group_decorator.py
[2023-02-02T01:13:49.583+0000] {logging_mixin.py:137} INFO - [2023-02-02T01:13:49.583+0000] {dag.py:2690} INFO - Sync 1 DAGs
[2023-02-02T01:13:49.604+0000] {logging_mixin.py:137} INFO - [2023-02-02T01:13:49.604+0000] {dag.py:3441} INFO - Setting next_dagrun for example_task_group_decorator to 2023-02-01T01:13:49.604189+00:00, run_after=2023-02-02T01:13:49.604189+00:00
[2023-02-02T01:13:49.618+0000] {processor.py:175} INFO - Processing /home/airflow/.local/lib/python3.7/site-packages/airflow/example_dags/example_task_group_decorator.py took 0.085 seconds
[2023-02-02T01:14:20.275+0000] {processor.py:153} INFO - Started process (PID=555) to work on /home/airflow/.local/lib/python3.7/site-packages/airflow/example_dags/example_task_group_decorator.py
[2023-02-02T01:14:20.276+0000] {processor.py:743} INFO - Processing file /home/airflow/.local/lib/python3.7/site-packages/airflow/example_dags/example_task_group_decorator.py for tasks to queue
[2023-02-02T01:14:20.276+0000] {logging_mixin.py:137} INFO - [2023-02-02T01:14:20.276+0000] {dagbag.py:538} INFO - Filling up the DagBag from /home/airflow/.local/lib/python3.7/site-packages/airflow/example_dags/example_task_group_decorator.py
[2023-02-02T01:14:20.301+0000] {processor.py:753} INFO - DAG(s) dict_keys(['example_task_group_decorator']) retrieved from /home/airflow/.local/lib/python3.7/site-packages/airflow/example_dags/example_task_group_decorator.py
[2023-02-02T01:14:20.321+0000] {logging_mixin.py:137} INFO - [2023-02-02T01:14:20.321+0000] {dag.py:2690} INFO - Sync 1 DAGs
[2023-02-02T01:14:20.340+0000] {logging_mixin.py:137} INFO - [2023-02-02T01:14:20.340+0000] {dag.py:3441} INFO - Setting next_dagrun for example_task_group_decorator to 2023-02-01T01:14:20.340208+00:00, run_after=2023-02-02T01:14:20.340208+00:00
[2023-02-02T01:14:20.352+0000] {processor.py:175} INFO - Processing /home/airflow/.local/lib/python3.7/site-packages/airflow/example_dags/example_task_group_decorator.py took 0.079 seconds
[2023-02-02T01:14:50.980+0000] {processor.py:153} INFO - Started process (PID=642) to work on /home/airflow/.local/lib/python3.7/site-packages/airflow/example_dags/example_task_group_decorator.py
[2023-02-02T01:14:50.981+0000] {processor.py:743} INFO - Processing file /home/airflow/.local/lib/python3.7/site-packages/airflow/example_dags/example_task_group_decorator.py for tasks to queue
[2023-02-02T01:14:50.982+0000] {logging_mixin.py:137} INFO - [2023-02-02T01:14:50.981+0000] {dagbag.py:538} INFO - Filling up the DagBag from /home/airflow/.local/lib/python3.7/site-packages/airflow/example_dags/example_task_group_decorator.py
[2023-02-02T01:14:51.002+0000] {processor.py:753} INFO - DAG(s) dict_keys(['example_task_group_decorator']) retrieved from /home/airflow/.local/lib/python3.7/site-packages/airflow/example_dags/example_task_group_decorator.py
[2023-02-02T01:14:51.020+0000] {logging_mixin.py:137} INFO - [2023-02-02T01:14:51.020+0000] {dag.py:2690} INFO - Sync 1 DAGs
[2023-02-02T01:14:51.037+0000] {logging_mixin.py:137} INFO - [2023-02-02T01:14:51.037+0000] {dag.py:3441} INFO - Setting next_dagrun for example_task_group_decorator to 2023-02-01T01:14:51.037555+00:00, run_after=2023-02-02T01:14:51.037555+00:00
[2023-02-02T01:14:51.049+0000] {processor.py:175} INFO - Processing /home/airflow/.local/lib/python3.7/site-packages/airflow/example_dags/example_task_group_decorator.py took 0.071 seconds
[2023-02-02T01:15:21.772+0000] {processor.py:153} INFO - Started process (PID=729) to work on /home/airflow/.local/lib/python3.7/site-packages/airflow/example_dags/example_task_group_decorator.py
[2023-02-02T01:15:21.772+0000] {processor.py:743} INFO - Processing file /home/airflow/.local/lib/python3.7/site-packages/airflow/example_dags/example_task_group_decorator.py for tasks to queue
[2023-02-02T01:15:21.773+0000] {logging_mixin.py:137} INFO - [2023-02-02T01:15:21.773+0000] {dagbag.py:538} INFO - Filling up the DagBag from /home/airflow/.local/lib/python3.7/site-packages/airflow/example_dags/example_task_group_decorator.py
[2023-02-02T01:15:21.792+0000] {processor.py:753} INFO - DAG(s) dict_keys(['example_task_group_decorator']) retrieved from /home/airflow/.local/lib/python3.7/site-packages/airflow/example_dags/example_task_group_decorator.py
[2023-02-02T01:15:21.808+0000] {logging_mixin.py:137} INFO - [2023-02-02T01:15:21.808+0000] {dag.py:2690} INFO - Sync 1 DAGs
[2023-02-02T01:15:21.825+0000] {logging_mixin.py:137} INFO - [2023-02-02T01:15:21.825+0000] {dag.py:3441} INFO - Setting next_dagrun for example_task_group_decorator to 2023-02-01T01:15:21.824952+00:00, run_after=2023-02-02T01:15:21.824952+00:00
[2023-02-02T01:15:21.836+0000] {processor.py:175} INFO - Processing /home/airflow/.local/lib/python3.7/site-packages/airflow/example_dags/example_task_group_decorator.py took 0.067 seconds
[2023-02-02T01:15:52.543+0000] {processor.py:153} INFO - Started process (PID=807) to work on /home/airflow/.local/lib/python3.7/site-packages/airflow/example_dags/example_task_group_decorator.py
[2023-02-02T01:15:52.544+0000] {processor.py:743} INFO - Processing file /home/airflow/.local/lib/python3.7/site-packages/airflow/example_dags/example_task_group_decorator.py for tasks to queue
[2023-02-02T01:15:52.544+0000] {logging_mixin.py:137} INFO - [2023-02-02T01:15:52.544+0000] {dagbag.py:538} INFO - Filling up the DagBag from /home/airflow/.local/lib/python3.7/site-packages/airflow/example_dags/example_task_group_decorator.py
[2023-02-02T01:15:52.564+0000] {processor.py:753} INFO - DAG(s) dict_keys(['example_task_group_decorator']) retrieved from /home/airflow/.local/lib/python3.7/site-packages/airflow/example_dags/example_task_group_decorator.py
[2023-02-02T01:15:52.582+0000] {logging_mixin.py:137} INFO - [2023-02-02T01:15:52.582+0000] {dag.py:2690} INFO - Sync 1 DAGs
[2023-02-02T01:15:52.599+0000] {logging_mixin.py:137} INFO - [2023-02-02T01:15:52.599+0000] {dag.py:3441} INFO - Setting next_dagrun for example_task_group_decorator to 2023-02-01T01:15:52.598955+00:00, run_after=2023-02-02T01:15:52.598955+00:00
[2023-02-02T01:15:52.613+0000] {processor.py:175} INFO - Processing /home/airflow/.local/lib/python3.7/site-packages/airflow/example_dags/example_task_group_decorator.py took 0.072 seconds
[2023-02-02T01:16:23.420+0000] {processor.py:153} INFO - Started process (PID=887) to work on /home/airflow/.local/lib/python3.7/site-packages/airflow/example_dags/example_task_group_decorator.py
[2023-02-02T01:16:23.420+0000] {processor.py:743} INFO - Processing file /home/airflow/.local/lib/python3.7/site-packages/airflow/example_dags/example_task_group_decorator.py for tasks to queue
[2023-02-02T01:16:23.421+0000] {logging_mixin.py:137} INFO - [2023-02-02T01:16:23.421+0000] {dagbag.py:538} INFO - Filling up the DagBag from /home/airflow/.local/lib/python3.7/site-packages/airflow/example_dags/example_task_group_decorator.py
[2023-02-02T01:16:23.440+0000] {processor.py:753} INFO - DAG(s) dict_keys(['example_task_group_decorator']) retrieved from /home/airflow/.local/lib/python3.7/site-packages/airflow/example_dags/example_task_group_decorator.py
[2023-02-02T01:16:23.457+0000] {logging_mixin.py:137} INFO - [2023-02-02T01:16:23.457+0000] {dag.py:2690} INFO - Sync 1 DAGs
[2023-02-02T01:16:23.475+0000] {logging_mixin.py:137} INFO - [2023-02-02T01:16:23.474+0000] {dag.py:3441} INFO - Setting next_dagrun for example_task_group_decorator to 2023-02-01T01:16:23.474739+00:00, run_after=2023-02-02T01:16:23.474739+00:00
[2023-02-02T01:16:23.488+0000] {processor.py:175} INFO - Processing /home/airflow/.local/lib/python3.7/site-packages/airflow/example_dags/example_task_group_decorator.py took 0.071 seconds
[2023-02-02T01:16:54.313+0000] {processor.py:153} INFO - Started process (PID=974) to work on /home/airflow/.local/lib/python3.7/site-packages/airflow/example_dags/example_task_group_decorator.py
[2023-02-02T01:16:54.313+0000] {processor.py:743} INFO - Processing file /home/airflow/.local/lib/python3.7/site-packages/airflow/example_dags/example_task_group_decorator.py for tasks to queue
[2023-02-02T01:16:54.314+0000] {logging_mixin.py:137} INFO - [2023-02-02T01:16:54.314+0000] {dagbag.py:538} INFO - Filling up the DagBag from /home/airflow/.local/lib/python3.7/site-packages/airflow/example_dags/example_task_group_decorator.py
[2023-02-02T01:16:54.332+0000] {processor.py:753} INFO - DAG(s) dict_keys(['example_task_group_decorator']) retrieved from /home/airflow/.local/lib/python3.7/site-packages/airflow/example_dags/example_task_group_decorator.py
[2023-02-02T01:16:54.350+0000] {logging_mixin.py:137} INFO - [2023-02-02T01:16:54.350+0000] {dag.py:2690} INFO - Sync 1 DAGs
[2023-02-02T01:16:54.366+0000] {logging_mixin.py:137} INFO - [2023-02-02T01:16:54.366+0000] {dag.py:3441} INFO - Setting next_dagrun for example_task_group_decorator to 2023-02-01T01:16:54.366125+00:00, run_after=2023-02-02T01:16:54.366125+00:00
[2023-02-02T01:16:54.378+0000] {processor.py:175} INFO - Processing /home/airflow/.local/lib/python3.7/site-packages/airflow/example_dags/example_task_group_decorator.py took 0.067 seconds
[2023-02-02T01:17:25.080+0000] {processor.py:153} INFO - Started process (PID=1061) to work on /home/airflow/.local/lib/python3.7/site-packages/airflow/example_dags/example_task_group_decorator.py
[2023-02-02T01:17:25.081+0000] {processor.py:743} INFO - Processing file /home/airflow/.local/lib/python3.7/site-packages/airflow/example_dags/example_task_group_decorator.py for tasks to queue
[2023-02-02T01:17:25.081+0000] {logging_mixin.py:137} INFO - [2023-02-02T01:17:25.081+0000] {dagbag.py:538} INFO - Filling up the DagBag from /home/airflow/.local/lib/python3.7/site-packages/airflow/example_dags/example_task_group_decorator.py
[2023-02-02T01:17:25.105+0000] {processor.py:753} INFO - DAG(s) dict_keys(['example_task_group_decorator']) retrieved from /home/airflow/.local/lib/python3.7/site-packages/airflow/example_dags/example_task_group_decorator.py
[2023-02-02T01:17:25.124+0000] {logging_mixin.py:137} INFO - [2023-02-02T01:17:25.124+0000] {dag.py:2690} INFO - Sync 1 DAGs
[2023-02-02T01:17:25.141+0000] {logging_mixin.py:137} INFO - [2023-02-02T01:17:25.141+0000] {dag.py:3441} INFO - Setting next_dagrun for example_task_group_decorator to 2023-02-01T01:17:25.140860+00:00, run_after=2023-02-02T01:17:25.140860+00:00
[2023-02-02T01:17:25.153+0000] {processor.py:175} INFO - Processing /home/airflow/.local/lib/python3.7/site-packages/airflow/example_dags/example_task_group_decorator.py took 0.074 seconds
[2023-02-02T01:17:55.932+0000] {processor.py:153} INFO - Started process (PID=1132) to work on /home/airflow/.local/lib/python3.7/site-packages/airflow/example_dags/example_task_group_decorator.py
[2023-02-02T01:17:55.933+0000] {processor.py:743} INFO - Processing file /home/airflow/.local/lib/python3.7/site-packages/airflow/example_dags/example_task_group_decorator.py for tasks to queue
[2023-02-02T01:17:55.933+0000] {logging_mixin.py:137} INFO - [2023-02-02T01:17:55.933+0000] {dagbag.py:538} INFO - Filling up the DagBag from /home/airflow/.local/lib/python3.7/site-packages/airflow/example_dags/example_task_group_decorator.py
[2023-02-02T01:17:55.962+0000] {processor.py:753} INFO - DAG(s) dict_keys(['example_task_group_decorator']) retrieved from /home/airflow/.local/lib/python3.7/site-packages/airflow/example_dags/example_task_group_decorator.py
[2023-02-02T01:17:55.978+0000] {logging_mixin.py:137} INFO - [2023-02-02T01:17:55.978+0000] {dag.py:2690} INFO - Sync 1 DAGs
[2023-02-02T01:17:55.994+0000] {logging_mixin.py:137} INFO - [2023-02-02T01:17:55.994+0000] {dag.py:3441} INFO - Setting next_dagrun for example_task_group_decorator to 2023-02-01T01:17:55.993865+00:00, run_after=2023-02-02T01:17:55.993865+00:00
[2023-02-02T01:17:56.007+0000] {processor.py:175} INFO - Processing /home/airflow/.local/lib/python3.7/site-packages/airflow/example_dags/example_task_group_decorator.py took 0.078 seconds
[2023-02-02T01:18:26.718+0000] {processor.py:153} INFO - Started process (PID=1219) to work on /home/airflow/.local/lib/python3.7/site-packages/airflow/example_dags/example_task_group_decorator.py
[2023-02-02T01:18:26.718+0000] {processor.py:743} INFO - Processing file /home/airflow/.local/lib/python3.7/site-packages/airflow/example_dags/example_task_group_decorator.py for tasks to queue
[2023-02-02T01:18:26.719+0000] {logging_mixin.py:137} INFO - [2023-02-02T01:18:26.719+0000] {dagbag.py:538} INFO - Filling up the DagBag from /home/airflow/.local/lib/python3.7/site-packages/airflow/example_dags/example_task_group_decorator.py
[2023-02-02T01:18:26.745+0000] {processor.py:753} INFO - DAG(s) dict_keys(['example_task_group_decorator']) retrieved from /home/airflow/.local/lib/python3.7/site-packages/airflow/example_dags/example_task_group_decorator.py
[2023-02-02T01:18:26.764+0000] {logging_mixin.py:137} INFO - [2023-02-02T01:18:26.764+0000] {dag.py:2690} INFO - Sync 1 DAGs
[2023-02-02T01:18:26.780+0000] {logging_mixin.py:137} INFO - [2023-02-02T01:18:26.779+0000] {dag.py:3441} INFO - Setting next_dagrun for example_task_group_decorator to 2023-02-01T01:18:26.779816+00:00, run_after=2023-02-02T01:18:26.779816+00:00
[2023-02-02T01:18:26.791+0000] {processor.py:175} INFO - Processing /home/airflow/.local/lib/python3.7/site-packages/airflow/example_dags/example_task_group_decorator.py took 0.075 seconds
[2023-02-02T01:18:57.565+0000] {processor.py:153} INFO - Started process (PID=1306) to work on /home/airflow/.local/lib/python3.7/site-packages/airflow/example_dags/example_task_group_decorator.py
[2023-02-02T01:18:57.565+0000] {processor.py:743} INFO - Processing file /home/airflow/.local/lib/python3.7/site-packages/airflow/example_dags/example_task_group_decorator.py for tasks to queue
[2023-02-02T01:18:57.566+0000] {logging_mixin.py:137} INFO - [2023-02-02T01:18:57.566+0000] {dagbag.py:538} INFO - Filling up the DagBag from /home/airflow/.local/lib/python3.7/site-packages/airflow/example_dags/example_task_group_decorator.py
[2023-02-02T01:18:57.590+0000] {processor.py:753} INFO - DAG(s) dict_keys(['example_task_group_decorator']) retrieved from /home/airflow/.local/lib/python3.7/site-packages/airflow/example_dags/example_task_group_decorator.py
[2023-02-02T01:18:57.607+0000] {logging_mixin.py:137} INFO - [2023-02-02T01:18:57.607+0000] {dag.py:2690} INFO - Sync 1 DAGs
[2023-02-02T01:18:57.628+0000] {logging_mixin.py:137} INFO - [2023-02-02T01:18:57.628+0000] {dag.py:3441} INFO - Setting next_dagrun for example_task_group_decorator to 2023-02-01T01:18:57.628501+00:00, run_after=2023-02-02T01:18:57.628501+00:00
[2023-02-02T01:18:57.642+0000] {processor.py:175} INFO - Processing /home/airflow/.local/lib/python3.7/site-packages/airflow/example_dags/example_task_group_decorator.py took 0.080 seconds
[2023-02-02T01:19:28.293+0000] {processor.py:153} INFO - Started process (PID=1377) to work on /home/airflow/.local/lib/python3.7/site-packages/airflow/example_dags/example_task_group_decorator.py
[2023-02-02T01:19:28.294+0000] {processor.py:743} INFO - Processing file /home/airflow/.local/lib/python3.7/site-packages/airflow/example_dags/example_task_group_decorator.py for tasks to queue
[2023-02-02T01:19:28.294+0000] {logging_mixin.py:137} INFO - [2023-02-02T01:19:28.294+0000] {dagbag.py:538} INFO - Filling up the DagBag from /home/airflow/.local/lib/python3.7/site-packages/airflow/example_dags/example_task_group_decorator.py
[2023-02-02T01:19:28.313+0000] {processor.py:753} INFO - DAG(s) dict_keys(['example_task_group_decorator']) retrieved from /home/airflow/.local/lib/python3.7/site-packages/airflow/example_dags/example_task_group_decorator.py
[2023-02-02T01:19:28.333+0000] {logging_mixin.py:137} INFO - [2023-02-02T01:19:28.333+0000] {dag.py:2690} INFO - Sync 1 DAGs
[2023-02-02T01:19:28.351+0000] {logging_mixin.py:137} INFO - [2023-02-02T01:19:28.351+0000] {dag.py:3441} INFO - Setting next_dagrun for example_task_group_decorator to 2023-02-01T01:19:28.351487+00:00, run_after=2023-02-02T01:19:28.351487+00:00
[2023-02-02T01:19:28.362+0000] {processor.py:175} INFO - Processing /home/airflow/.local/lib/python3.7/site-packages/airflow/example_dags/example_task_group_decorator.py took 0.072 seconds
[2023-02-02T01:19:59.013+0000] {processor.py:153} INFO - Started process (PID=1464) to work on /home/airflow/.local/lib/python3.7/site-packages/airflow/example_dags/example_task_group_decorator.py
[2023-02-02T01:19:59.013+0000] {processor.py:743} INFO - Processing file /home/airflow/.local/lib/python3.7/site-packages/airflow/example_dags/example_task_group_decorator.py for tasks to queue
[2023-02-02T01:19:59.014+0000] {logging_mixin.py:137} INFO - [2023-02-02T01:19:59.014+0000] {dagbag.py:538} INFO - Filling up the DagBag from /home/airflow/.local/lib/python3.7/site-packages/airflow/example_dags/example_task_group_decorator.py
[2023-02-02T01:19:59.034+0000] {processor.py:753} INFO - DAG(s) dict_keys(['example_task_group_decorator']) retrieved from /home/airflow/.local/lib/python3.7/site-packages/airflow/example_dags/example_task_group_decorator.py
[2023-02-02T01:19:59.050+0000] {logging_mixin.py:137} INFO - [2023-02-02T01:19:59.050+0000] {dag.py:2690} INFO - Sync 1 DAGs
[2023-02-02T01:19:59.066+0000] {logging_mixin.py:137} INFO - [2023-02-02T01:19:59.066+0000] {dag.py:3441} INFO - Setting next_dagrun for example_task_group_decorator to 2023-02-01T01:19:59.065858+00:00, run_after=2023-02-02T01:19:59.065858+00:00
[2023-02-02T01:19:59.078+0000] {processor.py:175} INFO - Processing /home/airflow/.local/lib/python3.7/site-packages/airflow/example_dags/example_task_group_decorator.py took 0.068 seconds
[2023-02-02T01:20:29.780+0000] {processor.py:153} INFO - Started process (PID=1551) to work on /home/airflow/.local/lib/python3.7/site-packages/airflow/example_dags/example_task_group_decorator.py
[2023-02-02T01:20:29.781+0000] {processor.py:743} INFO - Processing file /home/airflow/.local/lib/python3.7/site-packages/airflow/example_dags/example_task_group_decorator.py for tasks to queue
[2023-02-02T01:20:29.782+0000] {logging_mixin.py:137} INFO - [2023-02-02T01:20:29.782+0000] {dagbag.py:538} INFO - Filling up the DagBag from /home/airflow/.local/lib/python3.7/site-packages/airflow/example_dags/example_task_group_decorator.py
[2023-02-02T01:20:29.801+0000] {processor.py:753} INFO - DAG(s) dict_keys(['example_task_group_decorator']) retrieved from /home/airflow/.local/lib/python3.7/site-packages/airflow/example_dags/example_task_group_decorator.py
[2023-02-02T01:20:29.818+0000] {logging_mixin.py:137} INFO - [2023-02-02T01:20:29.818+0000] {dag.py:2690} INFO - Sync 1 DAGs
[2023-02-02T01:20:29.834+0000] {logging_mixin.py:137} INFO - [2023-02-02T01:20:29.834+0000] {dag.py:3441} INFO - Setting next_dagrun for example_task_group_decorator to 2023-02-01T01:20:29.834313+00:00, run_after=2023-02-02T01:20:29.834313+00:00
[2023-02-02T01:20:29.847+0000] {processor.py:175} INFO - Processing /home/airflow/.local/lib/python3.7/site-packages/airflow/example_dags/example_task_group_decorator.py took 0.069 seconds
[2023-02-02T01:21:00.479+0000] {processor.py:153} INFO - Started process (PID=1622) to work on /home/airflow/.local/lib/python3.7/site-packages/airflow/example_dags/example_task_group_decorator.py
[2023-02-02T01:21:00.480+0000] {processor.py:743} INFO - Processing file /home/airflow/.local/lib/python3.7/site-packages/airflow/example_dags/example_task_group_decorator.py for tasks to queue
[2023-02-02T01:21:00.480+0000] {logging_mixin.py:137} INFO - [2023-02-02T01:21:00.480+0000] {dagbag.py:538} INFO - Filling up the DagBag from /home/airflow/.local/lib/python3.7/site-packages/airflow/example_dags/example_task_group_decorator.py
[2023-02-02T01:21:00.501+0000] {processor.py:753} INFO - DAG(s) dict_keys(['example_task_group_decorator']) retrieved from /home/airflow/.local/lib/python3.7/site-packages/airflow/example_dags/example_task_group_decorator.py
[2023-02-02T01:21:00.520+0000] {logging_mixin.py:137} INFO - [2023-02-02T01:21:00.519+0000] {dag.py:2690} INFO - Sync 1 DAGs
[2023-02-02T01:21:00.536+0000] {logging_mixin.py:137} INFO - [2023-02-02T01:21:00.536+0000] {dag.py:3441} INFO - Setting next_dagrun for example_task_group_decorator to 2023-02-01T01:21:00.536269+00:00, run_after=2023-02-02T01:21:00.536269+00:00
[2023-02-02T01:21:00.551+0000] {processor.py:175} INFO - Processing /home/airflow/.local/lib/python3.7/site-packages/airflow/example_dags/example_task_group_decorator.py took 0.073 seconds
[2023-02-02T01:21:31.198+0000] {processor.py:153} INFO - Started process (PID=1709) to work on /home/airflow/.local/lib/python3.7/site-packages/airflow/example_dags/example_task_group_decorator.py
[2023-02-02T01:21:31.199+0000] {processor.py:743} INFO - Processing file /home/airflow/.local/lib/python3.7/site-packages/airflow/example_dags/example_task_group_decorator.py for tasks to queue
[2023-02-02T01:21:31.199+0000] {logging_mixin.py:137} INFO - [2023-02-02T01:21:31.199+0000] {dagbag.py:538} INFO - Filling up the DagBag from /home/airflow/.local/lib/python3.7/site-packages/airflow/example_dags/example_task_group_decorator.py
[2023-02-02T01:21:31.219+0000] {processor.py:753} INFO - DAG(s) dict_keys(['example_task_group_decorator']) retrieved from /home/airflow/.local/lib/python3.7/site-packages/airflow/example_dags/example_task_group_decorator.py
[2023-02-02T01:21:31.236+0000] {logging_mixin.py:137} INFO - [2023-02-02T01:21:31.236+0000] {dag.py:2690} INFO - Sync 1 DAGs
[2023-02-02T01:21:31.252+0000] {logging_mixin.py:137} INFO - [2023-02-02T01:21:31.252+0000] {dag.py:3441} INFO - Setting next_dagrun for example_task_group_decorator to 2023-02-01T01:21:31.252168+00:00, run_after=2023-02-02T01:21:31.252168+00:00
[2023-02-02T01:21:31.264+0000] {processor.py:175} INFO - Processing /home/airflow/.local/lib/python3.7/site-packages/airflow/example_dags/example_task_group_decorator.py took 0.067 seconds
[2023-02-02T01:22:01.828+0000] {processor.py:153} INFO - Started process (PID=1796) to work on /home/airflow/.local/lib/python3.7/site-packages/airflow/example_dags/example_task_group_decorator.py
[2023-02-02T01:22:01.829+0000] {processor.py:743} INFO - Processing file /home/airflow/.local/lib/python3.7/site-packages/airflow/example_dags/example_task_group_decorator.py for tasks to queue
[2023-02-02T01:22:01.830+0000] {logging_mixin.py:137} INFO - [2023-02-02T01:22:01.830+0000] {dagbag.py:538} INFO - Filling up the DagBag from /home/airflow/.local/lib/python3.7/site-packages/airflow/example_dags/example_task_group_decorator.py
[2023-02-02T01:22:01.852+0000] {processor.py:753} INFO - DAG(s) dict_keys(['example_task_group_decorator']) retrieved from /home/airflow/.local/lib/python3.7/site-packages/airflow/example_dags/example_task_group_decorator.py
[2023-02-02T01:22:01.871+0000] {logging_mixin.py:137} INFO - [2023-02-02T01:22:01.871+0000] {dag.py:2690} INFO - Sync 1 DAGs
[2023-02-02T01:22:01.887+0000] {logging_mixin.py:137} INFO - [2023-02-02T01:22:01.887+0000] {dag.py:3441} INFO - Setting next_dagrun for example_task_group_decorator to 2023-02-01T01:22:01.886910+00:00, run_after=2023-02-02T01:22:01.886910+00:00
[2023-02-02T01:22:01.898+0000] {processor.py:175} INFO - Processing /home/airflow/.local/lib/python3.7/site-packages/airflow/example_dags/example_task_group_decorator.py took 0.072 seconds
[2023-02-02T01:22:32.671+0000] {processor.py:153} INFO - Started process (PID=1876) to work on /home/airflow/.local/lib/python3.7/site-packages/airflow/example_dags/example_task_group_decorator.py
[2023-02-02T01:22:32.671+0000] {processor.py:743} INFO - Processing file /home/airflow/.local/lib/python3.7/site-packages/airflow/example_dags/example_task_group_decorator.py for tasks to queue
[2023-02-02T01:22:32.672+0000] {logging_mixin.py:137} INFO - [2023-02-02T01:22:32.672+0000] {dagbag.py:538} INFO - Filling up the DagBag from /home/airflow/.local/lib/python3.7/site-packages/airflow/example_dags/example_task_group_decorator.py
[2023-02-02T01:22:32.691+0000] {processor.py:753} INFO - DAG(s) dict_keys(['example_task_group_decorator']) retrieved from /home/airflow/.local/lib/python3.7/site-packages/airflow/example_dags/example_task_group_decorator.py
[2023-02-02T01:22:32.708+0000] {logging_mixin.py:137} INFO - [2023-02-02T01:22:32.708+0000] {dag.py:2690} INFO - Sync 1 DAGs
[2023-02-02T01:22:32.724+0000] {logging_mixin.py:137} INFO - [2023-02-02T01:22:32.724+0000] {dag.py:3441} INFO - Setting next_dagrun for example_task_group_decorator to 2023-02-01T01:22:32.724607+00:00, run_after=2023-02-02T01:22:32.724607+00:00
[2023-02-02T01:22:32.737+0000] {processor.py:175} INFO - Processing /home/airflow/.local/lib/python3.7/site-packages/airflow/example_dags/example_task_group_decorator.py took 0.068 seconds
[2023-02-02T01:23:03.441+0000] {processor.py:153} INFO - Started process (PID=1954) to work on /home/airflow/.local/lib/python3.7/site-packages/airflow/example_dags/example_task_group_decorator.py
[2023-02-02T01:23:03.442+0000] {processor.py:743} INFO - Processing file /home/airflow/.local/lib/python3.7/site-packages/airflow/example_dags/example_task_group_decorator.py for tasks to queue
[2023-02-02T01:23:03.443+0000] {logging_mixin.py:137} INFO - [2023-02-02T01:23:03.442+0000] {dagbag.py:538} INFO - Filling up the DagBag from /home/airflow/.local/lib/python3.7/site-packages/airflow/example_dags/example_task_group_decorator.py
[2023-02-02T01:23:03.468+0000] {processor.py:753} INFO - DAG(s) dict_keys(['example_task_group_decorator']) retrieved from /home/airflow/.local/lib/python3.7/site-packages/airflow/example_dags/example_task_group_decorator.py
[2023-02-02T01:23:03.485+0000] {logging_mixin.py:137} INFO - [2023-02-02T01:23:03.485+0000] {dag.py:2690} INFO - Sync 1 DAGs
[2023-02-02T01:23:03.500+0000] {logging_mixin.py:137} INFO - [2023-02-02T01:23:03.500+0000] {dag.py:3441} INFO - Setting next_dagrun for example_task_group_decorator to 2023-02-01T01:23:03.500476+00:00, run_after=2023-02-02T01:23:03.500476+00:00
[2023-02-02T01:23:03.512+0000] {processor.py:175} INFO - Processing /home/airflow/.local/lib/python3.7/site-packages/airflow/example_dags/example_task_group_decorator.py took 0.074 seconds
[2023-02-02T01:23:34.174+0000] {processor.py:153} INFO - Started process (PID=2041) to work on /home/airflow/.local/lib/python3.7/site-packages/airflow/example_dags/example_task_group_decorator.py
[2023-02-02T01:23:34.174+0000] {processor.py:743} INFO - Processing file /home/airflow/.local/lib/python3.7/site-packages/airflow/example_dags/example_task_group_decorator.py for tasks to queue
[2023-02-02T01:23:34.175+0000] {logging_mixin.py:137} INFO - [2023-02-02T01:23:34.175+0000] {dagbag.py:538} INFO - Filling up the DagBag from /home/airflow/.local/lib/python3.7/site-packages/airflow/example_dags/example_task_group_decorator.py
[2023-02-02T01:23:34.194+0000] {processor.py:753} INFO - DAG(s) dict_keys(['example_task_group_decorator']) retrieved from /home/airflow/.local/lib/python3.7/site-packages/airflow/example_dags/example_task_group_decorator.py
[2023-02-02T01:23:34.212+0000] {logging_mixin.py:137} INFO - [2023-02-02T01:23:34.212+0000] {dag.py:2690} INFO - Sync 1 DAGs
[2023-02-02T01:23:34.229+0000] {logging_mixin.py:137} INFO - [2023-02-02T01:23:34.229+0000] {dag.py:3441} INFO - Setting next_dagrun for example_task_group_decorator to 2023-02-01T01:23:34.229193+00:00, run_after=2023-02-02T01:23:34.229193+00:00
[2023-02-02T01:23:34.241+0000] {processor.py:175} INFO - Processing /home/airflow/.local/lib/python3.7/site-packages/airflow/example_dags/example_task_group_decorator.py took 0.069 seconds
[2023-02-02T01:24:05.067+0000] {processor.py:153} INFO - Started process (PID=2128) to work on /home/airflow/.local/lib/python3.7/site-packages/airflow/example_dags/example_task_group_decorator.py
[2023-02-02T01:24:05.068+0000] {processor.py:743} INFO - Processing file /home/airflow/.local/lib/python3.7/site-packages/airflow/example_dags/example_task_group_decorator.py for tasks to queue
[2023-02-02T01:24:05.069+0000] {logging_mixin.py:137} INFO - [2023-02-02T01:24:05.069+0000] {dagbag.py:538} INFO - Filling up the DagBag from /home/airflow/.local/lib/python3.7/site-packages/airflow/example_dags/example_task_group_decorator.py
[2023-02-02T01:24:05.088+0000] {processor.py:753} INFO - DAG(s) dict_keys(['example_task_group_decorator']) retrieved from /home/airflow/.local/lib/python3.7/site-packages/airflow/example_dags/example_task_group_decorator.py
[2023-02-02T01:24:05.104+0000] {logging_mixin.py:137} INFO - [2023-02-02T01:24:05.104+0000] {dag.py:2690} INFO - Sync 1 DAGs
[2023-02-02T01:24:05.120+0000] {logging_mixin.py:137} INFO - [2023-02-02T01:24:05.120+0000] {dag.py:3441} INFO - Setting next_dagrun for example_task_group_decorator to 2023-02-01T01:24:05.120130+00:00, run_after=2023-02-02T01:24:05.120130+00:00
[2023-02-02T01:24:05.131+0000] {processor.py:175} INFO - Processing /home/airflow/.local/lib/python3.7/site-packages/airflow/example_dags/example_task_group_decorator.py took 0.066 seconds
[2023-02-02T01:24:35.795+0000] {processor.py:153} INFO - Started process (PID=2199) to work on /home/airflow/.local/lib/python3.7/site-packages/airflow/example_dags/example_task_group_decorator.py
[2023-02-02T01:24:35.795+0000] {processor.py:743} INFO - Processing file /home/airflow/.local/lib/python3.7/site-packages/airflow/example_dags/example_task_group_decorator.py for tasks to queue
[2023-02-02T01:24:35.796+0000] {logging_mixin.py:137} INFO - [2023-02-02T01:24:35.796+0000] {dagbag.py:538} INFO - Filling up the DagBag from /home/airflow/.local/lib/python3.7/site-packages/airflow/example_dags/example_task_group_decorator.py
[2023-02-02T01:24:35.818+0000] {processor.py:753} INFO - DAG(s) dict_keys(['example_task_group_decorator']) retrieved from /home/airflow/.local/lib/python3.7/site-packages/airflow/example_dags/example_task_group_decorator.py
[2023-02-02T01:24:35.836+0000] {logging_mixin.py:137} INFO - [2023-02-02T01:24:35.836+0000] {dag.py:2690} INFO - Sync 1 DAGs
[2023-02-02T01:24:35.855+0000] {logging_mixin.py:137} INFO - [2023-02-02T01:24:35.854+0000] {dag.py:3441} INFO - Setting next_dagrun for example_task_group_decorator to 2023-02-01T01:24:35.854732+00:00, run_after=2023-02-02T01:24:35.854732+00:00
[2023-02-02T01:24:35.869+0000] {processor.py:175} INFO - Processing /home/airflow/.local/lib/python3.7/site-packages/airflow/example_dags/example_task_group_decorator.py took 0.077 seconds
[2023-02-02T01:25:06.497+0000] {processor.py:153} INFO - Started process (PID=2286) to work on /home/airflow/.local/lib/python3.7/site-packages/airflow/example_dags/example_task_group_decorator.py
[2023-02-02T01:25:06.498+0000] {processor.py:743} INFO - Processing file /home/airflow/.local/lib/python3.7/site-packages/airflow/example_dags/example_task_group_decorator.py for tasks to queue
[2023-02-02T01:25:06.498+0000] {logging_mixin.py:137} INFO - [2023-02-02T01:25:06.498+0000] {dagbag.py:538} INFO - Filling up the DagBag from /home/airflow/.local/lib/python3.7/site-packages/airflow/example_dags/example_task_group_decorator.py
[2023-02-02T01:25:06.518+0000] {processor.py:753} INFO - DAG(s) dict_keys(['example_task_group_decorator']) retrieved from /home/airflow/.local/lib/python3.7/site-packages/airflow/example_dags/example_task_group_decorator.py
[2023-02-02T01:25:06.538+0000] {logging_mixin.py:137} INFO - [2023-02-02T01:25:06.538+0000] {dag.py:2690} INFO - Sync 1 DAGs
[2023-02-02T01:25:06.556+0000] {logging_mixin.py:137} INFO - [2023-02-02T01:25:06.556+0000] {dag.py:3441} INFO - Setting next_dagrun for example_task_group_decorator to 2023-02-01T01:25:06.556078+00:00, run_after=2023-02-02T01:25:06.556078+00:00
[2023-02-02T01:25:06.568+0000] {processor.py:175} INFO - Processing /home/airflow/.local/lib/python3.7/site-packages/airflow/example_dags/example_task_group_decorator.py took 0.073 seconds
