[2023-02-02T01:11:15.558+0000] {processor.py:153} INFO - Started process (PID=64) to work on /home/airflow/.local/lib/python3.7/site-packages/airflow/example_dags/example_sensor_decorator.py
[2023-02-02T01:11:15.558+0000] {processor.py:743} INFO - Processing file /home/airflow/.local/lib/python3.7/site-packages/airflow/example_dags/example_sensor_decorator.py for tasks to queue
[2023-02-02T01:11:15.559+0000] {logging_mixin.py:137} INFO - [2023-02-02T01:11:15.559+0000] {dagbag.py:538} INFO - Filling up the DagBag from /home/airflow/.local/lib/python3.7/site-packages/airflow/example_dags/example_sensor_decorator.py
[2023-02-02T01:11:15.578+0000] {processor.py:753} INFO - DAG(s) dict_keys(['example_sensor_decorator']) retrieved from /home/airflow/.local/lib/python3.7/site-packages/airflow/example_dags/example_sensor_decorator.py
[2023-02-02T01:11:15.587+0000] {logging_mixin.py:137} INFO - [2023-02-02T01:11:15.587+0000] {dag.py:2690} INFO - Sync 1 DAGs
[2023-02-02T01:11:15.610+0000] {logging_mixin.py:137} INFO - [2023-02-02T01:11:15.610+0000] {dag.py:3441} INFO - Setting next_dagrun for example_sensor_decorator to None, run_after=None
[2023-02-02T01:11:15.625+0000] {processor.py:175} INFO - Processing /home/airflow/.local/lib/python3.7/site-packages/airflow/example_dags/example_sensor_decorator.py took 0.069 seconds
[2023-02-02T01:11:46.366+0000] {processor.py:153} INFO - Started process (PID=151) to work on /home/airflow/.local/lib/python3.7/site-packages/airflow/example_dags/example_sensor_decorator.py
[2023-02-02T01:11:46.367+0000] {processor.py:743} INFO - Processing file /home/airflow/.local/lib/python3.7/site-packages/airflow/example_dags/example_sensor_decorator.py for tasks to queue
[2023-02-02T01:11:46.367+0000] {logging_mixin.py:137} INFO - [2023-02-02T01:11:46.367+0000] {dagbag.py:538} INFO - Filling up the DagBag from /home/airflow/.local/lib/python3.7/site-packages/airflow/example_dags/example_sensor_decorator.py
[2023-02-02T01:11:46.389+0000] {processor.py:753} INFO - DAG(s) dict_keys(['example_sensor_decorator']) retrieved from /home/airflow/.local/lib/python3.7/site-packages/airflow/example_dags/example_sensor_decorator.py
[2023-02-02T01:11:46.406+0000] {logging_mixin.py:137} INFO - [2023-02-02T01:11:46.406+0000] {dag.py:2690} INFO - Sync 1 DAGs
[2023-02-02T01:11:46.422+0000] {logging_mixin.py:137} INFO - [2023-02-02T01:11:46.422+0000] {dag.py:3441} INFO - Setting next_dagrun for example_sensor_decorator to None, run_after=None
[2023-02-02T01:11:46.434+0000] {processor.py:175} INFO - Processing /home/airflow/.local/lib/python3.7/site-packages/airflow/example_dags/example_sensor_decorator.py took 0.070 seconds
[2023-02-02T01:12:17.243+0000] {processor.py:153} INFO - Started process (PID=238) to work on /home/airflow/.local/lib/python3.7/site-packages/airflow/example_dags/example_sensor_decorator.py
[2023-02-02T01:12:17.244+0000] {processor.py:743} INFO - Processing file /home/airflow/.local/lib/python3.7/site-packages/airflow/example_dags/example_sensor_decorator.py for tasks to queue
[2023-02-02T01:12:17.244+0000] {logging_mixin.py:137} INFO - [2023-02-02T01:12:17.244+0000] {dagbag.py:538} INFO - Filling up the DagBag from /home/airflow/.local/lib/python3.7/site-packages/airflow/example_dags/example_sensor_decorator.py
[2023-02-02T01:12:17.259+0000] {processor.py:753} INFO - DAG(s) dict_keys(['example_sensor_decorator']) retrieved from /home/airflow/.local/lib/python3.7/site-packages/airflow/example_dags/example_sensor_decorator.py
[2023-02-02T01:12:17.279+0000] {logging_mixin.py:137} INFO - [2023-02-02T01:12:17.279+0000] {dag.py:2690} INFO - Sync 1 DAGs
[2023-02-02T01:12:17.302+0000] {logging_mixin.py:137} INFO - [2023-02-02T01:12:17.302+0000] {dag.py:3441} INFO - Setting next_dagrun for example_sensor_decorator to None, run_after=None
[2023-02-02T01:12:17.318+0000] {processor.py:175} INFO - Processing /home/airflow/.local/lib/python3.7/site-packages/airflow/example_dags/example_sensor_decorator.py took 0.077 seconds
[2023-02-02T01:12:48.005+0000] {processor.py:153} INFO - Started process (PID=309) to work on /home/airflow/.local/lib/python3.7/site-packages/airflow/example_dags/example_sensor_decorator.py
[2023-02-02T01:12:48.005+0000] {processor.py:743} INFO - Processing file /home/airflow/.local/lib/python3.7/site-packages/airflow/example_dags/example_sensor_decorator.py for tasks to queue
[2023-02-02T01:12:48.006+0000] {logging_mixin.py:137} INFO - [2023-02-02T01:12:48.006+0000] {dagbag.py:538} INFO - Filling up the DagBag from /home/airflow/.local/lib/python3.7/site-packages/airflow/example_dags/example_sensor_decorator.py
[2023-02-02T01:12:48.022+0000] {processor.py:753} INFO - DAG(s) dict_keys(['example_sensor_decorator']) retrieved from /home/airflow/.local/lib/python3.7/site-packages/airflow/example_dags/example_sensor_decorator.py
[2023-02-02T01:12:48.040+0000] {logging_mixin.py:137} INFO - [2023-02-02T01:12:48.040+0000] {dag.py:2690} INFO - Sync 1 DAGs
[2023-02-02T01:12:48.061+0000] {logging_mixin.py:137} INFO - [2023-02-02T01:12:48.061+0000] {dag.py:3441} INFO - Setting next_dagrun for example_sensor_decorator to None, run_after=None
[2023-02-02T01:12:48.075+0000] {processor.py:175} INFO - Processing /home/airflow/.local/lib/python3.7/site-packages/airflow/example_dags/example_sensor_decorator.py took 0.073 seconds
[2023-02-02T01:13:18.746+0000] {processor.py:153} INFO - Started process (PID=396) to work on /home/airflow/.local/lib/python3.7/site-packages/airflow/example_dags/example_sensor_decorator.py
[2023-02-02T01:13:18.747+0000] {processor.py:743} INFO - Processing file /home/airflow/.local/lib/python3.7/site-packages/airflow/example_dags/example_sensor_decorator.py for tasks to queue
[2023-02-02T01:13:18.747+0000] {logging_mixin.py:137} INFO - [2023-02-02T01:13:18.747+0000] {dagbag.py:538} INFO - Filling up the DagBag from /home/airflow/.local/lib/python3.7/site-packages/airflow/example_dags/example_sensor_decorator.py
[2023-02-02T01:13:18.762+0000] {processor.py:753} INFO - DAG(s) dict_keys(['example_sensor_decorator']) retrieved from /home/airflow/.local/lib/python3.7/site-packages/airflow/example_dags/example_sensor_decorator.py
[2023-02-02T01:13:18.777+0000] {logging_mixin.py:137} INFO - [2023-02-02T01:13:18.777+0000] {dag.py:2690} INFO - Sync 1 DAGs
[2023-02-02T01:13:18.793+0000] {logging_mixin.py:137} INFO - [2023-02-02T01:13:18.793+0000] {dag.py:3441} INFO - Setting next_dagrun for example_sensor_decorator to None, run_after=None
[2023-02-02T01:13:18.805+0000] {processor.py:175} INFO - Processing /home/airflow/.local/lib/python3.7/site-packages/airflow/example_dags/example_sensor_decorator.py took 0.061 seconds
[2023-02-02T01:13:49.485+0000] {processor.py:153} INFO - Started process (PID=483) to work on /home/airflow/.local/lib/python3.7/site-packages/airflow/example_dags/example_sensor_decorator.py
[2023-02-02T01:13:49.485+0000] {processor.py:743} INFO - Processing file /home/airflow/.local/lib/python3.7/site-packages/airflow/example_dags/example_sensor_decorator.py for tasks to queue
[2023-02-02T01:13:49.486+0000] {logging_mixin.py:137} INFO - [2023-02-02T01:13:49.486+0000] {dagbag.py:538} INFO - Filling up the DagBag from /home/airflow/.local/lib/python3.7/site-packages/airflow/example_dags/example_sensor_decorator.py
[2023-02-02T01:13:49.500+0000] {processor.py:753} INFO - DAG(s) dict_keys(['example_sensor_decorator']) retrieved from /home/airflow/.local/lib/python3.7/site-packages/airflow/example_dags/example_sensor_decorator.py
[2023-02-02T01:13:49.515+0000] {logging_mixin.py:137} INFO - [2023-02-02T01:13:49.515+0000] {dag.py:2690} INFO - Sync 1 DAGs
[2023-02-02T01:13:49.535+0000] {logging_mixin.py:137} INFO - [2023-02-02T01:13:49.535+0000] {dag.py:3441} INFO - Setting next_dagrun for example_sensor_decorator to None, run_after=None
[2023-02-02T01:13:49.550+0000] {processor.py:175} INFO - Processing /home/airflow/.local/lib/python3.7/site-packages/airflow/example_dags/example_sensor_decorator.py took 0.067 seconds
[2023-02-02T01:14:20.246+0000] {processor.py:153} INFO - Started process (PID=554) to work on /home/airflow/.local/lib/python3.7/site-packages/airflow/example_dags/example_sensor_decorator.py
[2023-02-02T01:14:20.246+0000] {processor.py:743} INFO - Processing file /home/airflow/.local/lib/python3.7/site-packages/airflow/example_dags/example_sensor_decorator.py for tasks to queue
[2023-02-02T01:14:20.247+0000] {logging_mixin.py:137} INFO - [2023-02-02T01:14:20.247+0000] {dagbag.py:538} INFO - Filling up the DagBag from /home/airflow/.local/lib/python3.7/site-packages/airflow/example_dags/example_sensor_decorator.py
[2023-02-02T01:14:20.264+0000] {processor.py:753} INFO - DAG(s) dict_keys(['example_sensor_decorator']) retrieved from /home/airflow/.local/lib/python3.7/site-packages/airflow/example_dags/example_sensor_decorator.py
[2023-02-02T01:14:20.280+0000] {logging_mixin.py:137} INFO - [2023-02-02T01:14:20.279+0000] {dag.py:2690} INFO - Sync 1 DAGs
[2023-02-02T01:14:20.297+0000] {logging_mixin.py:137} INFO - [2023-02-02T01:14:20.297+0000] {dag.py:3441} INFO - Setting next_dagrun for example_sensor_decorator to None, run_after=None
[2023-02-02T01:14:20.309+0000] {processor.py:175} INFO - Processing /home/airflow/.local/lib/python3.7/site-packages/airflow/example_dags/example_sensor_decorator.py took 0.065 seconds
[2023-02-02T01:14:50.923+0000] {processor.py:153} INFO - Started process (PID=641) to work on /home/airflow/.local/lib/python3.7/site-packages/airflow/example_dags/example_sensor_decorator.py
[2023-02-02T01:14:50.924+0000] {processor.py:743} INFO - Processing file /home/airflow/.local/lib/python3.7/site-packages/airflow/example_dags/example_sensor_decorator.py for tasks to queue
[2023-02-02T01:14:50.924+0000] {logging_mixin.py:137} INFO - [2023-02-02T01:14:50.924+0000] {dagbag.py:538} INFO - Filling up the DagBag from /home/airflow/.local/lib/python3.7/site-packages/airflow/example_dags/example_sensor_decorator.py
[2023-02-02T01:14:50.945+0000] {processor.py:753} INFO - DAG(s) dict_keys(['example_sensor_decorator']) retrieved from /home/airflow/.local/lib/python3.7/site-packages/airflow/example_dags/example_sensor_decorator.py
[2023-02-02T01:14:50.961+0000] {logging_mixin.py:137} INFO - [2023-02-02T01:14:50.961+0000] {dag.py:2690} INFO - Sync 1 DAGs
[2023-02-02T01:14:50.978+0000] {logging_mixin.py:137} INFO - [2023-02-02T01:14:50.978+0000] {dag.py:3441} INFO - Setting next_dagrun for example_sensor_decorator to None, run_after=None
[2023-02-02T01:14:50.993+0000] {processor.py:175} INFO - Processing /home/airflow/.local/lib/python3.7/site-packages/airflow/example_dags/example_sensor_decorator.py took 0.073 seconds
[2023-02-02T01:15:21.716+0000] {processor.py:153} INFO - Started process (PID=728) to work on /home/airflow/.local/lib/python3.7/site-packages/airflow/example_dags/example_sensor_decorator.py
[2023-02-02T01:15:21.716+0000] {processor.py:743} INFO - Processing file /home/airflow/.local/lib/python3.7/site-packages/airflow/example_dags/example_sensor_decorator.py for tasks to queue
[2023-02-02T01:15:21.717+0000] {logging_mixin.py:137} INFO - [2023-02-02T01:15:21.717+0000] {dagbag.py:538} INFO - Filling up the DagBag from /home/airflow/.local/lib/python3.7/site-packages/airflow/example_dags/example_sensor_decorator.py
[2023-02-02T01:15:21.730+0000] {processor.py:753} INFO - DAG(s) dict_keys(['example_sensor_decorator']) retrieved from /home/airflow/.local/lib/python3.7/site-packages/airflow/example_dags/example_sensor_decorator.py
[2023-02-02T01:15:21.745+0000] {logging_mixin.py:137} INFO - [2023-02-02T01:15:21.745+0000] {dag.py:2690} INFO - Sync 1 DAGs
[2023-02-02T01:15:21.760+0000] {logging_mixin.py:137} INFO - [2023-02-02T01:15:21.760+0000] {dag.py:3441} INFO - Setting next_dagrun for example_sensor_decorator to None, run_after=None
[2023-02-02T01:15:21.772+0000] {processor.py:175} INFO - Processing /home/airflow/.local/lib/python3.7/site-packages/airflow/example_dags/example_sensor_decorator.py took 0.060 seconds
[2023-02-02T01:15:52.484+0000] {processor.py:153} INFO - Started process (PID=805) to work on /home/airflow/.local/lib/python3.7/site-packages/airflow/example_dags/example_sensor_decorator.py
[2023-02-02T01:15:52.485+0000] {processor.py:743} INFO - Processing file /home/airflow/.local/lib/python3.7/site-packages/airflow/example_dags/example_sensor_decorator.py for tasks to queue
[2023-02-02T01:15:52.488+0000] {logging_mixin.py:137} INFO - [2023-02-02T01:15:52.487+0000] {dagbag.py:538} INFO - Filling up the DagBag from /home/airflow/.local/lib/python3.7/site-packages/airflow/example_dags/example_sensor_decorator.py
[2023-02-02T01:15:52.503+0000] {processor.py:753} INFO - DAG(s) dict_keys(['example_sensor_decorator']) retrieved from /home/airflow/.local/lib/python3.7/site-packages/airflow/example_dags/example_sensor_decorator.py
[2023-02-02T01:15:52.520+0000] {logging_mixin.py:137} INFO - [2023-02-02T01:15:52.520+0000] {dag.py:2690} INFO - Sync 1 DAGs
[2023-02-02T01:15:52.537+0000] {logging_mixin.py:137} INFO - [2023-02-02T01:15:52.537+0000] {dag.py:3441} INFO - Setting next_dagrun for example_sensor_decorator to None, run_after=None
[2023-02-02T01:15:52.549+0000] {processor.py:175} INFO - Processing /home/airflow/.local/lib/python3.7/site-packages/airflow/example_dags/example_sensor_decorator.py took 0.067 seconds
[2023-02-02T01:16:23.366+0000] {processor.py:153} INFO - Started process (PID=886) to work on /home/airflow/.local/lib/python3.7/site-packages/airflow/example_dags/example_sensor_decorator.py
[2023-02-02T01:16:23.366+0000] {processor.py:743} INFO - Processing file /home/airflow/.local/lib/python3.7/site-packages/airflow/example_dags/example_sensor_decorator.py for tasks to queue
[2023-02-02T01:16:23.367+0000] {logging_mixin.py:137} INFO - [2023-02-02T01:16:23.367+0000] {dagbag.py:538} INFO - Filling up the DagBag from /home/airflow/.local/lib/python3.7/site-packages/airflow/example_dags/example_sensor_decorator.py
[2023-02-02T01:16:23.381+0000] {processor.py:753} INFO - DAG(s) dict_keys(['example_sensor_decorator']) retrieved from /home/airflow/.local/lib/python3.7/site-packages/airflow/example_dags/example_sensor_decorator.py
[2023-02-02T01:16:23.394+0000] {logging_mixin.py:137} INFO - [2023-02-02T01:16:23.394+0000] {dag.py:2690} INFO - Sync 1 DAGs
[2023-02-02T01:16:23.410+0000] {logging_mixin.py:137} INFO - [2023-02-02T01:16:23.410+0000] {dag.py:3441} INFO - Setting next_dagrun for example_sensor_decorator to None, run_after=None
[2023-02-02T01:16:23.422+0000] {processor.py:175} INFO - Processing /home/airflow/.local/lib/python3.7/site-packages/airflow/example_dags/example_sensor_decorator.py took 0.058 seconds
[2023-02-02T01:16:54.241+0000] {processor.py:153} INFO - Started process (PID=973) to work on /home/airflow/.local/lib/python3.7/site-packages/airflow/example_dags/example_sensor_decorator.py
[2023-02-02T01:16:54.242+0000] {processor.py:743} INFO - Processing file /home/airflow/.local/lib/python3.7/site-packages/airflow/example_dags/example_sensor_decorator.py for tasks to queue
[2023-02-02T01:16:54.242+0000] {logging_mixin.py:137} INFO - [2023-02-02T01:16:54.242+0000] {dagbag.py:538} INFO - Filling up the DagBag from /home/airflow/.local/lib/python3.7/site-packages/airflow/example_dags/example_sensor_decorator.py
[2023-02-02T01:16:54.260+0000] {processor.py:753} INFO - DAG(s) dict_keys(['example_sensor_decorator']) retrieved from /home/airflow/.local/lib/python3.7/site-packages/airflow/example_dags/example_sensor_decorator.py
[2023-02-02T01:16:54.279+0000] {logging_mixin.py:137} INFO - [2023-02-02T01:16:54.278+0000] {dag.py:2690} INFO - Sync 1 DAGs
[2023-02-02T01:16:54.299+0000] {logging_mixin.py:137} INFO - [2023-02-02T01:16:54.299+0000] {dag.py:3441} INFO - Setting next_dagrun for example_sensor_decorator to None, run_after=None
[2023-02-02T01:16:54.313+0000] {processor.py:175} INFO - Processing /home/airflow/.local/lib/python3.7/site-packages/airflow/example_dags/example_sensor_decorator.py took 0.074 seconds
[2023-02-02T01:17:25.008+0000] {processor.py:153} INFO - Started process (PID=1060) to work on /home/airflow/.local/lib/python3.7/site-packages/airflow/example_dags/example_sensor_decorator.py
[2023-02-02T01:17:25.008+0000] {processor.py:743} INFO - Processing file /home/airflow/.local/lib/python3.7/site-packages/airflow/example_dags/example_sensor_decorator.py for tasks to queue
[2023-02-02T01:17:25.009+0000] {logging_mixin.py:137} INFO - [2023-02-02T01:17:25.009+0000] {dagbag.py:538} INFO - Filling up the DagBag from /home/airflow/.local/lib/python3.7/site-packages/airflow/example_dags/example_sensor_decorator.py
[2023-02-02T01:17:25.022+0000] {processor.py:753} INFO - DAG(s) dict_keys(['example_sensor_decorator']) retrieved from /home/airflow/.local/lib/python3.7/site-packages/airflow/example_dags/example_sensor_decorator.py
[2023-02-02T01:17:25.036+0000] {logging_mixin.py:137} INFO - [2023-02-02T01:17:25.036+0000] {dag.py:2690} INFO - Sync 1 DAGs
[2023-02-02T01:17:25.052+0000] {logging_mixin.py:137} INFO - [2023-02-02T01:17:25.052+0000] {dag.py:3441} INFO - Setting next_dagrun for example_sensor_decorator to None, run_after=None
[2023-02-02T01:17:25.064+0000] {processor.py:175} INFO - Processing /home/airflow/.local/lib/python3.7/site-packages/airflow/example_dags/example_sensor_decorator.py took 0.058 seconds
[2023-02-02T01:17:55.910+0000] {processor.py:153} INFO - Started process (PID=1131) to work on /home/airflow/.local/lib/python3.7/site-packages/airflow/example_dags/example_sensor_decorator.py
[2023-02-02T01:17:55.910+0000] {processor.py:743} INFO - Processing file /home/airflow/.local/lib/python3.7/site-packages/airflow/example_dags/example_sensor_decorator.py for tasks to queue
[2023-02-02T01:17:55.911+0000] {logging_mixin.py:137} INFO - [2023-02-02T01:17:55.911+0000] {dagbag.py:538} INFO - Filling up the DagBag from /home/airflow/.local/lib/python3.7/site-packages/airflow/example_dags/example_sensor_decorator.py
[2023-02-02T01:17:55.925+0000] {processor.py:753} INFO - DAG(s) dict_keys(['example_sensor_decorator']) retrieved from /home/airflow/.local/lib/python3.7/site-packages/airflow/example_dags/example_sensor_decorator.py
[2023-02-02T01:17:55.941+0000] {logging_mixin.py:137} INFO - [2023-02-02T01:17:55.941+0000] {dag.py:2690} INFO - Sync 1 DAGs
[2023-02-02T01:17:55.961+0000] {logging_mixin.py:137} INFO - [2023-02-02T01:17:55.961+0000] {dag.py:3441} INFO - Setting next_dagrun for example_sensor_decorator to None, run_after=None
[2023-02-02T01:17:55.975+0000] {processor.py:175} INFO - Processing /home/airflow/.local/lib/python3.7/site-packages/airflow/example_dags/example_sensor_decorator.py took 0.067 seconds
[2023-02-02T01:18:26.644+0000] {processor.py:153} INFO - Started process (PID=1218) to work on /home/airflow/.local/lib/python3.7/site-packages/airflow/example_dags/example_sensor_decorator.py
[2023-02-02T01:18:26.644+0000] {processor.py:743} INFO - Processing file /home/airflow/.local/lib/python3.7/site-packages/airflow/example_dags/example_sensor_decorator.py for tasks to queue
[2023-02-02T01:18:26.645+0000] {logging_mixin.py:137} INFO - [2023-02-02T01:18:26.645+0000] {dagbag.py:538} INFO - Filling up the DagBag from /home/airflow/.local/lib/python3.7/site-packages/airflow/example_dags/example_sensor_decorator.py
[2023-02-02T01:18:26.662+0000] {processor.py:753} INFO - DAG(s) dict_keys(['example_sensor_decorator']) retrieved from /home/airflow/.local/lib/python3.7/site-packages/airflow/example_dags/example_sensor_decorator.py
[2023-02-02T01:18:26.677+0000] {logging_mixin.py:137} INFO - [2023-02-02T01:18:26.677+0000] {dag.py:2690} INFO - Sync 1 DAGs
[2023-02-02T01:18:26.692+0000] {logging_mixin.py:137} INFO - [2023-02-02T01:18:26.692+0000] {dag.py:3441} INFO - Setting next_dagrun for example_sensor_decorator to None, run_after=None
[2023-02-02T01:18:26.704+0000] {processor.py:175} INFO - Processing /home/airflow/.local/lib/python3.7/site-packages/airflow/example_dags/example_sensor_decorator.py took 0.062 seconds
[2023-02-02T01:18:57.548+0000] {processor.py:153} INFO - Started process (PID=1305) to work on /home/airflow/.local/lib/python3.7/site-packages/airflow/example_dags/example_sensor_decorator.py
[2023-02-02T01:18:57.549+0000] {processor.py:743} INFO - Processing file /home/airflow/.local/lib/python3.7/site-packages/airflow/example_dags/example_sensor_decorator.py for tasks to queue
[2023-02-02T01:18:57.549+0000] {logging_mixin.py:137} INFO - [2023-02-02T01:18:57.549+0000] {dagbag.py:538} INFO - Filling up the DagBag from /home/airflow/.local/lib/python3.7/site-packages/airflow/example_dags/example_sensor_decorator.py
[2023-02-02T01:18:57.563+0000] {processor.py:753} INFO - DAG(s) dict_keys(['example_sensor_decorator']) retrieved from /home/airflow/.local/lib/python3.7/site-packages/airflow/example_dags/example_sensor_decorator.py
[2023-02-02T01:18:57.579+0000] {logging_mixin.py:137} INFO - [2023-02-02T01:18:57.579+0000] {dag.py:2690} INFO - Sync 1 DAGs
[2023-02-02T01:18:57.595+0000] {logging_mixin.py:137} INFO - [2023-02-02T01:18:57.595+0000] {dag.py:3441} INFO - Setting next_dagrun for example_sensor_decorator to None, run_after=None
[2023-02-02T01:18:57.607+0000] {processor.py:175} INFO - Processing /home/airflow/.local/lib/python3.7/site-packages/airflow/example_dags/example_sensor_decorator.py took 0.061 seconds
[2023-02-02T01:19:28.265+0000] {processor.py:153} INFO - Started process (PID=1376) to work on /home/airflow/.local/lib/python3.7/site-packages/airflow/example_dags/example_sensor_decorator.py
[2023-02-02T01:19:28.266+0000] {processor.py:743} INFO - Processing file /home/airflow/.local/lib/python3.7/site-packages/airflow/example_dags/example_sensor_decorator.py for tasks to queue
[2023-02-02T01:19:28.266+0000] {logging_mixin.py:137} INFO - [2023-02-02T01:19:28.266+0000] {dagbag.py:538} INFO - Filling up the DagBag from /home/airflow/.local/lib/python3.7/site-packages/airflow/example_dags/example_sensor_decorator.py
[2023-02-02T01:19:28.282+0000] {processor.py:753} INFO - DAG(s) dict_keys(['example_sensor_decorator']) retrieved from /home/airflow/.local/lib/python3.7/site-packages/airflow/example_dags/example_sensor_decorator.py
[2023-02-02T01:19:28.297+0000] {logging_mixin.py:137} INFO - [2023-02-02T01:19:28.297+0000] {dag.py:2690} INFO - Sync 1 DAGs
[2023-02-02T01:19:28.313+0000] {logging_mixin.py:137} INFO - [2023-02-02T01:19:28.313+0000] {dag.py:3441} INFO - Setting next_dagrun for example_sensor_decorator to None, run_after=None
[2023-02-02T01:19:28.324+0000] {processor.py:175} INFO - Processing /home/airflow/.local/lib/python3.7/site-packages/airflow/example_dags/example_sensor_decorator.py took 0.061 seconds
[2023-02-02T01:19:58.947+0000] {processor.py:153} INFO - Started process (PID=1463) to work on /home/airflow/.local/lib/python3.7/site-packages/airflow/example_dags/example_sensor_decorator.py
[2023-02-02T01:19:58.947+0000] {processor.py:743} INFO - Processing file /home/airflow/.local/lib/python3.7/site-packages/airflow/example_dags/example_sensor_decorator.py for tasks to queue
[2023-02-02T01:19:58.948+0000] {logging_mixin.py:137} INFO - [2023-02-02T01:19:58.948+0000] {dagbag.py:538} INFO - Filling up the DagBag from /home/airflow/.local/lib/python3.7/site-packages/airflow/example_dags/example_sensor_decorator.py
[2023-02-02T01:19:58.962+0000] {processor.py:753} INFO - DAG(s) dict_keys(['example_sensor_decorator']) retrieved from /home/airflow/.local/lib/python3.7/site-packages/airflow/example_dags/example_sensor_decorator.py
[2023-02-02T01:19:58.976+0000] {logging_mixin.py:137} INFO - [2023-02-02T01:19:58.976+0000] {dag.py:2690} INFO - Sync 1 DAGs
[2023-02-02T01:19:58.992+0000] {logging_mixin.py:137} INFO - [2023-02-02T01:19:58.992+0000] {dag.py:3441} INFO - Setting next_dagrun for example_sensor_decorator to None, run_after=None
[2023-02-02T01:19:59.004+0000] {processor.py:175} INFO - Processing /home/airflow/.local/lib/python3.7/site-packages/airflow/example_dags/example_sensor_decorator.py took 0.059 seconds
[2023-02-02T01:20:29.761+0000] {processor.py:153} INFO - Started process (PID=1550) to work on /home/airflow/.local/lib/python3.7/site-packages/airflow/example_dags/example_sensor_decorator.py
[2023-02-02T01:20:29.761+0000] {processor.py:743} INFO - Processing file /home/airflow/.local/lib/python3.7/site-packages/airflow/example_dags/example_sensor_decorator.py for tasks to queue
[2023-02-02T01:20:29.762+0000] {logging_mixin.py:137} INFO - [2023-02-02T01:20:29.762+0000] {dagbag.py:538} INFO - Filling up the DagBag from /home/airflow/.local/lib/python3.7/site-packages/airflow/example_dags/example_sensor_decorator.py
[2023-02-02T01:20:29.778+0000] {processor.py:753} INFO - DAG(s) dict_keys(['example_sensor_decorator']) retrieved from /home/airflow/.local/lib/python3.7/site-packages/airflow/example_dags/example_sensor_decorator.py
[2023-02-02T01:20:29.794+0000] {logging_mixin.py:137} INFO - [2023-02-02T01:20:29.794+0000] {dag.py:2690} INFO - Sync 1 DAGs
[2023-02-02T01:20:29.812+0000] {logging_mixin.py:137} INFO - [2023-02-02T01:20:29.811+0000] {dag.py:3441} INFO - Setting next_dagrun for example_sensor_decorator to None, run_after=None
[2023-02-02T01:20:29.824+0000] {processor.py:175} INFO - Processing /home/airflow/.local/lib/python3.7/site-packages/airflow/example_dags/example_sensor_decorator.py took 0.065 seconds
[2023-02-02T01:21:00.467+0000] {processor.py:153} INFO - Started process (PID=1621) to work on /home/airflow/.local/lib/python3.7/site-packages/airflow/example_dags/example_sensor_decorator.py
[2023-02-02T01:21:00.467+0000] {processor.py:743} INFO - Processing file /home/airflow/.local/lib/python3.7/site-packages/airflow/example_dags/example_sensor_decorator.py for tasks to queue
[2023-02-02T01:21:00.468+0000] {logging_mixin.py:137} INFO - [2023-02-02T01:21:00.468+0000] {dagbag.py:538} INFO - Filling up the DagBag from /home/airflow/.local/lib/python3.7/site-packages/airflow/example_dags/example_sensor_decorator.py
[2023-02-02T01:21:00.484+0000] {processor.py:753} INFO - DAG(s) dict_keys(['example_sensor_decorator']) retrieved from /home/airflow/.local/lib/python3.7/site-packages/airflow/example_dags/example_sensor_decorator.py
[2023-02-02T01:21:00.499+0000] {logging_mixin.py:137} INFO - [2023-02-02T01:21:00.499+0000] {dag.py:2690} INFO - Sync 1 DAGs
[2023-02-02T01:21:00.515+0000] {logging_mixin.py:137} INFO - [2023-02-02T01:21:00.515+0000] {dag.py:3441} INFO - Setting next_dagrun for example_sensor_decorator to None, run_after=None
[2023-02-02T01:21:00.526+0000] {processor.py:175} INFO - Processing /home/airflow/.local/lib/python3.7/site-packages/airflow/example_dags/example_sensor_decorator.py took 0.061 seconds
[2023-02-02T01:21:31.129+0000] {processor.py:153} INFO - Started process (PID=1708) to work on /home/airflow/.local/lib/python3.7/site-packages/airflow/example_dags/example_sensor_decorator.py
[2023-02-02T01:21:31.129+0000] {processor.py:743} INFO - Processing file /home/airflow/.local/lib/python3.7/site-packages/airflow/example_dags/example_sensor_decorator.py for tasks to queue
[2023-02-02T01:21:31.130+0000] {logging_mixin.py:137} INFO - [2023-02-02T01:21:31.130+0000] {dagbag.py:538} INFO - Filling up the DagBag from /home/airflow/.local/lib/python3.7/site-packages/airflow/example_dags/example_sensor_decorator.py
[2023-02-02T01:21:31.145+0000] {processor.py:753} INFO - DAG(s) dict_keys(['example_sensor_decorator']) retrieved from /home/airflow/.local/lib/python3.7/site-packages/airflow/example_dags/example_sensor_decorator.py
[2023-02-02T01:21:31.159+0000] {logging_mixin.py:137} INFO - [2023-02-02T01:21:31.159+0000] {dag.py:2690} INFO - Sync 1 DAGs
[2023-02-02T01:21:31.174+0000] {logging_mixin.py:137} INFO - [2023-02-02T01:21:31.174+0000] {dag.py:3441} INFO - Setting next_dagrun for example_sensor_decorator to None, run_after=None
[2023-02-02T01:21:31.185+0000] {processor.py:175} INFO - Processing /home/airflow/.local/lib/python3.7/site-packages/airflow/example_dags/example_sensor_decorator.py took 0.058 seconds
[2023-02-02T01:22:01.821+0000] {processor.py:153} INFO - Started process (PID=1795) to work on /home/airflow/.local/lib/python3.7/site-packages/airflow/example_dags/example_sensor_decorator.py
[2023-02-02T01:22:01.821+0000] {processor.py:743} INFO - Processing file /home/airflow/.local/lib/python3.7/site-packages/airflow/example_dags/example_sensor_decorator.py for tasks to queue
[2023-02-02T01:22:01.822+0000] {logging_mixin.py:137} INFO - [2023-02-02T01:22:01.822+0000] {dagbag.py:538} INFO - Filling up the DagBag from /home/airflow/.local/lib/python3.7/site-packages/airflow/example_dags/example_sensor_decorator.py
[2023-02-02T01:22:01.836+0000] {processor.py:753} INFO - DAG(s) dict_keys(['example_sensor_decorator']) retrieved from /home/airflow/.local/lib/python3.7/site-packages/airflow/example_dags/example_sensor_decorator.py
[2023-02-02T01:22:01.852+0000] {logging_mixin.py:137} INFO - [2023-02-02T01:22:01.852+0000] {dag.py:2690} INFO - Sync 1 DAGs
[2023-02-02T01:22:01.868+0000] {logging_mixin.py:137} INFO - [2023-02-02T01:22:01.867+0000] {dag.py:3441} INFO - Setting next_dagrun for example_sensor_decorator to None, run_after=None
[2023-02-02T01:22:01.880+0000] {processor.py:175} INFO - Processing /home/airflow/.local/lib/python3.7/site-packages/airflow/example_dags/example_sensor_decorator.py took 0.061 seconds
[2023-02-02T01:22:32.595+0000] {processor.py:153} INFO - Started process (PID=1875) to work on /home/airflow/.local/lib/python3.7/site-packages/airflow/example_dags/example_sensor_decorator.py
[2023-02-02T01:22:32.596+0000] {processor.py:743} INFO - Processing file /home/airflow/.local/lib/python3.7/site-packages/airflow/example_dags/example_sensor_decorator.py for tasks to queue
[2023-02-02T01:22:32.596+0000] {logging_mixin.py:137} INFO - [2023-02-02T01:22:32.596+0000] {dagbag.py:538} INFO - Filling up the DagBag from /home/airflow/.local/lib/python3.7/site-packages/airflow/example_dags/example_sensor_decorator.py
[2023-02-02T01:22:32.615+0000] {processor.py:753} INFO - DAG(s) dict_keys(['example_sensor_decorator']) retrieved from /home/airflow/.local/lib/python3.7/site-packages/airflow/example_dags/example_sensor_decorator.py
[2023-02-02T01:22:32.633+0000] {logging_mixin.py:137} INFO - [2023-02-02T01:22:32.633+0000] {dag.py:2690} INFO - Sync 1 DAGs
[2023-02-02T01:22:32.649+0000] {logging_mixin.py:137} INFO - [2023-02-02T01:22:32.649+0000] {dag.py:3441} INFO - Setting next_dagrun for example_sensor_decorator to None, run_after=None
[2023-02-02T01:22:32.663+0000] {processor.py:175} INFO - Processing /home/airflow/.local/lib/python3.7/site-packages/airflow/example_dags/example_sensor_decorator.py took 0.070 seconds
[2023-02-02T01:23:03.376+0000] {processor.py:153} INFO - Started process (PID=1953) to work on /home/airflow/.local/lib/python3.7/site-packages/airflow/example_dags/example_sensor_decorator.py
[2023-02-02T01:23:03.377+0000] {processor.py:743} INFO - Processing file /home/airflow/.local/lib/python3.7/site-packages/airflow/example_dags/example_sensor_decorator.py for tasks to queue
[2023-02-02T01:23:03.377+0000] {logging_mixin.py:137} INFO - [2023-02-02T01:23:03.377+0000] {dagbag.py:538} INFO - Filling up the DagBag from /home/airflow/.local/lib/python3.7/site-packages/airflow/example_dags/example_sensor_decorator.py
[2023-02-02T01:23:03.394+0000] {processor.py:753} INFO - DAG(s) dict_keys(['example_sensor_decorator']) retrieved from /home/airflow/.local/lib/python3.7/site-packages/airflow/example_dags/example_sensor_decorator.py
[2023-02-02T01:23:03.411+0000] {logging_mixin.py:137} INFO - [2023-02-02T01:23:03.411+0000] {dag.py:2690} INFO - Sync 1 DAGs
[2023-02-02T01:23:03.428+0000] {logging_mixin.py:137} INFO - [2023-02-02T01:23:03.428+0000] {dag.py:3441} INFO - Setting next_dagrun for example_sensor_decorator to None, run_after=None
[2023-02-02T01:23:03.441+0000] {processor.py:175} INFO - Processing /home/airflow/.local/lib/python3.7/site-packages/airflow/example_dags/example_sensor_decorator.py took 0.067 seconds
[2023-02-02T01:23:34.153+0000] {processor.py:153} INFO - Started process (PID=2040) to work on /home/airflow/.local/lib/python3.7/site-packages/airflow/example_dags/example_sensor_decorator.py
[2023-02-02T01:23:34.153+0000] {processor.py:743} INFO - Processing file /home/airflow/.local/lib/python3.7/site-packages/airflow/example_dags/example_sensor_decorator.py for tasks to queue
[2023-02-02T01:23:34.154+0000] {logging_mixin.py:137} INFO - [2023-02-02T01:23:34.154+0000] {dagbag.py:538} INFO - Filling up the DagBag from /home/airflow/.local/lib/python3.7/site-packages/airflow/example_dags/example_sensor_decorator.py
[2023-02-02T01:23:34.169+0000] {processor.py:753} INFO - DAG(s) dict_keys(['example_sensor_decorator']) retrieved from /home/airflow/.local/lib/python3.7/site-packages/airflow/example_dags/example_sensor_decorator.py
[2023-02-02T01:23:34.184+0000] {logging_mixin.py:137} INFO - [2023-02-02T01:23:34.184+0000] {dag.py:2690} INFO - Sync 1 DAGs
[2023-02-02T01:23:34.200+0000] {logging_mixin.py:137} INFO - [2023-02-02T01:23:34.200+0000] {dag.py:3441} INFO - Setting next_dagrun for example_sensor_decorator to None, run_after=None
[2023-02-02T01:23:34.213+0000] {processor.py:175} INFO - Processing /home/airflow/.local/lib/python3.7/site-packages/airflow/example_dags/example_sensor_decorator.py took 0.062 seconds
[2023-02-02T01:24:04.994+0000] {processor.py:153} INFO - Started process (PID=2127) to work on /home/airflow/.local/lib/python3.7/site-packages/airflow/example_dags/example_sensor_decorator.py
[2023-02-02T01:24:04.994+0000] {processor.py:743} INFO - Processing file /home/airflow/.local/lib/python3.7/site-packages/airflow/example_dags/example_sensor_decorator.py for tasks to queue
[2023-02-02T01:24:04.995+0000] {logging_mixin.py:137} INFO - [2023-02-02T01:24:04.995+0000] {dagbag.py:538} INFO - Filling up the DagBag from /home/airflow/.local/lib/python3.7/site-packages/airflow/example_dags/example_sensor_decorator.py
[2023-02-02T01:24:05.009+0000] {processor.py:753} INFO - DAG(s) dict_keys(['example_sensor_decorator']) retrieved from /home/airflow/.local/lib/python3.7/site-packages/airflow/example_dags/example_sensor_decorator.py
[2023-02-02T01:24:05.026+0000] {logging_mixin.py:137} INFO - [2023-02-02T01:24:05.026+0000] {dag.py:2690} INFO - Sync 1 DAGs
[2023-02-02T01:24:05.042+0000] {logging_mixin.py:137} INFO - [2023-02-02T01:24:05.042+0000] {dag.py:3441} INFO - Setting next_dagrun for example_sensor_decorator to None, run_after=None
[2023-02-02T01:24:05.054+0000] {processor.py:175} INFO - Processing /home/airflow/.local/lib/python3.7/site-packages/airflow/example_dags/example_sensor_decorator.py took 0.063 seconds
[2023-02-02T01:24:35.785+0000] {processor.py:153} INFO - Started process (PID=2198) to work on /home/airflow/.local/lib/python3.7/site-packages/airflow/example_dags/example_sensor_decorator.py
[2023-02-02T01:24:35.785+0000] {processor.py:743} INFO - Processing file /home/airflow/.local/lib/python3.7/site-packages/airflow/example_dags/example_sensor_decorator.py for tasks to queue
[2023-02-02T01:24:35.785+0000] {logging_mixin.py:137} INFO - [2023-02-02T01:24:35.785+0000] {dagbag.py:538} INFO - Filling up the DagBag from /home/airflow/.local/lib/python3.7/site-packages/airflow/example_dags/example_sensor_decorator.py
[2023-02-02T01:24:35.800+0000] {processor.py:753} INFO - DAG(s) dict_keys(['example_sensor_decorator']) retrieved from /home/airflow/.local/lib/python3.7/site-packages/airflow/example_dags/example_sensor_decorator.py
[2023-02-02T01:24:35.815+0000] {logging_mixin.py:137} INFO - [2023-02-02T01:24:35.815+0000] {dag.py:2690} INFO - Sync 1 DAGs
[2023-02-02T01:24:35.831+0000] {logging_mixin.py:137} INFO - [2023-02-02T01:24:35.831+0000] {dag.py:3441} INFO - Setting next_dagrun for example_sensor_decorator to None, run_after=None
[2023-02-02T01:24:35.843+0000] {processor.py:175} INFO - Processing /home/airflow/.local/lib/python3.7/site-packages/airflow/example_dags/example_sensor_decorator.py took 0.061 seconds
[2023-02-02T01:25:06.439+0000] {processor.py:153} INFO - Started process (PID=2285) to work on /home/airflow/.local/lib/python3.7/site-packages/airflow/example_dags/example_sensor_decorator.py
[2023-02-02T01:25:06.439+0000] {processor.py:743} INFO - Processing file /home/airflow/.local/lib/python3.7/site-packages/airflow/example_dags/example_sensor_decorator.py for tasks to queue
[2023-02-02T01:25:06.440+0000] {logging_mixin.py:137} INFO - [2023-02-02T01:25:06.440+0000] {dagbag.py:538} INFO - Filling up the DagBag from /home/airflow/.local/lib/python3.7/site-packages/airflow/example_dags/example_sensor_decorator.py
[2023-02-02T01:25:06.458+0000] {processor.py:753} INFO - DAG(s) dict_keys(['example_sensor_decorator']) retrieved from /home/airflow/.local/lib/python3.7/site-packages/airflow/example_dags/example_sensor_decorator.py
[2023-02-02T01:25:06.474+0000] {logging_mixin.py:137} INFO - [2023-02-02T01:25:06.474+0000] {dag.py:2690} INFO - Sync 1 DAGs
[2023-02-02T01:25:06.490+0000] {logging_mixin.py:137} INFO - [2023-02-02T01:25:06.490+0000] {dag.py:3441} INFO - Setting next_dagrun for example_sensor_decorator to None, run_after=None
[2023-02-02T01:25:06.502+0000] {processor.py:175} INFO - Processing /home/airflow/.local/lib/python3.7/site-packages/airflow/example_dags/example_sensor_decorator.py took 0.066 seconds
