[2023-02-02T01:11:15.985+0000] {processor.py:153} INFO - Started process (PID=74) to work on /home/airflow/.local/lib/python3.7/site-packages/airflow/example_dags/example_datasets.py
[2023-02-02T01:11:15.986+0000] {processor.py:743} INFO - Processing file /home/airflow/.local/lib/python3.7/site-packages/airflow/example_dags/example_datasets.py for tasks to queue
[2023-02-02T01:11:15.986+0000] {logging_mixin.py:137} INFO - [2023-02-02T01:11:15.986+0000] {dagbag.py:538} INFO - Filling up the DagBag from /home/airflow/.local/lib/python3.7/site-packages/airflow/example_dags/example_datasets.py
[2023-02-02T01:11:16.003+0000] {processor.py:753} INFO - DAG(s) dict_keys(['dataset_produces_2', 'dataset_consumes_1_and_2', 'dataset_consumes_1_never_scheduled', 'dataset_consumes_unknown_never_scheduled', 'dataset_produces_1', 'dataset_consumes_1']) retrieved from /home/airflow/.local/lib/python3.7/site-packages/airflow/example_dags/example_datasets.py
[2023-02-02T01:11:16.017+0000] {logging_mixin.py:137} INFO - [2023-02-02T01:11:16.017+0000] {dag.py:2690} INFO - Sync 6 DAGs
[2023-02-02T01:11:16.043+0000] {logging_mixin.py:137} INFO - [2023-02-02T01:11:16.043+0000] {dag.py:3441} INFO - Setting next_dagrun for dataset_consumes_1 to None, run_after=None
[2023-02-02T01:11:16.047+0000] {logging_mixin.py:137} INFO - [2023-02-02T01:11:16.046+0000] {dag.py:3441} INFO - Setting next_dagrun for dataset_consumes_1_and_2 to None, run_after=None
[2023-02-02T01:11:16.048+0000] {logging_mixin.py:137} INFO - [2023-02-02T01:11:16.048+0000] {dag.py:3441} INFO - Setting next_dagrun for dataset_consumes_1_never_scheduled to None, run_after=None
[2023-02-02T01:11:16.049+0000] {logging_mixin.py:137} INFO - [2023-02-02T01:11:16.049+0000] {dag.py:3441} INFO - Setting next_dagrun for dataset_consumes_unknown_never_scheduled to None, run_after=None
[2023-02-02T01:11:16.051+0000] {logging_mixin.py:137} INFO - [2023-02-02T01:11:16.051+0000] {dag.py:3441} INFO - Setting next_dagrun for dataset_produces_1 to 2023-02-01T00:00:00+00:00, run_after=2023-02-02T00:00:00+00:00
[2023-02-02T01:11:16.052+0000] {logging_mixin.py:137} INFO - [2023-02-02T01:11:16.052+0000] {dag.py:3441} INFO - Setting next_dagrun for dataset_produces_2 to None, run_after=None
[2023-02-02T01:11:16.081+0000] {processor.py:175} INFO - Processing /home/airflow/.local/lib/python3.7/site-packages/airflow/example_dags/example_datasets.py took 0.099 seconds
[2023-02-02T01:11:46.788+0000] {processor.py:153} INFO - Started process (PID=161) to work on /home/airflow/.local/lib/python3.7/site-packages/airflow/example_dags/example_datasets.py
[2023-02-02T01:11:46.788+0000] {processor.py:743} INFO - Processing file /home/airflow/.local/lib/python3.7/site-packages/airflow/example_dags/example_datasets.py for tasks to queue
[2023-02-02T01:11:46.789+0000] {logging_mixin.py:137} INFO - [2023-02-02T01:11:46.789+0000] {dagbag.py:538} INFO - Filling up the DagBag from /home/airflow/.local/lib/python3.7/site-packages/airflow/example_dags/example_datasets.py
[2023-02-02T01:11:46.799+0000] {processor.py:753} INFO - DAG(s) dict_keys(['dataset_produces_1', 'dataset_consumes_1', 'dataset_consumes_1_and_2', 'dataset_consumes_1_never_scheduled', 'dataset_consumes_unknown_never_scheduled', 'dataset_produces_2']) retrieved from /home/airflow/.local/lib/python3.7/site-packages/airflow/example_dags/example_datasets.py
[2023-02-02T01:11:46.856+0000] {logging_mixin.py:137} INFO - [2023-02-02T01:11:46.856+0000] {dag.py:2690} INFO - Sync 6 DAGs
[2023-02-02T01:11:46.872+0000] {logging_mixin.py:137} INFO - [2023-02-02T01:11:46.872+0000] {dag.py:3441} INFO - Setting next_dagrun for dataset_consumes_1 to None, run_after=None
[2023-02-02T01:11:46.874+0000] {logging_mixin.py:137} INFO - [2023-02-02T01:11:46.874+0000] {dag.py:3441} INFO - Setting next_dagrun for dataset_consumes_1_and_2 to None, run_after=None
[2023-02-02T01:11:46.875+0000] {logging_mixin.py:137} INFO - [2023-02-02T01:11:46.875+0000] {dag.py:3441} INFO - Setting next_dagrun for dataset_consumes_1_never_scheduled to None, run_after=None
[2023-02-02T01:11:46.876+0000] {logging_mixin.py:137} INFO - [2023-02-02T01:11:46.876+0000] {dag.py:3441} INFO - Setting next_dagrun for dataset_consumes_unknown_never_scheduled to None, run_after=None
[2023-02-02T01:11:46.878+0000] {logging_mixin.py:137} INFO - [2023-02-02T01:11:46.878+0000] {dag.py:3441} INFO - Setting next_dagrun for dataset_produces_1 to 2023-02-01T00:00:00+00:00, run_after=2023-02-02T00:00:00+00:00
[2023-02-02T01:11:46.879+0000] {logging_mixin.py:137} INFO - [2023-02-02T01:11:46.879+0000] {dag.py:3441} INFO - Setting next_dagrun for dataset_produces_2 to None, run_after=None
[2023-02-02T01:11:46.901+0000] {processor.py:175} INFO - Processing /home/airflow/.local/lib/python3.7/site-packages/airflow/example_dags/example_datasets.py took 0.115 seconds
[2023-02-02T01:12:17.661+0000] {processor.py:153} INFO - Started process (PID=248) to work on /home/airflow/.local/lib/python3.7/site-packages/airflow/example_dags/example_datasets.py
[2023-02-02T01:12:17.662+0000] {processor.py:743} INFO - Processing file /home/airflow/.local/lib/python3.7/site-packages/airflow/example_dags/example_datasets.py for tasks to queue
[2023-02-02T01:12:17.662+0000] {logging_mixin.py:137} INFO - [2023-02-02T01:12:17.662+0000] {dagbag.py:538} INFO - Filling up the DagBag from /home/airflow/.local/lib/python3.7/site-packages/airflow/example_dags/example_datasets.py
[2023-02-02T01:12:17.673+0000] {processor.py:753} INFO - DAG(s) dict_keys(['dataset_consumes_1_never_scheduled', 'dataset_consumes_1', 'dataset_consumes_unknown_never_scheduled', 'dataset_consumes_1_and_2', 'dataset_produces_1', 'dataset_produces_2']) retrieved from /home/airflow/.local/lib/python3.7/site-packages/airflow/example_dags/example_datasets.py
[2023-02-02T01:12:17.697+0000] {logging_mixin.py:137} INFO - [2023-02-02T01:12:17.697+0000] {dag.py:2690} INFO - Sync 6 DAGs
[2023-02-02T01:12:17.714+0000] {logging_mixin.py:137} INFO - [2023-02-02T01:12:17.714+0000] {dag.py:3441} INFO - Setting next_dagrun for dataset_consumes_1 to None, run_after=None
[2023-02-02T01:12:17.717+0000] {logging_mixin.py:137} INFO - [2023-02-02T01:12:17.717+0000] {dag.py:3441} INFO - Setting next_dagrun for dataset_consumes_1_and_2 to None, run_after=None
[2023-02-02T01:12:17.718+0000] {logging_mixin.py:137} INFO - [2023-02-02T01:12:17.718+0000] {dag.py:3441} INFO - Setting next_dagrun for dataset_consumes_1_never_scheduled to None, run_after=None
[2023-02-02T01:12:17.719+0000] {logging_mixin.py:137} INFO - [2023-02-02T01:12:17.719+0000] {dag.py:3441} INFO - Setting next_dagrun for dataset_consumes_unknown_never_scheduled to None, run_after=None
[2023-02-02T01:12:17.721+0000] {logging_mixin.py:137} INFO - [2023-02-02T01:12:17.721+0000] {dag.py:3441} INFO - Setting next_dagrun for dataset_produces_1 to 2023-02-01T00:00:00+00:00, run_after=2023-02-02T00:00:00+00:00
[2023-02-02T01:12:17.722+0000] {logging_mixin.py:137} INFO - [2023-02-02T01:12:17.722+0000] {dag.py:3441} INFO - Setting next_dagrun for dataset_produces_2 to None, run_after=None
[2023-02-02T01:12:17.742+0000] {processor.py:175} INFO - Processing /home/airflow/.local/lib/python3.7/site-packages/airflow/example_dags/example_datasets.py took 0.083 seconds
[2023-02-02T01:12:48.524+0000] {processor.py:153} INFO - Started process (PID=319) to work on /home/airflow/.local/lib/python3.7/site-packages/airflow/example_dags/example_datasets.py
[2023-02-02T01:12:48.525+0000] {processor.py:743} INFO - Processing file /home/airflow/.local/lib/python3.7/site-packages/airflow/example_dags/example_datasets.py for tasks to queue
[2023-02-02T01:12:48.525+0000] {logging_mixin.py:137} INFO - [2023-02-02T01:12:48.525+0000] {dagbag.py:538} INFO - Filling up the DagBag from /home/airflow/.local/lib/python3.7/site-packages/airflow/example_dags/example_datasets.py
[2023-02-02T01:12:48.537+0000] {processor.py:753} INFO - DAG(s) dict_keys(['dataset_consumes_1', 'dataset_produces_1', 'dataset_consumes_1_never_scheduled', 'dataset_consumes_1_and_2', 'dataset_consumes_unknown_never_scheduled', 'dataset_produces_2']) retrieved from /home/airflow/.local/lib/python3.7/site-packages/airflow/example_dags/example_datasets.py
[2023-02-02T01:12:48.563+0000] {logging_mixin.py:137} INFO - [2023-02-02T01:12:48.563+0000] {dag.py:2690} INFO - Sync 6 DAGs
[2023-02-02T01:12:48.581+0000] {logging_mixin.py:137} INFO - [2023-02-02T01:12:48.581+0000] {dag.py:3441} INFO - Setting next_dagrun for dataset_consumes_1 to None, run_after=None
[2023-02-02T01:12:48.584+0000] {logging_mixin.py:137} INFO - [2023-02-02T01:12:48.583+0000] {dag.py:3441} INFO - Setting next_dagrun for dataset_consumes_1_and_2 to None, run_after=None
[2023-02-02T01:12:48.584+0000] {logging_mixin.py:137} INFO - [2023-02-02T01:12:48.584+0000] {dag.py:3441} INFO - Setting next_dagrun for dataset_consumes_1_never_scheduled to None, run_after=None
[2023-02-02T01:12:48.585+0000] {logging_mixin.py:137} INFO - [2023-02-02T01:12:48.585+0000] {dag.py:3441} INFO - Setting next_dagrun for dataset_consumes_unknown_never_scheduled to None, run_after=None
[2023-02-02T01:12:48.587+0000] {logging_mixin.py:137} INFO - [2023-02-02T01:12:48.587+0000] {dag.py:3441} INFO - Setting next_dagrun for dataset_produces_1 to 2023-02-01T00:00:00+00:00, run_after=2023-02-02T00:00:00+00:00
[2023-02-02T01:12:48.588+0000] {logging_mixin.py:137} INFO - [2023-02-02T01:12:48.588+0000] {dag.py:3441} INFO - Setting next_dagrun for dataset_produces_2 to None, run_after=None
[2023-02-02T01:12:48.609+0000] {processor.py:175} INFO - Processing /home/airflow/.local/lib/python3.7/site-packages/airflow/example_dags/example_datasets.py took 0.086 seconds
[2023-02-02T01:13:19.211+0000] {processor.py:153} INFO - Started process (PID=406) to work on /home/airflow/.local/lib/python3.7/site-packages/airflow/example_dags/example_datasets.py
[2023-02-02T01:13:19.212+0000] {processor.py:743} INFO - Processing file /home/airflow/.local/lib/python3.7/site-packages/airflow/example_dags/example_datasets.py for tasks to queue
[2023-02-02T01:13:19.212+0000] {logging_mixin.py:137} INFO - [2023-02-02T01:13:19.212+0000] {dagbag.py:538} INFO - Filling up the DagBag from /home/airflow/.local/lib/python3.7/site-packages/airflow/example_dags/example_datasets.py
[2023-02-02T01:13:19.229+0000] {processor.py:753} INFO - DAG(s) dict_keys(['dataset_consumes_1', 'dataset_produces_2', 'dataset_consumes_1_and_2', 'dataset_consumes_unknown_never_scheduled', 'dataset_consumes_1_never_scheduled', 'dataset_produces_1']) retrieved from /home/airflow/.local/lib/python3.7/site-packages/airflow/example_dags/example_datasets.py
[2023-02-02T01:13:19.256+0000] {logging_mixin.py:137} INFO - [2023-02-02T01:13:19.256+0000] {dag.py:2690} INFO - Sync 6 DAGs
[2023-02-02T01:13:19.273+0000] {logging_mixin.py:137} INFO - [2023-02-02T01:13:19.273+0000] {dag.py:3441} INFO - Setting next_dagrun for dataset_consumes_1 to None, run_after=None
[2023-02-02T01:13:19.276+0000] {logging_mixin.py:137} INFO - [2023-02-02T01:13:19.275+0000] {dag.py:3441} INFO - Setting next_dagrun for dataset_consumes_1_and_2 to None, run_after=None
[2023-02-02T01:13:19.276+0000] {logging_mixin.py:137} INFO - [2023-02-02T01:13:19.276+0000] {dag.py:3441} INFO - Setting next_dagrun for dataset_consumes_1_never_scheduled to None, run_after=None
[2023-02-02T01:13:19.277+0000] {logging_mixin.py:137} INFO - [2023-02-02T01:13:19.277+0000] {dag.py:3441} INFO - Setting next_dagrun for dataset_consumes_unknown_never_scheduled to None, run_after=None
[2023-02-02T01:13:19.279+0000] {logging_mixin.py:137} INFO - [2023-02-02T01:13:19.279+0000] {dag.py:3441} INFO - Setting next_dagrun for dataset_produces_1 to 2023-02-01T00:00:00+00:00, run_after=2023-02-02T00:00:00+00:00
[2023-02-02T01:13:19.280+0000] {logging_mixin.py:137} INFO - [2023-02-02T01:13:19.280+0000] {dag.py:3441} INFO - Setting next_dagrun for dataset_produces_2 to None, run_after=None
[2023-02-02T01:13:19.302+0000] {processor.py:175} INFO - Processing /home/airflow/.local/lib/python3.7/site-packages/airflow/example_dags/example_datasets.py took 0.094 seconds
[2023-02-02T01:13:49.949+0000] {processor.py:153} INFO - Started process (PID=493) to work on /home/airflow/.local/lib/python3.7/site-packages/airflow/example_dags/example_datasets.py
[2023-02-02T01:13:49.950+0000] {processor.py:743} INFO - Processing file /home/airflow/.local/lib/python3.7/site-packages/airflow/example_dags/example_datasets.py for tasks to queue
[2023-02-02T01:13:49.950+0000] {logging_mixin.py:137} INFO - [2023-02-02T01:13:49.950+0000] {dagbag.py:538} INFO - Filling up the DagBag from /home/airflow/.local/lib/python3.7/site-packages/airflow/example_dags/example_datasets.py
[2023-02-02T01:13:49.961+0000] {processor.py:753} INFO - DAG(s) dict_keys(['dataset_consumes_unknown_never_scheduled', 'dataset_produces_2', 'dataset_produces_1', 'dataset_consumes_1_and_2', 'dataset_consumes_1_never_scheduled', 'dataset_consumes_1']) retrieved from /home/airflow/.local/lib/python3.7/site-packages/airflow/example_dags/example_datasets.py
[2023-02-02T01:13:49.988+0000] {logging_mixin.py:137} INFO - [2023-02-02T01:13:49.988+0000] {dag.py:2690} INFO - Sync 6 DAGs
[2023-02-02T01:13:50.009+0000] {logging_mixin.py:137} INFO - [2023-02-02T01:13:50.009+0000] {dag.py:3441} INFO - Setting next_dagrun for dataset_consumes_1 to None, run_after=None
[2023-02-02T01:13:50.012+0000] {logging_mixin.py:137} INFO - [2023-02-02T01:13:50.012+0000] {dag.py:3441} INFO - Setting next_dagrun for dataset_consumes_1_and_2 to None, run_after=None
[2023-02-02T01:13:50.013+0000] {logging_mixin.py:137} INFO - [2023-02-02T01:13:50.013+0000] {dag.py:3441} INFO - Setting next_dagrun for dataset_consumes_1_never_scheduled to None, run_after=None
[2023-02-02T01:13:50.013+0000] {logging_mixin.py:137} INFO - [2023-02-02T01:13:50.013+0000] {dag.py:3441} INFO - Setting next_dagrun for dataset_consumes_unknown_never_scheduled to None, run_after=None
[2023-02-02T01:13:50.015+0000] {logging_mixin.py:137} INFO - [2023-02-02T01:13:50.015+0000] {dag.py:3441} INFO - Setting next_dagrun for dataset_produces_1 to 2023-02-01T00:00:00+00:00, run_after=2023-02-02T00:00:00+00:00
[2023-02-02T01:13:50.016+0000] {logging_mixin.py:137} INFO - [2023-02-02T01:13:50.016+0000] {dag.py:3441} INFO - Setting next_dagrun for dataset_produces_2 to None, run_after=None
[2023-02-02T01:13:50.038+0000] {processor.py:175} INFO - Processing /home/airflow/.local/lib/python3.7/site-packages/airflow/example_dags/example_datasets.py took 0.091 seconds
[2023-02-02T01:14:20.642+0000] {processor.py:153} INFO - Started process (PID=564) to work on /home/airflow/.local/lib/python3.7/site-packages/airflow/example_dags/example_datasets.py
[2023-02-02T01:14:20.643+0000] {processor.py:743} INFO - Processing file /home/airflow/.local/lib/python3.7/site-packages/airflow/example_dags/example_datasets.py for tasks to queue
[2023-02-02T01:14:20.643+0000] {logging_mixin.py:137} INFO - [2023-02-02T01:14:20.643+0000] {dagbag.py:538} INFO - Filling up the DagBag from /home/airflow/.local/lib/python3.7/site-packages/airflow/example_dags/example_datasets.py
[2023-02-02T01:14:20.655+0000] {processor.py:753} INFO - DAG(s) dict_keys(['dataset_consumes_1_never_scheduled', 'dataset_produces_2', 'dataset_consumes_unknown_never_scheduled', 'dataset_produces_1', 'dataset_consumes_1_and_2', 'dataset_consumes_1']) retrieved from /home/airflow/.local/lib/python3.7/site-packages/airflow/example_dags/example_datasets.py
[2023-02-02T01:14:20.685+0000] {logging_mixin.py:137} INFO - [2023-02-02T01:14:20.685+0000] {dag.py:2690} INFO - Sync 6 DAGs
[2023-02-02T01:14:20.705+0000] {logging_mixin.py:137} INFO - [2023-02-02T01:14:20.705+0000] {dag.py:3441} INFO - Setting next_dagrun for dataset_consumes_1 to None, run_after=None
[2023-02-02T01:14:20.707+0000] {logging_mixin.py:137} INFO - [2023-02-02T01:14:20.707+0000] {dag.py:3441} INFO - Setting next_dagrun for dataset_consumes_1_and_2 to None, run_after=None
[2023-02-02T01:14:20.708+0000] {logging_mixin.py:137} INFO - [2023-02-02T01:14:20.708+0000] {dag.py:3441} INFO - Setting next_dagrun for dataset_consumes_1_never_scheduled to None, run_after=None
[2023-02-02T01:14:20.709+0000] {logging_mixin.py:137} INFO - [2023-02-02T01:14:20.709+0000] {dag.py:3441} INFO - Setting next_dagrun for dataset_consumes_unknown_never_scheduled to None, run_after=None
[2023-02-02T01:14:20.711+0000] {logging_mixin.py:137} INFO - [2023-02-02T01:14:20.711+0000] {dag.py:3441} INFO - Setting next_dagrun for dataset_produces_1 to 2023-02-01T00:00:00+00:00, run_after=2023-02-02T00:00:00+00:00
[2023-02-02T01:14:20.712+0000] {logging_mixin.py:137} INFO - [2023-02-02T01:14:20.712+0000] {dag.py:3441} INFO - Setting next_dagrun for dataset_produces_2 to None, run_after=None
[2023-02-02T01:14:20.738+0000] {processor.py:175} INFO - Processing /home/airflow/.local/lib/python3.7/site-packages/airflow/example_dags/example_datasets.py took 0.098 seconds
[2023-02-02T01:14:51.412+0000] {processor.py:153} INFO - Started process (PID=651) to work on /home/airflow/.local/lib/python3.7/site-packages/airflow/example_dags/example_datasets.py
[2023-02-02T01:14:51.413+0000] {processor.py:743} INFO - Processing file /home/airflow/.local/lib/python3.7/site-packages/airflow/example_dags/example_datasets.py for tasks to queue
[2023-02-02T01:14:51.413+0000] {logging_mixin.py:137} INFO - [2023-02-02T01:14:51.413+0000] {dagbag.py:538} INFO - Filling up the DagBag from /home/airflow/.local/lib/python3.7/site-packages/airflow/example_dags/example_datasets.py
[2023-02-02T01:14:51.425+0000] {processor.py:753} INFO - DAG(s) dict_keys(['dataset_consumes_1', 'dataset_produces_1', 'dataset_produces_2', 'dataset_consumes_1_and_2', 'dataset_consumes_1_never_scheduled', 'dataset_consumes_unknown_never_scheduled']) retrieved from /home/airflow/.local/lib/python3.7/site-packages/airflow/example_dags/example_datasets.py
[2023-02-02T01:14:51.452+0000] {logging_mixin.py:137} INFO - [2023-02-02T01:14:51.452+0000] {dag.py:2690} INFO - Sync 6 DAGs
[2023-02-02T01:14:51.470+0000] {logging_mixin.py:137} INFO - [2023-02-02T01:14:51.469+0000] {dag.py:3441} INFO - Setting next_dagrun for dataset_consumes_1 to None, run_after=None
[2023-02-02T01:14:51.472+0000] {logging_mixin.py:137} INFO - [2023-02-02T01:14:51.472+0000] {dag.py:3441} INFO - Setting next_dagrun for dataset_consumes_1_and_2 to None, run_after=None
[2023-02-02T01:14:51.473+0000] {logging_mixin.py:137} INFO - [2023-02-02T01:14:51.473+0000] {dag.py:3441} INFO - Setting next_dagrun for dataset_consumes_1_never_scheduled to None, run_after=None
[2023-02-02T01:14:51.474+0000] {logging_mixin.py:137} INFO - [2023-02-02T01:14:51.474+0000] {dag.py:3441} INFO - Setting next_dagrun for dataset_consumes_unknown_never_scheduled to None, run_after=None
[2023-02-02T01:14:51.477+0000] {logging_mixin.py:137} INFO - [2023-02-02T01:14:51.476+0000] {dag.py:3441} INFO - Setting next_dagrun for dataset_produces_1 to 2023-02-01T00:00:00+00:00, run_after=2023-02-02T00:00:00+00:00
[2023-02-02T01:14:51.478+0000] {logging_mixin.py:137} INFO - [2023-02-02T01:14:51.477+0000] {dag.py:3441} INFO - Setting next_dagrun for dataset_produces_2 to None, run_after=None
[2023-02-02T01:14:51.503+0000] {processor.py:175} INFO - Processing /home/airflow/.local/lib/python3.7/site-packages/airflow/example_dags/example_datasets.py took 0.093 seconds
[2023-02-02T01:15:22.144+0000] {processor.py:153} INFO - Started process (PID=738) to work on /home/airflow/.local/lib/python3.7/site-packages/airflow/example_dags/example_datasets.py
[2023-02-02T01:15:22.145+0000] {processor.py:743} INFO - Processing file /home/airflow/.local/lib/python3.7/site-packages/airflow/example_dags/example_datasets.py for tasks to queue
[2023-02-02T01:15:22.146+0000] {logging_mixin.py:137} INFO - [2023-02-02T01:15:22.146+0000] {dagbag.py:538} INFO - Filling up the DagBag from /home/airflow/.local/lib/python3.7/site-packages/airflow/example_dags/example_datasets.py
[2023-02-02T01:15:22.160+0000] {processor.py:753} INFO - DAG(s) dict_keys(['dataset_consumes_1_never_scheduled', 'dataset_produces_1', 'dataset_produces_2', 'dataset_consumes_1_and_2', 'dataset_consumes_unknown_never_scheduled', 'dataset_consumes_1']) retrieved from /home/airflow/.local/lib/python3.7/site-packages/airflow/example_dags/example_datasets.py
[2023-02-02T01:15:22.192+0000] {logging_mixin.py:137} INFO - [2023-02-02T01:15:22.192+0000] {dag.py:2690} INFO - Sync 6 DAGs
[2023-02-02T01:15:22.213+0000] {logging_mixin.py:137} INFO - [2023-02-02T01:15:22.213+0000] {dag.py:3441} INFO - Setting next_dagrun for dataset_consumes_1 to None, run_after=None
[2023-02-02T01:15:22.216+0000] {logging_mixin.py:137} INFO - [2023-02-02T01:15:22.216+0000] {dag.py:3441} INFO - Setting next_dagrun for dataset_consumes_1_and_2 to None, run_after=None
[2023-02-02T01:15:22.217+0000] {logging_mixin.py:137} INFO - [2023-02-02T01:15:22.217+0000] {dag.py:3441} INFO - Setting next_dagrun for dataset_consumes_1_never_scheduled to None, run_after=None
[2023-02-02T01:15:22.218+0000] {logging_mixin.py:137} INFO - [2023-02-02T01:15:22.218+0000] {dag.py:3441} INFO - Setting next_dagrun for dataset_consumes_unknown_never_scheduled to None, run_after=None
[2023-02-02T01:15:22.221+0000] {logging_mixin.py:137} INFO - [2023-02-02T01:15:22.221+0000] {dag.py:3441} INFO - Setting next_dagrun for dataset_produces_1 to 2023-02-01T00:00:00+00:00, run_after=2023-02-02T00:00:00+00:00
[2023-02-02T01:15:22.222+0000] {logging_mixin.py:137} INFO - [2023-02-02T01:15:22.222+0000] {dag.py:3441} INFO - Setting next_dagrun for dataset_produces_2 to None, run_after=None
[2023-02-02T01:15:22.243+0000] {processor.py:175} INFO - Processing /home/airflow/.local/lib/python3.7/site-packages/airflow/example_dags/example_datasets.py took 0.102 seconds
[2023-02-02T01:15:52.991+0000] {processor.py:153} INFO - Started process (PID=818) to work on /home/airflow/.local/lib/python3.7/site-packages/airflow/example_dags/example_datasets.py
[2023-02-02T01:15:52.992+0000] {processor.py:743} INFO - Processing file /home/airflow/.local/lib/python3.7/site-packages/airflow/example_dags/example_datasets.py for tasks to queue
[2023-02-02T01:15:52.992+0000] {logging_mixin.py:137} INFO - [2023-02-02T01:15:52.992+0000] {dagbag.py:538} INFO - Filling up the DagBag from /home/airflow/.local/lib/python3.7/site-packages/airflow/example_dags/example_datasets.py
[2023-02-02T01:15:53.006+0000] {processor.py:753} INFO - DAG(s) dict_keys(['dataset_consumes_1_never_scheduled', 'dataset_consumes_1', 'dataset_produces_1', 'dataset_produces_2', 'dataset_consumes_unknown_never_scheduled', 'dataset_consumes_1_and_2']) retrieved from /home/airflow/.local/lib/python3.7/site-packages/airflow/example_dags/example_datasets.py
[2023-02-02T01:15:53.044+0000] {logging_mixin.py:137} INFO - [2023-02-02T01:15:53.044+0000] {dag.py:2690} INFO - Sync 6 DAGs
[2023-02-02T01:15:53.068+0000] {logging_mixin.py:137} INFO - [2023-02-02T01:15:53.068+0000] {dag.py:3441} INFO - Setting next_dagrun for dataset_consumes_1 to None, run_after=None
[2023-02-02T01:15:53.071+0000] {logging_mixin.py:137} INFO - [2023-02-02T01:15:53.071+0000] {dag.py:3441} INFO - Setting next_dagrun for dataset_consumes_1_and_2 to None, run_after=None
[2023-02-02T01:15:53.072+0000] {logging_mixin.py:137} INFO - [2023-02-02T01:15:53.071+0000] {dag.py:3441} INFO - Setting next_dagrun for dataset_consumes_1_never_scheduled to None, run_after=None
[2023-02-02T01:15:53.073+0000] {logging_mixin.py:137} INFO - [2023-02-02T01:15:53.073+0000] {dag.py:3441} INFO - Setting next_dagrun for dataset_consumes_unknown_never_scheduled to None, run_after=None
[2023-02-02T01:15:53.075+0000] {logging_mixin.py:137} INFO - [2023-02-02T01:15:53.075+0000] {dag.py:3441} INFO - Setting next_dagrun for dataset_produces_1 to 2023-02-01T00:00:00+00:00, run_after=2023-02-02T00:00:00+00:00
[2023-02-02T01:15:53.076+0000] {logging_mixin.py:137} INFO - [2023-02-02T01:15:53.076+0000] {dag.py:3441} INFO - Setting next_dagrun for dataset_produces_2 to None, run_after=None
[2023-02-02T01:15:53.098+0000] {processor.py:175} INFO - Processing /home/airflow/.local/lib/python3.7/site-packages/airflow/example_dags/example_datasets.py took 0.111 seconds
[2023-02-02T01:16:23.802+0000] {processor.py:153} INFO - Started process (PID=896) to work on /home/airflow/.local/lib/python3.7/site-packages/airflow/example_dags/example_datasets.py
[2023-02-02T01:16:23.803+0000] {processor.py:743} INFO - Processing file /home/airflow/.local/lib/python3.7/site-packages/airflow/example_dags/example_datasets.py for tasks to queue
[2023-02-02T01:16:23.804+0000] {logging_mixin.py:137} INFO - [2023-02-02T01:16:23.803+0000] {dagbag.py:538} INFO - Filling up the DagBag from /home/airflow/.local/lib/python3.7/site-packages/airflow/example_dags/example_datasets.py
[2023-02-02T01:16:23.815+0000] {processor.py:753} INFO - DAG(s) dict_keys(['dataset_produces_1', 'dataset_consumes_1', 'dataset_produces_2', 'dataset_consumes_1_and_2', 'dataset_consumes_1_never_scheduled', 'dataset_consumes_unknown_never_scheduled']) retrieved from /home/airflow/.local/lib/python3.7/site-packages/airflow/example_dags/example_datasets.py
[2023-02-02T01:16:23.846+0000] {logging_mixin.py:137} INFO - [2023-02-02T01:16:23.846+0000] {dag.py:2690} INFO - Sync 6 DAGs
[2023-02-02T01:16:23.865+0000] {logging_mixin.py:137} INFO - [2023-02-02T01:16:23.864+0000] {dag.py:3441} INFO - Setting next_dagrun for dataset_consumes_1 to None, run_after=None
[2023-02-02T01:16:23.867+0000] {logging_mixin.py:137} INFO - [2023-02-02T01:16:23.867+0000] {dag.py:3441} INFO - Setting next_dagrun for dataset_consumes_1_and_2 to None, run_after=None
[2023-02-02T01:16:23.868+0000] {logging_mixin.py:137} INFO - [2023-02-02T01:16:23.868+0000] {dag.py:3441} INFO - Setting next_dagrun for dataset_consumes_1_never_scheduled to None, run_after=None
[2023-02-02T01:16:23.869+0000] {logging_mixin.py:137} INFO - [2023-02-02T01:16:23.869+0000] {dag.py:3441} INFO - Setting next_dagrun for dataset_consumes_unknown_never_scheduled to None, run_after=None
[2023-02-02T01:16:23.871+0000] {logging_mixin.py:137} INFO - [2023-02-02T01:16:23.870+0000] {dag.py:3441} INFO - Setting next_dagrun for dataset_produces_1 to 2023-02-01T00:00:00+00:00, run_after=2023-02-02T00:00:00+00:00
[2023-02-02T01:16:23.872+0000] {logging_mixin.py:137} INFO - [2023-02-02T01:16:23.871+0000] {dag.py:3441} INFO - Setting next_dagrun for dataset_produces_2 to None, run_after=None
[2023-02-02T01:16:23.893+0000] {processor.py:175} INFO - Processing /home/airflow/.local/lib/python3.7/site-packages/airflow/example_dags/example_datasets.py took 0.095 seconds
[2023-02-02T01:16:54.687+0000] {processor.py:153} INFO - Started process (PID=984) to work on /home/airflow/.local/lib/python3.7/site-packages/airflow/example_dags/example_datasets.py
[2023-02-02T01:16:54.688+0000] {processor.py:743} INFO - Processing file /home/airflow/.local/lib/python3.7/site-packages/airflow/example_dags/example_datasets.py for tasks to queue
[2023-02-02T01:16:54.688+0000] {logging_mixin.py:137} INFO - [2023-02-02T01:16:54.688+0000] {dagbag.py:538} INFO - Filling up the DagBag from /home/airflow/.local/lib/python3.7/site-packages/airflow/example_dags/example_datasets.py
[2023-02-02T01:16:54.701+0000] {processor.py:753} INFO - DAG(s) dict_keys(['dataset_consumes_1_never_scheduled', 'dataset_consumes_unknown_never_scheduled', 'dataset_produces_2', 'dataset_consumes_1_and_2', 'dataset_produces_1', 'dataset_consumes_1']) retrieved from /home/airflow/.local/lib/python3.7/site-packages/airflow/example_dags/example_datasets.py
[2023-02-02T01:16:54.727+0000] {logging_mixin.py:137} INFO - [2023-02-02T01:16:54.727+0000] {dag.py:2690} INFO - Sync 6 DAGs
[2023-02-02T01:16:54.743+0000] {logging_mixin.py:137} INFO - [2023-02-02T01:16:54.743+0000] {dag.py:3441} INFO - Setting next_dagrun for dataset_consumes_1 to None, run_after=None
[2023-02-02T01:16:54.745+0000] {logging_mixin.py:137} INFO - [2023-02-02T01:16:54.745+0000] {dag.py:3441} INFO - Setting next_dagrun for dataset_consumes_1_and_2 to None, run_after=None
[2023-02-02T01:16:54.746+0000] {logging_mixin.py:137} INFO - [2023-02-02T01:16:54.746+0000] {dag.py:3441} INFO - Setting next_dagrun for dataset_consumes_1_never_scheduled to None, run_after=None
[2023-02-02T01:16:54.747+0000] {logging_mixin.py:137} INFO - [2023-02-02T01:16:54.747+0000] {dag.py:3441} INFO - Setting next_dagrun for dataset_consumes_unknown_never_scheduled to None, run_after=None
[2023-02-02T01:16:54.749+0000] {logging_mixin.py:137} INFO - [2023-02-02T01:16:54.749+0000] {dag.py:3441} INFO - Setting next_dagrun for dataset_produces_1 to 2023-02-01T00:00:00+00:00, run_after=2023-02-02T00:00:00+00:00
[2023-02-02T01:16:54.750+0000] {logging_mixin.py:137} INFO - [2023-02-02T01:16:54.750+0000] {dag.py:3441} INFO - Setting next_dagrun for dataset_produces_2 to None, run_after=None
[2023-02-02T01:16:54.771+0000] {processor.py:175} INFO - Processing /home/airflow/.local/lib/python3.7/site-packages/airflow/example_dags/example_datasets.py took 0.086 seconds
[2023-02-02T01:17:25.537+0000] {processor.py:153} INFO - Started process (PID=1070) to work on /home/airflow/.local/lib/python3.7/site-packages/airflow/example_dags/example_datasets.py
[2023-02-02T01:17:25.538+0000] {processor.py:743} INFO - Processing file /home/airflow/.local/lib/python3.7/site-packages/airflow/example_dags/example_datasets.py for tasks to queue
[2023-02-02T01:17:25.538+0000] {logging_mixin.py:137} INFO - [2023-02-02T01:17:25.538+0000] {dagbag.py:538} INFO - Filling up the DagBag from /home/airflow/.local/lib/python3.7/site-packages/airflow/example_dags/example_datasets.py
[2023-02-02T01:17:25.553+0000] {processor.py:753} INFO - DAG(s) dict_keys(['dataset_consumes_unknown_never_scheduled', 'dataset_produces_1', 'dataset_consumes_1_never_scheduled', 'dataset_consumes_1_and_2', 'dataset_consumes_1', 'dataset_produces_2']) retrieved from /home/airflow/.local/lib/python3.7/site-packages/airflow/example_dags/example_datasets.py
[2023-02-02T01:17:25.597+0000] {logging_mixin.py:137} INFO - [2023-02-02T01:17:25.597+0000] {dag.py:2690} INFO - Sync 6 DAGs
[2023-02-02T01:17:25.622+0000] {logging_mixin.py:137} INFO - [2023-02-02T01:17:25.621+0000] {dag.py:3441} INFO - Setting next_dagrun for dataset_consumes_1 to None, run_after=None
[2023-02-02T01:17:25.624+0000] {logging_mixin.py:137} INFO - [2023-02-02T01:17:25.624+0000] {dag.py:3441} INFO - Setting next_dagrun for dataset_consumes_1_and_2 to None, run_after=None
[2023-02-02T01:17:25.625+0000] {logging_mixin.py:137} INFO - [2023-02-02T01:17:25.625+0000] {dag.py:3441} INFO - Setting next_dagrun for dataset_consumes_1_never_scheduled to None, run_after=None
[2023-02-02T01:17:25.626+0000] {logging_mixin.py:137} INFO - [2023-02-02T01:17:25.626+0000] {dag.py:3441} INFO - Setting next_dagrun for dataset_consumes_unknown_never_scheduled to None, run_after=None
[2023-02-02T01:17:25.628+0000] {logging_mixin.py:137} INFO - [2023-02-02T01:17:25.628+0000] {dag.py:3441} INFO - Setting next_dagrun for dataset_produces_1 to 2023-02-01T00:00:00+00:00, run_after=2023-02-02T00:00:00+00:00
[2023-02-02T01:17:25.629+0000] {logging_mixin.py:137} INFO - [2023-02-02T01:17:25.629+0000] {dag.py:3441} INFO - Setting next_dagrun for dataset_produces_2 to None, run_after=None
[2023-02-02T01:17:25.661+0000] {processor.py:175} INFO - Processing /home/airflow/.local/lib/python3.7/site-packages/airflow/example_dags/example_datasets.py took 0.127 seconds
[2023-02-02T01:17:56.332+0000] {processor.py:153} INFO - Started process (PID=1142) to work on /home/airflow/.local/lib/python3.7/site-packages/airflow/example_dags/example_datasets.py
[2023-02-02T01:17:56.332+0000] {processor.py:743} INFO - Processing file /home/airflow/.local/lib/python3.7/site-packages/airflow/example_dags/example_datasets.py for tasks to queue
[2023-02-02T01:17:56.333+0000] {logging_mixin.py:137} INFO - [2023-02-02T01:17:56.332+0000] {dagbag.py:538} INFO - Filling up the DagBag from /home/airflow/.local/lib/python3.7/site-packages/airflow/example_dags/example_datasets.py
[2023-02-02T01:17:56.343+0000] {processor.py:753} INFO - DAG(s) dict_keys(['dataset_consumes_1', 'dataset_consumes_1_never_scheduled', 'dataset_produces_1', 'dataset_produces_2', 'dataset_consumes_1_and_2', 'dataset_consumes_unknown_never_scheduled']) retrieved from /home/airflow/.local/lib/python3.7/site-packages/airflow/example_dags/example_datasets.py
[2023-02-02T01:17:56.375+0000] {logging_mixin.py:137} INFO - [2023-02-02T01:17:56.375+0000] {dag.py:2690} INFO - Sync 6 DAGs
[2023-02-02T01:17:56.398+0000] {logging_mixin.py:137} INFO - [2023-02-02T01:17:56.398+0000] {dag.py:3441} INFO - Setting next_dagrun for dataset_consumes_1 to None, run_after=None
[2023-02-02T01:17:56.401+0000] {logging_mixin.py:137} INFO - [2023-02-02T01:17:56.401+0000] {dag.py:3441} INFO - Setting next_dagrun for dataset_consumes_1_and_2 to None, run_after=None
[2023-02-02T01:17:56.402+0000] {logging_mixin.py:137} INFO - [2023-02-02T01:17:56.402+0000] {dag.py:3441} INFO - Setting next_dagrun for dataset_consumes_1_never_scheduled to None, run_after=None
[2023-02-02T01:17:56.403+0000] {logging_mixin.py:137} INFO - [2023-02-02T01:17:56.403+0000] {dag.py:3441} INFO - Setting next_dagrun for dataset_consumes_unknown_never_scheduled to None, run_after=None
[2023-02-02T01:17:56.405+0000] {logging_mixin.py:137} INFO - [2023-02-02T01:17:56.405+0000] {dag.py:3441} INFO - Setting next_dagrun for dataset_produces_1 to 2023-02-01T00:00:00+00:00, run_after=2023-02-02T00:00:00+00:00
[2023-02-02T01:17:56.406+0000] {logging_mixin.py:137} INFO - [2023-02-02T01:17:56.406+0000] {dag.py:3441} INFO - Setting next_dagrun for dataset_produces_2 to None, run_after=None
[2023-02-02T01:17:56.432+0000] {processor.py:175} INFO - Processing /home/airflow/.local/lib/python3.7/site-packages/airflow/example_dags/example_datasets.py took 0.102 seconds
[2023-02-02T01:18:27.092+0000] {processor.py:153} INFO - Started process (PID=1228) to work on /home/airflow/.local/lib/python3.7/site-packages/airflow/example_dags/example_datasets.py
[2023-02-02T01:18:27.092+0000] {processor.py:743} INFO - Processing file /home/airflow/.local/lib/python3.7/site-packages/airflow/example_dags/example_datasets.py for tasks to queue
[2023-02-02T01:18:27.093+0000] {logging_mixin.py:137} INFO - [2023-02-02T01:18:27.093+0000] {dagbag.py:538} INFO - Filling up the DagBag from /home/airflow/.local/lib/python3.7/site-packages/airflow/example_dags/example_datasets.py
[2023-02-02T01:18:27.104+0000] {processor.py:753} INFO - DAG(s) dict_keys(['dataset_produces_2', 'dataset_consumes_unknown_never_scheduled', 'dataset_consumes_1_and_2', 'dataset_consumes_1_never_scheduled', 'dataset_consumes_1', 'dataset_produces_1']) retrieved from /home/airflow/.local/lib/python3.7/site-packages/airflow/example_dags/example_datasets.py
[2023-02-02T01:18:27.129+0000] {logging_mixin.py:137} INFO - [2023-02-02T01:18:27.128+0000] {dag.py:2690} INFO - Sync 6 DAGs
[2023-02-02T01:18:27.144+0000] {logging_mixin.py:137} INFO - [2023-02-02T01:18:27.144+0000] {dag.py:3441} INFO - Setting next_dagrun for dataset_consumes_1 to None, run_after=None
[2023-02-02T01:18:27.146+0000] {logging_mixin.py:137} INFO - [2023-02-02T01:18:27.146+0000] {dag.py:3441} INFO - Setting next_dagrun for dataset_consumes_1_and_2 to None, run_after=None
[2023-02-02T01:18:27.147+0000] {logging_mixin.py:137} INFO - [2023-02-02T01:18:27.147+0000] {dag.py:3441} INFO - Setting next_dagrun for dataset_consumes_1_never_scheduled to None, run_after=None
[2023-02-02T01:18:27.148+0000] {logging_mixin.py:137} INFO - [2023-02-02T01:18:27.148+0000] {dag.py:3441} INFO - Setting next_dagrun for dataset_consumes_unknown_never_scheduled to None, run_after=None
[2023-02-02T01:18:27.150+0000] {logging_mixin.py:137} INFO - [2023-02-02T01:18:27.150+0000] {dag.py:3441} INFO - Setting next_dagrun for dataset_produces_1 to 2023-02-01T00:00:00+00:00, run_after=2023-02-02T00:00:00+00:00
[2023-02-02T01:18:27.151+0000] {logging_mixin.py:137} INFO - [2023-02-02T01:18:27.151+0000] {dag.py:3441} INFO - Setting next_dagrun for dataset_produces_2 to None, run_after=None
[2023-02-02T01:18:27.171+0000] {processor.py:175} INFO - Processing /home/airflow/.local/lib/python3.7/site-packages/airflow/example_dags/example_datasets.py took 0.082 seconds
[2023-02-02T01:18:57.943+0000] {processor.py:153} INFO - Started process (PID=1315) to work on /home/airflow/.local/lib/python3.7/site-packages/airflow/example_dags/example_datasets.py
[2023-02-02T01:18:57.943+0000] {processor.py:743} INFO - Processing file /home/airflow/.local/lib/python3.7/site-packages/airflow/example_dags/example_datasets.py for tasks to queue
[2023-02-02T01:18:57.944+0000] {logging_mixin.py:137} INFO - [2023-02-02T01:18:57.944+0000] {dagbag.py:538} INFO - Filling up the DagBag from /home/airflow/.local/lib/python3.7/site-packages/airflow/example_dags/example_datasets.py
[2023-02-02T01:18:57.956+0000] {processor.py:753} INFO - DAG(s) dict_keys(['dataset_produces_2', 'dataset_consumes_unknown_never_scheduled', 'dataset_produces_1', 'dataset_consumes_1_never_scheduled', 'dataset_consumes_1', 'dataset_consumes_1_and_2']) retrieved from /home/airflow/.local/lib/python3.7/site-packages/airflow/example_dags/example_datasets.py
[2023-02-02T01:18:57.982+0000] {logging_mixin.py:137} INFO - [2023-02-02T01:18:57.982+0000] {dag.py:2690} INFO - Sync 6 DAGs
[2023-02-02T01:18:57.999+0000] {logging_mixin.py:137} INFO - [2023-02-02T01:18:57.999+0000] {dag.py:3441} INFO - Setting next_dagrun for dataset_consumes_1 to None, run_after=None
[2023-02-02T01:18:58.002+0000] {logging_mixin.py:137} INFO - [2023-02-02T01:18:58.002+0000] {dag.py:3441} INFO - Setting next_dagrun for dataset_consumes_1_and_2 to None, run_after=None
[2023-02-02T01:18:58.003+0000] {logging_mixin.py:137} INFO - [2023-02-02T01:18:58.003+0000] {dag.py:3441} INFO - Setting next_dagrun for dataset_consumes_1_never_scheduled to None, run_after=None
[2023-02-02T01:18:58.004+0000] {logging_mixin.py:137} INFO - [2023-02-02T01:18:58.004+0000] {dag.py:3441} INFO - Setting next_dagrun for dataset_consumes_unknown_never_scheduled to None, run_after=None
[2023-02-02T01:18:58.007+0000] {logging_mixin.py:137} INFO - [2023-02-02T01:18:58.007+0000] {dag.py:3441} INFO - Setting next_dagrun for dataset_produces_1 to 2023-02-01T00:00:00+00:00, run_after=2023-02-02T00:00:00+00:00
[2023-02-02T01:18:58.008+0000] {logging_mixin.py:137} INFO - [2023-02-02T01:18:58.008+0000] {dag.py:3441} INFO - Setting next_dagrun for dataset_produces_2 to None, run_after=None
[2023-02-02T01:18:58.028+0000] {processor.py:175} INFO - Processing /home/airflow/.local/lib/python3.7/site-packages/airflow/example_dags/example_datasets.py took 0.088 seconds
[2023-02-02T01:19:28.649+0000] {processor.py:153} INFO - Started process (PID=1386) to work on /home/airflow/.local/lib/python3.7/site-packages/airflow/example_dags/example_datasets.py
[2023-02-02T01:19:28.650+0000] {processor.py:743} INFO - Processing file /home/airflow/.local/lib/python3.7/site-packages/airflow/example_dags/example_datasets.py for tasks to queue
[2023-02-02T01:19:28.650+0000] {logging_mixin.py:137} INFO - [2023-02-02T01:19:28.650+0000] {dagbag.py:538} INFO - Filling up the DagBag from /home/airflow/.local/lib/python3.7/site-packages/airflow/example_dags/example_datasets.py
[2023-02-02T01:19:28.661+0000] {processor.py:753} INFO - DAG(s) dict_keys(['dataset_produces_2', 'dataset_consumes_1_never_scheduled', 'dataset_consumes_1', 'dataset_consumes_unknown_never_scheduled', 'dataset_produces_1', 'dataset_consumes_1_and_2']) retrieved from /home/airflow/.local/lib/python3.7/site-packages/airflow/example_dags/example_datasets.py
[2023-02-02T01:19:28.699+0000] {logging_mixin.py:137} INFO - [2023-02-02T01:19:28.699+0000] {dag.py:2690} INFO - Sync 6 DAGs
[2023-02-02T01:19:28.723+0000] {logging_mixin.py:137} INFO - [2023-02-02T01:19:28.723+0000] {dag.py:3441} INFO - Setting next_dagrun for dataset_consumes_1 to None, run_after=None
[2023-02-02T01:19:28.726+0000] {logging_mixin.py:137} INFO - [2023-02-02T01:19:28.726+0000] {dag.py:3441} INFO - Setting next_dagrun for dataset_consumes_1_and_2 to None, run_after=None
[2023-02-02T01:19:28.727+0000] {logging_mixin.py:137} INFO - [2023-02-02T01:19:28.727+0000] {dag.py:3441} INFO - Setting next_dagrun for dataset_consumes_1_never_scheduled to None, run_after=None
[2023-02-02T01:19:28.728+0000] {logging_mixin.py:137} INFO - [2023-02-02T01:19:28.728+0000] {dag.py:3441} INFO - Setting next_dagrun for dataset_consumes_unknown_never_scheduled to None, run_after=None
[2023-02-02T01:19:28.730+0000] {logging_mixin.py:137} INFO - [2023-02-02T01:19:28.730+0000] {dag.py:3441} INFO - Setting next_dagrun for dataset_produces_1 to 2023-02-01T00:00:00+00:00, run_after=2023-02-02T00:00:00+00:00
[2023-02-02T01:19:28.731+0000] {logging_mixin.py:137} INFO - [2023-02-02T01:19:28.731+0000] {dag.py:3441} INFO - Setting next_dagrun for dataset_produces_2 to None, run_after=None
[2023-02-02T01:19:28.753+0000] {processor.py:175} INFO - Processing /home/airflow/.local/lib/python3.7/site-packages/airflow/example_dags/example_datasets.py took 0.106 seconds
[2023-02-02T01:19:59.344+0000] {processor.py:153} INFO - Started process (PID=1473) to work on /home/airflow/.local/lib/python3.7/site-packages/airflow/example_dags/example_datasets.py
[2023-02-02T01:19:59.345+0000] {processor.py:743} INFO - Processing file /home/airflow/.local/lib/python3.7/site-packages/airflow/example_dags/example_datasets.py for tasks to queue
[2023-02-02T01:19:59.345+0000] {logging_mixin.py:137} INFO - [2023-02-02T01:19:59.345+0000] {dagbag.py:538} INFO - Filling up the DagBag from /home/airflow/.local/lib/python3.7/site-packages/airflow/example_dags/example_datasets.py
[2023-02-02T01:19:59.356+0000] {processor.py:753} INFO - DAG(s) dict_keys(['dataset_consumes_1_never_scheduled', 'dataset_consumes_unknown_never_scheduled', 'dataset_produces_1', 'dataset_consumes_1_and_2', 'dataset_produces_2', 'dataset_consumes_1']) retrieved from /home/airflow/.local/lib/python3.7/site-packages/airflow/example_dags/example_datasets.py
[2023-02-02T01:19:59.381+0000] {logging_mixin.py:137} INFO - [2023-02-02T01:19:59.380+0000] {dag.py:2690} INFO - Sync 6 DAGs
[2023-02-02T01:19:59.400+0000] {logging_mixin.py:137} INFO - [2023-02-02T01:19:59.400+0000] {dag.py:3441} INFO - Setting next_dagrun for dataset_consumes_1 to None, run_after=None
[2023-02-02T01:19:59.402+0000] {logging_mixin.py:137} INFO - [2023-02-02T01:19:59.402+0000] {dag.py:3441} INFO - Setting next_dagrun for dataset_consumes_1_and_2 to None, run_after=None
[2023-02-02T01:19:59.403+0000] {logging_mixin.py:137} INFO - [2023-02-02T01:19:59.403+0000] {dag.py:3441} INFO - Setting next_dagrun for dataset_consumes_1_never_scheduled to None, run_after=None
[2023-02-02T01:19:59.404+0000] {logging_mixin.py:137} INFO - [2023-02-02T01:19:59.403+0000] {dag.py:3441} INFO - Setting next_dagrun for dataset_consumes_unknown_never_scheduled to None, run_after=None
[2023-02-02T01:19:59.405+0000] {logging_mixin.py:137} INFO - [2023-02-02T01:19:59.405+0000] {dag.py:3441} INFO - Setting next_dagrun for dataset_produces_1 to 2023-02-01T00:00:00+00:00, run_after=2023-02-02T00:00:00+00:00
[2023-02-02T01:19:59.406+0000] {logging_mixin.py:137} INFO - [2023-02-02T01:19:59.406+0000] {dag.py:3441} INFO - Setting next_dagrun for dataset_produces_2 to None, run_after=None
[2023-02-02T01:19:59.431+0000] {processor.py:175} INFO - Processing /home/airflow/.local/lib/python3.7/site-packages/airflow/example_dags/example_datasets.py took 0.090 seconds
[2023-02-02T01:20:30.188+0000] {processor.py:153} INFO - Started process (PID=1560) to work on /home/airflow/.local/lib/python3.7/site-packages/airflow/example_dags/example_datasets.py
[2023-02-02T01:20:30.189+0000] {processor.py:743} INFO - Processing file /home/airflow/.local/lib/python3.7/site-packages/airflow/example_dags/example_datasets.py for tasks to queue
[2023-02-02T01:20:30.189+0000] {logging_mixin.py:137} INFO - [2023-02-02T01:20:30.189+0000] {dagbag.py:538} INFO - Filling up the DagBag from /home/airflow/.local/lib/python3.7/site-packages/airflow/example_dags/example_datasets.py
[2023-02-02T01:20:30.200+0000] {processor.py:753} INFO - DAG(s) dict_keys(['dataset_produces_1', 'dataset_consumes_unknown_never_scheduled', 'dataset_produces_2', 'dataset_consumes_1_and_2', 'dataset_consumes_1_never_scheduled', 'dataset_consumes_1']) retrieved from /home/airflow/.local/lib/python3.7/site-packages/airflow/example_dags/example_datasets.py
[2023-02-02T01:20:30.233+0000] {logging_mixin.py:137} INFO - [2023-02-02T01:20:30.233+0000] {dag.py:2690} INFO - Sync 6 DAGs
[2023-02-02T01:20:30.252+0000] {logging_mixin.py:137} INFO - [2023-02-02T01:20:30.252+0000] {dag.py:3441} INFO - Setting next_dagrun for dataset_consumes_1 to None, run_after=None
[2023-02-02T01:20:30.255+0000] {logging_mixin.py:137} INFO - [2023-02-02T01:20:30.254+0000] {dag.py:3441} INFO - Setting next_dagrun for dataset_consumes_1_and_2 to None, run_after=None
[2023-02-02T01:20:30.256+0000] {logging_mixin.py:137} INFO - [2023-02-02T01:20:30.255+0000] {dag.py:3441} INFO - Setting next_dagrun for dataset_consumes_1_never_scheduled to None, run_after=None
[2023-02-02T01:20:30.257+0000] {logging_mixin.py:137} INFO - [2023-02-02T01:20:30.256+0000] {dag.py:3441} INFO - Setting next_dagrun for dataset_consumes_unknown_never_scheduled to None, run_after=None
[2023-02-02T01:20:30.259+0000] {logging_mixin.py:137} INFO - [2023-02-02T01:20:30.259+0000] {dag.py:3441} INFO - Setting next_dagrun for dataset_produces_1 to 2023-02-01T00:00:00+00:00, run_after=2023-02-02T00:00:00+00:00
[2023-02-02T01:20:30.260+0000] {logging_mixin.py:137} INFO - [2023-02-02T01:20:30.260+0000] {dag.py:3441} INFO - Setting next_dagrun for dataset_produces_2 to None, run_after=None
[2023-02-02T01:20:30.284+0000] {processor.py:175} INFO - Processing /home/airflow/.local/lib/python3.7/site-packages/airflow/example_dags/example_datasets.py took 0.098 seconds
[2023-02-02T01:21:00.868+0000] {processor.py:153} INFO - Started process (PID=1631) to work on /home/airflow/.local/lib/python3.7/site-packages/airflow/example_dags/example_datasets.py
[2023-02-02T01:21:00.869+0000] {processor.py:743} INFO - Processing file /home/airflow/.local/lib/python3.7/site-packages/airflow/example_dags/example_datasets.py for tasks to queue
[2023-02-02T01:21:00.869+0000] {logging_mixin.py:137} INFO - [2023-02-02T01:21:00.869+0000] {dagbag.py:538} INFO - Filling up the DagBag from /home/airflow/.local/lib/python3.7/site-packages/airflow/example_dags/example_datasets.py
[2023-02-02T01:21:00.880+0000] {processor.py:753} INFO - DAG(s) dict_keys(['dataset_produces_1', 'dataset_consumes_1_never_scheduled', 'dataset_produces_2', 'dataset_consumes_1_and_2', 'dataset_consumes_1', 'dataset_consumes_unknown_never_scheduled']) retrieved from /home/airflow/.local/lib/python3.7/site-packages/airflow/example_dags/example_datasets.py
[2023-02-02T01:21:00.906+0000] {logging_mixin.py:137} INFO - [2023-02-02T01:21:00.906+0000] {dag.py:2690} INFO - Sync 6 DAGs
[2023-02-02T01:21:00.928+0000] {logging_mixin.py:137} INFO - [2023-02-02T01:21:00.928+0000] {dag.py:3441} INFO - Setting next_dagrun for dataset_consumes_1 to None, run_after=None
[2023-02-02T01:21:00.931+0000] {logging_mixin.py:137} INFO - [2023-02-02T01:21:00.931+0000] {dag.py:3441} INFO - Setting next_dagrun for dataset_consumes_1_and_2 to None, run_after=None
[2023-02-02T01:21:00.932+0000] {logging_mixin.py:137} INFO - [2023-02-02T01:21:00.932+0000] {dag.py:3441} INFO - Setting next_dagrun for dataset_consumes_1_never_scheduled to None, run_after=None
[2023-02-02T01:21:00.933+0000] {logging_mixin.py:137} INFO - [2023-02-02T01:21:00.933+0000] {dag.py:3441} INFO - Setting next_dagrun for dataset_consumes_unknown_never_scheduled to None, run_after=None
[2023-02-02T01:21:00.936+0000] {logging_mixin.py:137} INFO - [2023-02-02T01:21:00.935+0000] {dag.py:3441} INFO - Setting next_dagrun for dataset_produces_1 to 2023-02-01T00:00:00+00:00, run_after=2023-02-02T00:00:00+00:00
[2023-02-02T01:21:00.936+0000] {logging_mixin.py:137} INFO - [2023-02-02T01:21:00.936+0000] {dag.py:3441} INFO - Setting next_dagrun for dataset_produces_2 to None, run_after=None
[2023-02-02T01:21:00.961+0000] {processor.py:175} INFO - Processing /home/airflow/.local/lib/python3.7/site-packages/airflow/example_dags/example_datasets.py took 0.095 seconds
[2023-02-02T01:21:31.574+0000] {processor.py:153} INFO - Started process (PID=1718) to work on /home/airflow/.local/lib/python3.7/site-packages/airflow/example_dags/example_datasets.py
[2023-02-02T01:21:31.575+0000] {processor.py:743} INFO - Processing file /home/airflow/.local/lib/python3.7/site-packages/airflow/example_dags/example_datasets.py for tasks to queue
[2023-02-02T01:21:31.575+0000] {logging_mixin.py:137} INFO - [2023-02-02T01:21:31.575+0000] {dagbag.py:538} INFO - Filling up the DagBag from /home/airflow/.local/lib/python3.7/site-packages/airflow/example_dags/example_datasets.py
[2023-02-02T01:21:31.588+0000] {processor.py:753} INFO - DAG(s) dict_keys(['dataset_produces_2', 'dataset_consumes_1', 'dataset_produces_1', 'dataset_consumes_1_and_2', 'dataset_consumes_unknown_never_scheduled', 'dataset_consumes_1_never_scheduled']) retrieved from /home/airflow/.local/lib/python3.7/site-packages/airflow/example_dags/example_datasets.py
[2023-02-02T01:21:31.612+0000] {logging_mixin.py:137} INFO - [2023-02-02T01:21:31.612+0000] {dag.py:2690} INFO - Sync 6 DAGs
[2023-02-02T01:21:31.630+0000] {logging_mixin.py:137} INFO - [2023-02-02T01:21:31.630+0000] {dag.py:3441} INFO - Setting next_dagrun for dataset_consumes_1 to None, run_after=None
[2023-02-02T01:21:31.632+0000] {logging_mixin.py:137} INFO - [2023-02-02T01:21:31.632+0000] {dag.py:3441} INFO - Setting next_dagrun for dataset_consumes_1_and_2 to None, run_after=None
[2023-02-02T01:21:31.633+0000] {logging_mixin.py:137} INFO - [2023-02-02T01:21:31.633+0000] {dag.py:3441} INFO - Setting next_dagrun for dataset_consumes_1_never_scheduled to None, run_after=None
[2023-02-02T01:21:31.634+0000] {logging_mixin.py:137} INFO - [2023-02-02T01:21:31.634+0000] {dag.py:3441} INFO - Setting next_dagrun for dataset_consumes_unknown_never_scheduled to None, run_after=None
[2023-02-02T01:21:31.636+0000] {logging_mixin.py:137} INFO - [2023-02-02T01:21:31.636+0000] {dag.py:3441} INFO - Setting next_dagrun for dataset_produces_1 to 2023-02-01T00:00:00+00:00, run_after=2023-02-02T00:00:00+00:00
[2023-02-02T01:21:31.637+0000] {logging_mixin.py:137} INFO - [2023-02-02T01:21:31.637+0000] {dag.py:3441} INFO - Setting next_dagrun for dataset_produces_2 to None, run_after=None
[2023-02-02T01:21:31.657+0000] {processor.py:175} INFO - Processing /home/airflow/.local/lib/python3.7/site-packages/airflow/example_dags/example_datasets.py took 0.087 seconds
[2023-02-02T01:22:02.265+0000] {processor.py:153} INFO - Started process (PID=1805) to work on /home/airflow/.local/lib/python3.7/site-packages/airflow/example_dags/example_datasets.py
[2023-02-02T01:22:02.265+0000] {processor.py:743} INFO - Processing file /home/airflow/.local/lib/python3.7/site-packages/airflow/example_dags/example_datasets.py for tasks to queue
[2023-02-02T01:22:02.266+0000] {logging_mixin.py:137} INFO - [2023-02-02T01:22:02.266+0000] {dagbag.py:538} INFO - Filling up the DagBag from /home/airflow/.local/lib/python3.7/site-packages/airflow/example_dags/example_datasets.py
[2023-02-02T01:22:02.279+0000] {processor.py:753} INFO - DAG(s) dict_keys(['dataset_consumes_1_and_2', 'dataset_consumes_unknown_never_scheduled', 'dataset_consumes_1', 'dataset_produces_1', 'dataset_consumes_1_never_scheduled', 'dataset_produces_2']) retrieved from /home/airflow/.local/lib/python3.7/site-packages/airflow/example_dags/example_datasets.py
[2023-02-02T01:22:02.305+0000] {logging_mixin.py:137} INFO - [2023-02-02T01:22:02.305+0000] {dag.py:2690} INFO - Sync 6 DAGs
[2023-02-02T01:22:02.324+0000] {logging_mixin.py:137} INFO - [2023-02-02T01:22:02.324+0000] {dag.py:3441} INFO - Setting next_dagrun for dataset_consumes_1 to None, run_after=None
[2023-02-02T01:22:02.326+0000] {logging_mixin.py:137} INFO - [2023-02-02T01:22:02.326+0000] {dag.py:3441} INFO - Setting next_dagrun for dataset_consumes_1_and_2 to None, run_after=None
[2023-02-02T01:22:02.327+0000] {logging_mixin.py:137} INFO - [2023-02-02T01:22:02.327+0000] {dag.py:3441} INFO - Setting next_dagrun for dataset_consumes_1_never_scheduled to None, run_after=None
[2023-02-02T01:22:02.328+0000] {logging_mixin.py:137} INFO - [2023-02-02T01:22:02.328+0000] {dag.py:3441} INFO - Setting next_dagrun for dataset_consumes_unknown_never_scheduled to None, run_after=None
[2023-02-02T01:22:02.330+0000] {logging_mixin.py:137} INFO - [2023-02-02T01:22:02.330+0000] {dag.py:3441} INFO - Setting next_dagrun for dataset_produces_1 to 2023-02-01T00:00:00+00:00, run_after=2023-02-02T00:00:00+00:00
[2023-02-02T01:22:02.331+0000] {logging_mixin.py:137} INFO - [2023-02-02T01:22:02.331+0000] {dag.py:3441} INFO - Setting next_dagrun for dataset_produces_2 to None, run_after=None
[2023-02-02T01:22:02.351+0000] {processor.py:175} INFO - Processing /home/airflow/.local/lib/python3.7/site-packages/airflow/example_dags/example_datasets.py took 0.090 seconds
[2023-02-02T01:22:33.151+0000] {processor.py:153} INFO - Started process (PID=1892) to work on /home/airflow/.local/lib/python3.7/site-packages/airflow/example_dags/example_datasets.py
[2023-02-02T01:22:33.151+0000] {processor.py:743} INFO - Processing file /home/airflow/.local/lib/python3.7/site-packages/airflow/example_dags/example_datasets.py for tasks to queue
[2023-02-02T01:22:33.152+0000] {logging_mixin.py:137} INFO - [2023-02-02T01:22:33.152+0000] {dagbag.py:538} INFO - Filling up the DagBag from /home/airflow/.local/lib/python3.7/site-packages/airflow/example_dags/example_datasets.py
[2023-02-02T01:22:33.163+0000] {processor.py:753} INFO - DAG(s) dict_keys(['dataset_consumes_1_never_scheduled', 'dataset_produces_2', 'dataset_produces_1', 'dataset_consumes_1_and_2', 'dataset_consumes_unknown_never_scheduled', 'dataset_consumes_1']) retrieved from /home/airflow/.local/lib/python3.7/site-packages/airflow/example_dags/example_datasets.py
[2023-02-02T01:22:33.189+0000] {logging_mixin.py:137} INFO - [2023-02-02T01:22:33.189+0000] {dag.py:2690} INFO - Sync 6 DAGs
[2023-02-02T01:22:33.207+0000] {logging_mixin.py:137} INFO - [2023-02-02T01:22:33.207+0000] {dag.py:3441} INFO - Setting next_dagrun for dataset_consumes_1 to None, run_after=None
[2023-02-02T01:22:33.210+0000] {logging_mixin.py:137} INFO - [2023-02-02T01:22:33.210+0000] {dag.py:3441} INFO - Setting next_dagrun for dataset_consumes_1_and_2 to None, run_after=None
[2023-02-02T01:22:33.211+0000] {logging_mixin.py:137} INFO - [2023-02-02T01:22:33.211+0000] {dag.py:3441} INFO - Setting next_dagrun for dataset_consumes_1_never_scheduled to None, run_after=None
[2023-02-02T01:22:33.212+0000] {logging_mixin.py:137} INFO - [2023-02-02T01:22:33.212+0000] {dag.py:3441} INFO - Setting next_dagrun for dataset_consumes_unknown_never_scheduled to None, run_after=None
[2023-02-02T01:22:33.214+0000] {logging_mixin.py:137} INFO - [2023-02-02T01:22:33.214+0000] {dag.py:3441} INFO - Setting next_dagrun for dataset_produces_1 to 2023-02-01T00:00:00+00:00, run_after=2023-02-02T00:00:00+00:00
[2023-02-02T01:22:33.215+0000] {logging_mixin.py:137} INFO - [2023-02-02T01:22:33.215+0000] {dag.py:3441} INFO - Setting next_dagrun for dataset_produces_2 to None, run_after=None
[2023-02-02T01:22:33.237+0000] {processor.py:175} INFO - Processing /home/airflow/.local/lib/python3.7/site-packages/airflow/example_dags/example_datasets.py took 0.088 seconds
[2023-02-02T01:23:03.848+0000] {processor.py:153} INFO - Started process (PID=1963) to work on /home/airflow/.local/lib/python3.7/site-packages/airflow/example_dags/example_datasets.py
[2023-02-02T01:23:03.849+0000] {processor.py:743} INFO - Processing file /home/airflow/.local/lib/python3.7/site-packages/airflow/example_dags/example_datasets.py for tasks to queue
[2023-02-02T01:23:03.849+0000] {logging_mixin.py:137} INFO - [2023-02-02T01:23:03.849+0000] {dagbag.py:538} INFO - Filling up the DagBag from /home/airflow/.local/lib/python3.7/site-packages/airflow/example_dags/example_datasets.py
[2023-02-02T01:23:03.862+0000] {processor.py:753} INFO - DAG(s) dict_keys(['dataset_produces_1', 'dataset_produces_2', 'dataset_consumes_1_and_2', 'dataset_consumes_1', 'dataset_consumes_1_never_scheduled', 'dataset_consumes_unknown_never_scheduled']) retrieved from /home/airflow/.local/lib/python3.7/site-packages/airflow/example_dags/example_datasets.py
[2023-02-02T01:23:03.890+0000] {logging_mixin.py:137} INFO - [2023-02-02T01:23:03.890+0000] {dag.py:2690} INFO - Sync 6 DAGs
[2023-02-02T01:23:03.906+0000] {logging_mixin.py:137} INFO - [2023-02-02T01:23:03.906+0000] {dag.py:3441} INFO - Setting next_dagrun for dataset_consumes_1 to None, run_after=None
[2023-02-02T01:23:03.909+0000] {logging_mixin.py:137} INFO - [2023-02-02T01:23:03.908+0000] {dag.py:3441} INFO - Setting next_dagrun for dataset_consumes_1_and_2 to None, run_after=None
[2023-02-02T01:23:03.910+0000] {logging_mixin.py:137} INFO - [2023-02-02T01:23:03.909+0000] {dag.py:3441} INFO - Setting next_dagrun for dataset_consumes_1_never_scheduled to None, run_after=None
[2023-02-02T01:23:03.911+0000] {logging_mixin.py:137} INFO - [2023-02-02T01:23:03.910+0000] {dag.py:3441} INFO - Setting next_dagrun for dataset_consumes_unknown_never_scheduled to None, run_after=None
[2023-02-02T01:23:03.913+0000] {logging_mixin.py:137} INFO - [2023-02-02T01:23:03.913+0000] {dag.py:3441} INFO - Setting next_dagrun for dataset_produces_1 to 2023-02-01T00:00:00+00:00, run_after=2023-02-02T00:00:00+00:00
[2023-02-02T01:23:03.914+0000] {logging_mixin.py:137} INFO - [2023-02-02T01:23:03.914+0000] {dag.py:3441} INFO - Setting next_dagrun for dataset_produces_2 to None, run_after=None
[2023-02-02T01:23:03.936+0000] {processor.py:175} INFO - Processing /home/airflow/.local/lib/python3.7/site-packages/airflow/example_dags/example_datasets.py took 0.090 seconds
[2023-02-02T01:23:34.590+0000] {processor.py:153} INFO - Started process (PID=2050) to work on /home/airflow/.local/lib/python3.7/site-packages/airflow/example_dags/example_datasets.py
[2023-02-02T01:23:34.591+0000] {processor.py:743} INFO - Processing file /home/airflow/.local/lib/python3.7/site-packages/airflow/example_dags/example_datasets.py for tasks to queue
[2023-02-02T01:23:34.591+0000] {logging_mixin.py:137} INFO - [2023-02-02T01:23:34.591+0000] {dagbag.py:538} INFO - Filling up the DagBag from /home/airflow/.local/lib/python3.7/site-packages/airflow/example_dags/example_datasets.py
[2023-02-02T01:23:34.602+0000] {processor.py:753} INFO - DAG(s) dict_keys(['dataset_produces_1', 'dataset_consumes_1_and_2', 'dataset_consumes_1', 'dataset_consumes_1_never_scheduled', 'dataset_produces_2', 'dataset_consumes_unknown_never_scheduled']) retrieved from /home/airflow/.local/lib/python3.7/site-packages/airflow/example_dags/example_datasets.py
[2023-02-02T01:23:34.628+0000] {logging_mixin.py:137} INFO - [2023-02-02T01:23:34.627+0000] {dag.py:2690} INFO - Sync 6 DAGs
[2023-02-02T01:23:34.645+0000] {logging_mixin.py:137} INFO - [2023-02-02T01:23:34.645+0000] {dag.py:3441} INFO - Setting next_dagrun for dataset_consumes_1 to None, run_after=None
[2023-02-02T01:23:34.647+0000] {logging_mixin.py:137} INFO - [2023-02-02T01:23:34.647+0000] {dag.py:3441} INFO - Setting next_dagrun for dataset_consumes_1_and_2 to None, run_after=None
[2023-02-02T01:23:34.648+0000] {logging_mixin.py:137} INFO - [2023-02-02T01:23:34.648+0000] {dag.py:3441} INFO - Setting next_dagrun for dataset_consumes_1_never_scheduled to None, run_after=None
[2023-02-02T01:23:34.649+0000] {logging_mixin.py:137} INFO - [2023-02-02T01:23:34.649+0000] {dag.py:3441} INFO - Setting next_dagrun for dataset_consumes_unknown_never_scheduled to None, run_after=None
[2023-02-02T01:23:34.652+0000] {logging_mixin.py:137} INFO - [2023-02-02T01:23:34.651+0000] {dag.py:3441} INFO - Setting next_dagrun for dataset_produces_1 to 2023-02-01T00:00:00+00:00, run_after=2023-02-02T00:00:00+00:00
[2023-02-02T01:23:34.653+0000] {logging_mixin.py:137} INFO - [2023-02-02T01:23:34.652+0000] {dag.py:3441} INFO - Setting next_dagrun for dataset_produces_2 to None, run_after=None
[2023-02-02T01:23:34.677+0000] {processor.py:175} INFO - Processing /home/airflow/.local/lib/python3.7/site-packages/airflow/example_dags/example_datasets.py took 0.089 seconds
[2023-02-02T01:24:05.454+0000] {processor.py:153} INFO - Started process (PID=2137) to work on /home/airflow/.local/lib/python3.7/site-packages/airflow/example_dags/example_datasets.py
[2023-02-02T01:24:05.454+0000] {processor.py:743} INFO - Processing file /home/airflow/.local/lib/python3.7/site-packages/airflow/example_dags/example_datasets.py for tasks to queue
[2023-02-02T01:24:05.455+0000] {logging_mixin.py:137} INFO - [2023-02-02T01:24:05.454+0000] {dagbag.py:538} INFO - Filling up the DagBag from /home/airflow/.local/lib/python3.7/site-packages/airflow/example_dags/example_datasets.py
[2023-02-02T01:24:05.465+0000] {processor.py:753} INFO - DAG(s) dict_keys(['dataset_consumes_1_never_scheduled', 'dataset_consumes_unknown_never_scheduled', 'dataset_consumes_1', 'dataset_produces_2', 'dataset_produces_1', 'dataset_consumes_1_and_2']) retrieved from /home/airflow/.local/lib/python3.7/site-packages/airflow/example_dags/example_datasets.py
[2023-02-02T01:24:05.498+0000] {logging_mixin.py:137} INFO - [2023-02-02T01:24:05.498+0000] {dag.py:2690} INFO - Sync 6 DAGs
[2023-02-02T01:24:05.521+0000] {logging_mixin.py:137} INFO - [2023-02-02T01:24:05.521+0000] {dag.py:3441} INFO - Setting next_dagrun for dataset_consumes_1 to None, run_after=None
[2023-02-02T01:24:05.524+0000] {logging_mixin.py:137} INFO - [2023-02-02T01:24:05.524+0000] {dag.py:3441} INFO - Setting next_dagrun for dataset_consumes_1_and_2 to None, run_after=None
[2023-02-02T01:24:05.525+0000] {logging_mixin.py:137} INFO - [2023-02-02T01:24:05.525+0000] {dag.py:3441} INFO - Setting next_dagrun for dataset_consumes_1_never_scheduled to None, run_after=None
[2023-02-02T01:24:05.526+0000] {logging_mixin.py:137} INFO - [2023-02-02T01:24:05.526+0000] {dag.py:3441} INFO - Setting next_dagrun for dataset_consumes_unknown_never_scheduled to None, run_after=None
[2023-02-02T01:24:05.528+0000] {logging_mixin.py:137} INFO - [2023-02-02T01:24:05.528+0000] {dag.py:3441} INFO - Setting next_dagrun for dataset_produces_1 to 2023-02-01T00:00:00+00:00, run_after=2023-02-02T00:00:00+00:00
[2023-02-02T01:24:05.529+0000] {logging_mixin.py:137} INFO - [2023-02-02T01:24:05.529+0000] {dag.py:3441} INFO - Setting next_dagrun for dataset_produces_2 to None, run_after=None
[2023-02-02T01:24:05.556+0000] {processor.py:175} INFO - Processing /home/airflow/.local/lib/python3.7/site-packages/airflow/example_dags/example_datasets.py took 0.105 seconds
[2023-02-02T01:24:36.188+0000] {processor.py:153} INFO - Started process (PID=2208) to work on /home/airflow/.local/lib/python3.7/site-packages/airflow/example_dags/example_datasets.py
[2023-02-02T01:24:36.189+0000] {processor.py:743} INFO - Processing file /home/airflow/.local/lib/python3.7/site-packages/airflow/example_dags/example_datasets.py for tasks to queue
[2023-02-02T01:24:36.189+0000] {logging_mixin.py:137} INFO - [2023-02-02T01:24:36.189+0000] {dagbag.py:538} INFO - Filling up the DagBag from /home/airflow/.local/lib/python3.7/site-packages/airflow/example_dags/example_datasets.py
[2023-02-02T01:24:36.200+0000] {processor.py:753} INFO - DAG(s) dict_keys(['dataset_consumes_1', 'dataset_consumes_1_and_2', 'dataset_produces_2', 'dataset_consumes_unknown_never_scheduled', 'dataset_consumes_1_never_scheduled', 'dataset_produces_1']) retrieved from /home/airflow/.local/lib/python3.7/site-packages/airflow/example_dags/example_datasets.py
[2023-02-02T01:24:36.224+0000] {logging_mixin.py:137} INFO - [2023-02-02T01:24:36.224+0000] {dag.py:2690} INFO - Sync 6 DAGs
[2023-02-02T01:24:36.242+0000] {logging_mixin.py:137} INFO - [2023-02-02T01:24:36.242+0000] {dag.py:3441} INFO - Setting next_dagrun for dataset_consumes_1 to None, run_after=None
[2023-02-02T01:24:36.245+0000] {logging_mixin.py:137} INFO - [2023-02-02T01:24:36.245+0000] {dag.py:3441} INFO - Setting next_dagrun for dataset_consumes_1_and_2 to None, run_after=None
[2023-02-02T01:24:36.246+0000] {logging_mixin.py:137} INFO - [2023-02-02T01:24:36.245+0000] {dag.py:3441} INFO - Setting next_dagrun for dataset_consumes_1_never_scheduled to None, run_after=None
[2023-02-02T01:24:36.247+0000] {logging_mixin.py:137} INFO - [2023-02-02T01:24:36.246+0000] {dag.py:3441} INFO - Setting next_dagrun for dataset_consumes_unknown_never_scheduled to None, run_after=None
[2023-02-02T01:24:36.249+0000] {logging_mixin.py:137} INFO - [2023-02-02T01:24:36.248+0000] {dag.py:3441} INFO - Setting next_dagrun for dataset_produces_1 to 2023-02-01T00:00:00+00:00, run_after=2023-02-02T00:00:00+00:00
[2023-02-02T01:24:36.249+0000] {logging_mixin.py:137} INFO - [2023-02-02T01:24:36.249+0000] {dag.py:3441} INFO - Setting next_dagrun for dataset_produces_2 to None, run_after=None
[2023-02-02T01:24:36.275+0000] {processor.py:175} INFO - Processing /home/airflow/.local/lib/python3.7/site-packages/airflow/example_dags/example_datasets.py took 0.089 seconds
[2023-02-02T01:25:06.842+0000] {processor.py:153} INFO - Started process (PID=2295) to work on /home/airflow/.local/lib/python3.7/site-packages/airflow/example_dags/example_datasets.py
[2023-02-02T01:25:06.843+0000] {processor.py:743} INFO - Processing file /home/airflow/.local/lib/python3.7/site-packages/airflow/example_dags/example_datasets.py for tasks to queue
[2023-02-02T01:25:06.843+0000] {logging_mixin.py:137} INFO - [2023-02-02T01:25:06.843+0000] {dagbag.py:538} INFO - Filling up the DagBag from /home/airflow/.local/lib/python3.7/site-packages/airflow/example_dags/example_datasets.py
[2023-02-02T01:25:06.856+0000] {processor.py:753} INFO - DAG(s) dict_keys(['dataset_produces_2', 'dataset_consumes_1', 'dataset_produces_1', 'dataset_consumes_unknown_never_scheduled', 'dataset_consumes_1_and_2', 'dataset_consumes_1_never_scheduled']) retrieved from /home/airflow/.local/lib/python3.7/site-packages/airflow/example_dags/example_datasets.py
[2023-02-02T01:25:06.881+0000] {logging_mixin.py:137} INFO - [2023-02-02T01:25:06.881+0000] {dag.py:2690} INFO - Sync 6 DAGs
[2023-02-02T01:25:06.898+0000] {logging_mixin.py:137} INFO - [2023-02-02T01:25:06.898+0000] {dag.py:3441} INFO - Setting next_dagrun for dataset_consumes_1 to None, run_after=None
[2023-02-02T01:25:06.901+0000] {logging_mixin.py:137} INFO - [2023-02-02T01:25:06.901+0000] {dag.py:3441} INFO - Setting next_dagrun for dataset_consumes_1_and_2 to None, run_after=None
[2023-02-02T01:25:06.902+0000] {logging_mixin.py:137} INFO - [2023-02-02T01:25:06.902+0000] {dag.py:3441} INFO - Setting next_dagrun for dataset_consumes_1_never_scheduled to None, run_after=None
[2023-02-02T01:25:06.903+0000] {logging_mixin.py:137} INFO - [2023-02-02T01:25:06.902+0000] {dag.py:3441} INFO - Setting next_dagrun for dataset_consumes_unknown_never_scheduled to None, run_after=None
[2023-02-02T01:25:06.905+0000] {logging_mixin.py:137} INFO - [2023-02-02T01:25:06.905+0000] {dag.py:3441} INFO - Setting next_dagrun for dataset_produces_1 to 2023-02-01T00:00:00+00:00, run_after=2023-02-02T00:00:00+00:00
[2023-02-02T01:25:06.906+0000] {logging_mixin.py:137} INFO - [2023-02-02T01:25:06.905+0000] {dag.py:3441} INFO - Setting next_dagrun for dataset_produces_2 to None, run_after=None
[2023-02-02T01:25:06.928+0000] {processor.py:175} INFO - Processing /home/airflow/.local/lib/python3.7/site-packages/airflow/example_dags/example_datasets.py took 0.088 seconds
