[2023-02-02T01:11:14.916+0000] {processor.py:153} INFO - Started process (PID=51) to work on /home/airflow/.local/lib/python3.7/site-packages/airflow/example_dags/example_branch_python_dop_operator_3.py
[2023-02-02T01:11:14.917+0000] {processor.py:743} INFO - Processing file /home/airflow/.local/lib/python3.7/site-packages/airflow/example_dags/example_branch_python_dop_operator_3.py for tasks to queue
[2023-02-02T01:11:14.917+0000] {logging_mixin.py:137} INFO - [2023-02-02T01:11:14.917+0000] {dagbag.py:538} INFO - Filling up the DagBag from /home/airflow/.local/lib/python3.7/site-packages/airflow/example_dags/example_branch_python_dop_operator_3.py
[2023-02-02T01:11:14.934+0000] {processor.py:753} INFO - DAG(s) dict_keys(['example_branch_dop_operator_v3']) retrieved from /home/airflow/.local/lib/python3.7/site-packages/airflow/example_dags/example_branch_python_dop_operator_3.py
[2023-02-02T01:11:14.944+0000] {logging_mixin.py:137} INFO - [2023-02-02T01:11:14.944+0000] {dag.py:2690} INFO - Sync 1 DAGs
[2023-02-02T01:11:14.968+0000] {logging_mixin.py:137} INFO - [2023-02-02T01:11:14.968+0000] {dag.py:3441} INFO - Setting next_dagrun for example_branch_dop_operator_v3 to 2023-02-02T01:10:00+00:00, run_after=2023-02-02T01:11:00+00:00
[2023-02-02T01:11:14.982+0000] {processor.py:175} INFO - Processing /home/airflow/.local/lib/python3.7/site-packages/airflow/example_dags/example_branch_python_dop_operator_3.py took 0.068 seconds
[2023-02-02T01:11:45.744+0000] {processor.py:153} INFO - Started process (PID=138) to work on /home/airflow/.local/lib/python3.7/site-packages/airflow/example_dags/example_branch_python_dop_operator_3.py
[2023-02-02T01:11:45.745+0000] {processor.py:743} INFO - Processing file /home/airflow/.local/lib/python3.7/site-packages/airflow/example_dags/example_branch_python_dop_operator_3.py for tasks to queue
[2023-02-02T01:11:45.745+0000] {logging_mixin.py:137} INFO - [2023-02-02T01:11:45.745+0000] {dagbag.py:538} INFO - Filling up the DagBag from /home/airflow/.local/lib/python3.7/site-packages/airflow/example_dags/example_branch_python_dop_operator_3.py
[2023-02-02T01:11:45.763+0000] {processor.py:753} INFO - DAG(s) dict_keys(['example_branch_dop_operator_v3']) retrieved from /home/airflow/.local/lib/python3.7/site-packages/airflow/example_dags/example_branch_python_dop_operator_3.py
[2023-02-02T01:11:45.780+0000] {logging_mixin.py:137} INFO - [2023-02-02T01:11:45.780+0000] {dag.py:2690} INFO - Sync 1 DAGs
[2023-02-02T01:11:45.799+0000] {logging_mixin.py:137} INFO - [2023-02-02T01:11:45.799+0000] {dag.py:3441} INFO - Setting next_dagrun for example_branch_dop_operator_v3 to 2023-02-02T01:10:00+00:00, run_after=2023-02-02T01:11:00+00:00
[2023-02-02T01:11:45.812+0000] {processor.py:175} INFO - Processing /home/airflow/.local/lib/python3.7/site-packages/airflow/example_dags/example_branch_python_dop_operator_3.py took 0.071 seconds
[2023-02-02T01:12:16.670+0000] {processor.py:153} INFO - Started process (PID=225) to work on /home/airflow/.local/lib/python3.7/site-packages/airflow/example_dags/example_branch_python_dop_operator_3.py
[2023-02-02T01:12:16.670+0000] {processor.py:743} INFO - Processing file /home/airflow/.local/lib/python3.7/site-packages/airflow/example_dags/example_branch_python_dop_operator_3.py for tasks to queue
[2023-02-02T01:12:16.671+0000] {logging_mixin.py:137} INFO - [2023-02-02T01:12:16.671+0000] {dagbag.py:538} INFO - Filling up the DagBag from /home/airflow/.local/lib/python3.7/site-packages/airflow/example_dags/example_branch_python_dop_operator_3.py
[2023-02-02T01:12:16.688+0000] {processor.py:753} INFO - DAG(s) dict_keys(['example_branch_dop_operator_v3']) retrieved from /home/airflow/.local/lib/python3.7/site-packages/airflow/example_dags/example_branch_python_dop_operator_3.py
[2023-02-02T01:12:16.704+0000] {logging_mixin.py:137} INFO - [2023-02-02T01:12:16.704+0000] {dag.py:2690} INFO - Sync 1 DAGs
[2023-02-02T01:12:16.725+0000] {logging_mixin.py:137} INFO - [2023-02-02T01:12:16.725+0000] {dag.py:3441} INFO - Setting next_dagrun for example_branch_dop_operator_v3 to 2023-02-02T01:11:00+00:00, run_after=2023-02-02T01:12:00+00:00
[2023-02-02T01:12:16.738+0000] {processor.py:175} INFO - Processing /home/airflow/.local/lib/python3.7/site-packages/airflow/example_dags/example_branch_python_dop_operator_3.py took 0.070 seconds
[2023-02-02T01:12:47.445+0000] {processor.py:153} INFO - Started process (PID=296) to work on /home/airflow/.local/lib/python3.7/site-packages/airflow/example_dags/example_branch_python_dop_operator_3.py
[2023-02-02T01:12:47.445+0000] {processor.py:743} INFO - Processing file /home/airflow/.local/lib/python3.7/site-packages/airflow/example_dags/example_branch_python_dop_operator_3.py for tasks to queue
[2023-02-02T01:12:47.446+0000] {logging_mixin.py:137} INFO - [2023-02-02T01:12:47.446+0000] {dagbag.py:538} INFO - Filling up the DagBag from /home/airflow/.local/lib/python3.7/site-packages/airflow/example_dags/example_branch_python_dop_operator_3.py
[2023-02-02T01:12:47.463+0000] {processor.py:753} INFO - DAG(s) dict_keys(['example_branch_dop_operator_v3']) retrieved from /home/airflow/.local/lib/python3.7/site-packages/airflow/example_dags/example_branch_python_dop_operator_3.py
[2023-02-02T01:12:47.483+0000] {logging_mixin.py:137} INFO - [2023-02-02T01:12:47.482+0000] {dag.py:2690} INFO - Sync 1 DAGs
[2023-02-02T01:12:47.507+0000] {logging_mixin.py:137} INFO - [2023-02-02T01:12:47.507+0000] {dag.py:3441} INFO - Setting next_dagrun for example_branch_dop_operator_v3 to 2023-02-02T01:11:00+00:00, run_after=2023-02-02T01:12:00+00:00
[2023-02-02T01:12:47.518+0000] {processor.py:175} INFO - Processing /home/airflow/.local/lib/python3.7/site-packages/airflow/example_dags/example_branch_python_dop_operator_3.py took 0.075 seconds
[2023-02-02T01:13:18.230+0000] {processor.py:153} INFO - Started process (PID=383) to work on /home/airflow/.local/lib/python3.7/site-packages/airflow/example_dags/example_branch_python_dop_operator_3.py
[2023-02-02T01:13:18.231+0000] {processor.py:743} INFO - Processing file /home/airflow/.local/lib/python3.7/site-packages/airflow/example_dags/example_branch_python_dop_operator_3.py for tasks to queue
[2023-02-02T01:13:18.232+0000] {logging_mixin.py:137} INFO - [2023-02-02T01:13:18.232+0000] {dagbag.py:538} INFO - Filling up the DagBag from /home/airflow/.local/lib/python3.7/site-packages/airflow/example_dags/example_branch_python_dop_operator_3.py
[2023-02-02T01:13:18.250+0000] {processor.py:753} INFO - DAG(s) dict_keys(['example_branch_dop_operator_v3']) retrieved from /home/airflow/.local/lib/python3.7/site-packages/airflow/example_dags/example_branch_python_dop_operator_3.py
[2023-02-02T01:13:18.272+0000] {logging_mixin.py:137} INFO - [2023-02-02T01:13:18.272+0000] {dag.py:2690} INFO - Sync 1 DAGs
[2023-02-02T01:13:18.291+0000] {logging_mixin.py:137} INFO - [2023-02-02T01:13:18.291+0000] {dag.py:3441} INFO - Setting next_dagrun for example_branch_dop_operator_v3 to 2023-02-02T01:12:00+00:00, run_after=2023-02-02T01:13:00+00:00
[2023-02-02T01:13:18.303+0000] {processor.py:175} INFO - Processing /home/airflow/.local/lib/python3.7/site-packages/airflow/example_dags/example_branch_python_dop_operator_3.py took 0.075 seconds
[2023-02-02T01:13:48.947+0000] {processor.py:153} INFO - Started process (PID=470) to work on /home/airflow/.local/lib/python3.7/site-packages/airflow/example_dags/example_branch_python_dop_operator_3.py
[2023-02-02T01:13:48.947+0000] {processor.py:743} INFO - Processing file /home/airflow/.local/lib/python3.7/site-packages/airflow/example_dags/example_branch_python_dop_operator_3.py for tasks to queue
[2023-02-02T01:13:48.948+0000] {logging_mixin.py:137} INFO - [2023-02-02T01:13:48.948+0000] {dagbag.py:538} INFO - Filling up the DagBag from /home/airflow/.local/lib/python3.7/site-packages/airflow/example_dags/example_branch_python_dop_operator_3.py
[2023-02-02T01:13:48.963+0000] {processor.py:753} INFO - DAG(s) dict_keys(['example_branch_dop_operator_v3']) retrieved from /home/airflow/.local/lib/python3.7/site-packages/airflow/example_dags/example_branch_python_dop_operator_3.py
[2023-02-02T01:13:48.978+0000] {logging_mixin.py:137} INFO - [2023-02-02T01:13:48.978+0000] {dag.py:2690} INFO - Sync 1 DAGs
[2023-02-02T01:13:48.997+0000] {logging_mixin.py:137} INFO - [2023-02-02T01:13:48.997+0000] {dag.py:3441} INFO - Setting next_dagrun for example_branch_dop_operator_v3 to 2023-02-02T01:12:00+00:00, run_after=2023-02-02T01:13:00+00:00
[2023-02-02T01:13:49.009+0000] {processor.py:175} INFO - Processing /home/airflow/.local/lib/python3.7/site-packages/airflow/example_dags/example_branch_python_dop_operator_3.py took 0.064 seconds
[2023-02-02T01:14:19.700+0000] {processor.py:153} INFO - Started process (PID=541) to work on /home/airflow/.local/lib/python3.7/site-packages/airflow/example_dags/example_branch_python_dop_operator_3.py
[2023-02-02T01:14:19.701+0000] {processor.py:743} INFO - Processing file /home/airflow/.local/lib/python3.7/site-packages/airflow/example_dags/example_branch_python_dop_operator_3.py for tasks to queue
[2023-02-02T01:14:19.701+0000] {logging_mixin.py:137} INFO - [2023-02-02T01:14:19.701+0000] {dagbag.py:538} INFO - Filling up the DagBag from /home/airflow/.local/lib/python3.7/site-packages/airflow/example_dags/example_branch_python_dop_operator_3.py
[2023-02-02T01:14:19.717+0000] {processor.py:753} INFO - DAG(s) dict_keys(['example_branch_dop_operator_v3']) retrieved from /home/airflow/.local/lib/python3.7/site-packages/airflow/example_dags/example_branch_python_dop_operator_3.py
[2023-02-02T01:14:19.736+0000] {logging_mixin.py:137} INFO - [2023-02-02T01:14:19.735+0000] {dag.py:2690} INFO - Sync 1 DAGs
[2023-02-02T01:14:19.754+0000] {logging_mixin.py:137} INFO - [2023-02-02T01:14:19.754+0000] {dag.py:3441} INFO - Setting next_dagrun for example_branch_dop_operator_v3 to 2023-02-02T01:13:00+00:00, run_after=2023-02-02T01:14:00+00:00
[2023-02-02T01:14:19.767+0000] {processor.py:175} INFO - Processing /home/airflow/.local/lib/python3.7/site-packages/airflow/example_dags/example_branch_python_dop_operator_3.py took 0.068 seconds
[2023-02-02T01:14:50.365+0000] {processor.py:153} INFO - Started process (PID=628) to work on /home/airflow/.local/lib/python3.7/site-packages/airflow/example_dags/example_branch_python_dop_operator_3.py
[2023-02-02T01:14:50.365+0000] {processor.py:743} INFO - Processing file /home/airflow/.local/lib/python3.7/site-packages/airflow/example_dags/example_branch_python_dop_operator_3.py for tasks to queue
[2023-02-02T01:14:50.366+0000] {logging_mixin.py:137} INFO - [2023-02-02T01:14:50.366+0000] {dagbag.py:538} INFO - Filling up the DagBag from /home/airflow/.local/lib/python3.7/site-packages/airflow/example_dags/example_branch_python_dop_operator_3.py
[2023-02-02T01:14:50.383+0000] {processor.py:753} INFO - DAG(s) dict_keys(['example_branch_dop_operator_v3']) retrieved from /home/airflow/.local/lib/python3.7/site-packages/airflow/example_dags/example_branch_python_dop_operator_3.py
[2023-02-02T01:14:50.402+0000] {logging_mixin.py:137} INFO - [2023-02-02T01:14:50.402+0000] {dag.py:2690} INFO - Sync 1 DAGs
[2023-02-02T01:14:50.427+0000] {logging_mixin.py:137} INFO - [2023-02-02T01:14:50.427+0000] {dag.py:3441} INFO - Setting next_dagrun for example_branch_dop_operator_v3 to 2023-02-02T01:13:00+00:00, run_after=2023-02-02T01:14:00+00:00
[2023-02-02T01:14:50.441+0000] {processor.py:175} INFO - Processing /home/airflow/.local/lib/python3.7/site-packages/airflow/example_dags/example_branch_python_dop_operator_3.py took 0.078 seconds
[2023-02-02T01:15:21.200+0000] {processor.py:153} INFO - Started process (PID=715) to work on /home/airflow/.local/lib/python3.7/site-packages/airflow/example_dags/example_branch_python_dop_operator_3.py
[2023-02-02T01:15:21.201+0000] {processor.py:743} INFO - Processing file /home/airflow/.local/lib/python3.7/site-packages/airflow/example_dags/example_branch_python_dop_operator_3.py for tasks to queue
[2023-02-02T01:15:21.201+0000] {logging_mixin.py:137} INFO - [2023-02-02T01:15:21.201+0000] {dagbag.py:538} INFO - Filling up the DagBag from /home/airflow/.local/lib/python3.7/site-packages/airflow/example_dags/example_branch_python_dop_operator_3.py
[2023-02-02T01:15:21.217+0000] {processor.py:753} INFO - DAG(s) dict_keys(['example_branch_dop_operator_v3']) retrieved from /home/airflow/.local/lib/python3.7/site-packages/airflow/example_dags/example_branch_python_dop_operator_3.py
[2023-02-02T01:15:21.233+0000] {logging_mixin.py:137} INFO - [2023-02-02T01:15:21.233+0000] {dag.py:2690} INFO - Sync 1 DAGs
[2023-02-02T01:15:21.253+0000] {logging_mixin.py:137} INFO - [2023-02-02T01:15:21.253+0000] {dag.py:3441} INFO - Setting next_dagrun for example_branch_dop_operator_v3 to 2023-02-02T01:14:00+00:00, run_after=2023-02-02T01:15:00+00:00
[2023-02-02T01:15:21.268+0000] {processor.py:175} INFO - Processing /home/airflow/.local/lib/python3.7/site-packages/airflow/example_dags/example_branch_python_dop_operator_3.py took 0.070 seconds
[2023-02-02T01:15:51.903+0000] {processor.py:153} INFO - Started process (PID=786) to work on /home/airflow/.local/lib/python3.7/site-packages/airflow/example_dags/example_branch_python_dop_operator_3.py
[2023-02-02T01:15:51.904+0000] {processor.py:743} INFO - Processing file /home/airflow/.local/lib/python3.7/site-packages/airflow/example_dags/example_branch_python_dop_operator_3.py for tasks to queue
[2023-02-02T01:15:51.905+0000] {logging_mixin.py:137} INFO - [2023-02-02T01:15:51.905+0000] {dagbag.py:538} INFO - Filling up the DagBag from /home/airflow/.local/lib/python3.7/site-packages/airflow/example_dags/example_branch_python_dop_operator_3.py
[2023-02-02T01:15:51.922+0000] {processor.py:753} INFO - DAG(s) dict_keys(['example_branch_dop_operator_v3']) retrieved from /home/airflow/.local/lib/python3.7/site-packages/airflow/example_dags/example_branch_python_dop_operator_3.py
[2023-02-02T01:15:51.939+0000] {logging_mixin.py:137} INFO - [2023-02-02T01:15:51.939+0000] {dag.py:2690} INFO - Sync 1 DAGs
[2023-02-02T01:15:51.960+0000] {logging_mixin.py:137} INFO - [2023-02-02T01:15:51.960+0000] {dag.py:3441} INFO - Setting next_dagrun for example_branch_dop_operator_v3 to 2023-02-02T01:14:00+00:00, run_after=2023-02-02T01:15:00+00:00
[2023-02-02T01:15:51.972+0000] {processor.py:175} INFO - Processing /home/airflow/.local/lib/python3.7/site-packages/airflow/example_dags/example_branch_python_dop_operator_3.py took 0.072 seconds
[2023-02-02T01:16:22.762+0000] {processor.py:153} INFO - Started process (PID=873) to work on /home/airflow/.local/lib/python3.7/site-packages/airflow/example_dags/example_branch_python_dop_operator_3.py
[2023-02-02T01:16:22.763+0000] {processor.py:743} INFO - Processing file /home/airflow/.local/lib/python3.7/site-packages/airflow/example_dags/example_branch_python_dop_operator_3.py for tasks to queue
[2023-02-02T01:16:22.764+0000] {logging_mixin.py:137} INFO - [2023-02-02T01:16:22.764+0000] {dagbag.py:538} INFO - Filling up the DagBag from /home/airflow/.local/lib/python3.7/site-packages/airflow/example_dags/example_branch_python_dop_operator_3.py
[2023-02-02T01:16:22.783+0000] {processor.py:753} INFO - DAG(s) dict_keys(['example_branch_dop_operator_v3']) retrieved from /home/airflow/.local/lib/python3.7/site-packages/airflow/example_dags/example_branch_python_dop_operator_3.py
[2023-02-02T01:16:22.799+0000] {logging_mixin.py:137} INFO - [2023-02-02T01:16:22.799+0000] {dag.py:2690} INFO - Sync 1 DAGs
[2023-02-02T01:16:22.821+0000] {logging_mixin.py:137} INFO - [2023-02-02T01:16:22.821+0000] {dag.py:3441} INFO - Setting next_dagrun for example_branch_dop_operator_v3 to 2023-02-02T01:15:00+00:00, run_after=2023-02-02T01:16:00+00:00
[2023-02-02T01:16:22.832+0000] {processor.py:175} INFO - Processing /home/airflow/.local/lib/python3.7/site-packages/airflow/example_dags/example_branch_python_dop_operator_3.py took 0.072 seconds
[2023-02-02T01:16:53.696+0000] {processor.py:153} INFO - Started process (PID=960) to work on /home/airflow/.local/lib/python3.7/site-packages/airflow/example_dags/example_branch_python_dop_operator_3.py
[2023-02-02T01:16:53.696+0000] {processor.py:743} INFO - Processing file /home/airflow/.local/lib/python3.7/site-packages/airflow/example_dags/example_branch_python_dop_operator_3.py for tasks to queue
[2023-02-02T01:16:53.697+0000] {logging_mixin.py:137} INFO - [2023-02-02T01:16:53.697+0000] {dagbag.py:538} INFO - Filling up the DagBag from /home/airflow/.local/lib/python3.7/site-packages/airflow/example_dags/example_branch_python_dop_operator_3.py
[2023-02-02T01:16:53.713+0000] {processor.py:753} INFO - DAG(s) dict_keys(['example_branch_dop_operator_v3']) retrieved from /home/airflow/.local/lib/python3.7/site-packages/airflow/example_dags/example_branch_python_dop_operator_3.py
[2023-02-02T01:16:53.729+0000] {logging_mixin.py:137} INFO - [2023-02-02T01:16:53.729+0000] {dag.py:2690} INFO - Sync 1 DAGs
[2023-02-02T01:16:53.748+0000] {logging_mixin.py:137} INFO - [2023-02-02T01:16:53.748+0000] {dag.py:3441} INFO - Setting next_dagrun for example_branch_dop_operator_v3 to 2023-02-02T01:15:00+00:00, run_after=2023-02-02T01:16:00+00:00
[2023-02-02T01:16:53.761+0000] {processor.py:175} INFO - Processing /home/airflow/.local/lib/python3.7/site-packages/airflow/example_dags/example_branch_python_dop_operator_3.py took 0.067 seconds
[2023-02-02T01:17:24.359+0000] {processor.py:153} INFO - Started process (PID=1040) to work on /home/airflow/.local/lib/python3.7/site-packages/airflow/example_dags/example_branch_python_dop_operator_3.py
[2023-02-02T01:17:24.360+0000] {processor.py:743} INFO - Processing file /home/airflow/.local/lib/python3.7/site-packages/airflow/example_dags/example_branch_python_dop_operator_3.py for tasks to queue
[2023-02-02T01:17:24.360+0000] {logging_mixin.py:137} INFO - [2023-02-02T01:17:24.360+0000] {dagbag.py:538} INFO - Filling up the DagBag from /home/airflow/.local/lib/python3.7/site-packages/airflow/example_dags/example_branch_python_dop_operator_3.py
[2023-02-02T01:17:24.377+0000] {processor.py:753} INFO - DAG(s) dict_keys(['example_branch_dop_operator_v3']) retrieved from /home/airflow/.local/lib/python3.7/site-packages/airflow/example_dags/example_branch_python_dop_operator_3.py
[2023-02-02T01:17:24.393+0000] {logging_mixin.py:137} INFO - [2023-02-02T01:17:24.392+0000] {dag.py:2690} INFO - Sync 1 DAGs
[2023-02-02T01:17:24.412+0000] {logging_mixin.py:137} INFO - [2023-02-02T01:17:24.412+0000] {dag.py:3441} INFO - Setting next_dagrun for example_branch_dop_operator_v3 to 2023-02-02T01:16:00+00:00, run_after=2023-02-02T01:17:00+00:00
[2023-02-02T01:17:24.425+0000] {processor.py:175} INFO - Processing /home/airflow/.local/lib/python3.7/site-packages/airflow/example_dags/example_branch_python_dop_operator_3.py took 0.067 seconds
[2023-02-02T01:17:55.339+0000] {processor.py:153} INFO - Started process (PID=1118) to work on /home/airflow/.local/lib/python3.7/site-packages/airflow/example_dags/example_branch_python_dop_operator_3.py
[2023-02-02T01:17:55.340+0000] {processor.py:743} INFO - Processing file /home/airflow/.local/lib/python3.7/site-packages/airflow/example_dags/example_branch_python_dop_operator_3.py for tasks to queue
[2023-02-02T01:17:55.340+0000] {logging_mixin.py:137} INFO - [2023-02-02T01:17:55.340+0000] {dagbag.py:538} INFO - Filling up the DagBag from /home/airflow/.local/lib/python3.7/site-packages/airflow/example_dags/example_branch_python_dop_operator_3.py
[2023-02-02T01:17:55.360+0000] {processor.py:753} INFO - DAG(s) dict_keys(['example_branch_dop_operator_v3']) retrieved from /home/airflow/.local/lib/python3.7/site-packages/airflow/example_dags/example_branch_python_dop_operator_3.py
[2023-02-02T01:17:55.378+0000] {logging_mixin.py:137} INFO - [2023-02-02T01:17:55.378+0000] {dag.py:2690} INFO - Sync 1 DAGs
[2023-02-02T01:17:55.399+0000] {logging_mixin.py:137} INFO - [2023-02-02T01:17:55.399+0000] {dag.py:3441} INFO - Setting next_dagrun for example_branch_dop_operator_v3 to 2023-02-02T01:16:00+00:00, run_after=2023-02-02T01:17:00+00:00
[2023-02-02T01:17:55.411+0000] {processor.py:175} INFO - Processing /home/airflow/.local/lib/python3.7/site-packages/airflow/example_dags/example_branch_python_dop_operator_3.py took 0.074 seconds
[2023-02-02T01:18:26.006+0000] {processor.py:153} INFO - Started process (PID=1205) to work on /home/airflow/.local/lib/python3.7/site-packages/airflow/example_dags/example_branch_python_dop_operator_3.py
[2023-02-02T01:18:26.006+0000] {processor.py:743} INFO - Processing file /home/airflow/.local/lib/python3.7/site-packages/airflow/example_dags/example_branch_python_dop_operator_3.py for tasks to queue
[2023-02-02T01:18:26.007+0000] {logging_mixin.py:137} INFO - [2023-02-02T01:18:26.007+0000] {dagbag.py:538} INFO - Filling up the DagBag from /home/airflow/.local/lib/python3.7/site-packages/airflow/example_dags/example_branch_python_dop_operator_3.py
[2023-02-02T01:18:26.024+0000] {processor.py:753} INFO - DAG(s) dict_keys(['example_branch_dop_operator_v3']) retrieved from /home/airflow/.local/lib/python3.7/site-packages/airflow/example_dags/example_branch_python_dop_operator_3.py
[2023-02-02T01:18:26.039+0000] {logging_mixin.py:137} INFO - [2023-02-02T01:18:26.039+0000] {dag.py:2690} INFO - Sync 1 DAGs
[2023-02-02T01:18:26.058+0000] {logging_mixin.py:137} INFO - [2023-02-02T01:18:26.058+0000] {dag.py:3441} INFO - Setting next_dagrun for example_branch_dop_operator_v3 to 2023-02-02T01:17:00+00:00, run_after=2023-02-02T01:18:00+00:00
[2023-02-02T01:18:26.070+0000] {processor.py:175} INFO - Processing /home/airflow/.local/lib/python3.7/site-packages/airflow/example_dags/example_branch_python_dop_operator_3.py took 0.066 seconds
[2023-02-02T01:18:56.947+0000] {processor.py:153} INFO - Started process (PID=1292) to work on /home/airflow/.local/lib/python3.7/site-packages/airflow/example_dags/example_branch_python_dop_operator_3.py
[2023-02-02T01:18:56.948+0000] {processor.py:743} INFO - Processing file /home/airflow/.local/lib/python3.7/site-packages/airflow/example_dags/example_branch_python_dop_operator_3.py for tasks to queue
[2023-02-02T01:18:56.949+0000] {logging_mixin.py:137} INFO - [2023-02-02T01:18:56.949+0000] {dagbag.py:538} INFO - Filling up the DagBag from /home/airflow/.local/lib/python3.7/site-packages/airflow/example_dags/example_branch_python_dop_operator_3.py
[2023-02-02T01:18:56.968+0000] {processor.py:753} INFO - DAG(s) dict_keys(['example_branch_dop_operator_v3']) retrieved from /home/airflow/.local/lib/python3.7/site-packages/airflow/example_dags/example_branch_python_dop_operator_3.py
[2023-02-02T01:18:56.984+0000] {logging_mixin.py:137} INFO - [2023-02-02T01:18:56.984+0000] {dag.py:2690} INFO - Sync 1 DAGs
[2023-02-02T01:18:57.008+0000] {logging_mixin.py:137} INFO - [2023-02-02T01:18:57.008+0000] {dag.py:3441} INFO - Setting next_dagrun for example_branch_dop_operator_v3 to 2023-02-02T01:17:00+00:00, run_after=2023-02-02T01:18:00+00:00
[2023-02-02T01:18:57.025+0000] {processor.py:175} INFO - Processing /home/airflow/.local/lib/python3.7/site-packages/airflow/example_dags/example_branch_python_dop_operator_3.py took 0.080 seconds
[2023-02-02T01:19:27.713+0000] {processor.py:153} INFO - Started process (PID=1363) to work on /home/airflow/.local/lib/python3.7/site-packages/airflow/example_dags/example_branch_python_dop_operator_3.py
[2023-02-02T01:19:27.713+0000] {processor.py:743} INFO - Processing file /home/airflow/.local/lib/python3.7/site-packages/airflow/example_dags/example_branch_python_dop_operator_3.py for tasks to queue
[2023-02-02T01:19:27.714+0000] {logging_mixin.py:137} INFO - [2023-02-02T01:19:27.714+0000] {dagbag.py:538} INFO - Filling up the DagBag from /home/airflow/.local/lib/python3.7/site-packages/airflow/example_dags/example_branch_python_dop_operator_3.py
[2023-02-02T01:19:27.734+0000] {processor.py:753} INFO - DAG(s) dict_keys(['example_branch_dop_operator_v3']) retrieved from /home/airflow/.local/lib/python3.7/site-packages/airflow/example_dags/example_branch_python_dop_operator_3.py
[2023-02-02T01:19:27.749+0000] {logging_mixin.py:137} INFO - [2023-02-02T01:19:27.749+0000] {dag.py:2690} INFO - Sync 1 DAGs
[2023-02-02T01:19:27.769+0000] {logging_mixin.py:137} INFO - [2023-02-02T01:19:27.769+0000] {dag.py:3441} INFO - Setting next_dagrun for example_branch_dop_operator_v3 to 2023-02-02T01:18:00+00:00, run_after=2023-02-02T01:19:00+00:00
[2023-02-02T01:19:27.783+0000] {processor.py:175} INFO - Processing /home/airflow/.local/lib/python3.7/site-packages/airflow/example_dags/example_branch_python_dop_operator_3.py took 0.072 seconds
[2023-02-02T01:19:58.396+0000] {processor.py:153} INFO - Started process (PID=1450) to work on /home/airflow/.local/lib/python3.7/site-packages/airflow/example_dags/example_branch_python_dop_operator_3.py
[2023-02-02T01:19:58.396+0000] {processor.py:743} INFO - Processing file /home/airflow/.local/lib/python3.7/site-packages/airflow/example_dags/example_branch_python_dop_operator_3.py for tasks to queue
[2023-02-02T01:19:58.397+0000] {logging_mixin.py:137} INFO - [2023-02-02T01:19:58.397+0000] {dagbag.py:538} INFO - Filling up the DagBag from /home/airflow/.local/lib/python3.7/site-packages/airflow/example_dags/example_branch_python_dop_operator_3.py
[2023-02-02T01:19:58.412+0000] {processor.py:753} INFO - DAG(s) dict_keys(['example_branch_dop_operator_v3']) retrieved from /home/airflow/.local/lib/python3.7/site-packages/airflow/example_dags/example_branch_python_dop_operator_3.py
[2023-02-02T01:19:58.428+0000] {logging_mixin.py:137} INFO - [2023-02-02T01:19:58.428+0000] {dag.py:2690} INFO - Sync 1 DAGs
[2023-02-02T01:19:58.447+0000] {logging_mixin.py:137} INFO - [2023-02-02T01:19:58.447+0000] {dag.py:3441} INFO - Setting next_dagrun for example_branch_dop_operator_v3 to 2023-02-02T01:18:00+00:00, run_after=2023-02-02T01:19:00+00:00
[2023-02-02T01:19:58.459+0000] {processor.py:175} INFO - Processing /home/airflow/.local/lib/python3.7/site-packages/airflow/example_dags/example_branch_python_dop_operator_3.py took 0.066 seconds
[2023-02-02T01:20:29.102+0000] {processor.py:153} INFO - Started process (PID=1537) to work on /home/airflow/.local/lib/python3.7/site-packages/airflow/example_dags/example_branch_python_dop_operator_3.py
[2023-02-02T01:20:29.102+0000] {processor.py:743} INFO - Processing file /home/airflow/.local/lib/python3.7/site-packages/airflow/example_dags/example_branch_python_dop_operator_3.py for tasks to queue
[2023-02-02T01:20:29.103+0000] {logging_mixin.py:137} INFO - [2023-02-02T01:20:29.103+0000] {dagbag.py:538} INFO - Filling up the DagBag from /home/airflow/.local/lib/python3.7/site-packages/airflow/example_dags/example_branch_python_dop_operator_3.py
[2023-02-02T01:20:29.119+0000] {processor.py:753} INFO - DAG(s) dict_keys(['example_branch_dop_operator_v3']) retrieved from /home/airflow/.local/lib/python3.7/site-packages/airflow/example_dags/example_branch_python_dop_operator_3.py
[2023-02-02T01:20:29.135+0000] {logging_mixin.py:137} INFO - [2023-02-02T01:20:29.135+0000] {dag.py:2690} INFO - Sync 1 DAGs
[2023-02-02T01:20:29.156+0000] {logging_mixin.py:137} INFO - [2023-02-02T01:20:29.155+0000] {dag.py:3441} INFO - Setting next_dagrun for example_branch_dop_operator_v3 to 2023-02-02T01:19:00+00:00, run_after=2023-02-02T01:20:00+00:00
[2023-02-02T01:20:29.167+0000] {processor.py:175} INFO - Processing /home/airflow/.local/lib/python3.7/site-packages/airflow/example_dags/example_branch_python_dop_operator_3.py took 0.068 seconds
[2023-02-02T01:20:59.949+0000] {processor.py:153} INFO - Started process (PID=1608) to work on /home/airflow/.local/lib/python3.7/site-packages/airflow/example_dags/example_branch_python_dop_operator_3.py
[2023-02-02T01:20:59.949+0000] {processor.py:743} INFO - Processing file /home/airflow/.local/lib/python3.7/site-packages/airflow/example_dags/example_branch_python_dop_operator_3.py for tasks to queue
[2023-02-02T01:20:59.950+0000] {logging_mixin.py:137} INFO - [2023-02-02T01:20:59.950+0000] {dagbag.py:538} INFO - Filling up the DagBag from /home/airflow/.local/lib/python3.7/site-packages/airflow/example_dags/example_branch_python_dop_operator_3.py
[2023-02-02T01:20:59.965+0000] {processor.py:753} INFO - DAG(s) dict_keys(['example_branch_dop_operator_v3']) retrieved from /home/airflow/.local/lib/python3.7/site-packages/airflow/example_dags/example_branch_python_dop_operator_3.py
[2023-02-02T01:20:59.979+0000] {logging_mixin.py:137} INFO - [2023-02-02T01:20:59.979+0000] {dag.py:2690} INFO - Sync 1 DAGs
[2023-02-02T01:20:59.998+0000] {logging_mixin.py:137} INFO - [2023-02-02T01:20:59.998+0000] {dag.py:3441} INFO - Setting next_dagrun for example_branch_dop_operator_v3 to 2023-02-02T01:19:00+00:00, run_after=2023-02-02T01:20:00+00:00
[2023-02-02T01:21:00.010+0000] {processor.py:175} INFO - Processing /home/airflow/.local/lib/python3.7/site-packages/airflow/example_dags/example_branch_python_dop_operator_3.py took 0.064 seconds
[2023-02-02T01:21:30.571+0000] {processor.py:153} INFO - Started process (PID=1695) to work on /home/airflow/.local/lib/python3.7/site-packages/airflow/example_dags/example_branch_python_dop_operator_3.py
[2023-02-02T01:21:30.571+0000] {processor.py:743} INFO - Processing file /home/airflow/.local/lib/python3.7/site-packages/airflow/example_dags/example_branch_python_dop_operator_3.py for tasks to queue
[2023-02-02T01:21:30.572+0000] {logging_mixin.py:137} INFO - [2023-02-02T01:21:30.572+0000] {dagbag.py:538} INFO - Filling up the DagBag from /home/airflow/.local/lib/python3.7/site-packages/airflow/example_dags/example_branch_python_dop_operator_3.py
[2023-02-02T01:21:30.587+0000] {processor.py:753} INFO - DAG(s) dict_keys(['example_branch_dop_operator_v3']) retrieved from /home/airflow/.local/lib/python3.7/site-packages/airflow/example_dags/example_branch_python_dop_operator_3.py
[2023-02-02T01:21:30.602+0000] {logging_mixin.py:137} INFO - [2023-02-02T01:21:30.602+0000] {dag.py:2690} INFO - Sync 1 DAGs
[2023-02-02T01:21:30.622+0000] {logging_mixin.py:137} INFO - [2023-02-02T01:21:30.622+0000] {dag.py:3441} INFO - Setting next_dagrun for example_branch_dop_operator_v3 to 2023-02-02T01:20:00+00:00, run_after=2023-02-02T01:21:00+00:00
[2023-02-02T01:21:30.637+0000] {processor.py:175} INFO - Processing /home/airflow/.local/lib/python3.7/site-packages/airflow/example_dags/example_branch_python_dop_operator_3.py took 0.068 seconds
[2023-02-02T01:22:01.284+0000] {processor.py:153} INFO - Started process (PID=1782) to work on /home/airflow/.local/lib/python3.7/site-packages/airflow/example_dags/example_branch_python_dop_operator_3.py
[2023-02-02T01:22:01.284+0000] {processor.py:743} INFO - Processing file /home/airflow/.local/lib/python3.7/site-packages/airflow/example_dags/example_branch_python_dop_operator_3.py for tasks to queue
[2023-02-02T01:22:01.285+0000] {logging_mixin.py:137} INFO - [2023-02-02T01:22:01.285+0000] {dagbag.py:538} INFO - Filling up the DagBag from /home/airflow/.local/lib/python3.7/site-packages/airflow/example_dags/example_branch_python_dop_operator_3.py
[2023-02-02T01:22:01.300+0000] {processor.py:753} INFO - DAG(s) dict_keys(['example_branch_dop_operator_v3']) retrieved from /home/airflow/.local/lib/python3.7/site-packages/airflow/example_dags/example_branch_python_dop_operator_3.py
[2023-02-02T01:22:01.316+0000] {logging_mixin.py:137} INFO - [2023-02-02T01:22:01.316+0000] {dag.py:2690} INFO - Sync 1 DAGs
[2023-02-02T01:22:01.336+0000] {logging_mixin.py:137} INFO - [2023-02-02T01:22:01.336+0000] {dag.py:3441} INFO - Setting next_dagrun for example_branch_dop_operator_v3 to 2023-02-02T01:21:00+00:00, run_after=2023-02-02T01:22:00+00:00
[2023-02-02T01:22:01.349+0000] {processor.py:175} INFO - Processing /home/airflow/.local/lib/python3.7/site-packages/airflow/example_dags/example_branch_python_dop_operator_3.py took 0.068 seconds
[2023-02-02T01:22:31.991+0000] {processor.py:153} INFO - Started process (PID=1853) to work on /home/airflow/.local/lib/python3.7/site-packages/airflow/example_dags/example_branch_python_dop_operator_3.py
[2023-02-02T01:22:31.992+0000] {processor.py:743} INFO - Processing file /home/airflow/.local/lib/python3.7/site-packages/airflow/example_dags/example_branch_python_dop_operator_3.py for tasks to queue
[2023-02-02T01:22:31.993+0000] {logging_mixin.py:137} INFO - [2023-02-02T01:22:31.992+0000] {dagbag.py:538} INFO - Filling up the DagBag from /home/airflow/.local/lib/python3.7/site-packages/airflow/example_dags/example_branch_python_dop_operator_3.py
[2023-02-02T01:22:32.008+0000] {processor.py:753} INFO - DAG(s) dict_keys(['example_branch_dop_operator_v3']) retrieved from /home/airflow/.local/lib/python3.7/site-packages/airflow/example_dags/example_branch_python_dop_operator_3.py
[2023-02-02T01:22:32.023+0000] {logging_mixin.py:137} INFO - [2023-02-02T01:22:32.023+0000] {dag.py:2690} INFO - Sync 1 DAGs
[2023-02-02T01:22:32.041+0000] {logging_mixin.py:137} INFO - [2023-02-02T01:22:32.041+0000] {dag.py:3441} INFO - Setting next_dagrun for example_branch_dop_operator_v3 to 2023-02-02T01:21:00+00:00, run_after=2023-02-02T01:22:00+00:00
[2023-02-02T01:22:32.054+0000] {processor.py:175} INFO - Processing /home/airflow/.local/lib/python3.7/site-packages/airflow/example_dags/example_branch_python_dop_operator_3.py took 0.064 seconds
[2023-02-02T01:23:02.880+0000] {processor.py:153} INFO - Started process (PID=1940) to work on /home/airflow/.local/lib/python3.7/site-packages/airflow/example_dags/example_branch_python_dop_operator_3.py
[2023-02-02T01:23:02.880+0000] {processor.py:743} INFO - Processing file /home/airflow/.local/lib/python3.7/site-packages/airflow/example_dags/example_branch_python_dop_operator_3.py for tasks to queue
[2023-02-02T01:23:02.881+0000] {logging_mixin.py:137} INFO - [2023-02-02T01:23:02.880+0000] {dagbag.py:538} INFO - Filling up the DagBag from /home/airflow/.local/lib/python3.7/site-packages/airflow/example_dags/example_branch_python_dop_operator_3.py
[2023-02-02T01:23:02.896+0000] {processor.py:753} INFO - DAG(s) dict_keys(['example_branch_dop_operator_v3']) retrieved from /home/airflow/.local/lib/python3.7/site-packages/airflow/example_dags/example_branch_python_dop_operator_3.py
[2023-02-02T01:23:02.912+0000] {logging_mixin.py:137} INFO - [2023-02-02T01:23:02.912+0000] {dag.py:2690} INFO - Sync 1 DAGs
[2023-02-02T01:23:02.931+0000] {logging_mixin.py:137} INFO - [2023-02-02T01:23:02.931+0000] {dag.py:3441} INFO - Setting next_dagrun for example_branch_dop_operator_v3 to 2023-02-02T01:22:00+00:00, run_after=2023-02-02T01:23:00+00:00
[2023-02-02T01:23:02.955+0000] {processor.py:175} INFO - Processing /home/airflow/.local/lib/python3.7/site-packages/airflow/example_dags/example_branch_python_dop_operator_3.py took 0.077 seconds
[2023-02-02T01:23:33.599+0000] {processor.py:153} INFO - Started process (PID=2027) to work on /home/airflow/.local/lib/python3.7/site-packages/airflow/example_dags/example_branch_python_dop_operator_3.py
[2023-02-02T01:23:33.600+0000] {processor.py:743} INFO - Processing file /home/airflow/.local/lib/python3.7/site-packages/airflow/example_dags/example_branch_python_dop_operator_3.py for tasks to queue
[2023-02-02T01:23:33.600+0000] {logging_mixin.py:137} INFO - [2023-02-02T01:23:33.600+0000] {dagbag.py:538} INFO - Filling up the DagBag from /home/airflow/.local/lib/python3.7/site-packages/airflow/example_dags/example_branch_python_dop_operator_3.py
[2023-02-02T01:23:33.617+0000] {processor.py:753} INFO - DAG(s) dict_keys(['example_branch_dop_operator_v3']) retrieved from /home/airflow/.local/lib/python3.7/site-packages/airflow/example_dags/example_branch_python_dop_operator_3.py
[2023-02-02T01:23:33.634+0000] {logging_mixin.py:137} INFO - [2023-02-02T01:23:33.634+0000] {dag.py:2690} INFO - Sync 1 DAGs
[2023-02-02T01:23:33.657+0000] {logging_mixin.py:137} INFO - [2023-02-02T01:23:33.657+0000] {dag.py:3441} INFO - Setting next_dagrun for example_branch_dop_operator_v3 to 2023-02-02T01:22:00+00:00, run_after=2023-02-02T01:23:00+00:00
[2023-02-02T01:23:33.668+0000] {processor.py:175} INFO - Processing /home/airflow/.local/lib/python3.7/site-packages/airflow/example_dags/example_branch_python_dop_operator_3.py took 0.071 seconds
[2023-02-02T01:24:04.399+0000] {processor.py:153} INFO - Started process (PID=2107) to work on /home/airflow/.local/lib/python3.7/site-packages/airflow/example_dags/example_branch_python_dop_operator_3.py
[2023-02-02T01:24:04.399+0000] {processor.py:743} INFO - Processing file /home/airflow/.local/lib/python3.7/site-packages/airflow/example_dags/example_branch_python_dop_operator_3.py for tasks to queue
[2023-02-02T01:24:04.400+0000] {logging_mixin.py:137} INFO - [2023-02-02T01:24:04.400+0000] {dagbag.py:538} INFO - Filling up the DagBag from /home/airflow/.local/lib/python3.7/site-packages/airflow/example_dags/example_branch_python_dop_operator_3.py
[2023-02-02T01:24:04.420+0000] {processor.py:753} INFO - DAG(s) dict_keys(['example_branch_dop_operator_v3']) retrieved from /home/airflow/.local/lib/python3.7/site-packages/airflow/example_dags/example_branch_python_dop_operator_3.py
[2023-02-02T01:24:04.439+0000] {logging_mixin.py:137} INFO - [2023-02-02T01:24:04.439+0000] {dag.py:2690} INFO - Sync 1 DAGs
[2023-02-02T01:24:04.458+0000] {logging_mixin.py:137} INFO - [2023-02-02T01:24:04.458+0000] {dag.py:3441} INFO - Setting next_dagrun for example_branch_dop_operator_v3 to 2023-02-02T01:23:00+00:00, run_after=2023-02-02T01:24:00+00:00
[2023-02-02T01:24:04.471+0000] {processor.py:175} INFO - Processing /home/airflow/.local/lib/python3.7/site-packages/airflow/example_dags/example_branch_python_dop_operator_3.py took 0.075 seconds
[2023-02-02T01:24:35.213+0000] {processor.py:153} INFO - Started process (PID=2185) to work on /home/airflow/.local/lib/python3.7/site-packages/airflow/example_dags/example_branch_python_dop_operator_3.py
[2023-02-02T01:24:35.213+0000] {processor.py:743} INFO - Processing file /home/airflow/.local/lib/python3.7/site-packages/airflow/example_dags/example_branch_python_dop_operator_3.py for tasks to queue
[2023-02-02T01:24:35.214+0000] {logging_mixin.py:137} INFO - [2023-02-02T01:24:35.214+0000] {dagbag.py:538} INFO - Filling up the DagBag from /home/airflow/.local/lib/python3.7/site-packages/airflow/example_dags/example_branch_python_dop_operator_3.py
[2023-02-02T01:24:35.229+0000] {processor.py:753} INFO - DAG(s) dict_keys(['example_branch_dop_operator_v3']) retrieved from /home/airflow/.local/lib/python3.7/site-packages/airflow/example_dags/example_branch_python_dop_operator_3.py
[2023-02-02T01:24:35.245+0000] {logging_mixin.py:137} INFO - [2023-02-02T01:24:35.245+0000] {dag.py:2690} INFO - Sync 1 DAGs
[2023-02-02T01:24:35.265+0000] {logging_mixin.py:137} INFO - [2023-02-02T01:24:35.265+0000] {dag.py:3441} INFO - Setting next_dagrun for example_branch_dop_operator_v3 to 2023-02-02T01:23:00+00:00, run_after=2023-02-02T01:24:00+00:00
[2023-02-02T01:24:35.277+0000] {processor.py:175} INFO - Processing /home/airflow/.local/lib/python3.7/site-packages/airflow/example_dags/example_branch_python_dop_operator_3.py took 0.067 seconds
[2023-02-02T01:25:05.934+0000] {processor.py:153} INFO - Started process (PID=2272) to work on /home/airflow/.local/lib/python3.7/site-packages/airflow/example_dags/example_branch_python_dop_operator_3.py
[2023-02-02T01:25:05.934+0000] {processor.py:743} INFO - Processing file /home/airflow/.local/lib/python3.7/site-packages/airflow/example_dags/example_branch_python_dop_operator_3.py for tasks to queue
[2023-02-02T01:25:05.935+0000] {logging_mixin.py:137} INFO - [2023-02-02T01:25:05.935+0000] {dagbag.py:538} INFO - Filling up the DagBag from /home/airflow/.local/lib/python3.7/site-packages/airflow/example_dags/example_branch_python_dop_operator_3.py
[2023-02-02T01:25:05.952+0000] {processor.py:753} INFO - DAG(s) dict_keys(['example_branch_dop_operator_v3']) retrieved from /home/airflow/.local/lib/python3.7/site-packages/airflow/example_dags/example_branch_python_dop_operator_3.py
[2023-02-02T01:25:05.968+0000] {logging_mixin.py:137} INFO - [2023-02-02T01:25:05.968+0000] {dag.py:2690} INFO - Sync 1 DAGs
[2023-02-02T01:25:05.987+0000] {logging_mixin.py:137} INFO - [2023-02-02T01:25:05.987+0000] {dag.py:3441} INFO - Setting next_dagrun for example_branch_dop_operator_v3 to 2023-02-02T01:24:00+00:00, run_after=2023-02-02T01:25:00+00:00
[2023-02-02T01:25:05.998+0000] {processor.py:175} INFO - Processing /home/airflow/.local/lib/python3.7/site-packages/airflow/example_dags/example_branch_python_dop_operator_3.py took 0.066 seconds
