[2023-02-02T01:11:15.644+0000] {processor.py:153} INFO - Started process (PID=66) to work on /home/airflow/.local/lib/python3.7/site-packages/airflow/example_dags/example_latest_only_with_trigger.py
[2023-02-02T01:11:15.645+0000] {processor.py:743} INFO - Processing file /home/airflow/.local/lib/python3.7/site-packages/airflow/example_dags/example_latest_only_with_trigger.py for tasks to queue
[2023-02-02T01:11:15.645+0000] {logging_mixin.py:137} INFO - [2023-02-02T01:11:15.645+0000] {dagbag.py:538} INFO - Filling up the DagBag from /home/airflow/.local/lib/python3.7/site-packages/airflow/example_dags/example_latest_only_with_trigger.py
[2023-02-02T01:11:15.661+0000] {processor.py:753} INFO - DAG(s) dict_keys(['latest_only_with_trigger']) retrieved from /home/airflow/.local/lib/python3.7/site-packages/airflow/example_dags/example_latest_only_with_trigger.py
[2023-02-02T01:11:15.670+0000] {logging_mixin.py:137} INFO - [2023-02-02T01:11:15.670+0000] {dag.py:2690} INFO - Sync 1 DAGs
[2023-02-02T01:11:15.688+0000] {logging_mixin.py:137} INFO - [2023-02-02T01:11:15.688+0000] {dag.py:3441} INFO - Setting next_dagrun for latest_only_with_trigger to 2023-02-01T21:11:15.688267+00:00, run_after=2023-02-02T01:11:15.688267+00:00
[2023-02-02T01:11:15.703+0000] {processor.py:175} INFO - Processing /home/airflow/.local/lib/python3.7/site-packages/airflow/example_dags/example_latest_only_with_trigger.py took 0.062 seconds
[2023-02-02T01:11:46.452+0000] {processor.py:153} INFO - Started process (PID=153) to work on /home/airflow/.local/lib/python3.7/site-packages/airflow/example_dags/example_latest_only_with_trigger.py
[2023-02-02T01:11:46.452+0000] {processor.py:743} INFO - Processing file /home/airflow/.local/lib/python3.7/site-packages/airflow/example_dags/example_latest_only_with_trigger.py for tasks to queue
[2023-02-02T01:11:46.453+0000] {logging_mixin.py:137} INFO - [2023-02-02T01:11:46.453+0000] {dagbag.py:538} INFO - Filling up the DagBag from /home/airflow/.local/lib/python3.7/site-packages/airflow/example_dags/example_latest_only_with_trigger.py
[2023-02-02T01:11:46.463+0000] {processor.py:753} INFO - DAG(s) dict_keys(['latest_only_with_trigger']) retrieved from /home/airflow/.local/lib/python3.7/site-packages/airflow/example_dags/example_latest_only_with_trigger.py
[2023-02-02T01:11:46.481+0000] {logging_mixin.py:137} INFO - [2023-02-02T01:11:46.481+0000] {dag.py:2690} INFO - Sync 1 DAGs
[2023-02-02T01:11:46.499+0000] {logging_mixin.py:137} INFO - [2023-02-02T01:11:46.499+0000] {dag.py:3441} INFO - Setting next_dagrun for latest_only_with_trigger to 2023-02-01T21:11:46.499155+00:00, run_after=2023-02-02T01:11:46.499155+00:00
[2023-02-02T01:11:46.511+0000] {processor.py:175} INFO - Processing /home/airflow/.local/lib/python3.7/site-packages/airflow/example_dags/example_latest_only_with_trigger.py took 0.061 seconds
[2023-02-02T01:12:17.336+0000] {processor.py:153} INFO - Started process (PID=240) to work on /home/airflow/.local/lib/python3.7/site-packages/airflow/example_dags/example_latest_only_with_trigger.py
[2023-02-02T01:12:17.336+0000] {processor.py:743} INFO - Processing file /home/airflow/.local/lib/python3.7/site-packages/airflow/example_dags/example_latest_only_with_trigger.py for tasks to queue
[2023-02-02T01:12:17.337+0000] {logging_mixin.py:137} INFO - [2023-02-02T01:12:17.337+0000] {dagbag.py:538} INFO - Filling up the DagBag from /home/airflow/.local/lib/python3.7/site-packages/airflow/example_dags/example_latest_only_with_trigger.py
[2023-02-02T01:12:17.348+0000] {processor.py:753} INFO - DAG(s) dict_keys(['latest_only_with_trigger']) retrieved from /home/airflow/.local/lib/python3.7/site-packages/airflow/example_dags/example_latest_only_with_trigger.py
[2023-02-02T01:12:17.367+0000] {logging_mixin.py:137} INFO - [2023-02-02T01:12:17.367+0000] {dag.py:2690} INFO - Sync 1 DAGs
[2023-02-02T01:12:17.388+0000] {logging_mixin.py:137} INFO - [2023-02-02T01:12:17.388+0000] {dag.py:3441} INFO - Setting next_dagrun for latest_only_with_trigger to 2023-02-01T21:12:17.388422+00:00, run_after=2023-02-02T01:12:17.388422+00:00
[2023-02-02T01:12:17.402+0000] {processor.py:175} INFO - Processing /home/airflow/.local/lib/python3.7/site-packages/airflow/example_dags/example_latest_only_with_trigger.py took 0.069 seconds
[2023-02-02T01:12:48.097+0000] {processor.py:153} INFO - Started process (PID=311) to work on /home/airflow/.local/lib/python3.7/site-packages/airflow/example_dags/example_latest_only_with_trigger.py
[2023-02-02T01:12:48.098+0000] {processor.py:743} INFO - Processing file /home/airflow/.local/lib/python3.7/site-packages/airflow/example_dags/example_latest_only_with_trigger.py for tasks to queue
[2023-02-02T01:12:48.099+0000] {logging_mixin.py:137} INFO - [2023-02-02T01:12:48.098+0000] {dagbag.py:538} INFO - Filling up the DagBag from /home/airflow/.local/lib/python3.7/site-packages/airflow/example_dags/example_latest_only_with_trigger.py
[2023-02-02T01:12:48.111+0000] {processor.py:753} INFO - DAG(s) dict_keys(['latest_only_with_trigger']) retrieved from /home/airflow/.local/lib/python3.7/site-packages/airflow/example_dags/example_latest_only_with_trigger.py
[2023-02-02T01:12:48.128+0000] {logging_mixin.py:137} INFO - [2023-02-02T01:12:48.128+0000] {dag.py:2690} INFO - Sync 1 DAGs
[2023-02-02T01:12:48.146+0000] {logging_mixin.py:137} INFO - [2023-02-02T01:12:48.146+0000] {dag.py:3441} INFO - Setting next_dagrun for latest_only_with_trigger to 2023-02-01T21:12:48.146056+00:00, run_after=2023-02-02T01:12:48.146056+00:00
[2023-02-02T01:12:48.158+0000] {processor.py:175} INFO - Processing /home/airflow/.local/lib/python3.7/site-packages/airflow/example_dags/example_latest_only_with_trigger.py took 0.064 seconds
[2023-02-02T01:13:18.820+0000] {processor.py:153} INFO - Started process (PID=398) to work on /home/airflow/.local/lib/python3.7/site-packages/airflow/example_dags/example_latest_only_with_trigger.py
[2023-02-02T01:13:18.821+0000] {processor.py:743} INFO - Processing file /home/airflow/.local/lib/python3.7/site-packages/airflow/example_dags/example_latest_only_with_trigger.py for tasks to queue
[2023-02-02T01:13:18.821+0000] {logging_mixin.py:137} INFO - [2023-02-02T01:13:18.821+0000] {dagbag.py:538} INFO - Filling up the DagBag from /home/airflow/.local/lib/python3.7/site-packages/airflow/example_dags/example_latest_only_with_trigger.py
[2023-02-02T01:13:18.830+0000] {processor.py:753} INFO - DAG(s) dict_keys(['latest_only_with_trigger']) retrieved from /home/airflow/.local/lib/python3.7/site-packages/airflow/example_dags/example_latest_only_with_trigger.py
[2023-02-02T01:13:18.846+0000] {logging_mixin.py:137} INFO - [2023-02-02T01:13:18.846+0000] {dag.py:2690} INFO - Sync 1 DAGs
[2023-02-02T01:13:18.862+0000] {logging_mixin.py:137} INFO - [2023-02-02T01:13:18.862+0000] {dag.py:3441} INFO - Setting next_dagrun for latest_only_with_trigger to 2023-02-01T21:13:18.861966+00:00, run_after=2023-02-02T01:13:18.861966+00:00
[2023-02-02T01:13:18.876+0000] {processor.py:175} INFO - Processing /home/airflow/.local/lib/python3.7/site-packages/airflow/example_dags/example_latest_only_with_trigger.py took 0.057 seconds
[2023-02-02T01:13:49.571+0000] {processor.py:153} INFO - Started process (PID=485) to work on /home/airflow/.local/lib/python3.7/site-packages/airflow/example_dags/example_latest_only_with_trigger.py
[2023-02-02T01:13:49.571+0000] {processor.py:743} INFO - Processing file /home/airflow/.local/lib/python3.7/site-packages/airflow/example_dags/example_latest_only_with_trigger.py for tasks to queue
[2023-02-02T01:13:49.572+0000] {logging_mixin.py:137} INFO - [2023-02-02T01:13:49.572+0000] {dagbag.py:538} INFO - Filling up the DagBag from /home/airflow/.local/lib/python3.7/site-packages/airflow/example_dags/example_latest_only_with_trigger.py
[2023-02-02T01:13:49.581+0000] {processor.py:753} INFO - DAG(s) dict_keys(['latest_only_with_trigger']) retrieved from /home/airflow/.local/lib/python3.7/site-packages/airflow/example_dags/example_latest_only_with_trigger.py
[2023-02-02T01:13:49.598+0000] {logging_mixin.py:137} INFO - [2023-02-02T01:13:49.597+0000] {dag.py:2690} INFO - Sync 1 DAGs
[2023-02-02T01:13:49.615+0000] {logging_mixin.py:137} INFO - [2023-02-02T01:13:49.614+0000] {dag.py:3441} INFO - Setting next_dagrun for latest_only_with_trigger to 2023-02-01T21:13:49.614782+00:00, run_after=2023-02-02T01:13:49.614782+00:00
[2023-02-02T01:13:49.629+0000] {processor.py:175} INFO - Processing /home/airflow/.local/lib/python3.7/site-packages/airflow/example_dags/example_latest_only_with_trigger.py took 0.060 seconds
[2023-02-02T01:14:20.326+0000] {processor.py:153} INFO - Started process (PID=556) to work on /home/airflow/.local/lib/python3.7/site-packages/airflow/example_dags/example_latest_only_with_trigger.py
[2023-02-02T01:14:20.327+0000] {processor.py:743} INFO - Processing file /home/airflow/.local/lib/python3.7/site-packages/airflow/example_dags/example_latest_only_with_trigger.py for tasks to queue
[2023-02-02T01:14:20.328+0000] {logging_mixin.py:137} INFO - [2023-02-02T01:14:20.328+0000] {dagbag.py:538} INFO - Filling up the DagBag from /home/airflow/.local/lib/python3.7/site-packages/airflow/example_dags/example_latest_only_with_trigger.py
[2023-02-02T01:14:20.338+0000] {processor.py:753} INFO - DAG(s) dict_keys(['latest_only_with_trigger']) retrieved from /home/airflow/.local/lib/python3.7/site-packages/airflow/example_dags/example_latest_only_with_trigger.py
[2023-02-02T01:14:20.355+0000] {logging_mixin.py:137} INFO - [2023-02-02T01:14:20.355+0000] {dag.py:2690} INFO - Sync 1 DAGs
[2023-02-02T01:14:20.371+0000] {logging_mixin.py:137} INFO - [2023-02-02T01:14:20.371+0000] {dag.py:3441} INFO - Setting next_dagrun for latest_only_with_trigger to 2023-02-01T21:14:20.370825+00:00, run_after=2023-02-02T01:14:20.370825+00:00
[2023-02-02T01:14:20.383+0000] {processor.py:175} INFO - Processing /home/airflow/.local/lib/python3.7/site-packages/airflow/example_dags/example_latest_only_with_trigger.py took 0.059 seconds
[2023-02-02T01:14:51.014+0000] {processor.py:153} INFO - Started process (PID=643) to work on /home/airflow/.local/lib/python3.7/site-packages/airflow/example_dags/example_latest_only_with_trigger.py
[2023-02-02T01:14:51.015+0000] {processor.py:743} INFO - Processing file /home/airflow/.local/lib/python3.7/site-packages/airflow/example_dags/example_latest_only_with_trigger.py for tasks to queue
[2023-02-02T01:14:51.016+0000] {logging_mixin.py:137} INFO - [2023-02-02T01:14:51.015+0000] {dagbag.py:538} INFO - Filling up the DagBag from /home/airflow/.local/lib/python3.7/site-packages/airflow/example_dags/example_latest_only_with_trigger.py
[2023-02-02T01:14:51.028+0000] {processor.py:753} INFO - DAG(s) dict_keys(['latest_only_with_trigger']) retrieved from /home/airflow/.local/lib/python3.7/site-packages/airflow/example_dags/example_latest_only_with_trigger.py
[2023-02-02T01:14:51.047+0000] {logging_mixin.py:137} INFO - [2023-02-02T01:14:51.047+0000] {dag.py:2690} INFO - Sync 1 DAGs
[2023-02-02T01:14:51.065+0000] {logging_mixin.py:137} INFO - [2023-02-02T01:14:51.065+0000] {dag.py:3441} INFO - Setting next_dagrun for latest_only_with_trigger to 2023-02-01T21:14:51.065245+00:00, run_after=2023-02-02T01:14:51.065245+00:00
[2023-02-02T01:14:51.078+0000] {processor.py:175} INFO - Processing /home/airflow/.local/lib/python3.7/site-packages/airflow/example_dags/example_latest_only_with_trigger.py took 0.066 seconds
[2023-02-02T01:15:21.789+0000] {processor.py:153} INFO - Started process (PID=730) to work on /home/airflow/.local/lib/python3.7/site-packages/airflow/example_dags/example_latest_only_with_trigger.py
[2023-02-02T01:15:21.790+0000] {processor.py:743} INFO - Processing file /home/airflow/.local/lib/python3.7/site-packages/airflow/example_dags/example_latest_only_with_trigger.py for tasks to queue
[2023-02-02T01:15:21.790+0000] {logging_mixin.py:137} INFO - [2023-02-02T01:15:21.790+0000] {dagbag.py:538} INFO - Filling up the DagBag from /home/airflow/.local/lib/python3.7/site-packages/airflow/example_dags/example_latest_only_with_trigger.py
[2023-02-02T01:15:21.801+0000] {processor.py:753} INFO - DAG(s) dict_keys(['latest_only_with_trigger']) retrieved from /home/airflow/.local/lib/python3.7/site-packages/airflow/example_dags/example_latest_only_with_trigger.py
[2023-02-02T01:15:21.820+0000] {logging_mixin.py:137} INFO - [2023-02-02T01:15:21.820+0000] {dag.py:2690} INFO - Sync 1 DAGs
[2023-02-02T01:15:21.839+0000] {logging_mixin.py:137} INFO - [2023-02-02T01:15:21.839+0000] {dag.py:3441} INFO - Setting next_dagrun for latest_only_with_trigger to 2023-02-01T21:15:21.839396+00:00, run_after=2023-02-02T01:15:21.839396+00:00
[2023-02-02T01:15:21.852+0000] {processor.py:175} INFO - Processing /home/airflow/.local/lib/python3.7/site-packages/airflow/example_dags/example_latest_only_with_trigger.py took 0.066 seconds
[2023-02-02T01:15:52.568+0000] {processor.py:153} INFO - Started process (PID=808) to work on /home/airflow/.local/lib/python3.7/site-packages/airflow/example_dags/example_latest_only_with_trigger.py
[2023-02-02T01:15:52.569+0000] {processor.py:743} INFO - Processing file /home/airflow/.local/lib/python3.7/site-packages/airflow/example_dags/example_latest_only_with_trigger.py for tasks to queue
[2023-02-02T01:15:52.570+0000] {logging_mixin.py:137} INFO - [2023-02-02T01:15:52.570+0000] {dagbag.py:538} INFO - Filling up the DagBag from /home/airflow/.local/lib/python3.7/site-packages/airflow/example_dags/example_latest_only_with_trigger.py
[2023-02-02T01:15:52.580+0000] {processor.py:753} INFO - DAG(s) dict_keys(['latest_only_with_trigger']) retrieved from /home/airflow/.local/lib/python3.7/site-packages/airflow/example_dags/example_latest_only_with_trigger.py
[2023-02-02T01:15:52.595+0000] {logging_mixin.py:137} INFO - [2023-02-02T01:15:52.595+0000] {dag.py:2690} INFO - Sync 1 DAGs
[2023-02-02T01:15:52.612+0000] {logging_mixin.py:137} INFO - [2023-02-02T01:15:52.611+0000] {dag.py:3441} INFO - Setting next_dagrun for latest_only_with_trigger to 2023-02-01T21:15:52.611821+00:00, run_after=2023-02-02T01:15:52.611821+00:00
[2023-02-02T01:15:52.625+0000] {processor.py:175} INFO - Processing /home/airflow/.local/lib/python3.7/site-packages/airflow/example_dags/example_latest_only_with_trigger.py took 0.060 seconds
[2023-02-02T01:16:23.444+0000] {processor.py:153} INFO - Started process (PID=888) to work on /home/airflow/.local/lib/python3.7/site-packages/airflow/example_dags/example_latest_only_with_trigger.py
[2023-02-02T01:16:23.445+0000] {processor.py:743} INFO - Processing file /home/airflow/.local/lib/python3.7/site-packages/airflow/example_dags/example_latest_only_with_trigger.py for tasks to queue
[2023-02-02T01:16:23.445+0000] {logging_mixin.py:137} INFO - [2023-02-02T01:16:23.445+0000] {dagbag.py:538} INFO - Filling up the DagBag from /home/airflow/.local/lib/python3.7/site-packages/airflow/example_dags/example_latest_only_with_trigger.py
[2023-02-02T01:16:23.460+0000] {processor.py:753} INFO - DAG(s) dict_keys(['latest_only_with_trigger']) retrieved from /home/airflow/.local/lib/python3.7/site-packages/airflow/example_dags/example_latest_only_with_trigger.py
[2023-02-02T01:16:23.477+0000] {logging_mixin.py:137} INFO - [2023-02-02T01:16:23.477+0000] {dag.py:2690} INFO - Sync 1 DAGs
[2023-02-02T01:16:23.494+0000] {logging_mixin.py:137} INFO - [2023-02-02T01:16:23.494+0000] {dag.py:3441} INFO - Setting next_dagrun for latest_only_with_trigger to 2023-02-01T21:16:23.494700+00:00, run_after=2023-02-02T01:16:23.494700+00:00
[2023-02-02T01:16:23.509+0000] {processor.py:175} INFO - Processing /home/airflow/.local/lib/python3.7/site-packages/airflow/example_dags/example_latest_only_with_trigger.py took 0.068 seconds
[2023-02-02T01:16:54.330+0000] {processor.py:153} INFO - Started process (PID=975) to work on /home/airflow/.local/lib/python3.7/site-packages/airflow/example_dags/example_latest_only_with_trigger.py
[2023-02-02T01:16:54.331+0000] {processor.py:743} INFO - Processing file /home/airflow/.local/lib/python3.7/site-packages/airflow/example_dags/example_latest_only_with_trigger.py for tasks to queue
[2023-02-02T01:16:54.332+0000] {logging_mixin.py:137} INFO - [2023-02-02T01:16:54.331+0000] {dagbag.py:538} INFO - Filling up the DagBag from /home/airflow/.local/lib/python3.7/site-packages/airflow/example_dags/example_latest_only_with_trigger.py
[2023-02-02T01:16:54.343+0000] {processor.py:753} INFO - DAG(s) dict_keys(['latest_only_with_trigger']) retrieved from /home/airflow/.local/lib/python3.7/site-packages/airflow/example_dags/example_latest_only_with_trigger.py
[2023-02-02T01:16:54.362+0000] {logging_mixin.py:137} INFO - [2023-02-02T01:16:54.361+0000] {dag.py:2690} INFO - Sync 1 DAGs
[2023-02-02T01:16:54.382+0000] {logging_mixin.py:137} INFO - [2023-02-02T01:16:54.382+0000] {dag.py:3441} INFO - Setting next_dagrun for latest_only_with_trigger to 2023-02-01T21:16:54.382332+00:00, run_after=2023-02-02T01:16:54.382332+00:00
[2023-02-02T01:16:54.396+0000] {processor.py:175} INFO - Processing /home/airflow/.local/lib/python3.7/site-packages/airflow/example_dags/example_latest_only_with_trigger.py took 0.069 seconds
[2023-02-02T01:17:25.090+0000] {processor.py:153} INFO - Started process (PID=1062) to work on /home/airflow/.local/lib/python3.7/site-packages/airflow/example_dags/example_latest_only_with_trigger.py
[2023-02-02T01:17:25.090+0000] {processor.py:743} INFO - Processing file /home/airflow/.local/lib/python3.7/site-packages/airflow/example_dags/example_latest_only_with_trigger.py for tasks to queue
[2023-02-02T01:17:25.091+0000] {logging_mixin.py:137} INFO - [2023-02-02T01:17:25.091+0000] {dagbag.py:538} INFO - Filling up the DagBag from /home/airflow/.local/lib/python3.7/site-packages/airflow/example_dags/example_latest_only_with_trigger.py
[2023-02-02T01:17:25.104+0000] {processor.py:753} INFO - DAG(s) dict_keys(['latest_only_with_trigger']) retrieved from /home/airflow/.local/lib/python3.7/site-packages/airflow/example_dags/example_latest_only_with_trigger.py
[2023-02-02T01:17:25.126+0000] {logging_mixin.py:137} INFO - [2023-02-02T01:17:25.126+0000] {dag.py:2690} INFO - Sync 1 DAGs
[2023-02-02T01:17:25.149+0000] {logging_mixin.py:137} INFO - [2023-02-02T01:17:25.149+0000] {dag.py:3441} INFO - Setting next_dagrun for latest_only_with_trigger to 2023-02-01T21:17:25.149621+00:00, run_after=2023-02-02T01:17:25.149621+00:00
[2023-02-02T01:17:25.162+0000] {processor.py:175} INFO - Processing /home/airflow/.local/lib/python3.7/site-packages/airflow/example_dags/example_latest_only_with_trigger.py took 0.075 seconds
[2023-02-02T01:17:55.992+0000] {processor.py:153} INFO - Started process (PID=1133) to work on /home/airflow/.local/lib/python3.7/site-packages/airflow/example_dags/example_latest_only_with_trigger.py
[2023-02-02T01:17:55.993+0000] {processor.py:743} INFO - Processing file /home/airflow/.local/lib/python3.7/site-packages/airflow/example_dags/example_latest_only_with_trigger.py for tasks to queue
[2023-02-02T01:17:55.993+0000] {logging_mixin.py:137} INFO - [2023-02-02T01:17:55.993+0000] {dagbag.py:538} INFO - Filling up the DagBag from /home/airflow/.local/lib/python3.7/site-packages/airflow/example_dags/example_latest_only_with_trigger.py
[2023-02-02T01:17:56.004+0000] {processor.py:753} INFO - DAG(s) dict_keys(['latest_only_with_trigger']) retrieved from /home/airflow/.local/lib/python3.7/site-packages/airflow/example_dags/example_latest_only_with_trigger.py
[2023-02-02T01:17:56.020+0000] {logging_mixin.py:137} INFO - [2023-02-02T01:17:56.020+0000] {dag.py:2690} INFO - Sync 1 DAGs
[2023-02-02T01:17:56.035+0000] {logging_mixin.py:137} INFO - [2023-02-02T01:17:56.035+0000] {dag.py:3441} INFO - Setting next_dagrun for latest_only_with_trigger to 2023-02-01T21:17:56.035739+00:00, run_after=2023-02-02T01:17:56.035739+00:00
[2023-02-02T01:17:56.047+0000] {processor.py:175} INFO - Processing /home/airflow/.local/lib/python3.7/site-packages/airflow/example_dags/example_latest_only_with_trigger.py took 0.056 seconds
[2023-02-02T01:18:26.723+0000] {processor.py:153} INFO - Started process (PID=1220) to work on /home/airflow/.local/lib/python3.7/site-packages/airflow/example_dags/example_latest_only_with_trigger.py
[2023-02-02T01:18:26.724+0000] {processor.py:743} INFO - Processing file /home/airflow/.local/lib/python3.7/site-packages/airflow/example_dags/example_latest_only_with_trigger.py for tasks to queue
[2023-02-02T01:18:26.725+0000] {logging_mixin.py:137} INFO - [2023-02-02T01:18:26.724+0000] {dagbag.py:538} INFO - Filling up the DagBag from /home/airflow/.local/lib/python3.7/site-packages/airflow/example_dags/example_latest_only_with_trigger.py
[2023-02-02T01:18:26.734+0000] {processor.py:753} INFO - DAG(s) dict_keys(['latest_only_with_trigger']) retrieved from /home/airflow/.local/lib/python3.7/site-packages/airflow/example_dags/example_latest_only_with_trigger.py
[2023-02-02T01:18:26.752+0000] {logging_mixin.py:137} INFO - [2023-02-02T01:18:26.752+0000] {dag.py:2690} INFO - Sync 1 DAGs
[2023-02-02T01:18:26.770+0000] {logging_mixin.py:137} INFO - [2023-02-02T01:18:26.770+0000] {dag.py:3441} INFO - Setting next_dagrun for latest_only_with_trigger to 2023-02-01T21:18:26.769993+00:00, run_after=2023-02-02T01:18:26.769993+00:00
[2023-02-02T01:18:26.781+0000] {processor.py:175} INFO - Processing /home/airflow/.local/lib/python3.7/site-packages/airflow/example_dags/example_latest_only_with_trigger.py took 0.061 seconds
[2023-02-02T01:18:57.622+0000] {processor.py:153} INFO - Started process (PID=1307) to work on /home/airflow/.local/lib/python3.7/site-packages/airflow/example_dags/example_latest_only_with_trigger.py
[2023-02-02T01:18:57.622+0000] {processor.py:743} INFO - Processing file /home/airflow/.local/lib/python3.7/site-packages/airflow/example_dags/example_latest_only_with_trigger.py for tasks to queue
[2023-02-02T01:18:57.623+0000] {logging_mixin.py:137} INFO - [2023-02-02T01:18:57.623+0000] {dagbag.py:538} INFO - Filling up the DagBag from /home/airflow/.local/lib/python3.7/site-packages/airflow/example_dags/example_latest_only_with_trigger.py
[2023-02-02T01:18:57.632+0000] {processor.py:753} INFO - DAG(s) dict_keys(['latest_only_with_trigger']) retrieved from /home/airflow/.local/lib/python3.7/site-packages/airflow/example_dags/example_latest_only_with_trigger.py
[2023-02-02T01:18:57.647+0000] {logging_mixin.py:137} INFO - [2023-02-02T01:18:57.647+0000] {dag.py:2690} INFO - Sync 1 DAGs
[2023-02-02T01:18:57.665+0000] {logging_mixin.py:137} INFO - [2023-02-02T01:18:57.665+0000] {dag.py:3441} INFO - Setting next_dagrun for latest_only_with_trigger to 2023-02-01T21:18:57.665034+00:00, run_after=2023-02-02T01:18:57.665034+00:00
[2023-02-02T01:18:57.677+0000] {processor.py:175} INFO - Processing /home/airflow/.local/lib/python3.7/site-packages/airflow/example_dags/example_latest_only_with_trigger.py took 0.057 seconds
[2023-02-02T01:19:28.337+0000] {processor.py:153} INFO - Started process (PID=1378) to work on /home/airflow/.local/lib/python3.7/site-packages/airflow/example_dags/example_latest_only_with_trigger.py
[2023-02-02T01:19:28.338+0000] {processor.py:743} INFO - Processing file /home/airflow/.local/lib/python3.7/site-packages/airflow/example_dags/example_latest_only_with_trigger.py for tasks to queue
[2023-02-02T01:19:28.338+0000] {logging_mixin.py:137} INFO - [2023-02-02T01:19:28.338+0000] {dagbag.py:538} INFO - Filling up the DagBag from /home/airflow/.local/lib/python3.7/site-packages/airflow/example_dags/example_latest_only_with_trigger.py
[2023-02-02T01:19:28.347+0000] {processor.py:753} INFO - DAG(s) dict_keys(['latest_only_with_trigger']) retrieved from /home/airflow/.local/lib/python3.7/site-packages/airflow/example_dags/example_latest_only_with_trigger.py
[2023-02-02T01:19:28.364+0000] {logging_mixin.py:137} INFO - [2023-02-02T01:19:28.364+0000] {dag.py:2690} INFO - Sync 1 DAGs
[2023-02-02T01:19:28.381+0000] {logging_mixin.py:137} INFO - [2023-02-02T01:19:28.381+0000] {dag.py:3441} INFO - Setting next_dagrun for latest_only_with_trigger to 2023-02-01T21:19:28.381764+00:00, run_after=2023-02-02T01:19:28.381764+00:00
[2023-02-02T01:19:28.394+0000] {processor.py:175} INFO - Processing /home/airflow/.local/lib/python3.7/site-packages/airflow/example_dags/example_latest_only_with_trigger.py took 0.059 seconds
[2023-02-02T01:19:59.020+0000] {processor.py:153} INFO - Started process (PID=1465) to work on /home/airflow/.local/lib/python3.7/site-packages/airflow/example_dags/example_latest_only_with_trigger.py
[2023-02-02T01:19:59.020+0000] {processor.py:743} INFO - Processing file /home/airflow/.local/lib/python3.7/site-packages/airflow/example_dags/example_latest_only_with_trigger.py for tasks to queue
[2023-02-02T01:19:59.021+0000] {logging_mixin.py:137} INFO - [2023-02-02T01:19:59.021+0000] {dagbag.py:538} INFO - Filling up the DagBag from /home/airflow/.local/lib/python3.7/site-packages/airflow/example_dags/example_latest_only_with_trigger.py
[2023-02-02T01:19:59.032+0000] {processor.py:753} INFO - DAG(s) dict_keys(['latest_only_with_trigger']) retrieved from /home/airflow/.local/lib/python3.7/site-packages/airflow/example_dags/example_latest_only_with_trigger.py
[2023-02-02T01:19:59.052+0000] {logging_mixin.py:137} INFO - [2023-02-02T01:19:59.052+0000] {dag.py:2690} INFO - Sync 1 DAGs
[2023-02-02T01:19:59.072+0000] {logging_mixin.py:137} INFO - [2023-02-02T01:19:59.072+0000] {dag.py:3441} INFO - Setting next_dagrun for latest_only_with_trigger to 2023-02-01T21:19:59.071944+00:00, run_after=2023-02-02T01:19:59.071944+00:00
[2023-02-02T01:19:59.087+0000] {processor.py:175} INFO - Processing /home/airflow/.local/lib/python3.7/site-packages/airflow/example_dags/example_latest_only_with_trigger.py took 0.069 seconds
[2023-02-02T01:20:29.843+0000] {processor.py:153} INFO - Started process (PID=1552) to work on /home/airflow/.local/lib/python3.7/site-packages/airflow/example_dags/example_latest_only_with_trigger.py
[2023-02-02T01:20:29.844+0000] {processor.py:743} INFO - Processing file /home/airflow/.local/lib/python3.7/site-packages/airflow/example_dags/example_latest_only_with_trigger.py for tasks to queue
[2023-02-02T01:20:29.844+0000] {logging_mixin.py:137} INFO - [2023-02-02T01:20:29.844+0000] {dagbag.py:538} INFO - Filling up the DagBag from /home/airflow/.local/lib/python3.7/site-packages/airflow/example_dags/example_latest_only_with_trigger.py
[2023-02-02T01:20:29.855+0000] {processor.py:753} INFO - DAG(s) dict_keys(['latest_only_with_trigger']) retrieved from /home/airflow/.local/lib/python3.7/site-packages/airflow/example_dags/example_latest_only_with_trigger.py
[2023-02-02T01:20:29.872+0000] {logging_mixin.py:137} INFO - [2023-02-02T01:20:29.872+0000] {dag.py:2690} INFO - Sync 1 DAGs
[2023-02-02T01:20:29.889+0000] {logging_mixin.py:137} INFO - [2023-02-02T01:20:29.889+0000] {dag.py:3441} INFO - Setting next_dagrun for latest_only_with_trigger to 2023-02-01T21:20:29.889252+00:00, run_after=2023-02-02T01:20:29.889252+00:00
[2023-02-02T01:20:29.902+0000] {processor.py:175} INFO - Processing /home/airflow/.local/lib/python3.7/site-packages/airflow/example_dags/example_latest_only_with_trigger.py took 0.061 seconds
[2023-02-02T01:21:00.543+0000] {processor.py:153} INFO - Started process (PID=1623) to work on /home/airflow/.local/lib/python3.7/site-packages/airflow/example_dags/example_latest_only_with_trigger.py
[2023-02-02T01:21:00.544+0000] {processor.py:743} INFO - Processing file /home/airflow/.local/lib/python3.7/site-packages/airflow/example_dags/example_latest_only_with_trigger.py for tasks to queue
[2023-02-02T01:21:00.544+0000] {logging_mixin.py:137} INFO - [2023-02-02T01:21:00.544+0000] {dagbag.py:538} INFO - Filling up the DagBag from /home/airflow/.local/lib/python3.7/site-packages/airflow/example_dags/example_latest_only_with_trigger.py
[2023-02-02T01:21:00.553+0000] {processor.py:753} INFO - DAG(s) dict_keys(['latest_only_with_trigger']) retrieved from /home/airflow/.local/lib/python3.7/site-packages/airflow/example_dags/example_latest_only_with_trigger.py
[2023-02-02T01:21:00.580+0000] {logging_mixin.py:137} INFO - [2023-02-02T01:21:00.580+0000] {dag.py:2690} INFO - Sync 1 DAGs
[2023-02-02T01:21:00.596+0000] {logging_mixin.py:137} INFO - [2023-02-02T01:21:00.596+0000] {dag.py:3441} INFO - Setting next_dagrun for latest_only_with_trigger to 2023-02-01T21:21:00.596731+00:00, run_after=2023-02-02T01:21:00.596731+00:00
[2023-02-02T01:21:00.610+0000] {processor.py:175} INFO - Processing /home/airflow/.local/lib/python3.7/site-packages/airflow/example_dags/example_latest_only_with_trigger.py took 0.070 seconds
[2023-02-02T01:21:31.203+0000] {processor.py:153} INFO - Started process (PID=1710) to work on /home/airflow/.local/lib/python3.7/site-packages/airflow/example_dags/example_latest_only_with_trigger.py
[2023-02-02T01:21:31.203+0000] {processor.py:743} INFO - Processing file /home/airflow/.local/lib/python3.7/site-packages/airflow/example_dags/example_latest_only_with_trigger.py for tasks to queue
[2023-02-02T01:21:31.204+0000] {logging_mixin.py:137} INFO - [2023-02-02T01:21:31.204+0000] {dagbag.py:538} INFO - Filling up the DagBag from /home/airflow/.local/lib/python3.7/site-packages/airflow/example_dags/example_latest_only_with_trigger.py
[2023-02-02T01:21:31.213+0000] {processor.py:753} INFO - DAG(s) dict_keys(['latest_only_with_trigger']) retrieved from /home/airflow/.local/lib/python3.7/site-packages/airflow/example_dags/example_latest_only_with_trigger.py
[2023-02-02T01:21:31.229+0000] {logging_mixin.py:137} INFO - [2023-02-02T01:21:31.229+0000] {dag.py:2690} INFO - Sync 1 DAGs
[2023-02-02T01:21:31.245+0000] {logging_mixin.py:137} INFO - [2023-02-02T01:21:31.245+0000] {dag.py:3441} INFO - Setting next_dagrun for latest_only_with_trigger to 2023-02-01T21:21:31.244915+00:00, run_after=2023-02-02T01:21:31.244915+00:00
[2023-02-02T01:21:31.257+0000] {processor.py:175} INFO - Processing /home/airflow/.local/lib/python3.7/site-packages/airflow/example_dags/example_latest_only_with_trigger.py took 0.057 seconds
[2023-02-02T01:22:01.898+0000] {processor.py:153} INFO - Started process (PID=1797) to work on /home/airflow/.local/lib/python3.7/site-packages/airflow/example_dags/example_latest_only_with_trigger.py
[2023-02-02T01:22:01.898+0000] {processor.py:743} INFO - Processing file /home/airflow/.local/lib/python3.7/site-packages/airflow/example_dags/example_latest_only_with_trigger.py for tasks to queue
[2023-02-02T01:22:01.899+0000] {logging_mixin.py:137} INFO - [2023-02-02T01:22:01.899+0000] {dagbag.py:538} INFO - Filling up the DagBag from /home/airflow/.local/lib/python3.7/site-packages/airflow/example_dags/example_latest_only_with_trigger.py
[2023-02-02T01:22:01.909+0000] {processor.py:753} INFO - DAG(s) dict_keys(['latest_only_with_trigger']) retrieved from /home/airflow/.local/lib/python3.7/site-packages/airflow/example_dags/example_latest_only_with_trigger.py
[2023-02-02T01:22:01.930+0000] {logging_mixin.py:137} INFO - [2023-02-02T01:22:01.930+0000] {dag.py:2690} INFO - Sync 1 DAGs
[2023-02-02T01:22:01.946+0000] {logging_mixin.py:137} INFO - [2023-02-02T01:22:01.946+0000] {dag.py:3441} INFO - Setting next_dagrun for latest_only_with_trigger to 2023-02-01T21:22:01.945944+00:00, run_after=2023-02-02T01:22:01.945944+00:00
[2023-02-02T01:22:01.962+0000] {processor.py:175} INFO - Processing /home/airflow/.local/lib/python3.7/site-packages/airflow/example_dags/example_latest_only_with_trigger.py took 0.067 seconds
[2023-02-02T01:22:32.681+0000] {processor.py:153} INFO - Started process (PID=1877) to work on /home/airflow/.local/lib/python3.7/site-packages/airflow/example_dags/example_latest_only_with_trigger.py
[2023-02-02T01:22:32.682+0000] {processor.py:743} INFO - Processing file /home/airflow/.local/lib/python3.7/site-packages/airflow/example_dags/example_latest_only_with_trigger.py for tasks to queue
[2023-02-02T01:22:32.682+0000] {logging_mixin.py:137} INFO - [2023-02-02T01:22:32.682+0000] {dagbag.py:538} INFO - Filling up the DagBag from /home/airflow/.local/lib/python3.7/site-packages/airflow/example_dags/example_latest_only_with_trigger.py
[2023-02-02T01:22:32.693+0000] {processor.py:753} INFO - DAG(s) dict_keys(['latest_only_with_trigger']) retrieved from /home/airflow/.local/lib/python3.7/site-packages/airflow/example_dags/example_latest_only_with_trigger.py
[2023-02-02T01:22:32.709+0000] {logging_mixin.py:137} INFO - [2023-02-02T01:22:32.709+0000] {dag.py:2690} INFO - Sync 1 DAGs
[2023-02-02T01:22:32.726+0000] {logging_mixin.py:137} INFO - [2023-02-02T01:22:32.725+0000] {dag.py:3441} INFO - Setting next_dagrun for latest_only_with_trigger to 2023-02-01T21:22:32.725664+00:00, run_after=2023-02-02T01:22:32.725664+00:00
[2023-02-02T01:22:32.742+0000] {processor.py:175} INFO - Processing /home/airflow/.local/lib/python3.7/site-packages/airflow/example_dags/example_latest_only_with_trigger.py took 0.063 seconds
[2023-02-02T01:23:03.458+0000] {processor.py:153} INFO - Started process (PID=1955) to work on /home/airflow/.local/lib/python3.7/site-packages/airflow/example_dags/example_latest_only_with_trigger.py
[2023-02-02T01:23:03.458+0000] {processor.py:743} INFO - Processing file /home/airflow/.local/lib/python3.7/site-packages/airflow/example_dags/example_latest_only_with_trigger.py for tasks to queue
[2023-02-02T01:23:03.459+0000] {logging_mixin.py:137} INFO - [2023-02-02T01:23:03.459+0000] {dagbag.py:538} INFO - Filling up the DagBag from /home/airflow/.local/lib/python3.7/site-packages/airflow/example_dags/example_latest_only_with_trigger.py
[2023-02-02T01:23:03.468+0000] {processor.py:753} INFO - DAG(s) dict_keys(['latest_only_with_trigger']) retrieved from /home/airflow/.local/lib/python3.7/site-packages/airflow/example_dags/example_latest_only_with_trigger.py
[2023-02-02T01:23:03.484+0000] {logging_mixin.py:137} INFO - [2023-02-02T01:23:03.484+0000] {dag.py:2690} INFO - Sync 1 DAGs
[2023-02-02T01:23:03.500+0000] {logging_mixin.py:137} INFO - [2023-02-02T01:23:03.500+0000] {dag.py:3441} INFO - Setting next_dagrun for latest_only_with_trigger to 2023-02-01T21:23:03.500476+00:00, run_after=2023-02-02T01:23:03.500476+00:00
[2023-02-02T01:23:03.513+0000] {processor.py:175} INFO - Processing /home/airflow/.local/lib/python3.7/site-packages/airflow/example_dags/example_latest_only_with_trigger.py took 0.057 seconds
[2023-02-02T01:23:34.231+0000] {processor.py:153} INFO - Started process (PID=2042) to work on /home/airflow/.local/lib/python3.7/site-packages/airflow/example_dags/example_latest_only_with_trigger.py
[2023-02-02T01:23:34.232+0000] {processor.py:743} INFO - Processing file /home/airflow/.local/lib/python3.7/site-packages/airflow/example_dags/example_latest_only_with_trigger.py for tasks to queue
[2023-02-02T01:23:34.233+0000] {logging_mixin.py:137} INFO - [2023-02-02T01:23:34.233+0000] {dagbag.py:538} INFO - Filling up the DagBag from /home/airflow/.local/lib/python3.7/site-packages/airflow/example_dags/example_latest_only_with_trigger.py
[2023-02-02T01:23:34.244+0000] {processor.py:753} INFO - DAG(s) dict_keys(['latest_only_with_trigger']) retrieved from /home/airflow/.local/lib/python3.7/site-packages/airflow/example_dags/example_latest_only_with_trigger.py
[2023-02-02T01:23:34.263+0000] {logging_mixin.py:137} INFO - [2023-02-02T01:23:34.263+0000] {dag.py:2690} INFO - Sync 1 DAGs
[2023-02-02T01:23:34.284+0000] {logging_mixin.py:137} INFO - [2023-02-02T01:23:34.284+0000] {dag.py:3441} INFO - Setting next_dagrun for latest_only_with_trigger to 2023-02-01T21:23:34.284621+00:00, run_after=2023-02-02T01:23:34.284621+00:00
[2023-02-02T01:23:34.299+0000] {processor.py:175} INFO - Processing /home/airflow/.local/lib/python3.7/site-packages/airflow/example_dags/example_latest_only_with_trigger.py took 0.070 seconds
[2023-02-02T01:24:05.147+0000] {processor.py:153} INFO - Started process (PID=2129) to work on /home/airflow/.local/lib/python3.7/site-packages/airflow/example_dags/example_latest_only_with_trigger.py
[2023-02-02T01:24:05.148+0000] {processor.py:743} INFO - Processing file /home/airflow/.local/lib/python3.7/site-packages/airflow/example_dags/example_latest_only_with_trigger.py for tasks to queue
[2023-02-02T01:24:05.148+0000] {logging_mixin.py:137} INFO - [2023-02-02T01:24:05.148+0000] {dagbag.py:538} INFO - Filling up the DagBag from /home/airflow/.local/lib/python3.7/site-packages/airflow/example_dags/example_latest_only_with_trigger.py
[2023-02-02T01:24:05.158+0000] {processor.py:753} INFO - DAG(s) dict_keys(['latest_only_with_trigger']) retrieved from /home/airflow/.local/lib/python3.7/site-packages/airflow/example_dags/example_latest_only_with_trigger.py
[2023-02-02T01:24:05.173+0000] {logging_mixin.py:137} INFO - [2023-02-02T01:24:05.173+0000] {dag.py:2690} INFO - Sync 1 DAGs
[2023-02-02T01:24:05.189+0000] {logging_mixin.py:137} INFO - [2023-02-02T01:24:05.189+0000] {dag.py:3441} INFO - Setting next_dagrun for latest_only_with_trigger to 2023-02-01T21:24:05.189310+00:00, run_after=2023-02-02T01:24:05.189310+00:00
[2023-02-02T01:24:05.201+0000] {processor.py:175} INFO - Processing /home/airflow/.local/lib/python3.7/site-packages/airflow/example_dags/example_latest_only_with_trigger.py took 0.056 seconds
[2023-02-02T01:24:35.860+0000] {processor.py:153} INFO - Started process (PID=2200) to work on /home/airflow/.local/lib/python3.7/site-packages/airflow/example_dags/example_latest_only_with_trigger.py
[2023-02-02T01:24:35.861+0000] {processor.py:743} INFO - Processing file /home/airflow/.local/lib/python3.7/site-packages/airflow/example_dags/example_latest_only_with_trigger.py for tasks to queue
[2023-02-02T01:24:35.861+0000] {logging_mixin.py:137} INFO - [2023-02-02T01:24:35.861+0000] {dagbag.py:538} INFO - Filling up the DagBag from /home/airflow/.local/lib/python3.7/site-packages/airflow/example_dags/example_latest_only_with_trigger.py
[2023-02-02T01:24:35.871+0000] {processor.py:753} INFO - DAG(s) dict_keys(['latest_only_with_trigger']) retrieved from /home/airflow/.local/lib/python3.7/site-packages/airflow/example_dags/example_latest_only_with_trigger.py
[2023-02-02T01:24:35.889+0000] {logging_mixin.py:137} INFO - [2023-02-02T01:24:35.889+0000] {dag.py:2690} INFO - Sync 1 DAGs
[2023-02-02T01:24:35.908+0000] {logging_mixin.py:137} INFO - [2023-02-02T01:24:35.908+0000] {dag.py:3441} INFO - Setting next_dagrun for latest_only_with_trigger to 2023-02-01T21:24:35.907876+00:00, run_after=2023-02-02T01:24:35.907876+00:00
[2023-02-02T01:24:35.922+0000] {processor.py:175} INFO - Processing /home/airflow/.local/lib/python3.7/site-packages/airflow/example_dags/example_latest_only_with_trigger.py took 0.064 seconds
[2023-02-02T01:25:06.517+0000] {processor.py:153} INFO - Started process (PID=2287) to work on /home/airflow/.local/lib/python3.7/site-packages/airflow/example_dags/example_latest_only_with_trigger.py
[2023-02-02T01:25:06.518+0000] {processor.py:743} INFO - Processing file /home/airflow/.local/lib/python3.7/site-packages/airflow/example_dags/example_latest_only_with_trigger.py for tasks to queue
[2023-02-02T01:25:06.518+0000] {logging_mixin.py:137} INFO - [2023-02-02T01:25:06.518+0000] {dagbag.py:538} INFO - Filling up the DagBag from /home/airflow/.local/lib/python3.7/site-packages/airflow/example_dags/example_latest_only_with_trigger.py
[2023-02-02T01:25:06.529+0000] {processor.py:753} INFO - DAG(s) dict_keys(['latest_only_with_trigger']) retrieved from /home/airflow/.local/lib/python3.7/site-packages/airflow/example_dags/example_latest_only_with_trigger.py
[2023-02-02T01:25:06.546+0000] {logging_mixin.py:137} INFO - [2023-02-02T01:25:06.546+0000] {dag.py:2690} INFO - Sync 1 DAGs
[2023-02-02T01:25:06.563+0000] {logging_mixin.py:137} INFO - [2023-02-02T01:25:06.563+0000] {dag.py:3441} INFO - Setting next_dagrun for latest_only_with_trigger to 2023-02-01T21:25:06.563717+00:00, run_after=2023-02-02T01:25:06.563717+00:00
[2023-02-02T01:25:06.577+0000] {processor.py:175} INFO - Processing /home/airflow/.local/lib/python3.7/site-packages/airflow/example_dags/example_latest_only_with_trigger.py took 0.062 seconds
