[2023-02-02T01:11:14.913+0000] {processor.py:153} INFO - Started process (PID=50) to work on /home/airflow/.local/lib/python3.7/site-packages/airflow/example_dags/example_xcomargs.py
[2023-02-02T01:11:14.914+0000] {processor.py:743} INFO - Processing file /home/airflow/.local/lib/python3.7/site-packages/airflow/example_dags/example_xcomargs.py for tasks to queue
[2023-02-02T01:11:14.915+0000] {logging_mixin.py:137} INFO - [2023-02-02T01:11:14.915+0000] {dagbag.py:538} INFO - Filling up the DagBag from /home/airflow/.local/lib/python3.7/site-packages/airflow/example_dags/example_xcomargs.py
[2023-02-02T01:11:14.937+0000] {processor.py:753} INFO - DAG(s) dict_keys(['example_xcom_args_with_operators', 'example_xcom_args']) retrieved from /home/airflow/.local/lib/python3.7/site-packages/airflow/example_dags/example_xcomargs.py
[2023-02-02T01:11:14.949+0000] {logging_mixin.py:137} INFO - [2023-02-02T01:11:14.949+0000] {dag.py:2690} INFO - Sync 2 DAGs
[2023-02-02T01:11:14.967+0000] {logging_mixin.py:137} INFO - [2023-02-02T01:11:14.967+0000] {dag.py:3441} INFO - Setting next_dagrun for example_xcom_args to None, run_after=None
[2023-02-02T01:11:14.970+0000] {logging_mixin.py:137} INFO - [2023-02-02T01:11:14.970+0000] {dag.py:3441} INFO - Setting next_dagrun for example_xcom_args_with_operators to None, run_after=None
[2023-02-02T01:11:14.985+0000] {processor.py:175} INFO - Processing /home/airflow/.local/lib/python3.7/site-packages/airflow/example_dags/example_xcomargs.py took 0.075 seconds
[2023-02-02T01:11:45.690+0000] {processor.py:153} INFO - Started process (PID=137) to work on /home/airflow/.local/lib/python3.7/site-packages/airflow/example_dags/example_xcomargs.py
[2023-02-02T01:11:45.691+0000] {processor.py:743} INFO - Processing file /home/airflow/.local/lib/python3.7/site-packages/airflow/example_dags/example_xcomargs.py for tasks to queue
[2023-02-02T01:11:45.691+0000] {logging_mixin.py:137} INFO - [2023-02-02T01:11:45.691+0000] {dagbag.py:538} INFO - Filling up the DagBag from /home/airflow/.local/lib/python3.7/site-packages/airflow/example_dags/example_xcomargs.py
[2023-02-02T01:11:45.712+0000] {processor.py:753} INFO - DAG(s) dict_keys(['example_xcom_args_with_operators', 'example_xcom_args']) retrieved from /home/airflow/.local/lib/python3.7/site-packages/airflow/example_dags/example_xcomargs.py
[2023-02-02T01:11:45.734+0000] {logging_mixin.py:137} INFO - [2023-02-02T01:11:45.734+0000] {dag.py:2690} INFO - Sync 2 DAGs
[2023-02-02T01:11:45.753+0000] {logging_mixin.py:137} INFO - [2023-02-02T01:11:45.753+0000] {dag.py:3441} INFO - Setting next_dagrun for example_xcom_args to None, run_after=None
[2023-02-02T01:11:45.755+0000] {logging_mixin.py:137} INFO - [2023-02-02T01:11:45.755+0000] {dag.py:3441} INFO - Setting next_dagrun for example_xcom_args_with_operators to None, run_after=None
[2023-02-02T01:11:45.766+0000] {processor.py:175} INFO - Processing /home/airflow/.local/lib/python3.7/site-packages/airflow/example_dags/example_xcomargs.py took 0.079 seconds
[2023-02-02T01:12:16.649+0000] {processor.py:153} INFO - Started process (PID=224) to work on /home/airflow/.local/lib/python3.7/site-packages/airflow/example_dags/example_xcomargs.py
[2023-02-02T01:12:16.649+0000] {processor.py:743} INFO - Processing file /home/airflow/.local/lib/python3.7/site-packages/airflow/example_dags/example_xcomargs.py for tasks to queue
[2023-02-02T01:12:16.650+0000] {logging_mixin.py:137} INFO - [2023-02-02T01:12:16.650+0000] {dagbag.py:538} INFO - Filling up the DagBag from /home/airflow/.local/lib/python3.7/site-packages/airflow/example_dags/example_xcomargs.py
[2023-02-02T01:12:16.666+0000] {processor.py:753} INFO - DAG(s) dict_keys(['example_xcom_args', 'example_xcom_args_with_operators']) retrieved from /home/airflow/.local/lib/python3.7/site-packages/airflow/example_dags/example_xcomargs.py
[2023-02-02T01:12:16.689+0000] {logging_mixin.py:137} INFO - [2023-02-02T01:12:16.688+0000] {dag.py:2690} INFO - Sync 2 DAGs
[2023-02-02T01:12:16.711+0000] {logging_mixin.py:137} INFO - [2023-02-02T01:12:16.711+0000] {dag.py:3441} INFO - Setting next_dagrun for example_xcom_args to None, run_after=None
[2023-02-02T01:12:16.714+0000] {logging_mixin.py:137} INFO - [2023-02-02T01:12:16.714+0000] {dag.py:3441} INFO - Setting next_dagrun for example_xcom_args_with_operators to None, run_after=None
[2023-02-02T01:12:16.728+0000] {processor.py:175} INFO - Processing /home/airflow/.local/lib/python3.7/site-packages/airflow/example_dags/example_xcomargs.py took 0.081 seconds
[2023-02-02T01:12:47.415+0000] {processor.py:153} INFO - Started process (PID=295) to work on /home/airflow/.local/lib/python3.7/site-packages/airflow/example_dags/example_xcomargs.py
[2023-02-02T01:12:47.416+0000] {processor.py:743} INFO - Processing file /home/airflow/.local/lib/python3.7/site-packages/airflow/example_dags/example_xcomargs.py for tasks to queue
[2023-02-02T01:12:47.416+0000] {logging_mixin.py:137} INFO - [2023-02-02T01:12:47.416+0000] {dagbag.py:538} INFO - Filling up the DagBag from /home/airflow/.local/lib/python3.7/site-packages/airflow/example_dags/example_xcomargs.py
[2023-02-02T01:12:47.433+0000] {processor.py:753} INFO - DAG(s) dict_keys(['example_xcom_args_with_operators', 'example_xcom_args']) retrieved from /home/airflow/.local/lib/python3.7/site-packages/airflow/example_dags/example_xcomargs.py
[2023-02-02T01:12:47.451+0000] {logging_mixin.py:137} INFO - [2023-02-02T01:12:47.451+0000] {dag.py:2690} INFO - Sync 2 DAGs
[2023-02-02T01:12:47.468+0000] {logging_mixin.py:137} INFO - [2023-02-02T01:12:47.468+0000] {dag.py:3441} INFO - Setting next_dagrun for example_xcom_args to None, run_after=None
[2023-02-02T01:12:47.471+0000] {logging_mixin.py:137} INFO - [2023-02-02T01:12:47.471+0000] {dag.py:3441} INFO - Setting next_dagrun for example_xcom_args_with_operators to None, run_after=None
[2023-02-02T01:12:47.481+0000] {processor.py:175} INFO - Processing /home/airflow/.local/lib/python3.7/site-packages/airflow/example_dags/example_xcomargs.py took 0.068 seconds
[2023-02-02T01:13:18.182+0000] {processor.py:153} INFO - Started process (PID=382) to work on /home/airflow/.local/lib/python3.7/site-packages/airflow/example_dags/example_xcomargs.py
[2023-02-02T01:13:18.183+0000] {processor.py:743} INFO - Processing file /home/airflow/.local/lib/python3.7/site-packages/airflow/example_dags/example_xcomargs.py for tasks to queue
[2023-02-02T01:13:18.184+0000] {logging_mixin.py:137} INFO - [2023-02-02T01:13:18.183+0000] {dagbag.py:538} INFO - Filling up the DagBag from /home/airflow/.local/lib/python3.7/site-packages/airflow/example_dags/example_xcomargs.py
[2023-02-02T01:13:18.200+0000] {processor.py:753} INFO - DAG(s) dict_keys(['example_xcom_args_with_operators', 'example_xcom_args']) retrieved from /home/airflow/.local/lib/python3.7/site-packages/airflow/example_dags/example_xcomargs.py
[2023-02-02T01:13:18.219+0000] {logging_mixin.py:137} INFO - [2023-02-02T01:13:18.218+0000] {dag.py:2690} INFO - Sync 2 DAGs
[2023-02-02T01:13:18.237+0000] {logging_mixin.py:137} INFO - [2023-02-02T01:13:18.237+0000] {dag.py:3441} INFO - Setting next_dagrun for example_xcom_args to None, run_after=None
[2023-02-02T01:13:18.239+0000] {logging_mixin.py:137} INFO - [2023-02-02T01:13:18.239+0000] {dag.py:3441} INFO - Setting next_dagrun for example_xcom_args_with_operators to None, run_after=None
[2023-02-02T01:13:18.251+0000] {processor.py:175} INFO - Processing /home/airflow/.local/lib/python3.7/site-packages/airflow/example_dags/example_xcomargs.py took 0.071 seconds
[2023-02-02T01:13:48.919+0000] {processor.py:153} INFO - Started process (PID=469) to work on /home/airflow/.local/lib/python3.7/site-packages/airflow/example_dags/example_xcomargs.py
[2023-02-02T01:13:48.920+0000] {processor.py:743} INFO - Processing file /home/airflow/.local/lib/python3.7/site-packages/airflow/example_dags/example_xcomargs.py for tasks to queue
[2023-02-02T01:13:48.921+0000] {logging_mixin.py:137} INFO - [2023-02-02T01:13:48.921+0000] {dagbag.py:538} INFO - Filling up the DagBag from /home/airflow/.local/lib/python3.7/site-packages/airflow/example_dags/example_xcomargs.py
[2023-02-02T01:13:48.942+0000] {processor.py:753} INFO - DAG(s) dict_keys(['example_xcom_args', 'example_xcom_args_with_operators']) retrieved from /home/airflow/.local/lib/python3.7/site-packages/airflow/example_dags/example_xcomargs.py
[2023-02-02T01:13:48.961+0000] {logging_mixin.py:137} INFO - [2023-02-02T01:13:48.961+0000] {dag.py:2690} INFO - Sync 2 DAGs
[2023-02-02T01:13:48.978+0000] {logging_mixin.py:137} INFO - [2023-02-02T01:13:48.978+0000] {dag.py:3441} INFO - Setting next_dagrun for example_xcom_args to None, run_after=None
[2023-02-02T01:13:48.981+0000] {logging_mixin.py:137} INFO - [2023-02-02T01:13:48.981+0000] {dag.py:3441} INFO - Setting next_dagrun for example_xcom_args_with_operators to None, run_after=None
[2023-02-02T01:13:48.991+0000] {processor.py:175} INFO - Processing /home/airflow/.local/lib/python3.7/site-packages/airflow/example_dags/example_xcomargs.py took 0.074 seconds
[2023-02-02T01:14:19.660+0000] {processor.py:153} INFO - Started process (PID=540) to work on /home/airflow/.local/lib/python3.7/site-packages/airflow/example_dags/example_xcomargs.py
[2023-02-02T01:14:19.660+0000] {processor.py:743} INFO - Processing file /home/airflow/.local/lib/python3.7/site-packages/airflow/example_dags/example_xcomargs.py for tasks to queue
[2023-02-02T01:14:19.661+0000] {logging_mixin.py:137} INFO - [2023-02-02T01:14:19.660+0000] {dagbag.py:538} INFO - Filling up the DagBag from /home/airflow/.local/lib/python3.7/site-packages/airflow/example_dags/example_xcomargs.py
[2023-02-02T01:14:19.677+0000] {processor.py:753} INFO - DAG(s) dict_keys(['example_xcom_args', 'example_xcom_args_with_operators']) retrieved from /home/airflow/.local/lib/python3.7/site-packages/airflow/example_dags/example_xcomargs.py
[2023-02-02T01:14:19.695+0000] {logging_mixin.py:137} INFO - [2023-02-02T01:14:19.695+0000] {dag.py:2690} INFO - Sync 2 DAGs
[2023-02-02T01:14:19.712+0000] {logging_mixin.py:137} INFO - [2023-02-02T01:14:19.712+0000] {dag.py:3441} INFO - Setting next_dagrun for example_xcom_args to None, run_after=None
[2023-02-02T01:14:19.715+0000] {logging_mixin.py:137} INFO - [2023-02-02T01:14:19.715+0000] {dag.py:3441} INFO - Setting next_dagrun for example_xcom_args_with_operators to None, run_after=None
[2023-02-02T01:14:19.726+0000] {processor.py:175} INFO - Processing /home/airflow/.local/lib/python3.7/site-packages/airflow/example_dags/example_xcomargs.py took 0.069 seconds
[2023-02-02T01:14:50.340+0000] {processor.py:153} INFO - Started process (PID=627) to work on /home/airflow/.local/lib/python3.7/site-packages/airflow/example_dags/example_xcomargs.py
[2023-02-02T01:14:50.341+0000] {processor.py:743} INFO - Processing file /home/airflow/.local/lib/python3.7/site-packages/airflow/example_dags/example_xcomargs.py for tasks to queue
[2023-02-02T01:14:50.341+0000] {logging_mixin.py:137} INFO - [2023-02-02T01:14:50.341+0000] {dagbag.py:538} INFO - Filling up the DagBag from /home/airflow/.local/lib/python3.7/site-packages/airflow/example_dags/example_xcomargs.py
[2023-02-02T01:14:50.358+0000] {processor.py:753} INFO - DAG(s) dict_keys(['example_xcom_args', 'example_xcom_args_with_operators']) retrieved from /home/airflow/.local/lib/python3.7/site-packages/airflow/example_dags/example_xcomargs.py
[2023-02-02T01:14:50.376+0000] {logging_mixin.py:137} INFO - [2023-02-02T01:14:50.376+0000] {dag.py:2690} INFO - Sync 2 DAGs
[2023-02-02T01:14:50.393+0000] {logging_mixin.py:137} INFO - [2023-02-02T01:14:50.393+0000] {dag.py:3441} INFO - Setting next_dagrun for example_xcom_args to None, run_after=None
[2023-02-02T01:14:50.396+0000] {logging_mixin.py:137} INFO - [2023-02-02T01:14:50.396+0000] {dag.py:3441} INFO - Setting next_dagrun for example_xcom_args_with_operators to None, run_after=None
[2023-02-02T01:14:50.406+0000] {processor.py:175} INFO - Processing /home/airflow/.local/lib/python3.7/site-packages/airflow/example_dags/example_xcomargs.py took 0.068 seconds
[2023-02-02T01:15:21.166+0000] {processor.py:153} INFO - Started process (PID=714) to work on /home/airflow/.local/lib/python3.7/site-packages/airflow/example_dags/example_xcomargs.py
[2023-02-02T01:15:21.166+0000] {processor.py:743} INFO - Processing file /home/airflow/.local/lib/python3.7/site-packages/airflow/example_dags/example_xcomargs.py for tasks to queue
[2023-02-02T01:15:21.167+0000] {logging_mixin.py:137} INFO - [2023-02-02T01:15:21.167+0000] {dagbag.py:538} INFO - Filling up the DagBag from /home/airflow/.local/lib/python3.7/site-packages/airflow/example_dags/example_xcomargs.py
[2023-02-02T01:15:21.183+0000] {processor.py:753} INFO - DAG(s) dict_keys(['example_xcom_args_with_operators', 'example_xcom_args']) retrieved from /home/airflow/.local/lib/python3.7/site-packages/airflow/example_dags/example_xcomargs.py
[2023-02-02T01:15:21.200+0000] {logging_mixin.py:137} INFO - [2023-02-02T01:15:21.200+0000] {dag.py:2690} INFO - Sync 2 DAGs
[2023-02-02T01:15:21.216+0000] {logging_mixin.py:137} INFO - [2023-02-02T01:15:21.216+0000] {dag.py:3441} INFO - Setting next_dagrun for example_xcom_args to None, run_after=None
[2023-02-02T01:15:21.219+0000] {logging_mixin.py:137} INFO - [2023-02-02T01:15:21.219+0000] {dag.py:3441} INFO - Setting next_dagrun for example_xcom_args_with_operators to None, run_after=None
[2023-02-02T01:15:21.229+0000] {processor.py:175} INFO - Processing /home/airflow/.local/lib/python3.7/site-packages/airflow/example_dags/example_xcomargs.py took 0.066 seconds
[2023-02-02T01:15:51.836+0000] {processor.py:153} INFO - Started process (PID=785) to work on /home/airflow/.local/lib/python3.7/site-packages/airflow/example_dags/example_xcomargs.py
[2023-02-02T01:15:51.837+0000] {processor.py:743} INFO - Processing file /home/airflow/.local/lib/python3.7/site-packages/airflow/example_dags/example_xcomargs.py for tasks to queue
[2023-02-02T01:15:51.838+0000] {logging_mixin.py:137} INFO - [2023-02-02T01:15:51.837+0000] {dagbag.py:538} INFO - Filling up the DagBag from /home/airflow/.local/lib/python3.7/site-packages/airflow/example_dags/example_xcomargs.py
[2023-02-02T01:15:51.853+0000] {processor.py:753} INFO - DAG(s) dict_keys(['example_xcom_args', 'example_xcom_args_with_operators']) retrieved from /home/airflow/.local/lib/python3.7/site-packages/airflow/example_dags/example_xcomargs.py
[2023-02-02T01:15:51.872+0000] {logging_mixin.py:137} INFO - [2023-02-02T01:15:51.872+0000] {dag.py:2690} INFO - Sync 2 DAGs
[2023-02-02T01:15:51.889+0000] {logging_mixin.py:137} INFO - [2023-02-02T01:15:51.889+0000] {dag.py:3441} INFO - Setting next_dagrun for example_xcom_args to None, run_after=None
[2023-02-02T01:15:51.891+0000] {logging_mixin.py:137} INFO - [2023-02-02T01:15:51.891+0000] {dag.py:3441} INFO - Setting next_dagrun for example_xcom_args_with_operators to None, run_after=None
[2023-02-02T01:15:51.902+0000] {processor.py:175} INFO - Processing /home/airflow/.local/lib/python3.7/site-packages/airflow/example_dags/example_xcomargs.py took 0.067 seconds
[2023-02-02T01:16:22.700+0000] {processor.py:153} INFO - Started process (PID=872) to work on /home/airflow/.local/lib/python3.7/site-packages/airflow/example_dags/example_xcomargs.py
[2023-02-02T01:16:22.700+0000] {processor.py:743} INFO - Processing file /home/airflow/.local/lib/python3.7/site-packages/airflow/example_dags/example_xcomargs.py for tasks to queue
[2023-02-02T01:16:22.701+0000] {logging_mixin.py:137} INFO - [2023-02-02T01:16:22.701+0000] {dagbag.py:538} INFO - Filling up the DagBag from /home/airflow/.local/lib/python3.7/site-packages/airflow/example_dags/example_xcomargs.py
[2023-02-02T01:16:22.717+0000] {processor.py:753} INFO - DAG(s) dict_keys(['example_xcom_args', 'example_xcom_args_with_operators']) retrieved from /home/airflow/.local/lib/python3.7/site-packages/airflow/example_dags/example_xcomargs.py
[2023-02-02T01:16:22.734+0000] {logging_mixin.py:137} INFO - [2023-02-02T01:16:22.734+0000] {dag.py:2690} INFO - Sync 2 DAGs
[2023-02-02T01:16:22.750+0000] {logging_mixin.py:137} INFO - [2023-02-02T01:16:22.750+0000] {dag.py:3441} INFO - Setting next_dagrun for example_xcom_args to None, run_after=None
[2023-02-02T01:16:22.753+0000] {logging_mixin.py:137} INFO - [2023-02-02T01:16:22.752+0000] {dag.py:3441} INFO - Setting next_dagrun for example_xcom_args_with_operators to None, run_after=None
[2023-02-02T01:16:22.763+0000] {processor.py:175} INFO - Processing /home/airflow/.local/lib/python3.7/site-packages/airflow/example_dags/example_xcomargs.py took 0.066 seconds
[2023-02-02T01:16:53.624+0000] {processor.py:153} INFO - Started process (PID=959) to work on /home/airflow/.local/lib/python3.7/site-packages/airflow/example_dags/example_xcomargs.py
[2023-02-02T01:16:53.624+0000] {processor.py:743} INFO - Processing file /home/airflow/.local/lib/python3.7/site-packages/airflow/example_dags/example_xcomargs.py for tasks to queue
[2023-02-02T01:16:53.625+0000] {logging_mixin.py:137} INFO - [2023-02-02T01:16:53.625+0000] {dagbag.py:538} INFO - Filling up the DagBag from /home/airflow/.local/lib/python3.7/site-packages/airflow/example_dags/example_xcomargs.py
[2023-02-02T01:16:53.641+0000] {processor.py:753} INFO - DAG(s) dict_keys(['example_xcom_args', 'example_xcom_args_with_operators']) retrieved from /home/airflow/.local/lib/python3.7/site-packages/airflow/example_dags/example_xcomargs.py
[2023-02-02T01:16:53.659+0000] {logging_mixin.py:137} INFO - [2023-02-02T01:16:53.659+0000] {dag.py:2690} INFO - Sync 2 DAGs
[2023-02-02T01:16:53.676+0000] {logging_mixin.py:137} INFO - [2023-02-02T01:16:53.676+0000] {dag.py:3441} INFO - Setting next_dagrun for example_xcom_args to None, run_after=None
[2023-02-02T01:16:53.678+0000] {logging_mixin.py:137} INFO - [2023-02-02T01:16:53.678+0000] {dag.py:3441} INFO - Setting next_dagrun for example_xcom_args_with_operators to None, run_after=None
[2023-02-02T01:16:53.690+0000] {processor.py:175} INFO - Processing /home/airflow/.local/lib/python3.7/site-packages/airflow/example_dags/example_xcomargs.py took 0.069 seconds
[2023-02-02T01:17:24.345+0000] {processor.py:153} INFO - Started process (PID=1039) to work on /home/airflow/.local/lib/python3.7/site-packages/airflow/example_dags/example_xcomargs.py
[2023-02-02T01:17:24.346+0000] {processor.py:743} INFO - Processing file /home/airflow/.local/lib/python3.7/site-packages/airflow/example_dags/example_xcomargs.py for tasks to queue
[2023-02-02T01:17:24.346+0000] {logging_mixin.py:137} INFO - [2023-02-02T01:17:24.346+0000] {dagbag.py:538} INFO - Filling up the DagBag from /home/airflow/.local/lib/python3.7/site-packages/airflow/example_dags/example_xcomargs.py
[2023-02-02T01:17:24.366+0000] {processor.py:753} INFO - DAG(s) dict_keys(['example_xcom_args_with_operators', 'example_xcom_args']) retrieved from /home/airflow/.local/lib/python3.7/site-packages/airflow/example_dags/example_xcomargs.py
[2023-02-02T01:17:24.386+0000] {logging_mixin.py:137} INFO - [2023-02-02T01:17:24.386+0000] {dag.py:2690} INFO - Sync 2 DAGs
[2023-02-02T01:17:24.403+0000] {logging_mixin.py:137} INFO - [2023-02-02T01:17:24.403+0000] {dag.py:3441} INFO - Setting next_dagrun for example_xcom_args to None, run_after=None
[2023-02-02T01:17:24.406+0000] {logging_mixin.py:137} INFO - [2023-02-02T01:17:24.406+0000] {dag.py:3441} INFO - Setting next_dagrun for example_xcom_args_with_operators to None, run_after=None
[2023-02-02T01:17:24.418+0000] {processor.py:175} INFO - Processing /home/airflow/.local/lib/python3.7/site-packages/airflow/example_dags/example_xcomargs.py took 0.075 seconds
[2023-02-02T01:17:55.283+0000] {processor.py:153} INFO - Started process (PID=1117) to work on /home/airflow/.local/lib/python3.7/site-packages/airflow/example_dags/example_xcomargs.py
[2023-02-02T01:17:55.284+0000] {processor.py:743} INFO - Processing file /home/airflow/.local/lib/python3.7/site-packages/airflow/example_dags/example_xcomargs.py for tasks to queue
[2023-02-02T01:17:55.284+0000] {logging_mixin.py:137} INFO - [2023-02-02T01:17:55.284+0000] {dagbag.py:538} INFO - Filling up the DagBag from /home/airflow/.local/lib/python3.7/site-packages/airflow/example_dags/example_xcomargs.py
[2023-02-02T01:17:55.301+0000] {processor.py:753} INFO - DAG(s) dict_keys(['example_xcom_args', 'example_xcom_args_with_operators']) retrieved from /home/airflow/.local/lib/python3.7/site-packages/airflow/example_dags/example_xcomargs.py
[2023-02-02T01:17:55.320+0000] {logging_mixin.py:137} INFO - [2023-02-02T01:17:55.320+0000] {dag.py:2690} INFO - Sync 2 DAGs
[2023-02-02T01:17:55.337+0000] {logging_mixin.py:137} INFO - [2023-02-02T01:17:55.336+0000] {dag.py:3441} INFO - Setting next_dagrun for example_xcom_args to None, run_after=None
[2023-02-02T01:17:55.339+0000] {logging_mixin.py:137} INFO - [2023-02-02T01:17:55.339+0000] {dag.py:3441} INFO - Setting next_dagrun for example_xcom_args_with_operators to None, run_after=None
[2023-02-02T01:17:55.350+0000] {processor.py:175} INFO - Processing /home/airflow/.local/lib/python3.7/site-packages/airflow/example_dags/example_xcomargs.py took 0.070 seconds
[2023-02-02T01:18:25.997+0000] {processor.py:153} INFO - Started process (PID=1204) to work on /home/airflow/.local/lib/python3.7/site-packages/airflow/example_dags/example_xcomargs.py
[2023-02-02T01:18:25.998+0000] {processor.py:743} INFO - Processing file /home/airflow/.local/lib/python3.7/site-packages/airflow/example_dags/example_xcomargs.py for tasks to queue
[2023-02-02T01:18:25.998+0000] {logging_mixin.py:137} INFO - [2023-02-02T01:18:25.998+0000] {dagbag.py:538} INFO - Filling up the DagBag from /home/airflow/.local/lib/python3.7/site-packages/airflow/example_dags/example_xcomargs.py
[2023-02-02T01:18:26.014+0000] {processor.py:753} INFO - DAG(s) dict_keys(['example_xcom_args_with_operators', 'example_xcom_args']) retrieved from /home/airflow/.local/lib/python3.7/site-packages/airflow/example_dags/example_xcomargs.py
[2023-02-02T01:18:26.033+0000] {logging_mixin.py:137} INFO - [2023-02-02T01:18:26.033+0000] {dag.py:2690} INFO - Sync 2 DAGs
[2023-02-02T01:18:26.050+0000] {logging_mixin.py:137} INFO - [2023-02-02T01:18:26.050+0000] {dag.py:3441} INFO - Setting next_dagrun for example_xcom_args to None, run_after=None
[2023-02-02T01:18:26.052+0000] {logging_mixin.py:137} INFO - [2023-02-02T01:18:26.052+0000] {dag.py:3441} INFO - Setting next_dagrun for example_xcom_args_with_operators to None, run_after=None
[2023-02-02T01:18:26.064+0000] {processor.py:175} INFO - Processing /home/airflow/.local/lib/python3.7/site-packages/airflow/example_dags/example_xcomargs.py took 0.070 seconds
[2023-02-02T01:18:56.862+0000] {processor.py:153} INFO - Started process (PID=1291) to work on /home/airflow/.local/lib/python3.7/site-packages/airflow/example_dags/example_xcomargs.py
[2023-02-02T01:18:56.863+0000] {processor.py:743} INFO - Processing file /home/airflow/.local/lib/python3.7/site-packages/airflow/example_dags/example_xcomargs.py for tasks to queue
[2023-02-02T01:18:56.863+0000] {logging_mixin.py:137} INFO - [2023-02-02T01:18:56.863+0000] {dagbag.py:538} INFO - Filling up the DagBag from /home/airflow/.local/lib/python3.7/site-packages/airflow/example_dags/example_xcomargs.py
[2023-02-02T01:18:56.887+0000] {processor.py:753} INFO - DAG(s) dict_keys(['example_xcom_args', 'example_xcom_args_with_operators']) retrieved from /home/airflow/.local/lib/python3.7/site-packages/airflow/example_dags/example_xcomargs.py
[2023-02-02T01:18:56.912+0000] {logging_mixin.py:137} INFO - [2023-02-02T01:18:56.912+0000] {dag.py:2690} INFO - Sync 2 DAGs
[2023-02-02T01:18:56.929+0000] {logging_mixin.py:137} INFO - [2023-02-02T01:18:56.929+0000] {dag.py:3441} INFO - Setting next_dagrun for example_xcom_args to None, run_after=None
[2023-02-02T01:18:56.932+0000] {logging_mixin.py:137} INFO - [2023-02-02T01:18:56.932+0000] {dag.py:3441} INFO - Setting next_dagrun for example_xcom_args_with_operators to None, run_after=None
[2023-02-02T01:18:56.958+0000] {processor.py:175} INFO - Processing /home/airflow/.local/lib/python3.7/site-packages/airflow/example_dags/example_xcomargs.py took 0.098 seconds
[2023-02-02T01:19:27.641+0000] {processor.py:153} INFO - Started process (PID=1362) to work on /home/airflow/.local/lib/python3.7/site-packages/airflow/example_dags/example_xcomargs.py
[2023-02-02T01:19:27.642+0000] {processor.py:743} INFO - Processing file /home/airflow/.local/lib/python3.7/site-packages/airflow/example_dags/example_xcomargs.py for tasks to queue
[2023-02-02T01:19:27.643+0000] {logging_mixin.py:137} INFO - [2023-02-02T01:19:27.643+0000] {dagbag.py:538} INFO - Filling up the DagBag from /home/airflow/.local/lib/python3.7/site-packages/airflow/example_dags/example_xcomargs.py
[2023-02-02T01:19:27.666+0000] {processor.py:753} INFO - DAG(s) dict_keys(['example_xcom_args', 'example_xcom_args_with_operators']) retrieved from /home/airflow/.local/lib/python3.7/site-packages/airflow/example_dags/example_xcomargs.py
[2023-02-02T01:19:27.684+0000] {logging_mixin.py:137} INFO - [2023-02-02T01:19:27.684+0000] {dag.py:2690} INFO - Sync 2 DAGs
[2023-02-02T01:19:27.701+0000] {logging_mixin.py:137} INFO - [2023-02-02T01:19:27.701+0000] {dag.py:3441} INFO - Setting next_dagrun for example_xcom_args to None, run_after=None
[2023-02-02T01:19:27.703+0000] {logging_mixin.py:137} INFO - [2023-02-02T01:19:27.703+0000] {dag.py:3441} INFO - Setting next_dagrun for example_xcom_args_with_operators to None, run_after=None
[2023-02-02T01:19:27.713+0000] {processor.py:175} INFO - Processing /home/airflow/.local/lib/python3.7/site-packages/airflow/example_dags/example_xcomargs.py took 0.074 seconds
[2023-02-02T01:19:58.366+0000] {processor.py:153} INFO - Started process (PID=1449) to work on /home/airflow/.local/lib/python3.7/site-packages/airflow/example_dags/example_xcomargs.py
[2023-02-02T01:19:58.367+0000] {processor.py:743} INFO - Processing file /home/airflow/.local/lib/python3.7/site-packages/airflow/example_dags/example_xcomargs.py for tasks to queue
[2023-02-02T01:19:58.368+0000] {logging_mixin.py:137} INFO - [2023-02-02T01:19:58.368+0000] {dagbag.py:538} INFO - Filling up the DagBag from /home/airflow/.local/lib/python3.7/site-packages/airflow/example_dags/example_xcomargs.py
[2023-02-02T01:19:58.392+0000] {processor.py:753} INFO - DAG(s) dict_keys(['example_xcom_args', 'example_xcom_args_with_operators']) retrieved from /home/airflow/.local/lib/python3.7/site-packages/airflow/example_dags/example_xcomargs.py
[2023-02-02T01:19:58.414+0000] {logging_mixin.py:137} INFO - [2023-02-02T01:19:58.413+0000] {dag.py:2690} INFO - Sync 2 DAGs
[2023-02-02T01:19:58.431+0000] {logging_mixin.py:137} INFO - [2023-02-02T01:19:58.430+0000] {dag.py:3441} INFO - Setting next_dagrun for example_xcom_args to None, run_after=None
[2023-02-02T01:19:58.433+0000] {logging_mixin.py:137} INFO - [2023-02-02T01:19:58.433+0000] {dag.py:3441} INFO - Setting next_dagrun for example_xcom_args_with_operators to None, run_after=None
[2023-02-02T01:19:58.446+0000] {processor.py:175} INFO - Processing /home/airflow/.local/lib/python3.7/site-packages/airflow/example_dags/example_xcomargs.py took 0.082 seconds
[2023-02-02T01:20:29.053+0000] {processor.py:153} INFO - Started process (PID=1536) to work on /home/airflow/.local/lib/python3.7/site-packages/airflow/example_dags/example_xcomargs.py
[2023-02-02T01:20:29.054+0000] {processor.py:743} INFO - Processing file /home/airflow/.local/lib/python3.7/site-packages/airflow/example_dags/example_xcomargs.py for tasks to queue
[2023-02-02T01:20:29.054+0000] {logging_mixin.py:137} INFO - [2023-02-02T01:20:29.054+0000] {dagbag.py:538} INFO - Filling up the DagBag from /home/airflow/.local/lib/python3.7/site-packages/airflow/example_dags/example_xcomargs.py
[2023-02-02T01:20:29.071+0000] {processor.py:753} INFO - DAG(s) dict_keys(['example_xcom_args', 'example_xcom_args_with_operators']) retrieved from /home/airflow/.local/lib/python3.7/site-packages/airflow/example_dags/example_xcomargs.py
[2023-02-02T01:20:29.105+0000] {logging_mixin.py:137} INFO - [2023-02-02T01:20:29.105+0000] {dag.py:2690} INFO - Sync 2 DAGs
[2023-02-02T01:20:29.122+0000] {logging_mixin.py:137} INFO - [2023-02-02T01:20:29.122+0000] {dag.py:3441} INFO - Setting next_dagrun for example_xcom_args to None, run_after=None
[2023-02-02T01:20:29.125+0000] {logging_mixin.py:137} INFO - [2023-02-02T01:20:29.124+0000] {dag.py:3441} INFO - Setting next_dagrun for example_xcom_args_with_operators to None, run_after=None
[2023-02-02T01:20:29.135+0000] {processor.py:175} INFO - Processing /home/airflow/.local/lib/python3.7/site-packages/airflow/example_dags/example_xcomargs.py took 0.084 seconds
[2023-02-02T01:20:59.936+0000] {processor.py:153} INFO - Started process (PID=1607) to work on /home/airflow/.local/lib/python3.7/site-packages/airflow/example_dags/example_xcomargs.py
[2023-02-02T01:20:59.937+0000] {processor.py:743} INFO - Processing file /home/airflow/.local/lib/python3.7/site-packages/airflow/example_dags/example_xcomargs.py for tasks to queue
[2023-02-02T01:20:59.938+0000] {logging_mixin.py:137} INFO - [2023-02-02T01:20:59.938+0000] {dagbag.py:538} INFO - Filling up the DagBag from /home/airflow/.local/lib/python3.7/site-packages/airflow/example_dags/example_xcomargs.py
[2023-02-02T01:20:59.954+0000] {processor.py:753} INFO - DAG(s) dict_keys(['example_xcom_args_with_operators', 'example_xcom_args']) retrieved from /home/airflow/.local/lib/python3.7/site-packages/airflow/example_dags/example_xcomargs.py
[2023-02-02T01:20:59.971+0000] {logging_mixin.py:137} INFO - [2023-02-02T01:20:59.971+0000] {dag.py:2690} INFO - Sync 2 DAGs
[2023-02-02T01:20:59.987+0000] {logging_mixin.py:137} INFO - [2023-02-02T01:20:59.987+0000] {dag.py:3441} INFO - Setting next_dagrun for example_xcom_args to None, run_after=None
[2023-02-02T01:20:59.989+0000] {logging_mixin.py:137} INFO - [2023-02-02T01:20:59.989+0000] {dag.py:3441} INFO - Setting next_dagrun for example_xcom_args_with_operators to None, run_after=None
[2023-02-02T01:20:59.999+0000] {processor.py:175} INFO - Processing /home/airflow/.local/lib/python3.7/site-packages/airflow/example_dags/example_xcomargs.py took 0.065 seconds
[2023-02-02T01:21:30.548+0000] {processor.py:153} INFO - Started process (PID=1694) to work on /home/airflow/.local/lib/python3.7/site-packages/airflow/example_dags/example_xcomargs.py
[2023-02-02T01:21:30.548+0000] {processor.py:743} INFO - Processing file /home/airflow/.local/lib/python3.7/site-packages/airflow/example_dags/example_xcomargs.py for tasks to queue
[2023-02-02T01:21:30.549+0000] {logging_mixin.py:137} INFO - [2023-02-02T01:21:30.549+0000] {dagbag.py:538} INFO - Filling up the DagBag from /home/airflow/.local/lib/python3.7/site-packages/airflow/example_dags/example_xcomargs.py
[2023-02-02T01:21:30.568+0000] {processor.py:753} INFO - DAG(s) dict_keys(['example_xcom_args', 'example_xcom_args_with_operators']) retrieved from /home/airflow/.local/lib/python3.7/site-packages/airflow/example_dags/example_xcomargs.py
[2023-02-02T01:21:30.586+0000] {logging_mixin.py:137} INFO - [2023-02-02T01:21:30.586+0000] {dag.py:2690} INFO - Sync 2 DAGs
[2023-02-02T01:21:30.602+0000] {logging_mixin.py:137} INFO - [2023-02-02T01:21:30.602+0000] {dag.py:3441} INFO - Setting next_dagrun for example_xcom_args to None, run_after=None
[2023-02-02T01:21:30.605+0000] {logging_mixin.py:137} INFO - [2023-02-02T01:21:30.605+0000] {dag.py:3441} INFO - Setting next_dagrun for example_xcom_args_with_operators to None, run_after=None
[2023-02-02T01:21:30.615+0000] {processor.py:175} INFO - Processing /home/airflow/.local/lib/python3.7/site-packages/airflow/example_dags/example_xcomargs.py took 0.070 seconds
[2023-02-02T01:22:01.249+0000] {processor.py:153} INFO - Started process (PID=1781) to work on /home/airflow/.local/lib/python3.7/site-packages/airflow/example_dags/example_xcomargs.py
[2023-02-02T01:22:01.250+0000] {processor.py:743} INFO - Processing file /home/airflow/.local/lib/python3.7/site-packages/airflow/example_dags/example_xcomargs.py for tasks to queue
[2023-02-02T01:22:01.250+0000] {logging_mixin.py:137} INFO - [2023-02-02T01:22:01.250+0000] {dagbag.py:538} INFO - Filling up the DagBag from /home/airflow/.local/lib/python3.7/site-packages/airflow/example_dags/example_xcomargs.py
[2023-02-02T01:22:01.268+0000] {processor.py:753} INFO - DAG(s) dict_keys(['example_xcom_args', 'example_xcom_args_with_operators']) retrieved from /home/airflow/.local/lib/python3.7/site-packages/airflow/example_dags/example_xcomargs.py
[2023-02-02T01:22:01.287+0000] {logging_mixin.py:137} INFO - [2023-02-02T01:22:01.286+0000] {dag.py:2690} INFO - Sync 2 DAGs
[2023-02-02T01:22:01.302+0000] {logging_mixin.py:137} INFO - [2023-02-02T01:22:01.302+0000] {dag.py:3441} INFO - Setting next_dagrun for example_xcom_args to None, run_after=None
[2023-02-02T01:22:01.305+0000] {logging_mixin.py:137} INFO - [2023-02-02T01:22:01.305+0000] {dag.py:3441} INFO - Setting next_dagrun for example_xcom_args_with_operators to None, run_after=None
[2023-02-02T01:22:01.315+0000] {processor.py:175} INFO - Processing /home/airflow/.local/lib/python3.7/site-packages/airflow/example_dags/example_xcomargs.py took 0.068 seconds
[2023-02-02T01:22:31.936+0000] {processor.py:153} INFO - Started process (PID=1852) to work on /home/airflow/.local/lib/python3.7/site-packages/airflow/example_dags/example_xcomargs.py
[2023-02-02T01:22:31.936+0000] {processor.py:743} INFO - Processing file /home/airflow/.local/lib/python3.7/site-packages/airflow/example_dags/example_xcomargs.py for tasks to queue
[2023-02-02T01:22:31.937+0000] {logging_mixin.py:137} INFO - [2023-02-02T01:22:31.936+0000] {dagbag.py:538} INFO - Filling up the DagBag from /home/airflow/.local/lib/python3.7/site-packages/airflow/example_dags/example_xcomargs.py
[2023-02-02T01:22:31.953+0000] {processor.py:753} INFO - DAG(s) dict_keys(['example_xcom_args', 'example_xcom_args_with_operators']) retrieved from /home/airflow/.local/lib/python3.7/site-packages/airflow/example_dags/example_xcomargs.py
[2023-02-02T01:22:31.972+0000] {logging_mixin.py:137} INFO - [2023-02-02T01:22:31.972+0000] {dag.py:2690} INFO - Sync 2 DAGs
[2023-02-02T01:22:31.988+0000] {logging_mixin.py:137} INFO - [2023-02-02T01:22:31.988+0000] {dag.py:3441} INFO - Setting next_dagrun for example_xcom_args to None, run_after=None
[2023-02-02T01:22:31.991+0000] {logging_mixin.py:137} INFO - [2023-02-02T01:22:31.991+0000] {dag.py:3441} INFO - Setting next_dagrun for example_xcom_args_with_operators to None, run_after=None
[2023-02-02T01:22:32.002+0000] {processor.py:175} INFO - Processing /home/airflow/.local/lib/python3.7/site-packages/airflow/example_dags/example_xcomargs.py took 0.068 seconds
[2023-02-02T01:23:02.832+0000] {processor.py:153} INFO - Started process (PID=1939) to work on /home/airflow/.local/lib/python3.7/site-packages/airflow/example_dags/example_xcomargs.py
[2023-02-02T01:23:02.832+0000] {processor.py:743} INFO - Processing file /home/airflow/.local/lib/python3.7/site-packages/airflow/example_dags/example_xcomargs.py for tasks to queue
[2023-02-02T01:23:02.833+0000] {logging_mixin.py:137} INFO - [2023-02-02T01:23:02.833+0000] {dagbag.py:538} INFO - Filling up the DagBag from /home/airflow/.local/lib/python3.7/site-packages/airflow/example_dags/example_xcomargs.py
[2023-02-02T01:23:02.849+0000] {processor.py:753} INFO - DAG(s) dict_keys(['example_xcom_args_with_operators', 'example_xcom_args']) retrieved from /home/airflow/.local/lib/python3.7/site-packages/airflow/example_dags/example_xcomargs.py
[2023-02-02T01:23:02.872+0000] {logging_mixin.py:137} INFO - [2023-02-02T01:23:02.872+0000] {dag.py:2690} INFO - Sync 2 DAGs
[2023-02-02T01:23:02.890+0000] {logging_mixin.py:137} INFO - [2023-02-02T01:23:02.890+0000] {dag.py:3441} INFO - Setting next_dagrun for example_xcom_args to None, run_after=None
[2023-02-02T01:23:02.893+0000] {logging_mixin.py:137} INFO - [2023-02-02T01:23:02.893+0000] {dag.py:3441} INFO - Setting next_dagrun for example_xcom_args_with_operators to None, run_after=None
[2023-02-02T01:23:02.905+0000] {processor.py:175} INFO - Processing /home/airflow/.local/lib/python3.7/site-packages/airflow/example_dags/example_xcomargs.py took 0.075 seconds
[2023-02-02T01:23:33.577+0000] {processor.py:153} INFO - Started process (PID=2026) to work on /home/airflow/.local/lib/python3.7/site-packages/airflow/example_dags/example_xcomargs.py
[2023-02-02T01:23:33.578+0000] {processor.py:743} INFO - Processing file /home/airflow/.local/lib/python3.7/site-packages/airflow/example_dags/example_xcomargs.py for tasks to queue
[2023-02-02T01:23:33.578+0000] {logging_mixin.py:137} INFO - [2023-02-02T01:23:33.578+0000] {dagbag.py:538} INFO - Filling up the DagBag from /home/airflow/.local/lib/python3.7/site-packages/airflow/example_dags/example_xcomargs.py
[2023-02-02T01:23:33.598+0000] {processor.py:753} INFO - DAG(s) dict_keys(['example_xcom_args', 'example_xcom_args_with_operators']) retrieved from /home/airflow/.local/lib/python3.7/site-packages/airflow/example_dags/example_xcomargs.py
[2023-02-02T01:23:33.621+0000] {logging_mixin.py:137} INFO - [2023-02-02T01:23:33.621+0000] {dag.py:2690} INFO - Sync 2 DAGs
[2023-02-02T01:23:33.638+0000] {logging_mixin.py:137} INFO - [2023-02-02T01:23:33.638+0000] {dag.py:3441} INFO - Setting next_dagrun for example_xcom_args to None, run_after=None
[2023-02-02T01:23:33.640+0000] {logging_mixin.py:137} INFO - [2023-02-02T01:23:33.640+0000] {dag.py:3441} INFO - Setting next_dagrun for example_xcom_args_with_operators to None, run_after=None
[2023-02-02T01:23:33.651+0000] {processor.py:175} INFO - Processing /home/airflow/.local/lib/python3.7/site-packages/airflow/example_dags/example_xcomargs.py took 0.076 seconds
[2023-02-02T01:24:04.347+0000] {processor.py:153} INFO - Started process (PID=2106) to work on /home/airflow/.local/lib/python3.7/site-packages/airflow/example_dags/example_xcomargs.py
[2023-02-02T01:24:04.347+0000] {processor.py:743} INFO - Processing file /home/airflow/.local/lib/python3.7/site-packages/airflow/example_dags/example_xcomargs.py for tasks to queue
[2023-02-02T01:24:04.348+0000] {logging_mixin.py:137} INFO - [2023-02-02T01:24:04.348+0000] {dagbag.py:538} INFO - Filling up the DagBag from /home/airflow/.local/lib/python3.7/site-packages/airflow/example_dags/example_xcomargs.py
[2023-02-02T01:24:04.365+0000] {processor.py:753} INFO - DAG(s) dict_keys(['example_xcom_args', 'example_xcom_args_with_operators']) retrieved from /home/airflow/.local/lib/python3.7/site-packages/airflow/example_dags/example_xcomargs.py
[2023-02-02T01:24:04.385+0000] {logging_mixin.py:137} INFO - [2023-02-02T01:24:04.384+0000] {dag.py:2690} INFO - Sync 2 DAGs
[2023-02-02T01:24:04.401+0000] {logging_mixin.py:137} INFO - [2023-02-02T01:24:04.401+0000] {dag.py:3441} INFO - Setting next_dagrun for example_xcom_args to None, run_after=None
[2023-02-02T01:24:04.403+0000] {logging_mixin.py:137} INFO - [2023-02-02T01:24:04.403+0000] {dag.py:3441} INFO - Setting next_dagrun for example_xcom_args_with_operators to None, run_after=None
[2023-02-02T01:24:04.414+0000] {processor.py:175} INFO - Processing /home/airflow/.local/lib/python3.7/site-packages/airflow/example_dags/example_xcomargs.py took 0.070 seconds
[2023-02-02T01:24:35.206+0000] {processor.py:153} INFO - Started process (PID=2184) to work on /home/airflow/.local/lib/python3.7/site-packages/airflow/example_dags/example_xcomargs.py
[2023-02-02T01:24:35.206+0000] {processor.py:743} INFO - Processing file /home/airflow/.local/lib/python3.7/site-packages/airflow/example_dags/example_xcomargs.py for tasks to queue
[2023-02-02T01:24:35.207+0000] {logging_mixin.py:137} INFO - [2023-02-02T01:24:35.207+0000] {dagbag.py:538} INFO - Filling up the DagBag from /home/airflow/.local/lib/python3.7/site-packages/airflow/example_dags/example_xcomargs.py
[2023-02-02T01:24:35.227+0000] {processor.py:753} INFO - DAG(s) dict_keys(['example_xcom_args_with_operators', 'example_xcom_args']) retrieved from /home/airflow/.local/lib/python3.7/site-packages/airflow/example_dags/example_xcomargs.py
[2023-02-02T01:24:35.247+0000] {logging_mixin.py:137} INFO - [2023-02-02T01:24:35.247+0000] {dag.py:2690} INFO - Sync 2 DAGs
[2023-02-02T01:24:35.263+0000] {logging_mixin.py:137} INFO - [2023-02-02T01:24:35.263+0000] {dag.py:3441} INFO - Setting next_dagrun for example_xcom_args to None, run_after=None
[2023-02-02T01:24:35.266+0000] {logging_mixin.py:137} INFO - [2023-02-02T01:24:35.266+0000] {dag.py:3441} INFO - Setting next_dagrun for example_xcom_args_with_operators to None, run_after=None
[2023-02-02T01:24:35.278+0000] {processor.py:175} INFO - Processing /home/airflow/.local/lib/python3.7/site-packages/airflow/example_dags/example_xcomargs.py took 0.074 seconds
[2023-02-02T01:25:05.886+0000] {processor.py:153} INFO - Started process (PID=2271) to work on /home/airflow/.local/lib/python3.7/site-packages/airflow/example_dags/example_xcomargs.py
[2023-02-02T01:25:05.886+0000] {processor.py:743} INFO - Processing file /home/airflow/.local/lib/python3.7/site-packages/airflow/example_dags/example_xcomargs.py for tasks to queue
[2023-02-02T01:25:05.887+0000] {logging_mixin.py:137} INFO - [2023-02-02T01:25:05.887+0000] {dagbag.py:538} INFO - Filling up the DagBag from /home/airflow/.local/lib/python3.7/site-packages/airflow/example_dags/example_xcomargs.py
[2023-02-02T01:25:05.903+0000] {processor.py:753} INFO - DAG(s) dict_keys(['example_xcom_args', 'example_xcom_args_with_operators']) retrieved from /home/airflow/.local/lib/python3.7/site-packages/airflow/example_dags/example_xcomargs.py
[2023-02-02T01:25:05.923+0000] {logging_mixin.py:137} INFO - [2023-02-02T01:25:05.923+0000] {dag.py:2690} INFO - Sync 2 DAGs
[2023-02-02T01:25:05.940+0000] {logging_mixin.py:137} INFO - [2023-02-02T01:25:05.940+0000] {dag.py:3441} INFO - Setting next_dagrun for example_xcom_args to None, run_after=None
[2023-02-02T01:25:05.942+0000] {logging_mixin.py:137} INFO - [2023-02-02T01:25:05.942+0000] {dag.py:3441} INFO - Setting next_dagrun for example_xcom_args_with_operators to None, run_after=None
[2023-02-02T01:25:05.963+0000] {processor.py:175} INFO - Processing /home/airflow/.local/lib/python3.7/site-packages/airflow/example_dags/example_xcomargs.py took 0.079 seconds
