[2023-02-02T01:11:15.726+0000] {processor.py:153} INFO - Started process (PID=68) to work on /home/airflow/.local/lib/python3.7/site-packages/airflow/example_dags/example_latest_only.py
[2023-02-02T01:11:15.726+0000] {processor.py:743} INFO - Processing file /home/airflow/.local/lib/python3.7/site-packages/airflow/example_dags/example_latest_only.py for tasks to queue
[2023-02-02T01:11:15.727+0000] {logging_mixin.py:137} INFO - [2023-02-02T01:11:15.727+0000] {dagbag.py:538} INFO - Filling up the DagBag from /home/airflow/.local/lib/python3.7/site-packages/airflow/example_dags/example_latest_only.py
[2023-02-02T01:11:15.740+0000] {processor.py:753} INFO - DAG(s) dict_keys(['latest_only']) retrieved from /home/airflow/.local/lib/python3.7/site-packages/airflow/example_dags/example_latest_only.py
[2023-02-02T01:11:15.751+0000] {logging_mixin.py:137} INFO - [2023-02-02T01:11:15.750+0000] {dag.py:2690} INFO - Sync 1 DAGs
[2023-02-02T01:11:15.772+0000] {logging_mixin.py:137} INFO - [2023-02-02T01:11:15.772+0000] {dag.py:3441} INFO - Setting next_dagrun for latest_only to 2023-02-01T21:11:15.772356+00:00, run_after=2023-02-02T01:11:15.772356+00:00
[2023-02-02T01:11:15.786+0000] {processor.py:175} INFO - Processing /home/airflow/.local/lib/python3.7/site-packages/airflow/example_dags/example_latest_only.py took 0.064 seconds
[2023-02-02T01:11:46.528+0000] {processor.py:153} INFO - Started process (PID=155) to work on /home/airflow/.local/lib/python3.7/site-packages/airflow/example_dags/example_latest_only.py
[2023-02-02T01:11:46.528+0000] {processor.py:743} INFO - Processing file /home/airflow/.local/lib/python3.7/site-packages/airflow/example_dags/example_latest_only.py for tasks to queue
[2023-02-02T01:11:46.529+0000] {logging_mixin.py:137} INFO - [2023-02-02T01:11:46.529+0000] {dagbag.py:538} INFO - Filling up the DagBag from /home/airflow/.local/lib/python3.7/site-packages/airflow/example_dags/example_latest_only.py
[2023-02-02T01:11:46.537+0000] {processor.py:753} INFO - DAG(s) dict_keys(['latest_only']) retrieved from /home/airflow/.local/lib/python3.7/site-packages/airflow/example_dags/example_latest_only.py
[2023-02-02T01:11:46.552+0000] {logging_mixin.py:137} INFO - [2023-02-02T01:11:46.552+0000] {dag.py:2690} INFO - Sync 1 DAGs
[2023-02-02T01:11:46.568+0000] {logging_mixin.py:137} INFO - [2023-02-02T01:11:46.568+0000] {dag.py:3441} INFO - Setting next_dagrun for latest_only to 2023-02-01T21:11:46.568660+00:00, run_after=2023-02-02T01:11:46.568660+00:00
[2023-02-02T01:11:46.581+0000] {processor.py:175} INFO - Processing /home/airflow/.local/lib/python3.7/site-packages/airflow/example_dags/example_latest_only.py took 0.055 seconds
[2023-02-02T01:12:17.418+0000] {processor.py:153} INFO - Started process (PID=242) to work on /home/airflow/.local/lib/python3.7/site-packages/airflow/example_dags/example_latest_only.py
[2023-02-02T01:12:17.419+0000] {processor.py:743} INFO - Processing file /home/airflow/.local/lib/python3.7/site-packages/airflow/example_dags/example_latest_only.py for tasks to queue
[2023-02-02T01:12:17.420+0000] {logging_mixin.py:137} INFO - [2023-02-02T01:12:17.419+0000] {dagbag.py:538} INFO - Filling up the DagBag from /home/airflow/.local/lib/python3.7/site-packages/airflow/example_dags/example_latest_only.py
[2023-02-02T01:12:17.429+0000] {processor.py:753} INFO - DAG(s) dict_keys(['latest_only']) retrieved from /home/airflow/.local/lib/python3.7/site-packages/airflow/example_dags/example_latest_only.py
[2023-02-02T01:12:17.445+0000] {logging_mixin.py:137} INFO - [2023-02-02T01:12:17.445+0000] {dag.py:2690} INFO - Sync 1 DAGs
[2023-02-02T01:12:17.461+0000] {logging_mixin.py:137} INFO - [2023-02-02T01:12:17.461+0000] {dag.py:3441} INFO - Setting next_dagrun for latest_only to 2023-02-01T21:12:17.461556+00:00, run_after=2023-02-02T01:12:17.461556+00:00
[2023-02-02T01:12:17.473+0000] {processor.py:175} INFO - Processing /home/airflow/.local/lib/python3.7/site-packages/airflow/example_dags/example_latest_only.py took 0.056 seconds
[2023-02-02T01:12:48.178+0000] {processor.py:153} INFO - Started process (PID=313) to work on /home/airflow/.local/lib/python3.7/site-packages/airflow/example_dags/example_latest_only.py
[2023-02-02T01:12:48.178+0000] {processor.py:743} INFO - Processing file /home/airflow/.local/lib/python3.7/site-packages/airflow/example_dags/example_latest_only.py for tasks to queue
[2023-02-02T01:12:48.179+0000] {logging_mixin.py:137} INFO - [2023-02-02T01:12:48.179+0000] {dagbag.py:538} INFO - Filling up the DagBag from /home/airflow/.local/lib/python3.7/site-packages/airflow/example_dags/example_latest_only.py
[2023-02-02T01:12:48.192+0000] {processor.py:753} INFO - DAG(s) dict_keys(['latest_only']) retrieved from /home/airflow/.local/lib/python3.7/site-packages/airflow/example_dags/example_latest_only.py
[2023-02-02T01:12:48.208+0000] {logging_mixin.py:137} INFO - [2023-02-02T01:12:48.208+0000] {dag.py:2690} INFO - Sync 1 DAGs
[2023-02-02T01:12:48.226+0000] {logging_mixin.py:137} INFO - [2023-02-02T01:12:48.226+0000] {dag.py:3441} INFO - Setting next_dagrun for latest_only to 2023-02-01T21:12:48.226017+00:00, run_after=2023-02-02T01:12:48.226017+00:00
[2023-02-02T01:12:48.239+0000] {processor.py:175} INFO - Processing /home/airflow/.local/lib/python3.7/site-packages/airflow/example_dags/example_latest_only.py took 0.063 seconds
[2023-02-02T01:13:18.969+0000] {processor.py:153} INFO - Started process (PID=400) to work on /home/airflow/.local/lib/python3.7/site-packages/airflow/example_dags/example_latest_only.py
[2023-02-02T01:13:18.970+0000] {processor.py:743} INFO - Processing file /home/airflow/.local/lib/python3.7/site-packages/airflow/example_dags/example_latest_only.py for tasks to queue
[2023-02-02T01:13:18.970+0000] {logging_mixin.py:137} INFO - [2023-02-02T01:13:18.970+0000] {dagbag.py:538} INFO - Filling up the DagBag from /home/airflow/.local/lib/python3.7/site-packages/airflow/example_dags/example_latest_only.py
[2023-02-02T01:13:18.980+0000] {processor.py:753} INFO - DAG(s) dict_keys(['latest_only']) retrieved from /home/airflow/.local/lib/python3.7/site-packages/airflow/example_dags/example_latest_only.py
[2023-02-02T01:13:18.998+0000] {logging_mixin.py:137} INFO - [2023-02-02T01:13:18.998+0000] {dag.py:2690} INFO - Sync 1 DAGs
[2023-02-02T01:13:19.021+0000] {logging_mixin.py:137} INFO - [2023-02-02T01:13:19.021+0000] {dag.py:3441} INFO - Setting next_dagrun for latest_only to 2023-02-01T21:13:19.021146+00:00, run_after=2023-02-02T01:13:19.021146+00:00
[2023-02-02T01:13:19.033+0000] {processor.py:175} INFO - Processing /home/airflow/.local/lib/python3.7/site-packages/airflow/example_dags/example_latest_only.py took 0.066 seconds
[2023-02-02T01:13:49.649+0000] {processor.py:153} INFO - Started process (PID=487) to work on /home/airflow/.local/lib/python3.7/site-packages/airflow/example_dags/example_latest_only.py
[2023-02-02T01:13:49.649+0000] {processor.py:743} INFO - Processing file /home/airflow/.local/lib/python3.7/site-packages/airflow/example_dags/example_latest_only.py for tasks to queue
[2023-02-02T01:13:49.650+0000] {logging_mixin.py:137} INFO - [2023-02-02T01:13:49.650+0000] {dagbag.py:538} INFO - Filling up the DagBag from /home/airflow/.local/lib/python3.7/site-packages/airflow/example_dags/example_latest_only.py
[2023-02-02T01:13:49.660+0000] {processor.py:753} INFO - DAG(s) dict_keys(['latest_only']) retrieved from /home/airflow/.local/lib/python3.7/site-packages/airflow/example_dags/example_latest_only.py
[2023-02-02T01:13:49.675+0000] {logging_mixin.py:137} INFO - [2023-02-02T01:13:49.675+0000] {dag.py:2690} INFO - Sync 1 DAGs
[2023-02-02T01:13:49.691+0000] {logging_mixin.py:137} INFO - [2023-02-02T01:13:49.691+0000] {dag.py:3441} INFO - Setting next_dagrun for latest_only to 2023-02-01T21:13:49.691273+00:00, run_after=2023-02-02T01:13:49.691273+00:00
[2023-02-02T01:13:49.703+0000] {processor.py:175} INFO - Processing /home/airflow/.local/lib/python3.7/site-packages/airflow/example_dags/example_latest_only.py took 0.057 seconds
[2023-02-02T01:14:20.401+0000] {processor.py:153} INFO - Started process (PID=558) to work on /home/airflow/.local/lib/python3.7/site-packages/airflow/example_dags/example_latest_only.py
[2023-02-02T01:14:20.402+0000] {processor.py:743} INFO - Processing file /home/airflow/.local/lib/python3.7/site-packages/airflow/example_dags/example_latest_only.py for tasks to queue
[2023-02-02T01:14:20.402+0000] {logging_mixin.py:137} INFO - [2023-02-02T01:14:20.402+0000] {dagbag.py:538} INFO - Filling up the DagBag from /home/airflow/.local/lib/python3.7/site-packages/airflow/example_dags/example_latest_only.py
[2023-02-02T01:14:20.413+0000] {processor.py:753} INFO - DAG(s) dict_keys(['latest_only']) retrieved from /home/airflow/.local/lib/python3.7/site-packages/airflow/example_dags/example_latest_only.py
[2023-02-02T01:14:20.429+0000] {logging_mixin.py:137} INFO - [2023-02-02T01:14:20.429+0000] {dag.py:2690} INFO - Sync 1 DAGs
[2023-02-02T01:14:20.445+0000] {logging_mixin.py:137} INFO - [2023-02-02T01:14:20.445+0000] {dag.py:3441} INFO - Setting next_dagrun for latest_only to 2023-02-01T21:14:20.445659+00:00, run_after=2023-02-02T01:14:20.445659+00:00
[2023-02-02T01:14:20.460+0000] {processor.py:175} INFO - Processing /home/airflow/.local/lib/python3.7/site-packages/airflow/example_dags/example_latest_only.py took 0.061 seconds
[2023-02-02T01:14:51.095+0000] {processor.py:153} INFO - Started process (PID=645) to work on /home/airflow/.local/lib/python3.7/site-packages/airflow/example_dags/example_latest_only.py
[2023-02-02T01:14:51.096+0000] {processor.py:743} INFO - Processing file /home/airflow/.local/lib/python3.7/site-packages/airflow/example_dags/example_latest_only.py for tasks to queue
[2023-02-02T01:14:51.096+0000] {logging_mixin.py:137} INFO - [2023-02-02T01:14:51.096+0000] {dagbag.py:538} INFO - Filling up the DagBag from /home/airflow/.local/lib/python3.7/site-packages/airflow/example_dags/example_latest_only.py
[2023-02-02T01:14:51.106+0000] {processor.py:753} INFO - DAG(s) dict_keys(['latest_only']) retrieved from /home/airflow/.local/lib/python3.7/site-packages/airflow/example_dags/example_latest_only.py
[2023-02-02T01:14:51.121+0000] {logging_mixin.py:137} INFO - [2023-02-02T01:14:51.121+0000] {dag.py:2690} INFO - Sync 1 DAGs
[2023-02-02T01:14:51.138+0000] {logging_mixin.py:137} INFO - [2023-02-02T01:14:51.138+0000] {dag.py:3441} INFO - Setting next_dagrun for latest_only to 2023-02-01T21:14:51.138663+00:00, run_after=2023-02-02T01:14:51.138663+00:00
[2023-02-02T01:14:51.150+0000] {processor.py:175} INFO - Processing /home/airflow/.local/lib/python3.7/site-packages/airflow/example_dags/example_latest_only.py took 0.058 seconds
[2023-02-02T01:15:21.869+0000] {processor.py:153} INFO - Started process (PID=732) to work on /home/airflow/.local/lib/python3.7/site-packages/airflow/example_dags/example_latest_only.py
[2023-02-02T01:15:21.870+0000] {processor.py:743} INFO - Processing file /home/airflow/.local/lib/python3.7/site-packages/airflow/example_dags/example_latest_only.py for tasks to queue
[2023-02-02T01:15:21.871+0000] {logging_mixin.py:137} INFO - [2023-02-02T01:15:21.870+0000] {dagbag.py:538} INFO - Filling up the DagBag from /home/airflow/.local/lib/python3.7/site-packages/airflow/example_dags/example_latest_only.py
[2023-02-02T01:15:21.883+0000] {processor.py:753} INFO - DAG(s) dict_keys(['latest_only']) retrieved from /home/airflow/.local/lib/python3.7/site-packages/airflow/example_dags/example_latest_only.py
[2023-02-02T01:15:21.899+0000] {logging_mixin.py:137} INFO - [2023-02-02T01:15:21.899+0000] {dag.py:2690} INFO - Sync 1 DAGs
[2023-02-02T01:15:21.916+0000] {logging_mixin.py:137} INFO - [2023-02-02T01:15:21.916+0000] {dag.py:3441} INFO - Setting next_dagrun for latest_only to 2023-02-01T21:15:21.916055+00:00, run_after=2023-02-02T01:15:21.916055+00:00
[2023-02-02T01:15:21.931+0000] {processor.py:175} INFO - Processing /home/airflow/.local/lib/python3.7/site-packages/airflow/example_dags/example_latest_only.py took 0.064 seconds
[2023-02-02T01:15:52.643+0000] {processor.py:153} INFO - Started process (PID=810) to work on /home/airflow/.local/lib/python3.7/site-packages/airflow/example_dags/example_latest_only.py
[2023-02-02T01:15:52.644+0000] {processor.py:743} INFO - Processing file /home/airflow/.local/lib/python3.7/site-packages/airflow/example_dags/example_latest_only.py for tasks to queue
[2023-02-02T01:15:52.644+0000] {logging_mixin.py:137} INFO - [2023-02-02T01:15:52.644+0000] {dagbag.py:538} INFO - Filling up the DagBag from /home/airflow/.local/lib/python3.7/site-packages/airflow/example_dags/example_latest_only.py
[2023-02-02T01:15:52.654+0000] {processor.py:753} INFO - DAG(s) dict_keys(['latest_only']) retrieved from /home/airflow/.local/lib/python3.7/site-packages/airflow/example_dags/example_latest_only.py
[2023-02-02T01:15:52.673+0000] {logging_mixin.py:137} INFO - [2023-02-02T01:15:52.673+0000] {dag.py:2690} INFO - Sync 1 DAGs
[2023-02-02T01:15:52.690+0000] {logging_mixin.py:137} INFO - [2023-02-02T01:15:52.690+0000] {dag.py:3441} INFO - Setting next_dagrun for latest_only to 2023-02-01T21:15:52.690507+00:00, run_after=2023-02-02T01:15:52.690507+00:00
[2023-02-02T01:15:52.701+0000] {processor.py:175} INFO - Processing /home/airflow/.local/lib/python3.7/site-packages/airflow/example_dags/example_latest_only.py took 0.061 seconds
[2023-02-02T01:16:23.528+0000] {processor.py:153} INFO - Started process (PID=890) to work on /home/airflow/.local/lib/python3.7/site-packages/airflow/example_dags/example_latest_only.py
[2023-02-02T01:16:23.529+0000] {processor.py:743} INFO - Processing file /home/airflow/.local/lib/python3.7/site-packages/airflow/example_dags/example_latest_only.py for tasks to queue
[2023-02-02T01:16:23.529+0000] {logging_mixin.py:137} INFO - [2023-02-02T01:16:23.529+0000] {dagbag.py:538} INFO - Filling up the DagBag from /home/airflow/.local/lib/python3.7/site-packages/airflow/example_dags/example_latest_only.py
[2023-02-02T01:16:23.539+0000] {processor.py:753} INFO - DAG(s) dict_keys(['latest_only']) retrieved from /home/airflow/.local/lib/python3.7/site-packages/airflow/example_dags/example_latest_only.py
[2023-02-02T01:16:23.561+0000] {logging_mixin.py:137} INFO - [2023-02-02T01:16:23.561+0000] {dag.py:2690} INFO - Sync 1 DAGs
[2023-02-02T01:16:23.587+0000] {logging_mixin.py:137} INFO - [2023-02-02T01:16:23.587+0000] {dag.py:3441} INFO - Setting next_dagrun for latest_only to 2023-02-01T21:16:23.587146+00:00, run_after=2023-02-02T01:16:23.587146+00:00
[2023-02-02T01:16:23.603+0000] {processor.py:175} INFO - Processing /home/airflow/.local/lib/python3.7/site-packages/airflow/example_dags/example_latest_only.py took 0.077 seconds
[2023-02-02T01:16:54.415+0000] {processor.py:153} INFO - Started process (PID=977) to work on /home/airflow/.local/lib/python3.7/site-packages/airflow/example_dags/example_latest_only.py
[2023-02-02T01:16:54.415+0000] {processor.py:743} INFO - Processing file /home/airflow/.local/lib/python3.7/site-packages/airflow/example_dags/example_latest_only.py for tasks to queue
[2023-02-02T01:16:54.416+0000] {logging_mixin.py:137} INFO - [2023-02-02T01:16:54.416+0000] {dagbag.py:538} INFO - Filling up the DagBag from /home/airflow/.local/lib/python3.7/site-packages/airflow/example_dags/example_latest_only.py
[2023-02-02T01:16:54.426+0000] {processor.py:753} INFO - DAG(s) dict_keys(['latest_only']) retrieved from /home/airflow/.local/lib/python3.7/site-packages/airflow/example_dags/example_latest_only.py
[2023-02-02T01:16:54.445+0000] {logging_mixin.py:137} INFO - [2023-02-02T01:16:54.444+0000] {dag.py:2690} INFO - Sync 1 DAGs
[2023-02-02T01:16:54.461+0000] {logging_mixin.py:137} INFO - [2023-02-02T01:16:54.461+0000] {dag.py:3441} INFO - Setting next_dagrun for latest_only to 2023-02-01T21:16:54.461551+00:00, run_after=2023-02-02T01:16:54.461551+00:00
[2023-02-02T01:16:54.475+0000] {processor.py:175} INFO - Processing /home/airflow/.local/lib/python3.7/site-packages/airflow/example_dags/example_latest_only.py took 0.063 seconds
[2023-02-02T01:17:25.176+0000] {processor.py:153} INFO - Started process (PID=1064) to work on /home/airflow/.local/lib/python3.7/site-packages/airflow/example_dags/example_latest_only.py
[2023-02-02T01:17:25.177+0000] {processor.py:743} INFO - Processing file /home/airflow/.local/lib/python3.7/site-packages/airflow/example_dags/example_latest_only.py for tasks to queue
[2023-02-02T01:17:25.177+0000] {logging_mixin.py:137} INFO - [2023-02-02T01:17:25.177+0000] {dagbag.py:538} INFO - Filling up the DagBag from /home/airflow/.local/lib/python3.7/site-packages/airflow/example_dags/example_latest_only.py
[2023-02-02T01:17:25.186+0000] {processor.py:753} INFO - DAG(s) dict_keys(['latest_only']) retrieved from /home/airflow/.local/lib/python3.7/site-packages/airflow/example_dags/example_latest_only.py
[2023-02-02T01:17:25.203+0000] {logging_mixin.py:137} INFO - [2023-02-02T01:17:25.203+0000] {dag.py:2690} INFO - Sync 1 DAGs
[2023-02-02T01:17:25.222+0000] {logging_mixin.py:137} INFO - [2023-02-02T01:17:25.222+0000] {dag.py:3441} INFO - Setting next_dagrun for latest_only to 2023-02-01T21:17:25.221955+00:00, run_after=2023-02-02T01:17:25.221955+00:00
[2023-02-02T01:17:25.234+0000] {processor.py:175} INFO - Processing /home/airflow/.local/lib/python3.7/site-packages/airflow/example_dags/example_latest_only.py took 0.060 seconds
[2023-02-02T01:17:56.060+0000] {processor.py:153} INFO - Started process (PID=1135) to work on /home/airflow/.local/lib/python3.7/site-packages/airflow/example_dags/example_latest_only.py
[2023-02-02T01:17:56.061+0000] {processor.py:743} INFO - Processing file /home/airflow/.local/lib/python3.7/site-packages/airflow/example_dags/example_latest_only.py for tasks to queue
[2023-02-02T01:17:56.061+0000] {logging_mixin.py:137} INFO - [2023-02-02T01:17:56.061+0000] {dagbag.py:538} INFO - Filling up the DagBag from /home/airflow/.local/lib/python3.7/site-packages/airflow/example_dags/example_latest_only.py
[2023-02-02T01:17:56.070+0000] {processor.py:753} INFO - DAG(s) dict_keys(['latest_only']) retrieved from /home/airflow/.local/lib/python3.7/site-packages/airflow/example_dags/example_latest_only.py
[2023-02-02T01:17:56.084+0000] {logging_mixin.py:137} INFO - [2023-02-02T01:17:56.084+0000] {dag.py:2690} INFO - Sync 1 DAGs
[2023-02-02T01:17:56.102+0000] {logging_mixin.py:137} INFO - [2023-02-02T01:17:56.102+0000] {dag.py:3441} INFO - Setting next_dagrun for latest_only to 2023-02-01T21:17:56.102078+00:00, run_after=2023-02-02T01:17:56.102078+00:00
[2023-02-02T01:17:56.114+0000] {processor.py:175} INFO - Processing /home/airflow/.local/lib/python3.7/site-packages/airflow/example_dags/example_latest_only.py took 0.056 seconds
[2023-02-02T01:18:26.807+0000] {processor.py:153} INFO - Started process (PID=1222) to work on /home/airflow/.local/lib/python3.7/site-packages/airflow/example_dags/example_latest_only.py
[2023-02-02T01:18:26.807+0000] {processor.py:743} INFO - Processing file /home/airflow/.local/lib/python3.7/site-packages/airflow/example_dags/example_latest_only.py for tasks to queue
[2023-02-02T01:18:26.808+0000] {logging_mixin.py:137} INFO - [2023-02-02T01:18:26.808+0000] {dagbag.py:538} INFO - Filling up the DagBag from /home/airflow/.local/lib/python3.7/site-packages/airflow/example_dags/example_latest_only.py
[2023-02-02T01:18:26.816+0000] {processor.py:753} INFO - DAG(s) dict_keys(['latest_only']) retrieved from /home/airflow/.local/lib/python3.7/site-packages/airflow/example_dags/example_latest_only.py
[2023-02-02T01:18:26.831+0000] {logging_mixin.py:137} INFO - [2023-02-02T01:18:26.831+0000] {dag.py:2690} INFO - Sync 1 DAGs
[2023-02-02T01:18:26.846+0000] {logging_mixin.py:137} INFO - [2023-02-02T01:18:26.846+0000] {dag.py:3441} INFO - Setting next_dagrun for latest_only to 2023-02-01T21:18:26.846564+00:00, run_after=2023-02-02T01:18:26.846564+00:00
[2023-02-02T01:18:26.858+0000] {processor.py:175} INFO - Processing /home/airflow/.local/lib/python3.7/site-packages/airflow/example_dags/example_latest_only.py took 0.053 seconds
[2023-02-02T01:18:57.693+0000] {processor.py:153} INFO - Started process (PID=1309) to work on /home/airflow/.local/lib/python3.7/site-packages/airflow/example_dags/example_latest_only.py
[2023-02-02T01:18:57.694+0000] {processor.py:743} INFO - Processing file /home/airflow/.local/lib/python3.7/site-packages/airflow/example_dags/example_latest_only.py for tasks to queue
[2023-02-02T01:18:57.695+0000] {logging_mixin.py:137} INFO - [2023-02-02T01:18:57.694+0000] {dagbag.py:538} INFO - Filling up the DagBag from /home/airflow/.local/lib/python3.7/site-packages/airflow/example_dags/example_latest_only.py
[2023-02-02T01:18:57.703+0000] {processor.py:753} INFO - DAG(s) dict_keys(['latest_only']) retrieved from /home/airflow/.local/lib/python3.7/site-packages/airflow/example_dags/example_latest_only.py
[2023-02-02T01:18:57.719+0000] {logging_mixin.py:137} INFO - [2023-02-02T01:18:57.718+0000] {dag.py:2690} INFO - Sync 1 DAGs
[2023-02-02T01:18:57.734+0000] {logging_mixin.py:137} INFO - [2023-02-02T01:18:57.734+0000] {dag.py:3441} INFO - Setting next_dagrun for latest_only to 2023-02-01T21:18:57.734538+00:00, run_after=2023-02-02T01:18:57.734538+00:00
[2023-02-02T01:18:57.747+0000] {processor.py:175} INFO - Processing /home/airflow/.local/lib/python3.7/site-packages/airflow/example_dags/example_latest_only.py took 0.056 seconds
[2023-02-02T01:19:28.409+0000] {processor.py:153} INFO - Started process (PID=1380) to work on /home/airflow/.local/lib/python3.7/site-packages/airflow/example_dags/example_latest_only.py
[2023-02-02T01:19:28.409+0000] {processor.py:743} INFO - Processing file /home/airflow/.local/lib/python3.7/site-packages/airflow/example_dags/example_latest_only.py for tasks to queue
[2023-02-02T01:19:28.410+0000] {logging_mixin.py:137} INFO - [2023-02-02T01:19:28.409+0000] {dagbag.py:538} INFO - Filling up the DagBag from /home/airflow/.local/lib/python3.7/site-packages/airflow/example_dags/example_latest_only.py
[2023-02-02T01:19:28.419+0000] {processor.py:753} INFO - DAG(s) dict_keys(['latest_only']) retrieved from /home/airflow/.local/lib/python3.7/site-packages/airflow/example_dags/example_latest_only.py
[2023-02-02T01:19:28.436+0000] {logging_mixin.py:137} INFO - [2023-02-02T01:19:28.436+0000] {dag.py:2690} INFO - Sync 1 DAGs
[2023-02-02T01:19:28.452+0000] {logging_mixin.py:137} INFO - [2023-02-02T01:19:28.452+0000] {dag.py:3441} INFO - Setting next_dagrun for latest_only to 2023-02-01T21:19:28.452245+00:00, run_after=2023-02-02T01:19:28.452245+00:00
[2023-02-02T01:19:28.464+0000] {processor.py:175} INFO - Processing /home/airflow/.local/lib/python3.7/site-packages/airflow/example_dags/example_latest_only.py took 0.057 seconds
[2023-02-02T01:19:59.105+0000] {processor.py:153} INFO - Started process (PID=1467) to work on /home/airflow/.local/lib/python3.7/site-packages/airflow/example_dags/example_latest_only.py
[2023-02-02T01:19:59.106+0000] {processor.py:743} INFO - Processing file /home/airflow/.local/lib/python3.7/site-packages/airflow/example_dags/example_latest_only.py for tasks to queue
[2023-02-02T01:19:59.107+0000] {logging_mixin.py:137} INFO - [2023-02-02T01:19:59.107+0000] {dagbag.py:538} INFO - Filling up the DagBag from /home/airflow/.local/lib/python3.7/site-packages/airflow/example_dags/example_latest_only.py
[2023-02-02T01:19:59.118+0000] {processor.py:753} INFO - DAG(s) dict_keys(['latest_only']) retrieved from /home/airflow/.local/lib/python3.7/site-packages/airflow/example_dags/example_latest_only.py
[2023-02-02T01:19:59.134+0000] {logging_mixin.py:137} INFO - [2023-02-02T01:19:59.134+0000] {dag.py:2690} INFO - Sync 1 DAGs
[2023-02-02T01:19:59.150+0000] {logging_mixin.py:137} INFO - [2023-02-02T01:19:59.150+0000] {dag.py:3441} INFO - Setting next_dagrun for latest_only to 2023-02-01T21:19:59.150563+00:00, run_after=2023-02-02T01:19:59.150563+00:00
[2023-02-02T01:19:59.162+0000] {processor.py:175} INFO - Processing /home/airflow/.local/lib/python3.7/site-packages/airflow/example_dags/example_latest_only.py took 0.059 seconds
[2023-02-02T01:20:29.919+0000] {processor.py:153} INFO - Started process (PID=1554) to work on /home/airflow/.local/lib/python3.7/site-packages/airflow/example_dags/example_latest_only.py
[2023-02-02T01:20:29.919+0000] {processor.py:743} INFO - Processing file /home/airflow/.local/lib/python3.7/site-packages/airflow/example_dags/example_latest_only.py for tasks to queue
[2023-02-02T01:20:29.920+0000] {logging_mixin.py:137} INFO - [2023-02-02T01:20:29.920+0000] {dagbag.py:538} INFO - Filling up the DagBag from /home/airflow/.local/lib/python3.7/site-packages/airflow/example_dags/example_latest_only.py
[2023-02-02T01:20:29.929+0000] {processor.py:753} INFO - DAG(s) dict_keys(['latest_only']) retrieved from /home/airflow/.local/lib/python3.7/site-packages/airflow/example_dags/example_latest_only.py
[2023-02-02T01:20:29.951+0000] {logging_mixin.py:137} INFO - [2023-02-02T01:20:29.951+0000] {dag.py:2690} INFO - Sync 1 DAGs
[2023-02-02T01:20:29.967+0000] {logging_mixin.py:137} INFO - [2023-02-02T01:20:29.967+0000] {dag.py:3441} INFO - Setting next_dagrun for latest_only to 2023-02-01T21:20:29.967166+00:00, run_after=2023-02-02T01:20:29.967166+00:00
[2023-02-02T01:20:29.980+0000] {processor.py:175} INFO - Processing /home/airflow/.local/lib/python3.7/site-packages/airflow/example_dags/example_latest_only.py took 0.063 seconds
[2023-02-02T01:21:00.626+0000] {processor.py:153} INFO - Started process (PID=1625) to work on /home/airflow/.local/lib/python3.7/site-packages/airflow/example_dags/example_latest_only.py
[2023-02-02T01:21:00.627+0000] {processor.py:743} INFO - Processing file /home/airflow/.local/lib/python3.7/site-packages/airflow/example_dags/example_latest_only.py for tasks to queue
[2023-02-02T01:21:00.627+0000] {logging_mixin.py:137} INFO - [2023-02-02T01:21:00.627+0000] {dagbag.py:538} INFO - Filling up the DagBag from /home/airflow/.local/lib/python3.7/site-packages/airflow/example_dags/example_latest_only.py
[2023-02-02T01:21:00.636+0000] {processor.py:753} INFO - DAG(s) dict_keys(['latest_only']) retrieved from /home/airflow/.local/lib/python3.7/site-packages/airflow/example_dags/example_latest_only.py
[2023-02-02T01:21:00.650+0000] {logging_mixin.py:137} INFO - [2023-02-02T01:21:00.650+0000] {dag.py:2690} INFO - Sync 1 DAGs
[2023-02-02T01:21:00.666+0000] {logging_mixin.py:137} INFO - [2023-02-02T01:21:00.666+0000] {dag.py:3441} INFO - Setting next_dagrun for latest_only to 2023-02-01T21:21:00.666762+00:00, run_after=2023-02-02T01:21:00.666762+00:00
[2023-02-02T01:21:00.677+0000] {processor.py:175} INFO - Processing /home/airflow/.local/lib/python3.7/site-packages/airflow/example_dags/example_latest_only.py took 0.053 seconds
[2023-02-02T01:21:31.281+0000] {processor.py:153} INFO - Started process (PID=1712) to work on /home/airflow/.local/lib/python3.7/site-packages/airflow/example_dags/example_latest_only.py
[2023-02-02T01:21:31.282+0000] {processor.py:743} INFO - Processing file /home/airflow/.local/lib/python3.7/site-packages/airflow/example_dags/example_latest_only.py for tasks to queue
[2023-02-02T01:21:31.283+0000] {logging_mixin.py:137} INFO - [2023-02-02T01:21:31.282+0000] {dagbag.py:538} INFO - Filling up the DagBag from /home/airflow/.local/lib/python3.7/site-packages/airflow/example_dags/example_latest_only.py
[2023-02-02T01:21:31.292+0000] {processor.py:753} INFO - DAG(s) dict_keys(['latest_only']) retrieved from /home/airflow/.local/lib/python3.7/site-packages/airflow/example_dags/example_latest_only.py
[2023-02-02T01:21:31.308+0000] {logging_mixin.py:137} INFO - [2023-02-02T01:21:31.308+0000] {dag.py:2690} INFO - Sync 1 DAGs
[2023-02-02T01:21:31.324+0000] {logging_mixin.py:137} INFO - [2023-02-02T01:21:31.324+0000] {dag.py:3441} INFO - Setting next_dagrun for latest_only to 2023-02-01T21:21:31.323951+00:00, run_after=2023-02-02T01:21:31.323951+00:00
[2023-02-02T01:21:31.336+0000] {processor.py:175} INFO - Processing /home/airflow/.local/lib/python3.7/site-packages/airflow/example_dags/example_latest_only.py took 0.057 seconds
[2023-02-02T01:22:01.976+0000] {processor.py:153} INFO - Started process (PID=1799) to work on /home/airflow/.local/lib/python3.7/site-packages/airflow/example_dags/example_latest_only.py
[2023-02-02T01:22:01.977+0000] {processor.py:743} INFO - Processing file /home/airflow/.local/lib/python3.7/site-packages/airflow/example_dags/example_latest_only.py for tasks to queue
[2023-02-02T01:22:01.977+0000] {logging_mixin.py:137} INFO - [2023-02-02T01:22:01.977+0000] {dagbag.py:538} INFO - Filling up the DagBag from /home/airflow/.local/lib/python3.7/site-packages/airflow/example_dags/example_latest_only.py
[2023-02-02T01:22:01.986+0000] {processor.py:753} INFO - DAG(s) dict_keys(['latest_only']) retrieved from /home/airflow/.local/lib/python3.7/site-packages/airflow/example_dags/example_latest_only.py
[2023-02-02T01:22:02.000+0000] {logging_mixin.py:137} INFO - [2023-02-02T01:22:02.000+0000] {dag.py:2690} INFO - Sync 1 DAGs
[2023-02-02T01:22:02.016+0000] {logging_mixin.py:137} INFO - [2023-02-02T01:22:02.016+0000] {dag.py:3441} INFO - Setting next_dagrun for latest_only to 2023-02-01T21:22:02.015893+00:00, run_after=2023-02-02T01:22:02.015893+00:00
[2023-02-02T01:22:02.032+0000] {processor.py:175} INFO - Processing /home/airflow/.local/lib/python3.7/site-packages/airflow/example_dags/example_latest_only.py took 0.058 seconds
[2023-02-02T01:22:32.831+0000] {processor.py:153} INFO - Started process (PID=1879) to work on /home/airflow/.local/lib/python3.7/site-packages/airflow/example_dags/example_latest_only.py
[2023-02-02T01:22:32.832+0000] {processor.py:743} INFO - Processing file /home/airflow/.local/lib/python3.7/site-packages/airflow/example_dags/example_latest_only.py for tasks to queue
[2023-02-02T01:22:32.832+0000] {logging_mixin.py:137} INFO - [2023-02-02T01:22:32.832+0000] {dagbag.py:538} INFO - Filling up the DagBag from /home/airflow/.local/lib/python3.7/site-packages/airflow/example_dags/example_latest_only.py
[2023-02-02T01:22:32.841+0000] {processor.py:753} INFO - DAG(s) dict_keys(['latest_only']) retrieved from /home/airflow/.local/lib/python3.7/site-packages/airflow/example_dags/example_latest_only.py
[2023-02-02T01:22:32.862+0000] {logging_mixin.py:137} INFO - [2023-02-02T01:22:32.861+0000] {dag.py:2690} INFO - Sync 1 DAGs
[2023-02-02T01:22:32.885+0000] {logging_mixin.py:137} INFO - [2023-02-02T01:22:32.885+0000] {dag.py:3441} INFO - Setting next_dagrun for latest_only to 2023-02-01T21:22:32.885080+00:00, run_after=2023-02-02T01:22:32.885080+00:00
[2023-02-02T01:22:32.901+0000] {processor.py:175} INFO - Processing /home/airflow/.local/lib/python3.7/site-packages/airflow/example_dags/example_latest_only.py took 0.072 seconds
[2023-02-02T01:23:03.595+0000] {processor.py:153} INFO - Started process (PID=1957) to work on /home/airflow/.local/lib/python3.7/site-packages/airflow/example_dags/example_latest_only.py
[2023-02-02T01:23:03.595+0000] {processor.py:743} INFO - Processing file /home/airflow/.local/lib/python3.7/site-packages/airflow/example_dags/example_latest_only.py for tasks to queue
[2023-02-02T01:23:03.596+0000] {logging_mixin.py:137} INFO - [2023-02-02T01:23:03.596+0000] {dagbag.py:538} INFO - Filling up the DagBag from /home/airflow/.local/lib/python3.7/site-packages/airflow/example_dags/example_latest_only.py
[2023-02-02T01:23:03.605+0000] {processor.py:753} INFO - DAG(s) dict_keys(['latest_only']) retrieved from /home/airflow/.local/lib/python3.7/site-packages/airflow/example_dags/example_latest_only.py
[2023-02-02T01:23:03.622+0000] {logging_mixin.py:137} INFO - [2023-02-02T01:23:03.622+0000] {dag.py:2690} INFO - Sync 1 DAGs
[2023-02-02T01:23:03.639+0000] {logging_mixin.py:137} INFO - [2023-02-02T01:23:03.639+0000] {dag.py:3441} INFO - Setting next_dagrun for latest_only to 2023-02-01T21:23:03.639610+00:00, run_after=2023-02-02T01:23:03.639610+00:00
[2023-02-02T01:23:03.652+0000] {processor.py:175} INFO - Processing /home/airflow/.local/lib/python3.7/site-packages/airflow/example_dags/example_latest_only.py took 0.059 seconds
[2023-02-02T01:23:34.321+0000] {processor.py:153} INFO - Started process (PID=2044) to work on /home/airflow/.local/lib/python3.7/site-packages/airflow/example_dags/example_latest_only.py
[2023-02-02T01:23:34.322+0000] {processor.py:743} INFO - Processing file /home/airflow/.local/lib/python3.7/site-packages/airflow/example_dags/example_latest_only.py for tasks to queue
[2023-02-02T01:23:34.322+0000] {logging_mixin.py:137} INFO - [2023-02-02T01:23:34.322+0000] {dagbag.py:538} INFO - Filling up the DagBag from /home/airflow/.local/lib/python3.7/site-packages/airflow/example_dags/example_latest_only.py
[2023-02-02T01:23:34.334+0000] {processor.py:753} INFO - DAG(s) dict_keys(['latest_only']) retrieved from /home/airflow/.local/lib/python3.7/site-packages/airflow/example_dags/example_latest_only.py
[2023-02-02T01:23:34.353+0000] {logging_mixin.py:137} INFO - [2023-02-02T01:23:34.353+0000] {dag.py:2690} INFO - Sync 1 DAGs
[2023-02-02T01:23:34.373+0000] {logging_mixin.py:137} INFO - [2023-02-02T01:23:34.373+0000] {dag.py:3441} INFO - Setting next_dagrun for latest_only to 2023-02-01T21:23:34.373334+00:00, run_after=2023-02-02T01:23:34.373334+00:00
[2023-02-02T01:23:34.388+0000] {processor.py:175} INFO - Processing /home/airflow/.local/lib/python3.7/site-packages/airflow/example_dags/example_latest_only.py took 0.070 seconds
[2023-02-02T01:24:05.216+0000] {processor.py:153} INFO - Started process (PID=2131) to work on /home/airflow/.local/lib/python3.7/site-packages/airflow/example_dags/example_latest_only.py
[2023-02-02T01:24:05.216+0000] {processor.py:743} INFO - Processing file /home/airflow/.local/lib/python3.7/site-packages/airflow/example_dags/example_latest_only.py for tasks to queue
[2023-02-02T01:24:05.217+0000] {logging_mixin.py:137} INFO - [2023-02-02T01:24:05.217+0000] {dagbag.py:538} INFO - Filling up the DagBag from /home/airflow/.local/lib/python3.7/site-packages/airflow/example_dags/example_latest_only.py
[2023-02-02T01:24:05.225+0000] {processor.py:753} INFO - DAG(s) dict_keys(['latest_only']) retrieved from /home/airflow/.local/lib/python3.7/site-packages/airflow/example_dags/example_latest_only.py
[2023-02-02T01:24:05.240+0000] {logging_mixin.py:137} INFO - [2023-02-02T01:24:05.240+0000] {dag.py:2690} INFO - Sync 1 DAGs
[2023-02-02T01:24:05.256+0000] {logging_mixin.py:137} INFO - [2023-02-02T01:24:05.256+0000] {dag.py:3441} INFO - Setting next_dagrun for latest_only to 2023-02-01T21:24:05.256556+00:00, run_after=2023-02-02T01:24:05.256556+00:00
[2023-02-02T01:24:05.268+0000] {processor.py:175} INFO - Processing /home/airflow/.local/lib/python3.7/site-packages/airflow/example_dags/example_latest_only.py took 0.054 seconds
[2023-02-02T01:24:35.939+0000] {processor.py:153} INFO - Started process (PID=2202) to work on /home/airflow/.local/lib/python3.7/site-packages/airflow/example_dags/example_latest_only.py
[2023-02-02T01:24:35.940+0000] {processor.py:743} INFO - Processing file /home/airflow/.local/lib/python3.7/site-packages/airflow/example_dags/example_latest_only.py for tasks to queue
[2023-02-02T01:24:35.940+0000] {logging_mixin.py:137} INFO - [2023-02-02T01:24:35.940+0000] {dagbag.py:538} INFO - Filling up the DagBag from /home/airflow/.local/lib/python3.7/site-packages/airflow/example_dags/example_latest_only.py
[2023-02-02T01:24:35.949+0000] {processor.py:753} INFO - DAG(s) dict_keys(['latest_only']) retrieved from /home/airflow/.local/lib/python3.7/site-packages/airflow/example_dags/example_latest_only.py
[2023-02-02T01:24:35.968+0000] {logging_mixin.py:137} INFO - [2023-02-02T01:24:35.967+0000] {dag.py:2690} INFO - Sync 1 DAGs
[2023-02-02T01:24:35.989+0000] {logging_mixin.py:137} INFO - [2023-02-02T01:24:35.989+0000] {dag.py:3441} INFO - Setting next_dagrun for latest_only to 2023-02-01T21:24:35.988821+00:00, run_after=2023-02-02T01:24:35.988821+00:00
[2023-02-02T01:24:36.005+0000] {processor.py:175} INFO - Processing /home/airflow/.local/lib/python3.7/site-packages/airflow/example_dags/example_latest_only.py took 0.068 seconds
[2023-02-02T01:25:06.596+0000] {processor.py:153} INFO - Started process (PID=2289) to work on /home/airflow/.local/lib/python3.7/site-packages/airflow/example_dags/example_latest_only.py
[2023-02-02T01:25:06.596+0000] {processor.py:743} INFO - Processing file /home/airflow/.local/lib/python3.7/site-packages/airflow/example_dags/example_latest_only.py for tasks to queue
[2023-02-02T01:25:06.597+0000] {logging_mixin.py:137} INFO - [2023-02-02T01:25:06.597+0000] {dagbag.py:538} INFO - Filling up the DagBag from /home/airflow/.local/lib/python3.7/site-packages/airflow/example_dags/example_latest_only.py
[2023-02-02T01:25:06.607+0000] {processor.py:753} INFO - DAG(s) dict_keys(['latest_only']) retrieved from /home/airflow/.local/lib/python3.7/site-packages/airflow/example_dags/example_latest_only.py
[2023-02-02T01:25:06.624+0000] {logging_mixin.py:137} INFO - [2023-02-02T01:25:06.624+0000] {dag.py:2690} INFO - Sync 1 DAGs
[2023-02-02T01:25:06.640+0000] {logging_mixin.py:137} INFO - [2023-02-02T01:25:06.640+0000] {dag.py:3441} INFO - Setting next_dagrun for latest_only to 2023-02-01T21:25:06.640716+00:00, run_after=2023-02-02T01:25:06.640716+00:00
[2023-02-02T01:25:06.654+0000] {processor.py:175} INFO - Processing /home/airflow/.local/lib/python3.7/site-packages/airflow/example_dags/example_latest_only.py took 0.060 seconds
