[2023-02-02T01:11:14.487+0000] {processor.py:153} INFO - Started process (PID=41) to work on /home/airflow/.local/lib/python3.7/site-packages/airflow/example_dags/example_short_circuit_decorator.py
[2023-02-02T01:11:14.487+0000] {processor.py:743} INFO - Processing file /home/airflow/.local/lib/python3.7/site-packages/airflow/example_dags/example_short_circuit_decorator.py for tasks to queue
[2023-02-02T01:11:14.488+0000] {logging_mixin.py:137} INFO - [2023-02-02T01:11:14.488+0000] {dagbag.py:538} INFO - Filling up the DagBag from /home/airflow/.local/lib/python3.7/site-packages/airflow/example_dags/example_short_circuit_decorator.py
[2023-02-02T01:11:14.508+0000] {processor.py:753} INFO - DAG(s) dict_keys(['example_short_circuit_decorator']) retrieved from /home/airflow/.local/lib/python3.7/site-packages/airflow/example_dags/example_short_circuit_decorator.py
[2023-02-02T01:11:14.517+0000] {logging_mixin.py:137} INFO - [2023-02-02T01:11:14.516+0000] {dag.py:2690} INFO - Sync 1 DAGs
[2023-02-02T01:11:14.535+0000] {logging_mixin.py:137} INFO - [2023-02-02T01:11:14.535+0000] {dag.py:3441} INFO - Setting next_dagrun for example_short_circuit_decorator to 2023-02-01T01:11:14.534871+00:00, run_after=2023-02-02T01:11:14.534871+00:00
[2023-02-02T01:11:14.551+0000] {processor.py:175} INFO - Processing /home/airflow/.local/lib/python3.7/site-packages/airflow/example_dags/example_short_circuit_decorator.py took 0.066 seconds
[2023-02-02T01:11:45.314+0000] {processor.py:153} INFO - Started process (PID=128) to work on /home/airflow/.local/lib/python3.7/site-packages/airflow/example_dags/example_short_circuit_decorator.py
[2023-02-02T01:11:45.315+0000] {processor.py:743} INFO - Processing file /home/airflow/.local/lib/python3.7/site-packages/airflow/example_dags/example_short_circuit_decorator.py for tasks to queue
[2023-02-02T01:11:45.316+0000] {logging_mixin.py:137} INFO - [2023-02-02T01:11:45.315+0000] {dagbag.py:538} INFO - Filling up the DagBag from /home/airflow/.local/lib/python3.7/site-packages/airflow/example_dags/example_short_circuit_decorator.py
[2023-02-02T01:11:45.333+0000] {processor.py:753} INFO - DAG(s) dict_keys(['example_short_circuit_decorator']) retrieved from /home/airflow/.local/lib/python3.7/site-packages/airflow/example_dags/example_short_circuit_decorator.py
[2023-02-02T01:11:45.349+0000] {logging_mixin.py:137} INFO - [2023-02-02T01:11:45.349+0000] {dag.py:2690} INFO - Sync 1 DAGs
[2023-02-02T01:11:45.365+0000] {logging_mixin.py:137} INFO - [2023-02-02T01:11:45.365+0000] {dag.py:3441} INFO - Setting next_dagrun for example_short_circuit_decorator to 2023-02-01T01:11:45.365146+00:00, run_after=2023-02-02T01:11:45.365146+00:00
[2023-02-02T01:11:45.376+0000] {processor.py:175} INFO - Processing /home/airflow/.local/lib/python3.7/site-packages/airflow/example_dags/example_short_circuit_decorator.py took 0.064 seconds
[2023-02-02T01:12:16.147+0000] {processor.py:153} INFO - Started process (PID=215) to work on /home/airflow/.local/lib/python3.7/site-packages/airflow/example_dags/example_short_circuit_decorator.py
[2023-02-02T01:12:16.148+0000] {processor.py:743} INFO - Processing file /home/airflow/.local/lib/python3.7/site-packages/airflow/example_dags/example_short_circuit_decorator.py for tasks to queue
[2023-02-02T01:12:16.148+0000] {logging_mixin.py:137} INFO - [2023-02-02T01:12:16.148+0000] {dagbag.py:538} INFO - Filling up the DagBag from /home/airflow/.local/lib/python3.7/site-packages/airflow/example_dags/example_short_circuit_decorator.py
[2023-02-02T01:12:16.175+0000] {processor.py:753} INFO - DAG(s) dict_keys(['example_short_circuit_decorator']) retrieved from /home/airflow/.local/lib/python3.7/site-packages/airflow/example_dags/example_short_circuit_decorator.py
[2023-02-02T01:12:16.199+0000] {logging_mixin.py:137} INFO - [2023-02-02T01:12:16.199+0000] {dag.py:2690} INFO - Sync 1 DAGs
[2023-02-02T01:12:16.223+0000] {logging_mixin.py:137} INFO - [2023-02-02T01:12:16.222+0000] {dag.py:3441} INFO - Setting next_dagrun for example_short_circuit_decorator to 2023-02-01T01:12:16.222695+00:00, run_after=2023-02-02T01:12:16.222695+00:00
[2023-02-02T01:12:16.239+0000] {processor.py:175} INFO - Processing /home/airflow/.local/lib/python3.7/site-packages/airflow/example_dags/example_short_circuit_decorator.py took 0.095 seconds
[2023-02-02T01:12:47.023+0000] {processor.py:153} INFO - Started process (PID=286) to work on /home/airflow/.local/lib/python3.7/site-packages/airflow/example_dags/example_short_circuit_decorator.py
[2023-02-02T01:12:47.024+0000] {processor.py:743} INFO - Processing file /home/airflow/.local/lib/python3.7/site-packages/airflow/example_dags/example_short_circuit_decorator.py for tasks to queue
[2023-02-02T01:12:47.025+0000] {logging_mixin.py:137} INFO - [2023-02-02T01:12:47.025+0000] {dagbag.py:538} INFO - Filling up the DagBag from /home/airflow/.local/lib/python3.7/site-packages/airflow/example_dags/example_short_circuit_decorator.py
[2023-02-02T01:12:47.042+0000] {processor.py:753} INFO - DAG(s) dict_keys(['example_short_circuit_decorator']) retrieved from /home/airflow/.local/lib/python3.7/site-packages/airflow/example_dags/example_short_circuit_decorator.py
[2023-02-02T01:12:47.059+0000] {logging_mixin.py:137} INFO - [2023-02-02T01:12:47.059+0000] {dag.py:2690} INFO - Sync 1 DAGs
[2023-02-02T01:12:47.076+0000] {logging_mixin.py:137} INFO - [2023-02-02T01:12:47.076+0000] {dag.py:3441} INFO - Setting next_dagrun for example_short_circuit_decorator to 2023-02-01T01:12:47.076472+00:00, run_after=2023-02-02T01:12:47.076472+00:00
[2023-02-02T01:12:47.090+0000] {processor.py:175} INFO - Processing /home/airflow/.local/lib/python3.7/site-packages/airflow/example_dags/example_short_circuit_decorator.py took 0.068 seconds
[2023-02-02T01:13:17.821+0000] {processor.py:153} INFO - Started process (PID=373) to work on /home/airflow/.local/lib/python3.7/site-packages/airflow/example_dags/example_short_circuit_decorator.py
[2023-02-02T01:13:17.822+0000] {processor.py:743} INFO - Processing file /home/airflow/.local/lib/python3.7/site-packages/airflow/example_dags/example_short_circuit_decorator.py for tasks to queue
[2023-02-02T01:13:17.822+0000] {logging_mixin.py:137} INFO - [2023-02-02T01:13:17.822+0000] {dagbag.py:538} INFO - Filling up the DagBag from /home/airflow/.local/lib/python3.7/site-packages/airflow/example_dags/example_short_circuit_decorator.py
[2023-02-02T01:13:17.839+0000] {processor.py:753} INFO - DAG(s) dict_keys(['example_short_circuit_decorator']) retrieved from /home/airflow/.local/lib/python3.7/site-packages/airflow/example_dags/example_short_circuit_decorator.py
[2023-02-02T01:13:17.855+0000] {logging_mixin.py:137} INFO - [2023-02-02T01:13:17.855+0000] {dag.py:2690} INFO - Sync 1 DAGs
[2023-02-02T01:13:17.873+0000] {logging_mixin.py:137} INFO - [2023-02-02T01:13:17.873+0000] {dag.py:3441} INFO - Setting next_dagrun for example_short_circuit_decorator to 2023-02-01T01:13:17.873677+00:00, run_after=2023-02-02T01:13:17.873677+00:00
[2023-02-02T01:13:17.885+0000] {processor.py:175} INFO - Processing /home/airflow/.local/lib/python3.7/site-packages/airflow/example_dags/example_short_circuit_decorator.py took 0.066 seconds
[2023-02-02T01:13:48.530+0000] {processor.py:153} INFO - Started process (PID=460) to work on /home/airflow/.local/lib/python3.7/site-packages/airflow/example_dags/example_short_circuit_decorator.py
[2023-02-02T01:13:48.531+0000] {processor.py:743} INFO - Processing file /home/airflow/.local/lib/python3.7/site-packages/airflow/example_dags/example_short_circuit_decorator.py for tasks to queue
[2023-02-02T01:13:48.532+0000] {logging_mixin.py:137} INFO - [2023-02-02T01:13:48.531+0000] {dagbag.py:538} INFO - Filling up the DagBag from /home/airflow/.local/lib/python3.7/site-packages/airflow/example_dags/example_short_circuit_decorator.py
[2023-02-02T01:13:48.549+0000] {processor.py:753} INFO - DAG(s) dict_keys(['example_short_circuit_decorator']) retrieved from /home/airflow/.local/lib/python3.7/site-packages/airflow/example_dags/example_short_circuit_decorator.py
[2023-02-02T01:13:48.566+0000] {logging_mixin.py:137} INFO - [2023-02-02T01:13:48.566+0000] {dag.py:2690} INFO - Sync 1 DAGs
[2023-02-02T01:13:48.583+0000] {logging_mixin.py:137} INFO - [2023-02-02T01:13:48.583+0000] {dag.py:3441} INFO - Setting next_dagrun for example_short_circuit_decorator to 2023-02-01T01:13:48.583335+00:00, run_after=2023-02-02T01:13:48.583335+00:00
[2023-02-02T01:13:48.595+0000] {processor.py:175} INFO - Processing /home/airflow/.local/lib/python3.7/site-packages/airflow/example_dags/example_short_circuit_decorator.py took 0.067 seconds
[2023-02-02T01:14:19.285+0000] {processor.py:153} INFO - Started process (PID=531) to work on /home/airflow/.local/lib/python3.7/site-packages/airflow/example_dags/example_short_circuit_decorator.py
[2023-02-02T01:14:19.285+0000] {processor.py:743} INFO - Processing file /home/airflow/.local/lib/python3.7/site-packages/airflow/example_dags/example_short_circuit_decorator.py for tasks to queue
[2023-02-02T01:14:19.286+0000] {logging_mixin.py:137} INFO - [2023-02-02T01:14:19.286+0000] {dagbag.py:538} INFO - Filling up the DagBag from /home/airflow/.local/lib/python3.7/site-packages/airflow/example_dags/example_short_circuit_decorator.py
[2023-02-02T01:14:19.304+0000] {processor.py:753} INFO - DAG(s) dict_keys(['example_short_circuit_decorator']) retrieved from /home/airflow/.local/lib/python3.7/site-packages/airflow/example_dags/example_short_circuit_decorator.py
[2023-02-02T01:14:19.320+0000] {logging_mixin.py:137} INFO - [2023-02-02T01:14:19.320+0000] {dag.py:2690} INFO - Sync 1 DAGs
[2023-02-02T01:14:19.336+0000] {logging_mixin.py:137} INFO - [2023-02-02T01:14:19.336+0000] {dag.py:3441} INFO - Setting next_dagrun for example_short_circuit_decorator to 2023-02-01T01:14:19.336530+00:00, run_after=2023-02-02T01:14:19.336530+00:00
[2023-02-02T01:14:19.349+0000] {processor.py:175} INFO - Processing /home/airflow/.local/lib/python3.7/site-packages/airflow/example_dags/example_short_circuit_decorator.py took 0.066 seconds
[2023-02-02T01:14:49.947+0000] {processor.py:153} INFO - Started process (PID=618) to work on /home/airflow/.local/lib/python3.7/site-packages/airflow/example_dags/example_short_circuit_decorator.py
[2023-02-02T01:14:49.947+0000] {processor.py:743} INFO - Processing file /home/airflow/.local/lib/python3.7/site-packages/airflow/example_dags/example_short_circuit_decorator.py for tasks to queue
[2023-02-02T01:14:49.948+0000] {logging_mixin.py:137} INFO - [2023-02-02T01:14:49.948+0000] {dagbag.py:538} INFO - Filling up the DagBag from /home/airflow/.local/lib/python3.7/site-packages/airflow/example_dags/example_short_circuit_decorator.py
[2023-02-02T01:14:49.964+0000] {processor.py:753} INFO - DAG(s) dict_keys(['example_short_circuit_decorator']) retrieved from /home/airflow/.local/lib/python3.7/site-packages/airflow/example_dags/example_short_circuit_decorator.py
[2023-02-02T01:14:49.981+0000] {logging_mixin.py:137} INFO - [2023-02-02T01:14:49.981+0000] {dag.py:2690} INFO - Sync 1 DAGs
[2023-02-02T01:14:49.999+0000] {logging_mixin.py:137} INFO - [2023-02-02T01:14:49.999+0000] {dag.py:3441} INFO - Setting next_dagrun for example_short_circuit_decorator to 2023-02-01T01:14:49.999484+00:00, run_after=2023-02-02T01:14:49.999484+00:00
[2023-02-02T01:14:50.012+0000] {processor.py:175} INFO - Processing /home/airflow/.local/lib/python3.7/site-packages/airflow/example_dags/example_short_circuit_decorator.py took 0.067 seconds
[2023-02-02T01:15:20.778+0000] {processor.py:153} INFO - Started process (PID=705) to work on /home/airflow/.local/lib/python3.7/site-packages/airflow/example_dags/example_short_circuit_decorator.py
[2023-02-02T01:15:20.779+0000] {processor.py:743} INFO - Processing file /home/airflow/.local/lib/python3.7/site-packages/airflow/example_dags/example_short_circuit_decorator.py for tasks to queue
[2023-02-02T01:15:20.779+0000] {logging_mixin.py:137} INFO - [2023-02-02T01:15:20.779+0000] {dagbag.py:538} INFO - Filling up the DagBag from /home/airflow/.local/lib/python3.7/site-packages/airflow/example_dags/example_short_circuit_decorator.py
[2023-02-02T01:15:20.796+0000] {processor.py:753} INFO - DAG(s) dict_keys(['example_short_circuit_decorator']) retrieved from /home/airflow/.local/lib/python3.7/site-packages/airflow/example_dags/example_short_circuit_decorator.py
[2023-02-02T01:15:20.813+0000] {logging_mixin.py:137} INFO - [2023-02-02T01:15:20.813+0000] {dag.py:2690} INFO - Sync 1 DAGs
[2023-02-02T01:15:20.833+0000] {logging_mixin.py:137} INFO - [2023-02-02T01:15:20.833+0000] {dag.py:3441} INFO - Setting next_dagrun for example_short_circuit_decorator to 2023-02-01T01:15:20.833540+00:00, run_after=2023-02-02T01:15:20.833540+00:00
[2023-02-02T01:15:20.846+0000] {processor.py:175} INFO - Processing /home/airflow/.local/lib/python3.7/site-packages/airflow/example_dags/example_short_circuit_decorator.py took 0.070 seconds
[2023-02-02T01:15:51.485+0000] {processor.py:153} INFO - Started process (PID=776) to work on /home/airflow/.local/lib/python3.7/site-packages/airflow/example_dags/example_short_circuit_decorator.py
[2023-02-02T01:15:51.486+0000] {processor.py:743} INFO - Processing file /home/airflow/.local/lib/python3.7/site-packages/airflow/example_dags/example_short_circuit_decorator.py for tasks to queue
[2023-02-02T01:15:51.486+0000] {logging_mixin.py:137} INFO - [2023-02-02T01:15:51.486+0000] {dagbag.py:538} INFO - Filling up the DagBag from /home/airflow/.local/lib/python3.7/site-packages/airflow/example_dags/example_short_circuit_decorator.py
[2023-02-02T01:15:51.505+0000] {processor.py:753} INFO - DAG(s) dict_keys(['example_short_circuit_decorator']) retrieved from /home/airflow/.local/lib/python3.7/site-packages/airflow/example_dags/example_short_circuit_decorator.py
[2023-02-02T01:15:51.522+0000] {logging_mixin.py:137} INFO - [2023-02-02T01:15:51.522+0000] {dag.py:2690} INFO - Sync 1 DAGs
[2023-02-02T01:15:51.542+0000] {logging_mixin.py:137} INFO - [2023-02-02T01:15:51.542+0000] {dag.py:3441} INFO - Setting next_dagrun for example_short_circuit_decorator to 2023-02-01T01:15:51.542467+00:00, run_after=2023-02-02T01:15:51.542467+00:00
[2023-02-02T01:15:51.557+0000] {processor.py:175} INFO - Processing /home/airflow/.local/lib/python3.7/site-packages/airflow/example_dags/example_short_circuit_decorator.py took 0.074 seconds
[2023-02-02T01:16:22.331+0000] {processor.py:153} INFO - Started process (PID=863) to work on /home/airflow/.local/lib/python3.7/site-packages/airflow/example_dags/example_short_circuit_decorator.py
[2023-02-02T01:16:22.332+0000] {processor.py:743} INFO - Processing file /home/airflow/.local/lib/python3.7/site-packages/airflow/example_dags/example_short_circuit_decorator.py for tasks to queue
[2023-02-02T01:16:22.332+0000] {logging_mixin.py:137} INFO - [2023-02-02T01:16:22.332+0000] {dagbag.py:538} INFO - Filling up the DagBag from /home/airflow/.local/lib/python3.7/site-packages/airflow/example_dags/example_short_circuit_decorator.py
[2023-02-02T01:16:22.349+0000] {processor.py:753} INFO - DAG(s) dict_keys(['example_short_circuit_decorator']) retrieved from /home/airflow/.local/lib/python3.7/site-packages/airflow/example_dags/example_short_circuit_decorator.py
[2023-02-02T01:16:22.365+0000] {logging_mixin.py:137} INFO - [2023-02-02T01:16:22.365+0000] {dag.py:2690} INFO - Sync 1 DAGs
[2023-02-02T01:16:22.390+0000] {logging_mixin.py:137} INFO - [2023-02-02T01:16:22.390+0000] {dag.py:3441} INFO - Setting next_dagrun for example_short_circuit_decorator to 2023-02-01T01:16:22.389934+00:00, run_after=2023-02-02T01:16:22.389934+00:00
[2023-02-02T01:16:22.406+0000] {processor.py:175} INFO - Processing /home/airflow/.local/lib/python3.7/site-packages/airflow/example_dags/example_short_circuit_decorator.py took 0.076 seconds
[2023-02-02T01:16:53.202+0000] {processor.py:153} INFO - Started process (PID=950) to work on /home/airflow/.local/lib/python3.7/site-packages/airflow/example_dags/example_short_circuit_decorator.py
[2023-02-02T01:16:53.203+0000] {processor.py:743} INFO - Processing file /home/airflow/.local/lib/python3.7/site-packages/airflow/example_dags/example_short_circuit_decorator.py for tasks to queue
[2023-02-02T01:16:53.203+0000] {logging_mixin.py:137} INFO - [2023-02-02T01:16:53.203+0000] {dagbag.py:538} INFO - Filling up the DagBag from /home/airflow/.local/lib/python3.7/site-packages/airflow/example_dags/example_short_circuit_decorator.py
[2023-02-02T01:16:53.219+0000] {processor.py:753} INFO - DAG(s) dict_keys(['example_short_circuit_decorator']) retrieved from /home/airflow/.local/lib/python3.7/site-packages/airflow/example_dags/example_short_circuit_decorator.py
[2023-02-02T01:16:53.235+0000] {logging_mixin.py:137} INFO - [2023-02-02T01:16:53.235+0000] {dag.py:2690} INFO - Sync 1 DAGs
[2023-02-02T01:16:53.253+0000] {logging_mixin.py:137} INFO - [2023-02-02T01:16:53.253+0000] {dag.py:3441} INFO - Setting next_dagrun for example_short_circuit_decorator to 2023-02-01T01:16:53.253625+00:00, run_after=2023-02-02T01:16:53.253625+00:00
[2023-02-02T01:16:53.269+0000] {processor.py:175} INFO - Processing /home/airflow/.local/lib/python3.7/site-packages/airflow/example_dags/example_short_circuit_decorator.py took 0.068 seconds
[2023-02-02T01:17:23.953+0000] {processor.py:153} INFO - Started process (PID=1021) to work on /home/airflow/.local/lib/python3.7/site-packages/airflow/example_dags/example_short_circuit_decorator.py
[2023-02-02T01:17:23.954+0000] {processor.py:743} INFO - Processing file /home/airflow/.local/lib/python3.7/site-packages/airflow/example_dags/example_short_circuit_decorator.py for tasks to queue
[2023-02-02T01:17:23.954+0000] {logging_mixin.py:137} INFO - [2023-02-02T01:17:23.954+0000] {dagbag.py:538} INFO - Filling up the DagBag from /home/airflow/.local/lib/python3.7/site-packages/airflow/example_dags/example_short_circuit_decorator.py
[2023-02-02T01:17:23.970+0000] {processor.py:753} INFO - DAG(s) dict_keys(['example_short_circuit_decorator']) retrieved from /home/airflow/.local/lib/python3.7/site-packages/airflow/example_dags/example_short_circuit_decorator.py
[2023-02-02T01:17:23.986+0000] {logging_mixin.py:137} INFO - [2023-02-02T01:17:23.986+0000] {dag.py:2690} INFO - Sync 1 DAGs
[2023-02-02T01:17:24.003+0000] {logging_mixin.py:137} INFO - [2023-02-02T01:17:24.002+0000] {dag.py:3441} INFO - Setting next_dagrun for example_short_circuit_decorator to 2023-02-01T01:17:24.002769+00:00, run_after=2023-02-02T01:17:24.002769+00:00
[2023-02-02T01:17:24.016+0000] {processor.py:175} INFO - Processing /home/airflow/.local/lib/python3.7/site-packages/airflow/example_dags/example_short_circuit_decorator.py took 0.065 seconds
[2023-02-02T01:17:54.911+0000] {processor.py:153} INFO - Started process (PID=1108) to work on /home/airflow/.local/lib/python3.7/site-packages/airflow/example_dags/example_short_circuit_decorator.py
[2023-02-02T01:17:54.911+0000] {processor.py:743} INFO - Processing file /home/airflow/.local/lib/python3.7/site-packages/airflow/example_dags/example_short_circuit_decorator.py for tasks to queue
[2023-02-02T01:17:54.912+0000] {logging_mixin.py:137} INFO - [2023-02-02T01:17:54.912+0000] {dagbag.py:538} INFO - Filling up the DagBag from /home/airflow/.local/lib/python3.7/site-packages/airflow/example_dags/example_short_circuit_decorator.py
[2023-02-02T01:17:54.928+0000] {processor.py:753} INFO - DAG(s) dict_keys(['example_short_circuit_decorator']) retrieved from /home/airflow/.local/lib/python3.7/site-packages/airflow/example_dags/example_short_circuit_decorator.py
[2023-02-02T01:17:54.948+0000] {logging_mixin.py:137} INFO - [2023-02-02T01:17:54.947+0000] {dag.py:2690} INFO - Sync 1 DAGs
[2023-02-02T01:17:54.968+0000] {logging_mixin.py:137} INFO - [2023-02-02T01:17:54.968+0000] {dag.py:3441} INFO - Setting next_dagrun for example_short_circuit_decorator to 2023-02-01T01:17:54.967987+00:00, run_after=2023-02-02T01:17:54.967987+00:00
[2023-02-02T01:17:54.980+0000] {processor.py:175} INFO - Processing /home/airflow/.local/lib/python3.7/site-packages/airflow/example_dags/example_short_circuit_decorator.py took 0.072 seconds
[2023-02-02T01:18:25.597+0000] {processor.py:153} INFO - Started process (PID=1195) to work on /home/airflow/.local/lib/python3.7/site-packages/airflow/example_dags/example_short_circuit_decorator.py
[2023-02-02T01:18:25.598+0000] {processor.py:743} INFO - Processing file /home/airflow/.local/lib/python3.7/site-packages/airflow/example_dags/example_short_circuit_decorator.py for tasks to queue
[2023-02-02T01:18:25.598+0000] {logging_mixin.py:137} INFO - [2023-02-02T01:18:25.598+0000] {dagbag.py:538} INFO - Filling up the DagBag from /home/airflow/.local/lib/python3.7/site-packages/airflow/example_dags/example_short_circuit_decorator.py
[2023-02-02T01:18:25.615+0000] {processor.py:753} INFO - DAG(s) dict_keys(['example_short_circuit_decorator']) retrieved from /home/airflow/.local/lib/python3.7/site-packages/airflow/example_dags/example_short_circuit_decorator.py
[2023-02-02T01:18:25.634+0000] {logging_mixin.py:137} INFO - [2023-02-02T01:18:25.634+0000] {dag.py:2690} INFO - Sync 1 DAGs
[2023-02-02T01:18:25.651+0000] {logging_mixin.py:137} INFO - [2023-02-02T01:18:25.650+0000] {dag.py:3441} INFO - Setting next_dagrun for example_short_circuit_decorator to 2023-02-01T01:18:25.650746+00:00, run_after=2023-02-02T01:18:25.650746+00:00
[2023-02-02T01:18:25.664+0000] {processor.py:175} INFO - Processing /home/airflow/.local/lib/python3.7/site-packages/airflow/example_dags/example_short_circuit_decorator.py took 0.070 seconds
[2023-02-02T01:18:56.444+0000] {processor.py:153} INFO - Started process (PID=1282) to work on /home/airflow/.local/lib/python3.7/site-packages/airflow/example_dags/example_short_circuit_decorator.py
[2023-02-02T01:18:56.445+0000] {processor.py:743} INFO - Processing file /home/airflow/.local/lib/python3.7/site-packages/airflow/example_dags/example_short_circuit_decorator.py for tasks to queue
[2023-02-02T01:18:56.446+0000] {logging_mixin.py:137} INFO - [2023-02-02T01:18:56.446+0000] {dagbag.py:538} INFO - Filling up the DagBag from /home/airflow/.local/lib/python3.7/site-packages/airflow/example_dags/example_short_circuit_decorator.py
[2023-02-02T01:18:56.471+0000] {processor.py:753} INFO - DAG(s) dict_keys(['example_short_circuit_decorator']) retrieved from /home/airflow/.local/lib/python3.7/site-packages/airflow/example_dags/example_short_circuit_decorator.py
[2023-02-02T01:18:56.495+0000] {logging_mixin.py:137} INFO - [2023-02-02T01:18:56.495+0000] {dag.py:2690} INFO - Sync 1 DAGs
[2023-02-02T01:18:56.520+0000] {logging_mixin.py:137} INFO - [2023-02-02T01:18:56.519+0000] {dag.py:3441} INFO - Setting next_dagrun for example_short_circuit_decorator to 2023-02-01T01:18:56.519718+00:00, run_after=2023-02-02T01:18:56.519718+00:00
[2023-02-02T01:18:56.533+0000] {processor.py:175} INFO - Processing /home/airflow/.local/lib/python3.7/site-packages/airflow/example_dags/example_short_circuit_decorator.py took 0.092 seconds
[2023-02-02T01:19:27.268+0000] {processor.py:153} INFO - Started process (PID=1353) to work on /home/airflow/.local/lib/python3.7/site-packages/airflow/example_dags/example_short_circuit_decorator.py
[2023-02-02T01:19:27.269+0000] {processor.py:743} INFO - Processing file /home/airflow/.local/lib/python3.7/site-packages/airflow/example_dags/example_short_circuit_decorator.py for tasks to queue
[2023-02-02T01:19:27.272+0000] {logging_mixin.py:137} INFO - [2023-02-02T01:19:27.272+0000] {dagbag.py:538} INFO - Filling up the DagBag from /home/airflow/.local/lib/python3.7/site-packages/airflow/example_dags/example_short_circuit_decorator.py
[2023-02-02T01:19:27.291+0000] {processor.py:753} INFO - DAG(s) dict_keys(['example_short_circuit_decorator']) retrieved from /home/airflow/.local/lib/python3.7/site-packages/airflow/example_dags/example_short_circuit_decorator.py
[2023-02-02T01:19:27.308+0000] {logging_mixin.py:137} INFO - [2023-02-02T01:19:27.308+0000] {dag.py:2690} INFO - Sync 1 DAGs
[2023-02-02T01:19:27.325+0000] {logging_mixin.py:137} INFO - [2023-02-02T01:19:27.325+0000] {dag.py:3441} INFO - Setting next_dagrun for example_short_circuit_decorator to 2023-02-01T01:19:27.324923+00:00, run_after=2023-02-02T01:19:27.324923+00:00
[2023-02-02T01:19:27.336+0000] {processor.py:175} INFO - Processing /home/airflow/.local/lib/python3.7/site-packages/airflow/example_dags/example_short_circuit_decorator.py took 0.071 seconds
[2023-02-02T01:19:57.986+0000] {processor.py:153} INFO - Started process (PID=1440) to work on /home/airflow/.local/lib/python3.7/site-packages/airflow/example_dags/example_short_circuit_decorator.py
[2023-02-02T01:19:57.987+0000] {processor.py:743} INFO - Processing file /home/airflow/.local/lib/python3.7/site-packages/airflow/example_dags/example_short_circuit_decorator.py for tasks to queue
[2023-02-02T01:19:57.987+0000] {logging_mixin.py:137} INFO - [2023-02-02T01:19:57.987+0000] {dagbag.py:538} INFO - Filling up the DagBag from /home/airflow/.local/lib/python3.7/site-packages/airflow/example_dags/example_short_circuit_decorator.py
[2023-02-02T01:19:58.007+0000] {processor.py:753} INFO - DAG(s) dict_keys(['example_short_circuit_decorator']) retrieved from /home/airflow/.local/lib/python3.7/site-packages/airflow/example_dags/example_short_circuit_decorator.py
[2023-02-02T01:19:58.026+0000] {logging_mixin.py:137} INFO - [2023-02-02T01:19:58.025+0000] {dag.py:2690} INFO - Sync 1 DAGs
[2023-02-02T01:19:58.042+0000] {logging_mixin.py:137} INFO - [2023-02-02T01:19:58.042+0000] {dag.py:3441} INFO - Setting next_dagrun for example_short_circuit_decorator to 2023-02-01T01:19:58.042076+00:00, run_after=2023-02-02T01:19:58.042076+00:00
[2023-02-02T01:19:58.053+0000] {processor.py:175} INFO - Processing /home/airflow/.local/lib/python3.7/site-packages/airflow/example_dags/example_short_circuit_decorator.py took 0.069 seconds
[2023-02-02T01:20:28.690+0000] {processor.py:153} INFO - Started process (PID=1527) to work on /home/airflow/.local/lib/python3.7/site-packages/airflow/example_dags/example_short_circuit_decorator.py
[2023-02-02T01:20:28.691+0000] {processor.py:743} INFO - Processing file /home/airflow/.local/lib/python3.7/site-packages/airflow/example_dags/example_short_circuit_decorator.py for tasks to queue
[2023-02-02T01:20:28.691+0000] {logging_mixin.py:137} INFO - [2023-02-02T01:20:28.691+0000] {dagbag.py:538} INFO - Filling up the DagBag from /home/airflow/.local/lib/python3.7/site-packages/airflow/example_dags/example_short_circuit_decorator.py
[2023-02-02T01:20:28.708+0000] {processor.py:753} INFO - DAG(s) dict_keys(['example_short_circuit_decorator']) retrieved from /home/airflow/.local/lib/python3.7/site-packages/airflow/example_dags/example_short_circuit_decorator.py
[2023-02-02T01:20:28.728+0000] {logging_mixin.py:137} INFO - [2023-02-02T01:20:28.728+0000] {dag.py:2690} INFO - Sync 1 DAGs
[2023-02-02T01:20:28.744+0000] {logging_mixin.py:137} INFO - [2023-02-02T01:20:28.743+0000] {dag.py:3441} INFO - Setting next_dagrun for example_short_circuit_decorator to 2023-02-01T01:20:28.743698+00:00, run_after=2023-02-02T01:20:28.743698+00:00
[2023-02-02T01:20:28.756+0000] {processor.py:175} INFO - Processing /home/airflow/.local/lib/python3.7/site-packages/airflow/example_dags/example_short_circuit_decorator.py took 0.068 seconds
[2023-02-02T01:20:59.525+0000] {processor.py:153} INFO - Started process (PID=1598) to work on /home/airflow/.local/lib/python3.7/site-packages/airflow/example_dags/example_short_circuit_decorator.py
[2023-02-02T01:20:59.525+0000] {processor.py:743} INFO - Processing file /home/airflow/.local/lib/python3.7/site-packages/airflow/example_dags/example_short_circuit_decorator.py for tasks to queue
[2023-02-02T01:20:59.526+0000] {logging_mixin.py:137} INFO - [2023-02-02T01:20:59.526+0000] {dagbag.py:538} INFO - Filling up the DagBag from /home/airflow/.local/lib/python3.7/site-packages/airflow/example_dags/example_short_circuit_decorator.py
[2023-02-02T01:20:59.547+0000] {processor.py:753} INFO - DAG(s) dict_keys(['example_short_circuit_decorator']) retrieved from /home/airflow/.local/lib/python3.7/site-packages/airflow/example_dags/example_short_circuit_decorator.py
[2023-02-02T01:20:59.564+0000] {logging_mixin.py:137} INFO - [2023-02-02T01:20:59.564+0000] {dag.py:2690} INFO - Sync 1 DAGs
[2023-02-02T01:20:59.581+0000] {logging_mixin.py:137} INFO - [2023-02-02T01:20:59.581+0000] {dag.py:3441} INFO - Setting next_dagrun for example_short_circuit_decorator to 2023-02-01T01:20:59.581531+00:00, run_after=2023-02-02T01:20:59.581531+00:00
[2023-02-02T01:20:59.593+0000] {processor.py:175} INFO - Processing /home/airflow/.local/lib/python3.7/site-packages/airflow/example_dags/example_short_circuit_decorator.py took 0.071 seconds
[2023-02-02T01:21:30.180+0000] {processor.py:153} INFO - Started process (PID=1685) to work on /home/airflow/.local/lib/python3.7/site-packages/airflow/example_dags/example_short_circuit_decorator.py
[2023-02-02T01:21:30.181+0000] {processor.py:743} INFO - Processing file /home/airflow/.local/lib/python3.7/site-packages/airflow/example_dags/example_short_circuit_decorator.py for tasks to queue
[2023-02-02T01:21:30.181+0000] {logging_mixin.py:137} INFO - [2023-02-02T01:21:30.181+0000] {dagbag.py:538} INFO - Filling up the DagBag from /home/airflow/.local/lib/python3.7/site-packages/airflow/example_dags/example_short_circuit_decorator.py
[2023-02-02T01:21:30.202+0000] {processor.py:753} INFO - DAG(s) dict_keys(['example_short_circuit_decorator']) retrieved from /home/airflow/.local/lib/python3.7/site-packages/airflow/example_dags/example_short_circuit_decorator.py
[2023-02-02T01:21:30.220+0000] {logging_mixin.py:137} INFO - [2023-02-02T01:21:30.220+0000] {dag.py:2690} INFO - Sync 1 DAGs
[2023-02-02T01:21:30.236+0000] {logging_mixin.py:137} INFO - [2023-02-02T01:21:30.236+0000] {dag.py:3441} INFO - Setting next_dagrun for example_short_circuit_decorator to 2023-02-01T01:21:30.236327+00:00, run_after=2023-02-02T01:21:30.236327+00:00
[2023-02-02T01:21:30.248+0000] {processor.py:175} INFO - Processing /home/airflow/.local/lib/python3.7/site-packages/airflow/example_dags/example_short_circuit_decorator.py took 0.070 seconds
[2023-02-02T01:22:00.895+0000] {processor.py:153} INFO - Started process (PID=1772) to work on /home/airflow/.local/lib/python3.7/site-packages/airflow/example_dags/example_short_circuit_decorator.py
[2023-02-02T01:22:00.896+0000] {processor.py:743} INFO - Processing file /home/airflow/.local/lib/python3.7/site-packages/airflow/example_dags/example_short_circuit_decorator.py for tasks to queue
[2023-02-02T01:22:00.896+0000] {logging_mixin.py:137} INFO - [2023-02-02T01:22:00.896+0000] {dagbag.py:538} INFO - Filling up the DagBag from /home/airflow/.local/lib/python3.7/site-packages/airflow/example_dags/example_short_circuit_decorator.py
[2023-02-02T01:22:00.916+0000] {processor.py:753} INFO - DAG(s) dict_keys(['example_short_circuit_decorator']) retrieved from /home/airflow/.local/lib/python3.7/site-packages/airflow/example_dags/example_short_circuit_decorator.py
[2023-02-02T01:22:00.933+0000] {logging_mixin.py:137} INFO - [2023-02-02T01:22:00.933+0000] {dag.py:2690} INFO - Sync 1 DAGs
[2023-02-02T01:22:00.950+0000] {logging_mixin.py:137} INFO - [2023-02-02T01:22:00.950+0000] {dag.py:3441} INFO - Setting next_dagrun for example_short_circuit_decorator to 2023-02-01T01:22:00.950016+00:00, run_after=2023-02-02T01:22:00.950016+00:00
[2023-02-02T01:22:00.962+0000] {processor.py:175} INFO - Processing /home/airflow/.local/lib/python3.7/site-packages/airflow/example_dags/example_short_circuit_decorator.py took 0.068 seconds
[2023-02-02T01:22:31.572+0000] {processor.py:153} INFO - Started process (PID=1843) to work on /home/airflow/.local/lib/python3.7/site-packages/airflow/example_dags/example_short_circuit_decorator.py
[2023-02-02T01:22:31.572+0000] {processor.py:743} INFO - Processing file /home/airflow/.local/lib/python3.7/site-packages/airflow/example_dags/example_short_circuit_decorator.py for tasks to queue
[2023-02-02T01:22:31.573+0000] {logging_mixin.py:137} INFO - [2023-02-02T01:22:31.573+0000] {dagbag.py:538} INFO - Filling up the DagBag from /home/airflow/.local/lib/python3.7/site-packages/airflow/example_dags/example_short_circuit_decorator.py
[2023-02-02T01:22:31.594+0000] {processor.py:753} INFO - DAG(s) dict_keys(['example_short_circuit_decorator']) retrieved from /home/airflow/.local/lib/python3.7/site-packages/airflow/example_dags/example_short_circuit_decorator.py
[2023-02-02T01:22:31.609+0000] {logging_mixin.py:137} INFO - [2023-02-02T01:22:31.609+0000] {dag.py:2690} INFO - Sync 1 DAGs
[2023-02-02T01:22:31.625+0000] {logging_mixin.py:137} INFO - [2023-02-02T01:22:31.625+0000] {dag.py:3441} INFO - Setting next_dagrun for example_short_circuit_decorator to 2023-02-01T01:22:31.624989+00:00, run_after=2023-02-02T01:22:31.624989+00:00
[2023-02-02T01:22:31.638+0000] {processor.py:175} INFO - Processing /home/airflow/.local/lib/python3.7/site-packages/airflow/example_dags/example_short_circuit_decorator.py took 0.068 seconds
[2023-02-02T01:23:02.478+0000] {processor.py:153} INFO - Started process (PID=1930) to work on /home/airflow/.local/lib/python3.7/site-packages/airflow/example_dags/example_short_circuit_decorator.py
[2023-02-02T01:23:02.479+0000] {processor.py:743} INFO - Processing file /home/airflow/.local/lib/python3.7/site-packages/airflow/example_dags/example_short_circuit_decorator.py for tasks to queue
[2023-02-02T01:23:02.479+0000] {logging_mixin.py:137} INFO - [2023-02-02T01:23:02.479+0000] {dagbag.py:538} INFO - Filling up the DagBag from /home/airflow/.local/lib/python3.7/site-packages/airflow/example_dags/example_short_circuit_decorator.py
[2023-02-02T01:23:02.497+0000] {processor.py:753} INFO - DAG(s) dict_keys(['example_short_circuit_decorator']) retrieved from /home/airflow/.local/lib/python3.7/site-packages/airflow/example_dags/example_short_circuit_decorator.py
[2023-02-02T01:23:02.516+0000] {logging_mixin.py:137} INFO - [2023-02-02T01:23:02.516+0000] {dag.py:2690} INFO - Sync 1 DAGs
[2023-02-02T01:23:02.533+0000] {logging_mixin.py:137} INFO - [2023-02-02T01:23:02.533+0000] {dag.py:3441} INFO - Setting next_dagrun for example_short_circuit_decorator to 2023-02-01T01:23:02.533128+00:00, run_after=2023-02-02T01:23:02.533128+00:00
[2023-02-02T01:23:02.545+0000] {processor.py:175} INFO - Processing /home/airflow/.local/lib/python3.7/site-packages/airflow/example_dags/example_short_circuit_decorator.py took 0.068 seconds
[2023-02-02T01:23:33.185+0000] {processor.py:153} INFO - Started process (PID=2017) to work on /home/airflow/.local/lib/python3.7/site-packages/airflow/example_dags/example_short_circuit_decorator.py
[2023-02-02T01:23:33.185+0000] {processor.py:743} INFO - Processing file /home/airflow/.local/lib/python3.7/site-packages/airflow/example_dags/example_short_circuit_decorator.py for tasks to queue
[2023-02-02T01:23:33.186+0000] {logging_mixin.py:137} INFO - [2023-02-02T01:23:33.186+0000] {dagbag.py:538} INFO - Filling up the DagBag from /home/airflow/.local/lib/python3.7/site-packages/airflow/example_dags/example_short_circuit_decorator.py
[2023-02-02T01:23:33.202+0000] {processor.py:753} INFO - DAG(s) dict_keys(['example_short_circuit_decorator']) retrieved from /home/airflow/.local/lib/python3.7/site-packages/airflow/example_dags/example_short_circuit_decorator.py
[2023-02-02T01:23:33.220+0000] {logging_mixin.py:137} INFO - [2023-02-02T01:23:33.220+0000] {dag.py:2690} INFO - Sync 1 DAGs
[2023-02-02T01:23:33.236+0000] {logging_mixin.py:137} INFO - [2023-02-02T01:23:33.236+0000] {dag.py:3441} INFO - Setting next_dagrun for example_short_circuit_decorator to 2023-02-01T01:23:33.236166+00:00, run_after=2023-02-02T01:23:33.236166+00:00
[2023-02-02T01:23:33.248+0000] {processor.py:175} INFO - Processing /home/airflow/.local/lib/python3.7/site-packages/airflow/example_dags/example_short_circuit_decorator.py took 0.066 seconds
[2023-02-02T01:24:03.941+0000] {processor.py:153} INFO - Started process (PID=2088) to work on /home/airflow/.local/lib/python3.7/site-packages/airflow/example_dags/example_short_circuit_decorator.py
[2023-02-02T01:24:03.942+0000] {processor.py:743} INFO - Processing file /home/airflow/.local/lib/python3.7/site-packages/airflow/example_dags/example_short_circuit_decorator.py for tasks to queue
[2023-02-02T01:24:03.942+0000] {logging_mixin.py:137} INFO - [2023-02-02T01:24:03.942+0000] {dagbag.py:538} INFO - Filling up the DagBag from /home/airflow/.local/lib/python3.7/site-packages/airflow/example_dags/example_short_circuit_decorator.py
[2023-02-02T01:24:03.963+0000] {processor.py:753} INFO - DAG(s) dict_keys(['example_short_circuit_decorator']) retrieved from /home/airflow/.local/lib/python3.7/site-packages/airflow/example_dags/example_short_circuit_decorator.py
[2023-02-02T01:24:03.982+0000] {logging_mixin.py:137} INFO - [2023-02-02T01:24:03.982+0000] {dag.py:2690} INFO - Sync 1 DAGs
[2023-02-02T01:24:04.004+0000] {logging_mixin.py:137} INFO - [2023-02-02T01:24:04.004+0000] {dag.py:3441} INFO - Setting next_dagrun for example_short_circuit_decorator to 2023-02-01T01:24:04.003956+00:00, run_after=2023-02-02T01:24:04.003956+00:00
[2023-02-02T01:24:04.019+0000] {processor.py:175} INFO - Processing /home/airflow/.local/lib/python3.7/site-packages/airflow/example_dags/example_short_circuit_decorator.py took 0.080 seconds
[2023-02-02T01:24:34.808+0000] {processor.py:153} INFO - Started process (PID=2175) to work on /home/airflow/.local/lib/python3.7/site-packages/airflow/example_dags/example_short_circuit_decorator.py
[2023-02-02T01:24:34.809+0000] {processor.py:743} INFO - Processing file /home/airflow/.local/lib/python3.7/site-packages/airflow/example_dags/example_short_circuit_decorator.py for tasks to queue
[2023-02-02T01:24:34.810+0000] {logging_mixin.py:137} INFO - [2023-02-02T01:24:34.810+0000] {dagbag.py:538} INFO - Filling up the DagBag from /home/airflow/.local/lib/python3.7/site-packages/airflow/example_dags/example_short_circuit_decorator.py
[2023-02-02T01:24:34.828+0000] {processor.py:753} INFO - DAG(s) dict_keys(['example_short_circuit_decorator']) retrieved from /home/airflow/.local/lib/python3.7/site-packages/airflow/example_dags/example_short_circuit_decorator.py
[2023-02-02T01:24:34.845+0000] {logging_mixin.py:137} INFO - [2023-02-02T01:24:34.844+0000] {dag.py:2690} INFO - Sync 1 DAGs
[2023-02-02T01:24:34.863+0000] {logging_mixin.py:137} INFO - [2023-02-02T01:24:34.863+0000] {dag.py:3441} INFO - Setting next_dagrun for example_short_circuit_decorator to 2023-02-01T01:24:34.862984+00:00, run_after=2023-02-02T01:24:34.862984+00:00
[2023-02-02T01:24:34.875+0000] {processor.py:175} INFO - Processing /home/airflow/.local/lib/python3.7/site-packages/airflow/example_dags/example_short_circuit_decorator.py took 0.069 seconds
[2023-02-02T01:25:05.508+0000] {processor.py:153} INFO - Started process (PID=2262) to work on /home/airflow/.local/lib/python3.7/site-packages/airflow/example_dags/example_short_circuit_decorator.py
[2023-02-02T01:25:05.508+0000] {processor.py:743} INFO - Processing file /home/airflow/.local/lib/python3.7/site-packages/airflow/example_dags/example_short_circuit_decorator.py for tasks to queue
[2023-02-02T01:25:05.509+0000] {logging_mixin.py:137} INFO - [2023-02-02T01:25:05.509+0000] {dagbag.py:538} INFO - Filling up the DagBag from /home/airflow/.local/lib/python3.7/site-packages/airflow/example_dags/example_short_circuit_decorator.py
[2023-02-02T01:25:05.527+0000] {processor.py:753} INFO - DAG(s) dict_keys(['example_short_circuit_decorator']) retrieved from /home/airflow/.local/lib/python3.7/site-packages/airflow/example_dags/example_short_circuit_decorator.py
[2023-02-02T01:25:05.550+0000] {logging_mixin.py:137} INFO - [2023-02-02T01:25:05.550+0000] {dag.py:2690} INFO - Sync 1 DAGs
[2023-02-02T01:25:05.570+0000] {logging_mixin.py:137} INFO - [2023-02-02T01:25:05.570+0000] {dag.py:3441} INFO - Setting next_dagrun for example_short_circuit_decorator to 2023-02-01T01:25:05.569927+00:00, run_after=2023-02-02T01:25:05.569927+00:00
[2023-02-02T01:25:05.584+0000] {processor.py:175} INFO - Processing /home/airflow/.local/lib/python3.7/site-packages/airflow/example_dags/example_short_circuit_decorator.py took 0.078 seconds
