[2023-02-02T01:11:14.492+0000] {processor.py:153} INFO - Started process (PID=42) to work on /home/airflow/.local/lib/python3.7/site-packages/airflow/example_dags/example_sensors.py
[2023-02-02T01:11:14.492+0000] {processor.py:743} INFO - Processing file /home/airflow/.local/lib/python3.7/site-packages/airflow/example_dags/example_sensors.py for tasks to queue
[2023-02-02T01:11:14.493+0000] {logging_mixin.py:137} INFO - [2023-02-02T01:11:14.493+0000] {dagbag.py:538} INFO - Filling up the DagBag from /home/airflow/.local/lib/python3.7/site-packages/airflow/example_dags/example_sensors.py
[2023-02-02T01:11:14.518+0000] {processor.py:753} INFO - DAG(s) dict_keys(['example_sensors']) retrieved from /home/airflow/.local/lib/python3.7/site-packages/airflow/example_dags/example_sensors.py
[2023-02-02T01:11:14.529+0000] {logging_mixin.py:137} INFO - [2023-02-02T01:11:14.528+0000] {dag.py:2690} INFO - Sync 1 DAGs
[2023-02-02T01:11:14.550+0000] {logging_mixin.py:137} INFO - [2023-02-02T01:11:14.550+0000] {dag.py:3441} INFO - Setting next_dagrun for example_sensors to None, run_after=None
[2023-02-02T01:11:14.564+0000] {processor.py:175} INFO - Processing /home/airflow/.local/lib/python3.7/site-packages/airflow/example_dags/example_sensors.py took 0.076 seconds
[2023-02-02T01:11:45.362+0000] {processor.py:153} INFO - Started process (PID=129) to work on /home/airflow/.local/lib/python3.7/site-packages/airflow/example_dags/example_sensors.py
[2023-02-02T01:11:45.362+0000] {processor.py:743} INFO - Processing file /home/airflow/.local/lib/python3.7/site-packages/airflow/example_dags/example_sensors.py for tasks to queue
[2023-02-02T01:11:45.363+0000] {logging_mixin.py:137} INFO - [2023-02-02T01:11:45.363+0000] {dagbag.py:538} INFO - Filling up the DagBag from /home/airflow/.local/lib/python3.7/site-packages/airflow/example_dags/example_sensors.py
[2023-02-02T01:11:45.378+0000] {processor.py:753} INFO - DAG(s) dict_keys(['example_sensors']) retrieved from /home/airflow/.local/lib/python3.7/site-packages/airflow/example_dags/example_sensors.py
[2023-02-02T01:11:45.396+0000] {logging_mixin.py:137} INFO - [2023-02-02T01:11:45.395+0000] {dag.py:2690} INFO - Sync 1 DAGs
[2023-02-02T01:11:45.413+0000] {logging_mixin.py:137} INFO - [2023-02-02T01:11:45.412+0000] {dag.py:3441} INFO - Setting next_dagrun for example_sensors to None, run_after=None
[2023-02-02T01:11:45.429+0000] {processor.py:175} INFO - Processing /home/airflow/.local/lib/python3.7/site-packages/airflow/example_dags/example_sensors.py took 0.069 seconds
[2023-02-02T01:12:16.192+0000] {processor.py:153} INFO - Started process (PID=216) to work on /home/airflow/.local/lib/python3.7/site-packages/airflow/example_dags/example_sensors.py
[2023-02-02T01:12:16.192+0000] {processor.py:743} INFO - Processing file /home/airflow/.local/lib/python3.7/site-packages/airflow/example_dags/example_sensors.py for tasks to queue
[2023-02-02T01:12:16.193+0000] {logging_mixin.py:137} INFO - [2023-02-02T01:12:16.193+0000] {dagbag.py:538} INFO - Filling up the DagBag from /home/airflow/.local/lib/python3.7/site-packages/airflow/example_dags/example_sensors.py
[2023-02-02T01:12:16.207+0000] {processor.py:753} INFO - DAG(s) dict_keys(['example_sensors']) retrieved from /home/airflow/.local/lib/python3.7/site-packages/airflow/example_dags/example_sensors.py
[2023-02-02T01:12:16.229+0000] {logging_mixin.py:137} INFO - [2023-02-02T01:12:16.228+0000] {dag.py:2690} INFO - Sync 1 DAGs
[2023-02-02T01:12:16.250+0000] {logging_mixin.py:137} INFO - [2023-02-02T01:12:16.250+0000] {dag.py:3441} INFO - Setting next_dagrun for example_sensors to None, run_after=None
[2023-02-02T01:12:16.266+0000] {processor.py:175} INFO - Processing /home/airflow/.local/lib/python3.7/site-packages/airflow/example_dags/example_sensors.py took 0.076 seconds
[2023-02-02T01:12:47.076+0000] {processor.py:153} INFO - Started process (PID=287) to work on /home/airflow/.local/lib/python3.7/site-packages/airflow/example_dags/example_sensors.py
[2023-02-02T01:12:47.077+0000] {processor.py:743} INFO - Processing file /home/airflow/.local/lib/python3.7/site-packages/airflow/example_dags/example_sensors.py for tasks to queue
[2023-02-02T01:12:47.077+0000] {logging_mixin.py:137} INFO - [2023-02-02T01:12:47.077+0000] {dagbag.py:538} INFO - Filling up the DagBag from /home/airflow/.local/lib/python3.7/site-packages/airflow/example_dags/example_sensors.py
[2023-02-02T01:12:47.091+0000] {processor.py:753} INFO - DAG(s) dict_keys(['example_sensors']) retrieved from /home/airflow/.local/lib/python3.7/site-packages/airflow/example_dags/example_sensors.py
[2023-02-02T01:12:47.113+0000] {logging_mixin.py:137} INFO - [2023-02-02T01:12:47.112+0000] {dag.py:2690} INFO - Sync 1 DAGs
[2023-02-02T01:12:47.131+0000] {logging_mixin.py:137} INFO - [2023-02-02T01:12:47.131+0000] {dag.py:3441} INFO - Setting next_dagrun for example_sensors to None, run_after=None
[2023-02-02T01:12:47.143+0000] {processor.py:175} INFO - Processing /home/airflow/.local/lib/python3.7/site-packages/airflow/example_dags/example_sensors.py took 0.070 seconds
[2023-02-02T01:13:17.869+0000] {processor.py:153} INFO - Started process (PID=374) to work on /home/airflow/.local/lib/python3.7/site-packages/airflow/example_dags/example_sensors.py
[2023-02-02T01:13:17.870+0000] {processor.py:743} INFO - Processing file /home/airflow/.local/lib/python3.7/site-packages/airflow/example_dags/example_sensors.py for tasks to queue
[2023-02-02T01:13:17.870+0000] {logging_mixin.py:137} INFO - [2023-02-02T01:13:17.870+0000] {dagbag.py:538} INFO - Filling up the DagBag from /home/airflow/.local/lib/python3.7/site-packages/airflow/example_dags/example_sensors.py
[2023-02-02T01:13:17.883+0000] {processor.py:753} INFO - DAG(s) dict_keys(['example_sensors']) retrieved from /home/airflow/.local/lib/python3.7/site-packages/airflow/example_dags/example_sensors.py
[2023-02-02T01:13:17.899+0000] {logging_mixin.py:137} INFO - [2023-02-02T01:13:17.899+0000] {dag.py:2690} INFO - Sync 1 DAGs
[2023-02-02T01:13:17.915+0000] {logging_mixin.py:137} INFO - [2023-02-02T01:13:17.915+0000] {dag.py:3441} INFO - Setting next_dagrun for example_sensors to None, run_after=None
[2023-02-02T01:13:17.928+0000] {processor.py:175} INFO - Processing /home/airflow/.local/lib/python3.7/site-packages/airflow/example_dags/example_sensors.py took 0.060 seconds
[2023-02-02T01:13:48.587+0000] {processor.py:153} INFO - Started process (PID=461) to work on /home/airflow/.local/lib/python3.7/site-packages/airflow/example_dags/example_sensors.py
[2023-02-02T01:13:48.588+0000] {processor.py:743} INFO - Processing file /home/airflow/.local/lib/python3.7/site-packages/airflow/example_dags/example_sensors.py for tasks to queue
[2023-02-02T01:13:48.589+0000] {logging_mixin.py:137} INFO - [2023-02-02T01:13:48.588+0000] {dagbag.py:538} INFO - Filling up the DagBag from /home/airflow/.local/lib/python3.7/site-packages/airflow/example_dags/example_sensors.py
[2023-02-02T01:13:48.601+0000] {processor.py:753} INFO - DAG(s) dict_keys(['example_sensors']) retrieved from /home/airflow/.local/lib/python3.7/site-packages/airflow/example_dags/example_sensors.py
[2023-02-02T01:13:48.622+0000] {logging_mixin.py:137} INFO - [2023-02-02T01:13:48.622+0000] {dag.py:2690} INFO - Sync 1 DAGs
[2023-02-02T01:13:48.641+0000] {logging_mixin.py:137} INFO - [2023-02-02T01:13:48.641+0000] {dag.py:3441} INFO - Setting next_dagrun for example_sensors to None, run_after=None
[2023-02-02T01:13:48.653+0000] {processor.py:175} INFO - Processing /home/airflow/.local/lib/python3.7/site-packages/airflow/example_dags/example_sensors.py took 0.068 seconds
[2023-02-02T01:14:19.340+0000] {processor.py:153} INFO - Started process (PID=532) to work on /home/airflow/.local/lib/python3.7/site-packages/airflow/example_dags/example_sensors.py
[2023-02-02T01:14:19.341+0000] {processor.py:743} INFO - Processing file /home/airflow/.local/lib/python3.7/site-packages/airflow/example_dags/example_sensors.py for tasks to queue
[2023-02-02T01:14:19.341+0000] {logging_mixin.py:137} INFO - [2023-02-02T01:14:19.341+0000] {dagbag.py:538} INFO - Filling up the DagBag from /home/airflow/.local/lib/python3.7/site-packages/airflow/example_dags/example_sensors.py
[2023-02-02T01:14:19.354+0000] {processor.py:753} INFO - DAG(s) dict_keys(['example_sensors']) retrieved from /home/airflow/.local/lib/python3.7/site-packages/airflow/example_dags/example_sensors.py
[2023-02-02T01:14:19.372+0000] {logging_mixin.py:137} INFO - [2023-02-02T01:14:19.371+0000] {dag.py:2690} INFO - Sync 1 DAGs
[2023-02-02T01:14:19.387+0000] {logging_mixin.py:137} INFO - [2023-02-02T01:14:19.387+0000] {dag.py:3441} INFO - Setting next_dagrun for example_sensors to None, run_after=None
[2023-02-02T01:14:19.398+0000] {processor.py:175} INFO - Processing /home/airflow/.local/lib/python3.7/site-packages/airflow/example_dags/example_sensors.py took 0.060 seconds
[2023-02-02T01:14:50.003+0000] {processor.py:153} INFO - Started process (PID=619) to work on /home/airflow/.local/lib/python3.7/site-packages/airflow/example_dags/example_sensors.py
[2023-02-02T01:14:50.004+0000] {processor.py:743} INFO - Processing file /home/airflow/.local/lib/python3.7/site-packages/airflow/example_dags/example_sensors.py for tasks to queue
[2023-02-02T01:14:50.005+0000] {logging_mixin.py:137} INFO - [2023-02-02T01:14:50.005+0000] {dagbag.py:538} INFO - Filling up the DagBag from /home/airflow/.local/lib/python3.7/site-packages/airflow/example_dags/example_sensors.py
[2023-02-02T01:14:50.018+0000] {processor.py:753} INFO - DAG(s) dict_keys(['example_sensors']) retrieved from /home/airflow/.local/lib/python3.7/site-packages/airflow/example_dags/example_sensors.py
[2023-02-02T01:14:50.037+0000] {logging_mixin.py:137} INFO - [2023-02-02T01:14:50.037+0000] {dag.py:2690} INFO - Sync 1 DAGs
[2023-02-02T01:14:50.054+0000] {logging_mixin.py:137} INFO - [2023-02-02T01:14:50.054+0000] {dag.py:3441} INFO - Setting next_dagrun for example_sensors to None, run_after=None
[2023-02-02T01:14:50.066+0000] {processor.py:175} INFO - Processing /home/airflow/.local/lib/python3.7/site-packages/airflow/example_dags/example_sensors.py took 0.065 seconds
[2023-02-02T01:15:20.830+0000] {processor.py:153} INFO - Started process (PID=706) to work on /home/airflow/.local/lib/python3.7/site-packages/airflow/example_dags/example_sensors.py
[2023-02-02T01:15:20.830+0000] {processor.py:743} INFO - Processing file /home/airflow/.local/lib/python3.7/site-packages/airflow/example_dags/example_sensors.py for tasks to queue
[2023-02-02T01:15:20.831+0000] {logging_mixin.py:137} INFO - [2023-02-02T01:15:20.831+0000] {dagbag.py:538} INFO - Filling up the DagBag from /home/airflow/.local/lib/python3.7/site-packages/airflow/example_dags/example_sensors.py
[2023-02-02T01:15:20.844+0000] {processor.py:753} INFO - DAG(s) dict_keys(['example_sensors']) retrieved from /home/airflow/.local/lib/python3.7/site-packages/airflow/example_dags/example_sensors.py
[2023-02-02T01:15:20.862+0000] {logging_mixin.py:137} INFO - [2023-02-02T01:15:20.862+0000] {dag.py:2690} INFO - Sync 1 DAGs
[2023-02-02T01:15:20.879+0000] {logging_mixin.py:137} INFO - [2023-02-02T01:15:20.879+0000] {dag.py:3441} INFO - Setting next_dagrun for example_sensors to None, run_after=None
[2023-02-02T01:15:20.893+0000] {processor.py:175} INFO - Processing /home/airflow/.local/lib/python3.7/site-packages/airflow/example_dags/example_sensors.py took 0.066 seconds
[2023-02-02T01:15:51.515+0000] {processor.py:153} INFO - Started process (PID=777) to work on /home/airflow/.local/lib/python3.7/site-packages/airflow/example_dags/example_sensors.py
[2023-02-02T01:15:51.515+0000] {processor.py:743} INFO - Processing file /home/airflow/.local/lib/python3.7/site-packages/airflow/example_dags/example_sensors.py for tasks to queue
[2023-02-02T01:15:51.516+0000] {logging_mixin.py:137} INFO - [2023-02-02T01:15:51.516+0000] {dagbag.py:538} INFO - Filling up the DagBag from /home/airflow/.local/lib/python3.7/site-packages/airflow/example_dags/example_sensors.py
[2023-02-02T01:15:51.529+0000] {processor.py:753} INFO - DAG(s) dict_keys(['example_sensors']) retrieved from /home/airflow/.local/lib/python3.7/site-packages/airflow/example_dags/example_sensors.py
[2023-02-02T01:15:51.552+0000] {logging_mixin.py:137} INFO - [2023-02-02T01:15:51.551+0000] {dag.py:2690} INFO - Sync 1 DAGs
[2023-02-02T01:15:51.568+0000] {logging_mixin.py:137} INFO - [2023-02-02T01:15:51.568+0000] {dag.py:3441} INFO - Setting next_dagrun for example_sensors to None, run_after=None
[2023-02-02T01:15:51.581+0000] {processor.py:175} INFO - Processing /home/airflow/.local/lib/python3.7/site-packages/airflow/example_dags/example_sensors.py took 0.068 seconds
[2023-02-02T01:16:22.380+0000] {processor.py:153} INFO - Started process (PID=864) to work on /home/airflow/.local/lib/python3.7/site-packages/airflow/example_dags/example_sensors.py
[2023-02-02T01:16:22.380+0000] {processor.py:743} INFO - Processing file /home/airflow/.local/lib/python3.7/site-packages/airflow/example_dags/example_sensors.py for tasks to queue
[2023-02-02T01:16:22.381+0000] {logging_mixin.py:137} INFO - [2023-02-02T01:16:22.381+0000] {dagbag.py:538} INFO - Filling up the DagBag from /home/airflow/.local/lib/python3.7/site-packages/airflow/example_dags/example_sensors.py
[2023-02-02T01:16:22.393+0000] {processor.py:753} INFO - DAG(s) dict_keys(['example_sensors']) retrieved from /home/airflow/.local/lib/python3.7/site-packages/airflow/example_dags/example_sensors.py
[2023-02-02T01:16:22.411+0000] {logging_mixin.py:137} INFO - [2023-02-02T01:16:22.411+0000] {dag.py:2690} INFO - Sync 1 DAGs
[2023-02-02T01:16:22.427+0000] {logging_mixin.py:137} INFO - [2023-02-02T01:16:22.427+0000] {dag.py:3441} INFO - Setting next_dagrun for example_sensors to None, run_after=None
[2023-02-02T01:16:22.438+0000] {processor.py:175} INFO - Processing /home/airflow/.local/lib/python3.7/site-packages/airflow/example_dags/example_sensors.py took 0.061 seconds
[2023-02-02T01:16:53.207+0000] {processor.py:153} INFO - Started process (PID=951) to work on /home/airflow/.local/lib/python3.7/site-packages/airflow/example_dags/example_sensors.py
[2023-02-02T01:16:53.208+0000] {processor.py:743} INFO - Processing file /home/airflow/.local/lib/python3.7/site-packages/airflow/example_dags/example_sensors.py for tasks to queue
[2023-02-02T01:16:53.208+0000] {logging_mixin.py:137} INFO - [2023-02-02T01:16:53.208+0000] {dagbag.py:538} INFO - Filling up the DagBag from /home/airflow/.local/lib/python3.7/site-packages/airflow/example_dags/example_sensors.py
[2023-02-02T01:16:53.223+0000] {processor.py:753} INFO - DAG(s) dict_keys(['example_sensors']) retrieved from /home/airflow/.local/lib/python3.7/site-packages/airflow/example_dags/example_sensors.py
[2023-02-02T01:16:53.242+0000] {logging_mixin.py:137} INFO - [2023-02-02T01:16:53.242+0000] {dag.py:2690} INFO - Sync 1 DAGs
[2023-02-02T01:16:53.258+0000] {logging_mixin.py:137} INFO - [2023-02-02T01:16:53.258+0000] {dag.py:3441} INFO - Setting next_dagrun for example_sensors to None, run_after=None
[2023-02-02T01:16:53.270+0000] {processor.py:175} INFO - Processing /home/airflow/.local/lib/python3.7/site-packages/airflow/example_dags/example_sensors.py took 0.065 seconds
[2023-02-02T01:17:23.992+0000] {processor.py:153} INFO - Started process (PID=1022) to work on /home/airflow/.local/lib/python3.7/site-packages/airflow/example_dags/example_sensors.py
[2023-02-02T01:17:23.992+0000] {processor.py:743} INFO - Processing file /home/airflow/.local/lib/python3.7/site-packages/airflow/example_dags/example_sensors.py for tasks to queue
[2023-02-02T01:17:23.993+0000] {logging_mixin.py:137} INFO - [2023-02-02T01:17:23.993+0000] {dagbag.py:538} INFO - Filling up the DagBag from /home/airflow/.local/lib/python3.7/site-packages/airflow/example_dags/example_sensors.py
[2023-02-02T01:17:24.007+0000] {processor.py:753} INFO - DAG(s) dict_keys(['example_sensors']) retrieved from /home/airflow/.local/lib/python3.7/site-packages/airflow/example_dags/example_sensors.py
[2023-02-02T01:17:24.026+0000] {logging_mixin.py:137} INFO - [2023-02-02T01:17:24.026+0000] {dag.py:2690} INFO - Sync 1 DAGs
[2023-02-02T01:17:24.042+0000] {logging_mixin.py:137} INFO - [2023-02-02T01:17:24.042+0000] {dag.py:3441} INFO - Setting next_dagrun for example_sensors to None, run_after=None
[2023-02-02T01:17:24.056+0000] {processor.py:175} INFO - Processing /home/airflow/.local/lib/python3.7/site-packages/airflow/example_dags/example_sensors.py took 0.066 seconds
[2023-02-02T01:17:54.951+0000] {processor.py:153} INFO - Started process (PID=1109) to work on /home/airflow/.local/lib/python3.7/site-packages/airflow/example_dags/example_sensors.py
[2023-02-02T01:17:54.952+0000] {processor.py:743} INFO - Processing file /home/airflow/.local/lib/python3.7/site-packages/airflow/example_dags/example_sensors.py for tasks to queue
[2023-02-02T01:17:54.952+0000] {logging_mixin.py:137} INFO - [2023-02-02T01:17:54.952+0000] {dagbag.py:538} INFO - Filling up the DagBag from /home/airflow/.local/lib/python3.7/site-packages/airflow/example_dags/example_sensors.py
[2023-02-02T01:17:54.965+0000] {processor.py:753} INFO - DAG(s) dict_keys(['example_sensors']) retrieved from /home/airflow/.local/lib/python3.7/site-packages/airflow/example_dags/example_sensors.py
[2023-02-02T01:17:54.983+0000] {logging_mixin.py:137} INFO - [2023-02-02T01:17:54.983+0000] {dag.py:2690} INFO - Sync 1 DAGs
[2023-02-02T01:17:54.999+0000] {logging_mixin.py:137} INFO - [2023-02-02T01:17:54.999+0000] {dag.py:3441} INFO - Setting next_dagrun for example_sensors to None, run_after=None
[2023-02-02T01:17:55.011+0000] {processor.py:175} INFO - Processing /home/airflow/.local/lib/python3.7/site-packages/airflow/example_dags/example_sensors.py took 0.061 seconds
[2023-02-02T01:18:25.650+0000] {processor.py:153} INFO - Started process (PID=1196) to work on /home/airflow/.local/lib/python3.7/site-packages/airflow/example_dags/example_sensors.py
[2023-02-02T01:18:25.651+0000] {processor.py:743} INFO - Processing file /home/airflow/.local/lib/python3.7/site-packages/airflow/example_dags/example_sensors.py for tasks to queue
[2023-02-02T01:18:25.651+0000] {logging_mixin.py:137} INFO - [2023-02-02T01:18:25.651+0000] {dagbag.py:538} INFO - Filling up the DagBag from /home/airflow/.local/lib/python3.7/site-packages/airflow/example_dags/example_sensors.py
[2023-02-02T01:18:25.666+0000] {processor.py:753} INFO - DAG(s) dict_keys(['example_sensors']) retrieved from /home/airflow/.local/lib/python3.7/site-packages/airflow/example_dags/example_sensors.py
[2023-02-02T01:18:25.686+0000] {logging_mixin.py:137} INFO - [2023-02-02T01:18:25.686+0000] {dag.py:2690} INFO - Sync 1 DAGs
[2023-02-02T01:18:25.707+0000] {logging_mixin.py:137} INFO - [2023-02-02T01:18:25.707+0000] {dag.py:3441} INFO - Setting next_dagrun for example_sensors to None, run_after=None
[2023-02-02T01:18:25.721+0000] {processor.py:175} INFO - Processing /home/airflow/.local/lib/python3.7/site-packages/airflow/example_dags/example_sensors.py took 0.074 seconds
[2023-02-02T01:18:56.491+0000] {processor.py:153} INFO - Started process (PID=1283) to work on /home/airflow/.local/lib/python3.7/site-packages/airflow/example_dags/example_sensors.py
[2023-02-02T01:18:56.492+0000] {processor.py:743} INFO - Processing file /home/airflow/.local/lib/python3.7/site-packages/airflow/example_dags/example_sensors.py for tasks to queue
[2023-02-02T01:18:56.493+0000] {logging_mixin.py:137} INFO - [2023-02-02T01:18:56.493+0000] {dagbag.py:538} INFO - Filling up the DagBag from /home/airflow/.local/lib/python3.7/site-packages/airflow/example_dags/example_sensors.py
[2023-02-02T01:18:56.511+0000] {processor.py:753} INFO - DAG(s) dict_keys(['example_sensors']) retrieved from /home/airflow/.local/lib/python3.7/site-packages/airflow/example_dags/example_sensors.py
[2023-02-02T01:18:56.531+0000] {logging_mixin.py:137} INFO - [2023-02-02T01:18:56.531+0000] {dag.py:2690} INFO - Sync 1 DAGs
[2023-02-02T01:18:56.547+0000] {logging_mixin.py:137} INFO - [2023-02-02T01:18:56.547+0000] {dag.py:3441} INFO - Setting next_dagrun for example_sensors to None, run_after=None
[2023-02-02T01:18:56.560+0000] {processor.py:175} INFO - Processing /home/airflow/.local/lib/python3.7/site-packages/airflow/example_dags/example_sensors.py took 0.072 seconds
[2023-02-02T01:19:27.312+0000] {processor.py:153} INFO - Started process (PID=1354) to work on /home/airflow/.local/lib/python3.7/site-packages/airflow/example_dags/example_sensors.py
[2023-02-02T01:19:27.312+0000] {processor.py:743} INFO - Processing file /home/airflow/.local/lib/python3.7/site-packages/airflow/example_dags/example_sensors.py for tasks to queue
[2023-02-02T01:19:27.313+0000] {logging_mixin.py:137} INFO - [2023-02-02T01:19:27.312+0000] {dagbag.py:538} INFO - Filling up the DagBag from /home/airflow/.local/lib/python3.7/site-packages/airflow/example_dags/example_sensors.py
[2023-02-02T01:19:27.325+0000] {processor.py:753} INFO - DAG(s) dict_keys(['example_sensors']) retrieved from /home/airflow/.local/lib/python3.7/site-packages/airflow/example_dags/example_sensors.py
[2023-02-02T01:19:27.346+0000] {logging_mixin.py:137} INFO - [2023-02-02T01:19:27.346+0000] {dag.py:2690} INFO - Sync 1 DAGs
[2023-02-02T01:19:27.366+0000] {logging_mixin.py:137} INFO - [2023-02-02T01:19:27.365+0000] {dag.py:3441} INFO - Setting next_dagrun for example_sensors to None, run_after=None
[2023-02-02T01:19:27.379+0000] {processor.py:175} INFO - Processing /home/airflow/.local/lib/python3.7/site-packages/airflow/example_dags/example_sensors.py took 0.069 seconds
[2023-02-02T01:19:58.027+0000] {processor.py:153} INFO - Started process (PID=1441) to work on /home/airflow/.local/lib/python3.7/site-packages/airflow/example_dags/example_sensors.py
[2023-02-02T01:19:58.028+0000] {processor.py:743} INFO - Processing file /home/airflow/.local/lib/python3.7/site-packages/airflow/example_dags/example_sensors.py for tasks to queue
[2023-02-02T01:19:58.028+0000] {logging_mixin.py:137} INFO - [2023-02-02T01:19:58.028+0000] {dagbag.py:538} INFO - Filling up the DagBag from /home/airflow/.local/lib/python3.7/site-packages/airflow/example_dags/example_sensors.py
[2023-02-02T01:19:58.046+0000] {processor.py:753} INFO - DAG(s) dict_keys(['example_sensors']) retrieved from /home/airflow/.local/lib/python3.7/site-packages/airflow/example_dags/example_sensors.py
[2023-02-02T01:19:58.066+0000] {logging_mixin.py:137} INFO - [2023-02-02T01:19:58.066+0000] {dag.py:2690} INFO - Sync 1 DAGs
[2023-02-02T01:19:58.083+0000] {logging_mixin.py:137} INFO - [2023-02-02T01:19:58.083+0000] {dag.py:3441} INFO - Setting next_dagrun for example_sensors to None, run_after=None
[2023-02-02T01:19:58.097+0000] {processor.py:175} INFO - Processing /home/airflow/.local/lib/python3.7/site-packages/airflow/example_dags/example_sensors.py took 0.073 seconds
[2023-02-02T01:20:28.726+0000] {processor.py:153} INFO - Started process (PID=1528) to work on /home/airflow/.local/lib/python3.7/site-packages/airflow/example_dags/example_sensors.py
[2023-02-02T01:20:28.726+0000] {processor.py:743} INFO - Processing file /home/airflow/.local/lib/python3.7/site-packages/airflow/example_dags/example_sensors.py for tasks to queue
[2023-02-02T01:20:28.727+0000] {logging_mixin.py:137} INFO - [2023-02-02T01:20:28.727+0000] {dagbag.py:538} INFO - Filling up the DagBag from /home/airflow/.local/lib/python3.7/site-packages/airflow/example_dags/example_sensors.py
[2023-02-02T01:20:28.743+0000] {processor.py:753} INFO - DAG(s) dict_keys(['example_sensors']) retrieved from /home/airflow/.local/lib/python3.7/site-packages/airflow/example_dags/example_sensors.py
[2023-02-02T01:20:28.762+0000] {logging_mixin.py:137} INFO - [2023-02-02T01:20:28.762+0000] {dag.py:2690} INFO - Sync 1 DAGs
[2023-02-02T01:20:28.781+0000] {logging_mixin.py:137} INFO - [2023-02-02T01:20:28.781+0000] {dag.py:3441} INFO - Setting next_dagrun for example_sensors to None, run_after=None
[2023-02-02T01:20:28.795+0000] {processor.py:175} INFO - Processing /home/airflow/.local/lib/python3.7/site-packages/airflow/example_dags/example_sensors.py took 0.071 seconds
[2023-02-02T01:20:59.572+0000] {processor.py:153} INFO - Started process (PID=1599) to work on /home/airflow/.local/lib/python3.7/site-packages/airflow/example_dags/example_sensors.py
[2023-02-02T01:20:59.573+0000] {processor.py:743} INFO - Processing file /home/airflow/.local/lib/python3.7/site-packages/airflow/example_dags/example_sensors.py for tasks to queue
[2023-02-02T01:20:59.573+0000] {logging_mixin.py:137} INFO - [2023-02-02T01:20:59.573+0000] {dagbag.py:538} INFO - Filling up the DagBag from /home/airflow/.local/lib/python3.7/site-packages/airflow/example_dags/example_sensors.py
[2023-02-02T01:20:59.588+0000] {processor.py:753} INFO - DAG(s) dict_keys(['example_sensors']) retrieved from /home/airflow/.local/lib/python3.7/site-packages/airflow/example_dags/example_sensors.py
[2023-02-02T01:20:59.607+0000] {logging_mixin.py:137} INFO - [2023-02-02T01:20:59.607+0000] {dag.py:2690} INFO - Sync 1 DAGs
[2023-02-02T01:20:59.623+0000] {logging_mixin.py:137} INFO - [2023-02-02T01:20:59.623+0000] {dag.py:3441} INFO - Setting next_dagrun for example_sensors to None, run_after=None
[2023-02-02T01:20:59.635+0000] {processor.py:175} INFO - Processing /home/airflow/.local/lib/python3.7/site-packages/airflow/example_dags/example_sensors.py took 0.065 seconds
[2023-02-02T01:21:30.223+0000] {processor.py:153} INFO - Started process (PID=1686) to work on /home/airflow/.local/lib/python3.7/site-packages/airflow/example_dags/example_sensors.py
[2023-02-02T01:21:30.223+0000] {processor.py:743} INFO - Processing file /home/airflow/.local/lib/python3.7/site-packages/airflow/example_dags/example_sensors.py for tasks to queue
[2023-02-02T01:21:30.224+0000] {logging_mixin.py:137} INFO - [2023-02-02T01:21:30.223+0000] {dagbag.py:538} INFO - Filling up the DagBag from /home/airflow/.local/lib/python3.7/site-packages/airflow/example_dags/example_sensors.py
[2023-02-02T01:21:30.235+0000] {processor.py:753} INFO - DAG(s) dict_keys(['example_sensors']) retrieved from /home/airflow/.local/lib/python3.7/site-packages/airflow/example_dags/example_sensors.py
[2023-02-02T01:21:30.255+0000] {logging_mixin.py:137} INFO - [2023-02-02T01:21:30.255+0000] {dag.py:2690} INFO - Sync 1 DAGs
[2023-02-02T01:21:30.273+0000] {logging_mixin.py:137} INFO - [2023-02-02T01:21:30.273+0000] {dag.py:3441} INFO - Setting next_dagrun for example_sensors to None, run_after=None
[2023-02-02T01:21:30.285+0000] {processor.py:175} INFO - Processing /home/airflow/.local/lib/python3.7/site-packages/airflow/example_dags/example_sensors.py took 0.065 seconds
[2023-02-02T01:22:00.940+0000] {processor.py:153} INFO - Started process (PID=1773) to work on /home/airflow/.local/lib/python3.7/site-packages/airflow/example_dags/example_sensors.py
[2023-02-02T01:22:00.940+0000] {processor.py:743} INFO - Processing file /home/airflow/.local/lib/python3.7/site-packages/airflow/example_dags/example_sensors.py for tasks to queue
[2023-02-02T01:22:00.941+0000] {logging_mixin.py:137} INFO - [2023-02-02T01:22:00.941+0000] {dagbag.py:538} INFO - Filling up the DagBag from /home/airflow/.local/lib/python3.7/site-packages/airflow/example_dags/example_sensors.py
[2023-02-02T01:22:00.953+0000] {processor.py:753} INFO - DAG(s) dict_keys(['example_sensors']) retrieved from /home/airflow/.local/lib/python3.7/site-packages/airflow/example_dags/example_sensors.py
[2023-02-02T01:22:00.969+0000] {logging_mixin.py:137} INFO - [2023-02-02T01:22:00.969+0000] {dag.py:2690} INFO - Sync 1 DAGs
[2023-02-02T01:22:00.985+0000] {logging_mixin.py:137} INFO - [2023-02-02T01:22:00.985+0000] {dag.py:3441} INFO - Setting next_dagrun for example_sensors to None, run_after=None
[2023-02-02T01:22:00.997+0000] {processor.py:175} INFO - Processing /home/airflow/.local/lib/python3.7/site-packages/airflow/example_dags/example_sensors.py took 0.059 seconds
[2023-02-02T01:22:31.611+0000] {processor.py:153} INFO - Started process (PID=1844) to work on /home/airflow/.local/lib/python3.7/site-packages/airflow/example_dags/example_sensors.py
[2023-02-02T01:22:31.612+0000] {processor.py:743} INFO - Processing file /home/airflow/.local/lib/python3.7/site-packages/airflow/example_dags/example_sensors.py for tasks to queue
[2023-02-02T01:22:31.612+0000] {logging_mixin.py:137} INFO - [2023-02-02T01:22:31.612+0000] {dagbag.py:538} INFO - Filling up the DagBag from /home/airflow/.local/lib/python3.7/site-packages/airflow/example_dags/example_sensors.py
[2023-02-02T01:22:31.628+0000] {processor.py:753} INFO - DAG(s) dict_keys(['example_sensors']) retrieved from /home/airflow/.local/lib/python3.7/site-packages/airflow/example_dags/example_sensors.py
[2023-02-02T01:22:31.650+0000] {logging_mixin.py:137} INFO - [2023-02-02T01:22:31.650+0000] {dag.py:2690} INFO - Sync 1 DAGs
[2023-02-02T01:22:31.670+0000] {logging_mixin.py:137} INFO - [2023-02-02T01:22:31.670+0000] {dag.py:3441} INFO - Setting next_dagrun for example_sensors to None, run_after=None
[2023-02-02T01:22:31.685+0000] {processor.py:175} INFO - Processing /home/airflow/.local/lib/python3.7/site-packages/airflow/example_dags/example_sensors.py took 0.077 seconds
[2023-02-02T01:23:02.513+0000] {processor.py:153} INFO - Started process (PID=1931) to work on /home/airflow/.local/lib/python3.7/site-packages/airflow/example_dags/example_sensors.py
[2023-02-02T01:23:02.513+0000] {processor.py:743} INFO - Processing file /home/airflow/.local/lib/python3.7/site-packages/airflow/example_dags/example_sensors.py for tasks to queue
[2023-02-02T01:23:02.514+0000] {logging_mixin.py:137} INFO - [2023-02-02T01:23:02.514+0000] {dagbag.py:538} INFO - Filling up the DagBag from /home/airflow/.local/lib/python3.7/site-packages/airflow/example_dags/example_sensors.py
[2023-02-02T01:23:02.527+0000] {processor.py:753} INFO - DAG(s) dict_keys(['example_sensors']) retrieved from /home/airflow/.local/lib/python3.7/site-packages/airflow/example_dags/example_sensors.py
[2023-02-02T01:23:02.543+0000] {logging_mixin.py:137} INFO - [2023-02-02T01:23:02.543+0000] {dag.py:2690} INFO - Sync 1 DAGs
[2023-02-02T01:23:02.562+0000] {logging_mixin.py:137} INFO - [2023-02-02T01:23:02.561+0000] {dag.py:3441} INFO - Setting next_dagrun for example_sensors to None, run_after=None
[2023-02-02T01:23:02.573+0000] {processor.py:175} INFO - Processing /home/airflow/.local/lib/python3.7/site-packages/airflow/example_dags/example_sensors.py took 0.062 seconds
[2023-02-02T01:23:33.238+0000] {processor.py:153} INFO - Started process (PID=2018) to work on /home/airflow/.local/lib/python3.7/site-packages/airflow/example_dags/example_sensors.py
[2023-02-02T01:23:33.238+0000] {processor.py:743} INFO - Processing file /home/airflow/.local/lib/python3.7/site-packages/airflow/example_dags/example_sensors.py for tasks to queue
[2023-02-02T01:23:33.239+0000] {logging_mixin.py:137} INFO - [2023-02-02T01:23:33.239+0000] {dagbag.py:538} INFO - Filling up the DagBag from /home/airflow/.local/lib/python3.7/site-packages/airflow/example_dags/example_sensors.py
[2023-02-02T01:23:33.253+0000] {processor.py:753} INFO - DAG(s) dict_keys(['example_sensors']) retrieved from /home/airflow/.local/lib/python3.7/site-packages/airflow/example_dags/example_sensors.py
[2023-02-02T01:23:33.274+0000] {logging_mixin.py:137} INFO - [2023-02-02T01:23:33.273+0000] {dag.py:2690} INFO - Sync 1 DAGs
[2023-02-02T01:23:33.293+0000] {logging_mixin.py:137} INFO - [2023-02-02T01:23:33.293+0000] {dag.py:3441} INFO - Setting next_dagrun for example_sensors to None, run_after=None
[2023-02-02T01:23:33.307+0000] {processor.py:175} INFO - Processing /home/airflow/.local/lib/python3.7/site-packages/airflow/example_dags/example_sensors.py took 0.072 seconds
[2023-02-02T01:24:03.991+0000] {processor.py:153} INFO - Started process (PID=2089) to work on /home/airflow/.local/lib/python3.7/site-packages/airflow/example_dags/example_sensors.py
[2023-02-02T01:24:03.992+0000] {processor.py:743} INFO - Processing file /home/airflow/.local/lib/python3.7/site-packages/airflow/example_dags/example_sensors.py for tasks to queue
[2023-02-02T01:24:03.992+0000] {logging_mixin.py:137} INFO - [2023-02-02T01:24:03.992+0000] {dagbag.py:538} INFO - Filling up the DagBag from /home/airflow/.local/lib/python3.7/site-packages/airflow/example_dags/example_sensors.py
[2023-02-02T01:24:04.006+0000] {processor.py:753} INFO - DAG(s) dict_keys(['example_sensors']) retrieved from /home/airflow/.local/lib/python3.7/site-packages/airflow/example_dags/example_sensors.py
[2023-02-02T01:24:04.027+0000] {logging_mixin.py:137} INFO - [2023-02-02T01:24:04.027+0000] {dag.py:2690} INFO - Sync 1 DAGs
[2023-02-02T01:24:04.045+0000] {logging_mixin.py:137} INFO - [2023-02-02T01:24:04.045+0000] {dag.py:3441} INFO - Setting next_dagrun for example_sensors to None, run_after=None
[2023-02-02T01:24:04.059+0000] {processor.py:175} INFO - Processing /home/airflow/.local/lib/python3.7/site-packages/airflow/example_dags/example_sensors.py took 0.070 seconds
[2023-02-02T01:24:34.858+0000] {processor.py:153} INFO - Started process (PID=2176) to work on /home/airflow/.local/lib/python3.7/site-packages/airflow/example_dags/example_sensors.py
[2023-02-02T01:24:34.859+0000] {processor.py:743} INFO - Processing file /home/airflow/.local/lib/python3.7/site-packages/airflow/example_dags/example_sensors.py for tasks to queue
[2023-02-02T01:24:34.860+0000] {logging_mixin.py:137} INFO - [2023-02-02T01:24:34.860+0000] {dagbag.py:538} INFO - Filling up the DagBag from /home/airflow/.local/lib/python3.7/site-packages/airflow/example_dags/example_sensors.py
[2023-02-02T01:24:34.874+0000] {processor.py:753} INFO - DAG(s) dict_keys(['example_sensors']) retrieved from /home/airflow/.local/lib/python3.7/site-packages/airflow/example_dags/example_sensors.py
[2023-02-02T01:24:34.892+0000] {logging_mixin.py:137} INFO - [2023-02-02T01:24:34.892+0000] {dag.py:2690} INFO - Sync 1 DAGs
[2023-02-02T01:24:34.909+0000] {logging_mixin.py:137} INFO - [2023-02-02T01:24:34.909+0000] {dag.py:3441} INFO - Setting next_dagrun for example_sensors to None, run_after=None
[2023-02-02T01:24:34.921+0000] {processor.py:175} INFO - Processing /home/airflow/.local/lib/python3.7/site-packages/airflow/example_dags/example_sensors.py took 0.065 seconds
[2023-02-02T01:25:05.547+0000] {processor.py:153} INFO - Started process (PID=2263) to work on /home/airflow/.local/lib/python3.7/site-packages/airflow/example_dags/example_sensors.py
[2023-02-02T01:25:05.548+0000] {processor.py:743} INFO - Processing file /home/airflow/.local/lib/python3.7/site-packages/airflow/example_dags/example_sensors.py for tasks to queue
[2023-02-02T01:25:05.549+0000] {logging_mixin.py:137} INFO - [2023-02-02T01:25:05.548+0000] {dagbag.py:538} INFO - Filling up the DagBag from /home/airflow/.local/lib/python3.7/site-packages/airflow/example_dags/example_sensors.py
[2023-02-02T01:25:05.562+0000] {processor.py:753} INFO - DAG(s) dict_keys(['example_sensors']) retrieved from /home/airflow/.local/lib/python3.7/site-packages/airflow/example_dags/example_sensors.py
[2023-02-02T01:25:05.581+0000] {logging_mixin.py:137} INFO - [2023-02-02T01:25:05.581+0000] {dag.py:2690} INFO - Sync 1 DAGs
[2023-02-02T01:25:05.599+0000] {logging_mixin.py:137} INFO - [2023-02-02T01:25:05.598+0000] {dag.py:3441} INFO - Setting next_dagrun for example_sensors to None, run_after=None
[2023-02-02T01:25:05.611+0000] {processor.py:175} INFO - Processing /home/airflow/.local/lib/python3.7/site-packages/airflow/example_dags/example_sensors.py took 0.068 seconds
