[2023-02-02T01:11:15.156+0000] {processor.py:153} INFO - Started process (PID=55) to work on /home/airflow/.local/lib/python3.7/site-packages/airflow/example_dags/example_skip_dag.py
[2023-02-02T01:11:15.157+0000] {processor.py:743} INFO - Processing file /home/airflow/.local/lib/python3.7/site-packages/airflow/example_dags/example_skip_dag.py for tasks to queue
[2023-02-02T01:11:15.158+0000] {logging_mixin.py:137} INFO - [2023-02-02T01:11:15.157+0000] {dagbag.py:538} INFO - Filling up the DagBag from /home/airflow/.local/lib/python3.7/site-packages/airflow/example_dags/example_skip_dag.py
[2023-02-02T01:11:15.167+0000] {processor.py:753} INFO - DAG(s) dict_keys(['example_skip_dag']) retrieved from /home/airflow/.local/lib/python3.7/site-packages/airflow/example_dags/example_skip_dag.py
[2023-02-02T01:11:15.178+0000] {logging_mixin.py:137} INFO - [2023-02-02T01:11:15.178+0000] {dag.py:2690} INFO - Sync 1 DAGs
[2023-02-02T01:11:15.202+0000] {logging_mixin.py:137} INFO - [2023-02-02T01:11:15.202+0000] {dag.py:3441} INFO - Setting next_dagrun for example_skip_dag to 2023-02-01T01:11:15.202646+00:00, run_after=2023-02-02T01:11:15.202646+00:00
[2023-02-02T01:11:15.218+0000] {processor.py:175} INFO - Processing /home/airflow/.local/lib/python3.7/site-packages/airflow/example_dags/example_skip_dag.py took 0.064 seconds
[2023-02-02T01:11:45.926+0000] {processor.py:153} INFO - Started process (PID=142) to work on /home/airflow/.local/lib/python3.7/site-packages/airflow/example_dags/example_skip_dag.py
[2023-02-02T01:11:45.927+0000] {processor.py:743} INFO - Processing file /home/airflow/.local/lib/python3.7/site-packages/airflow/example_dags/example_skip_dag.py for tasks to queue
[2023-02-02T01:11:45.928+0000] {logging_mixin.py:137} INFO - [2023-02-02T01:11:45.927+0000] {dagbag.py:538} INFO - Filling up the DagBag from /home/airflow/.local/lib/python3.7/site-packages/airflow/example_dags/example_skip_dag.py
[2023-02-02T01:11:45.939+0000] {processor.py:753} INFO - DAG(s) dict_keys(['example_skip_dag']) retrieved from /home/airflow/.local/lib/python3.7/site-packages/airflow/example_dags/example_skip_dag.py
[2023-02-02T01:11:45.957+0000] {logging_mixin.py:137} INFO - [2023-02-02T01:11:45.956+0000] {dag.py:2690} INFO - Sync 1 DAGs
[2023-02-02T01:11:45.975+0000] {logging_mixin.py:137} INFO - [2023-02-02T01:11:45.975+0000] {dag.py:3441} INFO - Setting next_dagrun for example_skip_dag to 2023-02-01T01:11:45.975122+00:00, run_after=2023-02-02T01:11:45.975122+00:00
[2023-02-02T01:11:45.988+0000] {processor.py:175} INFO - Processing /home/airflow/.local/lib/python3.7/site-packages/airflow/example_dags/example_skip_dag.py took 0.064 seconds
[2023-02-02T01:12:16.841+0000] {processor.py:153} INFO - Started process (PID=229) to work on /home/airflow/.local/lib/python3.7/site-packages/airflow/example_dags/example_skip_dag.py
[2023-02-02T01:12:16.842+0000] {processor.py:743} INFO - Processing file /home/airflow/.local/lib/python3.7/site-packages/airflow/example_dags/example_skip_dag.py for tasks to queue
[2023-02-02T01:12:16.843+0000] {logging_mixin.py:137} INFO - [2023-02-02T01:12:16.843+0000] {dagbag.py:538} INFO - Filling up the DagBag from /home/airflow/.local/lib/python3.7/site-packages/airflow/example_dags/example_skip_dag.py
[2023-02-02T01:12:16.855+0000] {processor.py:753} INFO - DAG(s) dict_keys(['example_skip_dag']) retrieved from /home/airflow/.local/lib/python3.7/site-packages/airflow/example_dags/example_skip_dag.py
[2023-02-02T01:12:16.870+0000] {logging_mixin.py:137} INFO - [2023-02-02T01:12:16.870+0000] {dag.py:2690} INFO - Sync 1 DAGs
[2023-02-02T01:12:16.887+0000] {logging_mixin.py:137} INFO - [2023-02-02T01:12:16.887+0000] {dag.py:3441} INFO - Setting next_dagrun for example_skip_dag to 2023-02-01T01:12:16.887100+00:00, run_after=2023-02-02T01:12:16.887100+00:00
[2023-02-02T01:12:16.900+0000] {processor.py:175} INFO - Processing /home/airflow/.local/lib/python3.7/site-packages/airflow/example_dags/example_skip_dag.py took 0.062 seconds
[2023-02-02T01:12:47.619+0000] {processor.py:153} INFO - Started process (PID=300) to work on /home/airflow/.local/lib/python3.7/site-packages/airflow/example_dags/example_skip_dag.py
[2023-02-02T01:12:47.619+0000] {processor.py:743} INFO - Processing file /home/airflow/.local/lib/python3.7/site-packages/airflow/example_dags/example_skip_dag.py for tasks to queue
[2023-02-02T01:12:47.620+0000] {logging_mixin.py:137} INFO - [2023-02-02T01:12:47.620+0000] {dagbag.py:538} INFO - Filling up the DagBag from /home/airflow/.local/lib/python3.7/site-packages/airflow/example_dags/example_skip_dag.py
[2023-02-02T01:12:47.629+0000] {processor.py:753} INFO - DAG(s) dict_keys(['example_skip_dag']) retrieved from /home/airflow/.local/lib/python3.7/site-packages/airflow/example_dags/example_skip_dag.py
[2023-02-02T01:12:47.646+0000] {logging_mixin.py:137} INFO - [2023-02-02T01:12:47.646+0000] {dag.py:2690} INFO - Sync 1 DAGs
[2023-02-02T01:12:47.662+0000] {logging_mixin.py:137} INFO - [2023-02-02T01:12:47.662+0000] {dag.py:3441} INFO - Setting next_dagrun for example_skip_dag to 2023-02-01T01:12:47.661859+00:00, run_after=2023-02-02T01:12:47.661859+00:00
[2023-02-02T01:12:47.674+0000] {processor.py:175} INFO - Processing /home/airflow/.local/lib/python3.7/site-packages/airflow/example_dags/example_skip_dag.py took 0.058 seconds
[2023-02-02T01:13:18.428+0000] {processor.py:153} INFO - Started process (PID=387) to work on /home/airflow/.local/lib/python3.7/site-packages/airflow/example_dags/example_skip_dag.py
[2023-02-02T01:13:18.428+0000] {processor.py:743} INFO - Processing file /home/airflow/.local/lib/python3.7/site-packages/airflow/example_dags/example_skip_dag.py for tasks to queue
[2023-02-02T01:13:18.429+0000] {logging_mixin.py:137} INFO - [2023-02-02T01:13:18.429+0000] {dagbag.py:538} INFO - Filling up the DagBag from /home/airflow/.local/lib/python3.7/site-packages/airflow/example_dags/example_skip_dag.py
[2023-02-02T01:13:18.444+0000] {processor.py:753} INFO - DAG(s) dict_keys(['example_skip_dag']) retrieved from /home/airflow/.local/lib/python3.7/site-packages/airflow/example_dags/example_skip_dag.py
[2023-02-02T01:13:18.466+0000] {logging_mixin.py:137} INFO - [2023-02-02T01:13:18.466+0000] {dag.py:2690} INFO - Sync 1 DAGs
[2023-02-02T01:13:18.486+0000] {logging_mixin.py:137} INFO - [2023-02-02T01:13:18.486+0000] {dag.py:3441} INFO - Setting next_dagrun for example_skip_dag to 2023-02-01T01:13:18.486535+00:00, run_after=2023-02-02T01:13:18.486535+00:00
[2023-02-02T01:13:18.499+0000] {processor.py:175} INFO - Processing /home/airflow/.local/lib/python3.7/site-packages/airflow/example_dags/example_skip_dag.py took 0.074 seconds
[2023-02-02T01:13:49.107+0000] {processor.py:153} INFO - Started process (PID=474) to work on /home/airflow/.local/lib/python3.7/site-packages/airflow/example_dags/example_skip_dag.py
[2023-02-02T01:13:49.108+0000] {processor.py:743} INFO - Processing file /home/airflow/.local/lib/python3.7/site-packages/airflow/example_dags/example_skip_dag.py for tasks to queue
[2023-02-02T01:13:49.108+0000] {logging_mixin.py:137} INFO - [2023-02-02T01:13:49.108+0000] {dagbag.py:538} INFO - Filling up the DagBag from /home/airflow/.local/lib/python3.7/site-packages/airflow/example_dags/example_skip_dag.py
[2023-02-02T01:13:49.118+0000] {processor.py:753} INFO - DAG(s) dict_keys(['example_skip_dag']) retrieved from /home/airflow/.local/lib/python3.7/site-packages/airflow/example_dags/example_skip_dag.py
[2023-02-02T01:13:49.134+0000] {logging_mixin.py:137} INFO - [2023-02-02T01:13:49.134+0000] {dag.py:2690} INFO - Sync 1 DAGs
[2023-02-02T01:13:49.150+0000] {logging_mixin.py:137} INFO - [2023-02-02T01:13:49.150+0000] {dag.py:3441} INFO - Setting next_dagrun for example_skip_dag to 2023-02-01T01:13:49.150291+00:00, run_after=2023-02-02T01:13:49.150291+00:00
[2023-02-02T01:13:49.165+0000] {processor.py:175} INFO - Processing /home/airflow/.local/lib/python3.7/site-packages/airflow/example_dags/example_skip_dag.py took 0.059 seconds
[2023-02-02T01:14:19.879+0000] {processor.py:153} INFO - Started process (PID=545) to work on /home/airflow/.local/lib/python3.7/site-packages/airflow/example_dags/example_skip_dag.py
[2023-02-02T01:14:19.880+0000] {processor.py:743} INFO - Processing file /home/airflow/.local/lib/python3.7/site-packages/airflow/example_dags/example_skip_dag.py for tasks to queue
[2023-02-02T01:14:19.880+0000] {logging_mixin.py:137} INFO - [2023-02-02T01:14:19.880+0000] {dagbag.py:538} INFO - Filling up the DagBag from /home/airflow/.local/lib/python3.7/site-packages/airflow/example_dags/example_skip_dag.py
[2023-02-02T01:14:19.890+0000] {processor.py:753} INFO - DAG(s) dict_keys(['example_skip_dag']) retrieved from /home/airflow/.local/lib/python3.7/site-packages/airflow/example_dags/example_skip_dag.py
[2023-02-02T01:14:19.905+0000] {logging_mixin.py:137} INFO - [2023-02-02T01:14:19.905+0000] {dag.py:2690} INFO - Sync 1 DAGs
[2023-02-02T01:14:19.923+0000] {logging_mixin.py:137} INFO - [2023-02-02T01:14:19.923+0000] {dag.py:3441} INFO - Setting next_dagrun for example_skip_dag to 2023-02-01T01:14:19.923331+00:00, run_after=2023-02-02T01:14:19.923331+00:00
[2023-02-02T01:14:19.935+0000] {processor.py:175} INFO - Processing /home/airflow/.local/lib/python3.7/site-packages/airflow/example_dags/example_skip_dag.py took 0.058 seconds
[2023-02-02T01:14:50.561+0000] {processor.py:153} INFO - Started process (PID=632) to work on /home/airflow/.local/lib/python3.7/site-packages/airflow/example_dags/example_skip_dag.py
[2023-02-02T01:14:50.562+0000] {processor.py:743} INFO - Processing file /home/airflow/.local/lib/python3.7/site-packages/airflow/example_dags/example_skip_dag.py for tasks to queue
[2023-02-02T01:14:50.563+0000] {logging_mixin.py:137} INFO - [2023-02-02T01:14:50.562+0000] {dagbag.py:538} INFO - Filling up the DagBag from /home/airflow/.local/lib/python3.7/site-packages/airflow/example_dags/example_skip_dag.py
[2023-02-02T01:14:50.572+0000] {processor.py:753} INFO - DAG(s) dict_keys(['example_skip_dag']) retrieved from /home/airflow/.local/lib/python3.7/site-packages/airflow/example_dags/example_skip_dag.py
[2023-02-02T01:14:50.588+0000] {logging_mixin.py:137} INFO - [2023-02-02T01:14:50.588+0000] {dag.py:2690} INFO - Sync 1 DAGs
[2023-02-02T01:14:50.606+0000] {logging_mixin.py:137} INFO - [2023-02-02T01:14:50.606+0000] {dag.py:3441} INFO - Setting next_dagrun for example_skip_dag to 2023-02-01T01:14:50.605860+00:00, run_after=2023-02-02T01:14:50.605860+00:00
[2023-02-02T01:14:50.619+0000] {processor.py:175} INFO - Processing /home/airflow/.local/lib/python3.7/site-packages/airflow/example_dags/example_skip_dag.py took 0.059 seconds
[2023-02-02T01:15:21.367+0000] {processor.py:153} INFO - Started process (PID=719) to work on /home/airflow/.local/lib/python3.7/site-packages/airflow/example_dags/example_skip_dag.py
[2023-02-02T01:15:21.367+0000] {processor.py:743} INFO - Processing file /home/airflow/.local/lib/python3.7/site-packages/airflow/example_dags/example_skip_dag.py for tasks to queue
[2023-02-02T01:15:21.368+0000] {logging_mixin.py:137} INFO - [2023-02-02T01:15:21.368+0000] {dagbag.py:538} INFO - Filling up the DagBag from /home/airflow/.local/lib/python3.7/site-packages/airflow/example_dags/example_skip_dag.py
[2023-02-02T01:15:21.380+0000] {processor.py:753} INFO - DAG(s) dict_keys(['example_skip_dag']) retrieved from /home/airflow/.local/lib/python3.7/site-packages/airflow/example_dags/example_skip_dag.py
[2023-02-02T01:15:21.398+0000] {logging_mixin.py:137} INFO - [2023-02-02T01:15:21.398+0000] {dag.py:2690} INFO - Sync 1 DAGs
[2023-02-02T01:15:21.417+0000] {logging_mixin.py:137} INFO - [2023-02-02T01:15:21.417+0000] {dag.py:3441} INFO - Setting next_dagrun for example_skip_dag to 2023-02-01T01:15:21.417364+00:00, run_after=2023-02-02T01:15:21.417364+00:00
[2023-02-02T01:15:21.430+0000] {processor.py:175} INFO - Processing /home/airflow/.local/lib/python3.7/site-packages/airflow/example_dags/example_skip_dag.py took 0.065 seconds
[2023-02-02T01:15:52.070+0000] {processor.py:153} INFO - Started process (PID=790) to work on /home/airflow/.local/lib/python3.7/site-packages/airflow/example_dags/example_skip_dag.py
[2023-02-02T01:15:52.071+0000] {processor.py:743} INFO - Processing file /home/airflow/.local/lib/python3.7/site-packages/airflow/example_dags/example_skip_dag.py for tasks to queue
[2023-02-02T01:15:52.071+0000] {logging_mixin.py:137} INFO - [2023-02-02T01:15:52.071+0000] {dagbag.py:538} INFO - Filling up the DagBag from /home/airflow/.local/lib/python3.7/site-packages/airflow/example_dags/example_skip_dag.py
[2023-02-02T01:15:52.082+0000] {processor.py:753} INFO - DAG(s) dict_keys(['example_skip_dag']) retrieved from /home/airflow/.local/lib/python3.7/site-packages/airflow/example_dags/example_skip_dag.py
[2023-02-02T01:15:52.100+0000] {logging_mixin.py:137} INFO - [2023-02-02T01:15:52.100+0000] {dag.py:2690} INFO - Sync 1 DAGs
[2023-02-02T01:15:52.115+0000] {logging_mixin.py:137} INFO - [2023-02-02T01:15:52.115+0000] {dag.py:3441} INFO - Setting next_dagrun for example_skip_dag to 2023-02-01T01:15:52.115498+00:00, run_after=2023-02-02T01:15:52.115498+00:00
[2023-02-02T01:15:52.131+0000] {processor.py:175} INFO - Processing /home/airflow/.local/lib/python3.7/site-packages/airflow/example_dags/example_skip_dag.py took 0.064 seconds
[2023-02-02T01:16:22.934+0000] {processor.py:153} INFO - Started process (PID=877) to work on /home/airflow/.local/lib/python3.7/site-packages/airflow/example_dags/example_skip_dag.py
[2023-02-02T01:16:22.934+0000] {processor.py:743} INFO - Processing file /home/airflow/.local/lib/python3.7/site-packages/airflow/example_dags/example_skip_dag.py for tasks to queue
[2023-02-02T01:16:22.935+0000] {logging_mixin.py:137} INFO - [2023-02-02T01:16:22.935+0000] {dagbag.py:538} INFO - Filling up the DagBag from /home/airflow/.local/lib/python3.7/site-packages/airflow/example_dags/example_skip_dag.py
[2023-02-02T01:16:22.945+0000] {processor.py:753} INFO - DAG(s) dict_keys(['example_skip_dag']) retrieved from /home/airflow/.local/lib/python3.7/site-packages/airflow/example_dags/example_skip_dag.py
[2023-02-02T01:16:22.962+0000] {logging_mixin.py:137} INFO - [2023-02-02T01:16:22.962+0000] {dag.py:2690} INFO - Sync 1 DAGs
[2023-02-02T01:16:22.977+0000] {logging_mixin.py:137} INFO - [2023-02-02T01:16:22.977+0000] {dag.py:3441} INFO - Setting next_dagrun for example_skip_dag to 2023-02-01T01:16:22.977609+00:00, run_after=2023-02-02T01:16:22.977609+00:00
[2023-02-02T01:16:22.989+0000] {processor.py:175} INFO - Processing /home/airflow/.local/lib/python3.7/site-packages/airflow/example_dags/example_skip_dag.py took 0.057 seconds
[2023-02-02T01:16:53.858+0000] {processor.py:153} INFO - Started process (PID=964) to work on /home/airflow/.local/lib/python3.7/site-packages/airflow/example_dags/example_skip_dag.py
[2023-02-02T01:16:53.858+0000] {processor.py:743} INFO - Processing file /home/airflow/.local/lib/python3.7/site-packages/airflow/example_dags/example_skip_dag.py for tasks to queue
[2023-02-02T01:16:53.858+0000] {logging_mixin.py:137} INFO - [2023-02-02T01:16:53.858+0000] {dagbag.py:538} INFO - Filling up the DagBag from /home/airflow/.local/lib/python3.7/site-packages/airflow/example_dags/example_skip_dag.py
[2023-02-02T01:16:53.868+0000] {processor.py:753} INFO - DAG(s) dict_keys(['example_skip_dag']) retrieved from /home/airflow/.local/lib/python3.7/site-packages/airflow/example_dags/example_skip_dag.py
[2023-02-02T01:16:53.885+0000] {logging_mixin.py:137} INFO - [2023-02-02T01:16:53.885+0000] {dag.py:2690} INFO - Sync 1 DAGs
[2023-02-02T01:16:53.904+0000] {logging_mixin.py:137} INFO - [2023-02-02T01:16:53.904+0000] {dag.py:3441} INFO - Setting next_dagrun for example_skip_dag to 2023-02-01T01:16:53.904031+00:00, run_after=2023-02-02T01:16:53.904031+00:00
[2023-02-02T01:16:53.915+0000] {processor.py:175} INFO - Processing /home/airflow/.local/lib/python3.7/site-packages/airflow/example_dags/example_skip_dag.py took 0.060 seconds
[2023-02-02T01:17:24.527+0000] {processor.py:153} INFO - Started process (PID=1044) to work on /home/airflow/.local/lib/python3.7/site-packages/airflow/example_dags/example_skip_dag.py
[2023-02-02T01:17:24.527+0000] {processor.py:743} INFO - Processing file /home/airflow/.local/lib/python3.7/site-packages/airflow/example_dags/example_skip_dag.py for tasks to queue
[2023-02-02T01:17:24.528+0000] {logging_mixin.py:137} INFO - [2023-02-02T01:17:24.528+0000] {dagbag.py:538} INFO - Filling up the DagBag from /home/airflow/.local/lib/python3.7/site-packages/airflow/example_dags/example_skip_dag.py
[2023-02-02T01:17:24.537+0000] {processor.py:753} INFO - DAG(s) dict_keys(['example_skip_dag']) retrieved from /home/airflow/.local/lib/python3.7/site-packages/airflow/example_dags/example_skip_dag.py
[2023-02-02T01:17:24.553+0000] {logging_mixin.py:137} INFO - [2023-02-02T01:17:24.553+0000] {dag.py:2690} INFO - Sync 1 DAGs
[2023-02-02T01:17:24.575+0000] {logging_mixin.py:137} INFO - [2023-02-02T01:17:24.575+0000] {dag.py:3441} INFO - Setting next_dagrun for example_skip_dag to 2023-02-01T01:17:24.575100+00:00, run_after=2023-02-02T01:17:24.575100+00:00
[2023-02-02T01:17:24.588+0000] {processor.py:175} INFO - Processing /home/airflow/.local/lib/python3.7/site-packages/airflow/example_dags/example_skip_dag.py took 0.063 seconds
[2023-02-02T01:17:55.510+0000] {processor.py:153} INFO - Started process (PID=1122) to work on /home/airflow/.local/lib/python3.7/site-packages/airflow/example_dags/example_skip_dag.py
[2023-02-02T01:17:55.510+0000] {processor.py:743} INFO - Processing file /home/airflow/.local/lib/python3.7/site-packages/airflow/example_dags/example_skip_dag.py for tasks to queue
[2023-02-02T01:17:55.511+0000] {logging_mixin.py:137} INFO - [2023-02-02T01:17:55.511+0000] {dagbag.py:538} INFO - Filling up the DagBag from /home/airflow/.local/lib/python3.7/site-packages/airflow/example_dags/example_skip_dag.py
[2023-02-02T01:17:55.520+0000] {processor.py:753} INFO - DAG(s) dict_keys(['example_skip_dag']) retrieved from /home/airflow/.local/lib/python3.7/site-packages/airflow/example_dags/example_skip_dag.py
[2023-02-02T01:17:55.535+0000] {logging_mixin.py:137} INFO - [2023-02-02T01:17:55.535+0000] {dag.py:2690} INFO - Sync 1 DAGs
[2023-02-02T01:17:55.553+0000] {logging_mixin.py:137} INFO - [2023-02-02T01:17:55.553+0000] {dag.py:3441} INFO - Setting next_dagrun for example_skip_dag to 2023-02-01T01:17:55.553122+00:00, run_after=2023-02-02T01:17:55.553122+00:00
[2023-02-02T01:17:55.566+0000] {processor.py:175} INFO - Processing /home/airflow/.local/lib/python3.7/site-packages/airflow/example_dags/example_skip_dag.py took 0.059 seconds
[2023-02-02T01:18:26.244+0000] {processor.py:153} INFO - Started process (PID=1209) to work on /home/airflow/.local/lib/python3.7/site-packages/airflow/example_dags/example_skip_dag.py
[2023-02-02T01:18:26.244+0000] {processor.py:743} INFO - Processing file /home/airflow/.local/lib/python3.7/site-packages/airflow/example_dags/example_skip_dag.py for tasks to queue
[2023-02-02T01:18:26.245+0000] {logging_mixin.py:137} INFO - [2023-02-02T01:18:26.245+0000] {dagbag.py:538} INFO - Filling up the DagBag from /home/airflow/.local/lib/python3.7/site-packages/airflow/example_dags/example_skip_dag.py
[2023-02-02T01:18:26.256+0000] {processor.py:753} INFO - DAG(s) dict_keys(['example_skip_dag']) retrieved from /home/airflow/.local/lib/python3.7/site-packages/airflow/example_dags/example_skip_dag.py
[2023-02-02T01:18:26.272+0000] {logging_mixin.py:137} INFO - [2023-02-02T01:18:26.272+0000] {dag.py:2690} INFO - Sync 1 DAGs
[2023-02-02T01:18:26.288+0000] {logging_mixin.py:137} INFO - [2023-02-02T01:18:26.288+0000] {dag.py:3441} INFO - Setting next_dagrun for example_skip_dag to 2023-02-01T01:18:26.288676+00:00, run_after=2023-02-02T01:18:26.288676+00:00
[2023-02-02T01:18:26.301+0000] {processor.py:175} INFO - Processing /home/airflow/.local/lib/python3.7/site-packages/airflow/example_dags/example_skip_dag.py took 0.060 seconds
[2023-02-02T01:18:57.132+0000] {processor.py:153} INFO - Started process (PID=1296) to work on /home/airflow/.local/lib/python3.7/site-packages/airflow/example_dags/example_skip_dag.py
[2023-02-02T01:18:57.133+0000] {processor.py:743} INFO - Processing file /home/airflow/.local/lib/python3.7/site-packages/airflow/example_dags/example_skip_dag.py for tasks to queue
[2023-02-02T01:18:57.134+0000] {logging_mixin.py:137} INFO - [2023-02-02T01:18:57.134+0000] {dagbag.py:538} INFO - Filling up the DagBag from /home/airflow/.local/lib/python3.7/site-packages/airflow/example_dags/example_skip_dag.py
[2023-02-02T01:18:57.143+0000] {processor.py:753} INFO - DAG(s) dict_keys(['example_skip_dag']) retrieved from /home/airflow/.local/lib/python3.7/site-packages/airflow/example_dags/example_skip_dag.py
[2023-02-02T01:18:57.158+0000] {logging_mixin.py:137} INFO - [2023-02-02T01:18:57.158+0000] {dag.py:2690} INFO - Sync 1 DAGs
[2023-02-02T01:18:57.179+0000] {logging_mixin.py:137} INFO - [2023-02-02T01:18:57.178+0000] {dag.py:3441} INFO - Setting next_dagrun for example_skip_dag to 2023-02-01T01:18:57.178749+00:00, run_after=2023-02-02T01:18:57.178749+00:00
[2023-02-02T01:18:57.194+0000] {processor.py:175} INFO - Processing /home/airflow/.local/lib/python3.7/site-packages/airflow/example_dags/example_skip_dag.py took 0.064 seconds
[2023-02-02T01:19:27.886+0000] {processor.py:153} INFO - Started process (PID=1367) to work on /home/airflow/.local/lib/python3.7/site-packages/airflow/example_dags/example_skip_dag.py
[2023-02-02T01:19:27.887+0000] {processor.py:743} INFO - Processing file /home/airflow/.local/lib/python3.7/site-packages/airflow/example_dags/example_skip_dag.py for tasks to queue
[2023-02-02T01:19:27.887+0000] {logging_mixin.py:137} INFO - [2023-02-02T01:19:27.887+0000] {dagbag.py:538} INFO - Filling up the DagBag from /home/airflow/.local/lib/python3.7/site-packages/airflow/example_dags/example_skip_dag.py
[2023-02-02T01:19:27.896+0000] {processor.py:753} INFO - DAG(s) dict_keys(['example_skip_dag']) retrieved from /home/airflow/.local/lib/python3.7/site-packages/airflow/example_dags/example_skip_dag.py
[2023-02-02T01:19:27.913+0000] {logging_mixin.py:137} INFO - [2023-02-02T01:19:27.913+0000] {dag.py:2690} INFO - Sync 1 DAGs
[2023-02-02T01:19:27.928+0000] {logging_mixin.py:137} INFO - [2023-02-02T01:19:27.928+0000] {dag.py:3441} INFO - Setting next_dagrun for example_skip_dag to 2023-02-01T01:19:27.928728+00:00, run_after=2023-02-02T01:19:27.928728+00:00
[2023-02-02T01:19:27.940+0000] {processor.py:175} INFO - Processing /home/airflow/.local/lib/python3.7/site-packages/airflow/example_dags/example_skip_dag.py took 0.056 seconds
[2023-02-02T01:19:58.628+0000] {processor.py:153} INFO - Started process (PID=1454) to work on /home/airflow/.local/lib/python3.7/site-packages/airflow/example_dags/example_skip_dag.py
[2023-02-02T01:19:58.628+0000] {processor.py:743} INFO - Processing file /home/airflow/.local/lib/python3.7/site-packages/airflow/example_dags/example_skip_dag.py for tasks to queue
[2023-02-02T01:19:58.629+0000] {logging_mixin.py:137} INFO - [2023-02-02T01:19:58.629+0000] {dagbag.py:538} INFO - Filling up the DagBag from /home/airflow/.local/lib/python3.7/site-packages/airflow/example_dags/example_skip_dag.py
[2023-02-02T01:19:58.638+0000] {processor.py:753} INFO - DAG(s) dict_keys(['example_skip_dag']) retrieved from /home/airflow/.local/lib/python3.7/site-packages/airflow/example_dags/example_skip_dag.py
[2023-02-02T01:19:58.654+0000] {logging_mixin.py:137} INFO - [2023-02-02T01:19:58.654+0000] {dag.py:2690} INFO - Sync 1 DAGs
[2023-02-02T01:19:58.670+0000] {logging_mixin.py:137} INFO - [2023-02-02T01:19:58.670+0000] {dag.py:3441} INFO - Setting next_dagrun for example_skip_dag to 2023-02-01T01:19:58.670496+00:00, run_after=2023-02-02T01:19:58.670496+00:00
[2023-02-02T01:19:58.682+0000] {processor.py:175} INFO - Processing /home/airflow/.local/lib/python3.7/site-packages/airflow/example_dags/example_skip_dag.py took 0.057 seconds
[2023-02-02T01:20:29.271+0000] {processor.py:153} INFO - Started process (PID=1541) to work on /home/airflow/.local/lib/python3.7/site-packages/airflow/example_dags/example_skip_dag.py
[2023-02-02T01:20:29.271+0000] {processor.py:743} INFO - Processing file /home/airflow/.local/lib/python3.7/site-packages/airflow/example_dags/example_skip_dag.py for tasks to queue
[2023-02-02T01:20:29.272+0000] {logging_mixin.py:137} INFO - [2023-02-02T01:20:29.272+0000] {dagbag.py:538} INFO - Filling up the DagBag from /home/airflow/.local/lib/python3.7/site-packages/airflow/example_dags/example_skip_dag.py
[2023-02-02T01:20:29.282+0000] {processor.py:753} INFO - DAG(s) dict_keys(['example_skip_dag']) retrieved from /home/airflow/.local/lib/python3.7/site-packages/airflow/example_dags/example_skip_dag.py
[2023-02-02T01:20:29.297+0000] {logging_mixin.py:137} INFO - [2023-02-02T01:20:29.297+0000] {dag.py:2690} INFO - Sync 1 DAGs
[2023-02-02T01:20:29.314+0000] {logging_mixin.py:137} INFO - [2023-02-02T01:20:29.314+0000] {dag.py:3441} INFO - Setting next_dagrun for example_skip_dag to 2023-02-01T01:20:29.314009+00:00, run_after=2023-02-02T01:20:29.314009+00:00
[2023-02-02T01:20:29.325+0000] {processor.py:175} INFO - Processing /home/airflow/.local/lib/python3.7/site-packages/airflow/example_dags/example_skip_dag.py took 0.057 seconds
[2023-02-02T01:21:00.101+0000] {processor.py:153} INFO - Started process (PID=1612) to work on /home/airflow/.local/lib/python3.7/site-packages/airflow/example_dags/example_skip_dag.py
[2023-02-02T01:21:00.101+0000] {processor.py:743} INFO - Processing file /home/airflow/.local/lib/python3.7/site-packages/airflow/example_dags/example_skip_dag.py for tasks to queue
[2023-02-02T01:21:00.102+0000] {logging_mixin.py:137} INFO - [2023-02-02T01:21:00.102+0000] {dagbag.py:538} INFO - Filling up the DagBag from /home/airflow/.local/lib/python3.7/site-packages/airflow/example_dags/example_skip_dag.py
[2023-02-02T01:21:00.113+0000] {processor.py:753} INFO - DAG(s) dict_keys(['example_skip_dag']) retrieved from /home/airflow/.local/lib/python3.7/site-packages/airflow/example_dags/example_skip_dag.py
[2023-02-02T01:21:00.131+0000] {logging_mixin.py:137} INFO - [2023-02-02T01:21:00.131+0000] {dag.py:2690} INFO - Sync 1 DAGs
[2023-02-02T01:21:00.151+0000] {logging_mixin.py:137} INFO - [2023-02-02T01:21:00.151+0000] {dag.py:3441} INFO - Setting next_dagrun for example_skip_dag to 2023-02-01T01:21:00.151584+00:00, run_after=2023-02-02T01:21:00.151584+00:00
[2023-02-02T01:21:00.164+0000] {processor.py:175} INFO - Processing /home/airflow/.local/lib/python3.7/site-packages/airflow/example_dags/example_skip_dag.py took 0.065 seconds
[2023-02-02T01:21:30.740+0000] {processor.py:153} INFO - Started process (PID=1699) to work on /home/airflow/.local/lib/python3.7/site-packages/airflow/example_dags/example_skip_dag.py
[2023-02-02T01:21:30.741+0000] {processor.py:743} INFO - Processing file /home/airflow/.local/lib/python3.7/site-packages/airflow/example_dags/example_skip_dag.py for tasks to queue
[2023-02-02T01:21:30.741+0000] {logging_mixin.py:137} INFO - [2023-02-02T01:21:30.741+0000] {dagbag.py:538} INFO - Filling up the DagBag from /home/airflow/.local/lib/python3.7/site-packages/airflow/example_dags/example_skip_dag.py
[2023-02-02T01:21:30.751+0000] {processor.py:753} INFO - DAG(s) dict_keys(['example_skip_dag']) retrieved from /home/airflow/.local/lib/python3.7/site-packages/airflow/example_dags/example_skip_dag.py
[2023-02-02T01:21:30.767+0000] {logging_mixin.py:137} INFO - [2023-02-02T01:21:30.767+0000] {dag.py:2690} INFO - Sync 1 DAGs
[2023-02-02T01:21:30.787+0000] {logging_mixin.py:137} INFO - [2023-02-02T01:21:30.787+0000] {dag.py:3441} INFO - Setting next_dagrun for example_skip_dag to 2023-02-01T01:21:30.787182+00:00, run_after=2023-02-02T01:21:30.787182+00:00
[2023-02-02T01:21:30.798+0000] {processor.py:175} INFO - Processing /home/airflow/.local/lib/python3.7/site-packages/airflow/example_dags/example_skip_dag.py took 0.060 seconds
[2023-02-02T01:22:01.450+0000] {processor.py:153} INFO - Started process (PID=1786) to work on /home/airflow/.local/lib/python3.7/site-packages/airflow/example_dags/example_skip_dag.py
[2023-02-02T01:22:01.451+0000] {processor.py:743} INFO - Processing file /home/airflow/.local/lib/python3.7/site-packages/airflow/example_dags/example_skip_dag.py for tasks to queue
[2023-02-02T01:22:01.452+0000] {logging_mixin.py:137} INFO - [2023-02-02T01:22:01.451+0000] {dagbag.py:538} INFO - Filling up the DagBag from /home/airflow/.local/lib/python3.7/site-packages/airflow/example_dags/example_skip_dag.py
[2023-02-02T01:22:01.461+0000] {processor.py:753} INFO - DAG(s) dict_keys(['example_skip_dag']) retrieved from /home/airflow/.local/lib/python3.7/site-packages/airflow/example_dags/example_skip_dag.py
[2023-02-02T01:22:01.476+0000] {logging_mixin.py:137} INFO - [2023-02-02T01:22:01.476+0000] {dag.py:2690} INFO - Sync 1 DAGs
[2023-02-02T01:22:01.491+0000] {logging_mixin.py:137} INFO - [2023-02-02T01:22:01.491+0000] {dag.py:3441} INFO - Setting next_dagrun for example_skip_dag to 2023-02-01T01:22:01.491669+00:00, run_after=2023-02-02T01:22:01.491669+00:00
[2023-02-02T01:22:01.503+0000] {processor.py:175} INFO - Processing /home/airflow/.local/lib/python3.7/site-packages/airflow/example_dags/example_skip_dag.py took 0.055 seconds
[2023-02-02T01:22:32.153+0000] {processor.py:153} INFO - Started process (PID=1857) to work on /home/airflow/.local/lib/python3.7/site-packages/airflow/example_dags/example_skip_dag.py
[2023-02-02T01:22:32.154+0000] {processor.py:743} INFO - Processing file /home/airflow/.local/lib/python3.7/site-packages/airflow/example_dags/example_skip_dag.py for tasks to queue
[2023-02-02T01:22:32.154+0000] {logging_mixin.py:137} INFO - [2023-02-02T01:22:32.154+0000] {dagbag.py:538} INFO - Filling up the DagBag from /home/airflow/.local/lib/python3.7/site-packages/airflow/example_dags/example_skip_dag.py
[2023-02-02T01:22:32.164+0000] {processor.py:753} INFO - DAG(s) dict_keys(['example_skip_dag']) retrieved from /home/airflow/.local/lib/python3.7/site-packages/airflow/example_dags/example_skip_dag.py
[2023-02-02T01:22:32.181+0000] {logging_mixin.py:137} INFO - [2023-02-02T01:22:32.181+0000] {dag.py:2690} INFO - Sync 1 DAGs
[2023-02-02T01:22:32.204+0000] {logging_mixin.py:137} INFO - [2023-02-02T01:22:32.204+0000] {dag.py:3441} INFO - Setting next_dagrun for example_skip_dag to 2023-02-01T01:22:32.204183+00:00, run_after=2023-02-02T01:22:32.204183+00:00
[2023-02-02T01:22:32.219+0000] {processor.py:175} INFO - Processing /home/airflow/.local/lib/python3.7/site-packages/airflow/example_dags/example_skip_dag.py took 0.068 seconds
[2023-02-02T01:23:03.052+0000] {processor.py:153} INFO - Started process (PID=1944) to work on /home/airflow/.local/lib/python3.7/site-packages/airflow/example_dags/example_skip_dag.py
[2023-02-02T01:23:03.053+0000] {processor.py:743} INFO - Processing file /home/airflow/.local/lib/python3.7/site-packages/airflow/example_dags/example_skip_dag.py for tasks to queue
[2023-02-02T01:23:03.054+0000] {logging_mixin.py:137} INFO - [2023-02-02T01:23:03.053+0000] {dagbag.py:538} INFO - Filling up the DagBag from /home/airflow/.local/lib/python3.7/site-packages/airflow/example_dags/example_skip_dag.py
[2023-02-02T01:23:03.063+0000] {processor.py:753} INFO - DAG(s) dict_keys(['example_skip_dag']) retrieved from /home/airflow/.local/lib/python3.7/site-packages/airflow/example_dags/example_skip_dag.py
[2023-02-02T01:23:03.079+0000] {logging_mixin.py:137} INFO - [2023-02-02T01:23:03.079+0000] {dag.py:2690} INFO - Sync 1 DAGs
[2023-02-02T01:23:03.095+0000] {logging_mixin.py:137} INFO - [2023-02-02T01:23:03.095+0000] {dag.py:3441} INFO - Setting next_dagrun for example_skip_dag to 2023-02-01T01:23:03.094989+00:00, run_after=2023-02-02T01:23:03.094989+00:00
[2023-02-02T01:23:03.107+0000] {processor.py:175} INFO - Processing /home/airflow/.local/lib/python3.7/site-packages/airflow/example_dags/example_skip_dag.py took 0.057 seconds
[2023-02-02T01:23:33.773+0000] {processor.py:153} INFO - Started process (PID=2031) to work on /home/airflow/.local/lib/python3.7/site-packages/airflow/example_dags/example_skip_dag.py
[2023-02-02T01:23:33.773+0000] {processor.py:743} INFO - Processing file /home/airflow/.local/lib/python3.7/site-packages/airflow/example_dags/example_skip_dag.py for tasks to queue
[2023-02-02T01:23:33.774+0000] {logging_mixin.py:137} INFO - [2023-02-02T01:23:33.774+0000] {dagbag.py:538} INFO - Filling up the DagBag from /home/airflow/.local/lib/python3.7/site-packages/airflow/example_dags/example_skip_dag.py
[2023-02-02T01:23:33.783+0000] {processor.py:753} INFO - DAG(s) dict_keys(['example_skip_dag']) retrieved from /home/airflow/.local/lib/python3.7/site-packages/airflow/example_dags/example_skip_dag.py
[2023-02-02T01:23:33.801+0000] {logging_mixin.py:137} INFO - [2023-02-02T01:23:33.801+0000] {dag.py:2690} INFO - Sync 1 DAGs
[2023-02-02T01:23:33.819+0000] {logging_mixin.py:137} INFO - [2023-02-02T01:23:33.819+0000] {dag.py:3441} INFO - Setting next_dagrun for example_skip_dag to 2023-02-01T01:23:33.819742+00:00, run_after=2023-02-02T01:23:33.819742+00:00
[2023-02-02T01:23:33.831+0000] {processor.py:175} INFO - Processing /home/airflow/.local/lib/python3.7/site-packages/airflow/example_dags/example_skip_dag.py took 0.060 seconds
[2023-02-02T01:24:04.576+0000] {processor.py:153} INFO - Started process (PID=2111) to work on /home/airflow/.local/lib/python3.7/site-packages/airflow/example_dags/example_skip_dag.py
[2023-02-02T01:24:04.577+0000] {processor.py:743} INFO - Processing file /home/airflow/.local/lib/python3.7/site-packages/airflow/example_dags/example_skip_dag.py for tasks to queue
[2023-02-02T01:24:04.578+0000] {logging_mixin.py:137} INFO - [2023-02-02T01:24:04.578+0000] {dagbag.py:538} INFO - Filling up the DagBag from /home/airflow/.local/lib/python3.7/site-packages/airflow/example_dags/example_skip_dag.py
[2023-02-02T01:24:04.592+0000] {processor.py:753} INFO - DAG(s) dict_keys(['example_skip_dag']) retrieved from /home/airflow/.local/lib/python3.7/site-packages/airflow/example_dags/example_skip_dag.py
[2023-02-02T01:24:04.614+0000] {logging_mixin.py:137} INFO - [2023-02-02T01:24:04.614+0000] {dag.py:2690} INFO - Sync 1 DAGs
[2023-02-02T01:24:04.636+0000] {logging_mixin.py:137} INFO - [2023-02-02T01:24:04.636+0000] {dag.py:3441} INFO - Setting next_dagrun for example_skip_dag to 2023-02-01T01:24:04.636080+00:00, run_after=2023-02-02T01:24:04.636080+00:00
[2023-02-02T01:24:04.647+0000] {processor.py:175} INFO - Processing /home/airflow/.local/lib/python3.7/site-packages/airflow/example_dags/example_skip_dag.py took 0.074 seconds
[2023-02-02T01:24:35.382+0000] {processor.py:153} INFO - Started process (PID=2189) to work on /home/airflow/.local/lib/python3.7/site-packages/airflow/example_dags/example_skip_dag.py
[2023-02-02T01:24:35.383+0000] {processor.py:743} INFO - Processing file /home/airflow/.local/lib/python3.7/site-packages/airflow/example_dags/example_skip_dag.py for tasks to queue
[2023-02-02T01:24:35.383+0000] {logging_mixin.py:137} INFO - [2023-02-02T01:24:35.383+0000] {dagbag.py:538} INFO - Filling up the DagBag from /home/airflow/.local/lib/python3.7/site-packages/airflow/example_dags/example_skip_dag.py
[2023-02-02T01:24:35.393+0000] {processor.py:753} INFO - DAG(s) dict_keys(['example_skip_dag']) retrieved from /home/airflow/.local/lib/python3.7/site-packages/airflow/example_dags/example_skip_dag.py
[2023-02-02T01:24:35.411+0000] {logging_mixin.py:137} INFO - [2023-02-02T01:24:35.411+0000] {dag.py:2690} INFO - Sync 1 DAGs
[2023-02-02T01:24:35.429+0000] {logging_mixin.py:137} INFO - [2023-02-02T01:24:35.429+0000] {dag.py:3441} INFO - Setting next_dagrun for example_skip_dag to 2023-02-01T01:24:35.429503+00:00, run_after=2023-02-02T01:24:35.429503+00:00
[2023-02-02T01:24:35.444+0000] {processor.py:175} INFO - Processing /home/airflow/.local/lib/python3.7/site-packages/airflow/example_dags/example_skip_dag.py took 0.064 seconds
[2023-02-02T01:25:06.092+0000] {processor.py:153} INFO - Started process (PID=2276) to work on /home/airflow/.local/lib/python3.7/site-packages/airflow/example_dags/example_skip_dag.py
[2023-02-02T01:25:06.093+0000] {processor.py:743} INFO - Processing file /home/airflow/.local/lib/python3.7/site-packages/airflow/example_dags/example_skip_dag.py for tasks to queue
[2023-02-02T01:25:06.093+0000] {logging_mixin.py:137} INFO - [2023-02-02T01:25:06.093+0000] {dagbag.py:538} INFO - Filling up the DagBag from /home/airflow/.local/lib/python3.7/site-packages/airflow/example_dags/example_skip_dag.py
[2023-02-02T01:25:06.102+0000] {processor.py:753} INFO - DAG(s) dict_keys(['example_skip_dag']) retrieved from /home/airflow/.local/lib/python3.7/site-packages/airflow/example_dags/example_skip_dag.py
[2023-02-02T01:25:06.117+0000] {logging_mixin.py:137} INFO - [2023-02-02T01:25:06.117+0000] {dag.py:2690} INFO - Sync 1 DAGs
[2023-02-02T01:25:06.133+0000] {logging_mixin.py:137} INFO - [2023-02-02T01:25:06.133+0000] {dag.py:3441} INFO - Setting next_dagrun for example_skip_dag to 2023-02-01T01:25:06.133524+00:00, run_after=2023-02-02T01:25:06.133524+00:00
[2023-02-02T01:25:06.145+0000] {processor.py:175} INFO - Processing /home/airflow/.local/lib/python3.7/site-packages/airflow/example_dags/example_skip_dag.py took 0.055 seconds
