[2023-02-02T01:11:15.693+0000] {processor.py:153} INFO - Started process (PID=67) to work on /home/airflow/.local/lib/python3.7/site-packages/airflow/example_dags/example_task_group.py
[2023-02-02T01:11:15.693+0000] {processor.py:743} INFO - Processing file /home/airflow/.local/lib/python3.7/site-packages/airflow/example_dags/example_task_group.py for tasks to queue
[2023-02-02T01:11:15.694+0000] {logging_mixin.py:137} INFO - [2023-02-02T01:11:15.694+0000] {dagbag.py:538} INFO - Filling up the DagBag from /home/airflow/.local/lib/python3.7/site-packages/airflow/example_dags/example_task_group.py
[2023-02-02T01:11:15.706+0000] {processor.py:753} INFO - DAG(s) dict_keys(['example_task_group']) retrieved from /home/airflow/.local/lib/python3.7/site-packages/airflow/example_dags/example_task_group.py
[2023-02-02T01:11:15.715+0000] {logging_mixin.py:137} INFO - [2023-02-02T01:11:15.715+0000] {dag.py:2690} INFO - Sync 1 DAGs
[2023-02-02T01:11:15.732+0000] {logging_mixin.py:137} INFO - [2023-02-02T01:11:15.732+0000] {dag.py:3441} INFO - Setting next_dagrun for example_task_group to 2023-02-01T01:11:15.732717+00:00, run_after=2023-02-02T01:11:15.732717+00:00
[2023-02-02T01:11:15.749+0000] {processor.py:175} INFO - Processing /home/airflow/.local/lib/python3.7/site-packages/airflow/example_dags/example_task_group.py took 0.059 seconds
[2023-02-02T01:11:46.526+0000] {processor.py:153} INFO - Started process (PID=154) to work on /home/airflow/.local/lib/python3.7/site-packages/airflow/example_dags/example_task_group.py
[2023-02-02T01:11:46.527+0000] {processor.py:743} INFO - Processing file /home/airflow/.local/lib/python3.7/site-packages/airflow/example_dags/example_task_group.py for tasks to queue
[2023-02-02T01:11:46.527+0000] {logging_mixin.py:137} INFO - [2023-02-02T01:11:46.527+0000] {dagbag.py:538} INFO - Filling up the DagBag from /home/airflow/.local/lib/python3.7/site-packages/airflow/example_dags/example_task_group.py
[2023-02-02T01:11:46.541+0000] {processor.py:753} INFO - DAG(s) dict_keys(['example_task_group']) retrieved from /home/airflow/.local/lib/python3.7/site-packages/airflow/example_dags/example_task_group.py
[2023-02-02T01:11:46.561+0000] {logging_mixin.py:137} INFO - [2023-02-02T01:11:46.560+0000] {dag.py:2690} INFO - Sync 1 DAGs
[2023-02-02T01:11:46.581+0000] {logging_mixin.py:137} INFO - [2023-02-02T01:11:46.581+0000] {dag.py:3441} INFO - Setting next_dagrun for example_task_group to 2023-02-01T01:11:46.581260+00:00, run_after=2023-02-02T01:11:46.581260+00:00
[2023-02-02T01:11:46.597+0000] {processor.py:175} INFO - Processing /home/airflow/.local/lib/python3.7/site-packages/airflow/example_dags/example_task_group.py took 0.073 seconds
[2023-02-02T01:12:17.355+0000] {processor.py:153} INFO - Started process (PID=241) to work on /home/airflow/.local/lib/python3.7/site-packages/airflow/example_dags/example_task_group.py
[2023-02-02T01:12:17.356+0000] {processor.py:743} INFO - Processing file /home/airflow/.local/lib/python3.7/site-packages/airflow/example_dags/example_task_group.py for tasks to queue
[2023-02-02T01:12:17.357+0000] {logging_mixin.py:137} INFO - [2023-02-02T01:12:17.356+0000] {dagbag.py:538} INFO - Filling up the DagBag from /home/airflow/.local/lib/python3.7/site-packages/airflow/example_dags/example_task_group.py
[2023-02-02T01:12:17.367+0000] {processor.py:753} INFO - DAG(s) dict_keys(['example_task_group']) retrieved from /home/airflow/.local/lib/python3.7/site-packages/airflow/example_dags/example_task_group.py
[2023-02-02T01:12:17.382+0000] {logging_mixin.py:137} INFO - [2023-02-02T01:12:17.382+0000] {dag.py:2690} INFO - Sync 1 DAGs
[2023-02-02T01:12:17.398+0000] {logging_mixin.py:137} INFO - [2023-02-02T01:12:17.398+0000] {dag.py:3441} INFO - Setting next_dagrun for example_task_group to 2023-02-01T01:12:17.398245+00:00, run_after=2023-02-02T01:12:17.398245+00:00
[2023-02-02T01:12:17.409+0000] {processor.py:175} INFO - Processing /home/airflow/.local/lib/python3.7/site-packages/airflow/example_dags/example_task_group.py took 0.056 seconds
[2023-02-02T01:12:48.163+0000] {processor.py:153} INFO - Started process (PID=312) to work on /home/airflow/.local/lib/python3.7/site-packages/airflow/example_dags/example_task_group.py
[2023-02-02T01:12:48.164+0000] {processor.py:743} INFO - Processing file /home/airflow/.local/lib/python3.7/site-packages/airflow/example_dags/example_task_group.py for tasks to queue
[2023-02-02T01:12:48.164+0000] {logging_mixin.py:137} INFO - [2023-02-02T01:12:48.164+0000] {dagbag.py:538} INFO - Filling up the DagBag from /home/airflow/.local/lib/python3.7/site-packages/airflow/example_dags/example_task_group.py
[2023-02-02T01:12:48.176+0000] {processor.py:753} INFO - DAG(s) dict_keys(['example_task_group']) retrieved from /home/airflow/.local/lib/python3.7/site-packages/airflow/example_dags/example_task_group.py
[2023-02-02T01:12:48.198+0000] {logging_mixin.py:137} INFO - [2023-02-02T01:12:48.198+0000] {dag.py:2690} INFO - Sync 1 DAGs
[2023-02-02T01:12:48.217+0000] {logging_mixin.py:137} INFO - [2023-02-02T01:12:48.217+0000] {dag.py:3441} INFO - Setting next_dagrun for example_task_group to 2023-02-01T01:12:48.217223+00:00, run_after=2023-02-02T01:12:48.217223+00:00
[2023-02-02T01:12:48.233+0000] {processor.py:175} INFO - Processing /home/airflow/.local/lib/python3.7/site-packages/airflow/example_dags/example_task_group.py took 0.072 seconds
[2023-02-02T01:13:18.890+0000] {processor.py:153} INFO - Started process (PID=399) to work on /home/airflow/.local/lib/python3.7/site-packages/airflow/example_dags/example_task_group.py
[2023-02-02T01:13:18.890+0000] {processor.py:743} INFO - Processing file /home/airflow/.local/lib/python3.7/site-packages/airflow/example_dags/example_task_group.py for tasks to queue
[2023-02-02T01:13:18.891+0000] {logging_mixin.py:137} INFO - [2023-02-02T01:13:18.891+0000] {dagbag.py:538} INFO - Filling up the DagBag from /home/airflow/.local/lib/python3.7/site-packages/airflow/example_dags/example_task_group.py
[2023-02-02T01:13:18.902+0000] {processor.py:753} INFO - DAG(s) dict_keys(['example_task_group']) retrieved from /home/airflow/.local/lib/python3.7/site-packages/airflow/example_dags/example_task_group.py
[2023-02-02T01:13:18.917+0000] {logging_mixin.py:137} INFO - [2023-02-02T01:13:18.917+0000] {dag.py:2690} INFO - Sync 1 DAGs
[2023-02-02T01:13:18.933+0000] {logging_mixin.py:137} INFO - [2023-02-02T01:13:18.933+0000] {dag.py:3441} INFO - Setting next_dagrun for example_task_group to 2023-02-01T01:13:18.933462+00:00, run_after=2023-02-02T01:13:18.933462+00:00
[2023-02-02T01:13:18.955+0000] {processor.py:175} INFO - Processing /home/airflow/.local/lib/python3.7/site-packages/airflow/example_dags/example_task_group.py took 0.067 seconds
[2023-02-02T01:13:49.637+0000] {processor.py:153} INFO - Started process (PID=486) to work on /home/airflow/.local/lib/python3.7/site-packages/airflow/example_dags/example_task_group.py
[2023-02-02T01:13:49.638+0000] {processor.py:743} INFO - Processing file /home/airflow/.local/lib/python3.7/site-packages/airflow/example_dags/example_task_group.py for tasks to queue
[2023-02-02T01:13:49.638+0000] {logging_mixin.py:137} INFO - [2023-02-02T01:13:49.638+0000] {dagbag.py:538} INFO - Filling up the DagBag from /home/airflow/.local/lib/python3.7/site-packages/airflow/example_dags/example_task_group.py
[2023-02-02T01:13:49.651+0000] {processor.py:753} INFO - DAG(s) dict_keys(['example_task_group']) retrieved from /home/airflow/.local/lib/python3.7/site-packages/airflow/example_dags/example_task_group.py
[2023-02-02T01:13:49.669+0000] {logging_mixin.py:137} INFO - [2023-02-02T01:13:49.669+0000] {dag.py:2690} INFO - Sync 1 DAGs
[2023-02-02T01:13:49.686+0000] {logging_mixin.py:137} INFO - [2023-02-02T01:13:49.686+0000] {dag.py:3441} INFO - Setting next_dagrun for example_task_group to 2023-02-01T01:13:49.686630+00:00, run_after=2023-02-02T01:13:49.686630+00:00
[2023-02-02T01:13:49.698+0000] {processor.py:175} INFO - Processing /home/airflow/.local/lib/python3.7/site-packages/airflow/example_dags/example_task_group.py took 0.064 seconds
[2023-02-02T01:14:20.370+0000] {processor.py:153} INFO - Started process (PID=557) to work on /home/airflow/.local/lib/python3.7/site-packages/airflow/example_dags/example_task_group.py
[2023-02-02T01:14:20.371+0000] {processor.py:743} INFO - Processing file /home/airflow/.local/lib/python3.7/site-packages/airflow/example_dags/example_task_group.py for tasks to queue
[2023-02-02T01:14:20.371+0000] {logging_mixin.py:137} INFO - [2023-02-02T01:14:20.371+0000] {dagbag.py:538} INFO - Filling up the DagBag from /home/airflow/.local/lib/python3.7/site-packages/airflow/example_dags/example_task_group.py
[2023-02-02T01:14:20.384+0000] {processor.py:753} INFO - DAG(s) dict_keys(['example_task_group']) retrieved from /home/airflow/.local/lib/python3.7/site-packages/airflow/example_dags/example_task_group.py
[2023-02-02T01:14:20.404+0000] {logging_mixin.py:137} INFO - [2023-02-02T01:14:20.404+0000] {dag.py:2690} INFO - Sync 1 DAGs
[2023-02-02T01:14:20.424+0000] {logging_mixin.py:137} INFO - [2023-02-02T01:14:20.424+0000] {dag.py:3441} INFO - Setting next_dagrun for example_task_group to 2023-02-01T01:14:20.424084+00:00, run_after=2023-02-02T01:14:20.424084+00:00
[2023-02-02T01:14:20.437+0000] {processor.py:175} INFO - Processing /home/airflow/.local/lib/python3.7/site-packages/airflow/example_dags/example_task_group.py took 0.070 seconds
[2023-02-02T01:14:51.069+0000] {processor.py:153} INFO - Started process (PID=644) to work on /home/airflow/.local/lib/python3.7/site-packages/airflow/example_dags/example_task_group.py
[2023-02-02T01:14:51.069+0000] {processor.py:743} INFO - Processing file /home/airflow/.local/lib/python3.7/site-packages/airflow/example_dags/example_task_group.py for tasks to queue
[2023-02-02T01:14:51.070+0000] {logging_mixin.py:137} INFO - [2023-02-02T01:14:51.070+0000] {dagbag.py:538} INFO - Filling up the DagBag from /home/airflow/.local/lib/python3.7/site-packages/airflow/example_dags/example_task_group.py
[2023-02-02T01:14:51.084+0000] {processor.py:753} INFO - DAG(s) dict_keys(['example_task_group']) retrieved from /home/airflow/.local/lib/python3.7/site-packages/airflow/example_dags/example_task_group.py
[2023-02-02T01:14:51.105+0000] {logging_mixin.py:137} INFO - [2023-02-02T01:14:51.105+0000] {dag.py:2690} INFO - Sync 1 DAGs
[2023-02-02T01:14:51.127+0000] {logging_mixin.py:137} INFO - [2023-02-02T01:14:51.127+0000] {dag.py:3441} INFO - Setting next_dagrun for example_task_group to 2023-02-01T01:14:51.127309+00:00, run_after=2023-02-02T01:14:51.127309+00:00
[2023-02-02T01:14:51.142+0000] {processor.py:175} INFO - Processing /home/airflow/.local/lib/python3.7/site-packages/airflow/example_dags/example_task_group.py took 0.077 seconds
[2023-02-02T01:15:21.852+0000] {processor.py:153} INFO - Started process (PID=731) to work on /home/airflow/.local/lib/python3.7/site-packages/airflow/example_dags/example_task_group.py
[2023-02-02T01:15:21.853+0000] {processor.py:743} INFO - Processing file /home/airflow/.local/lib/python3.7/site-packages/airflow/example_dags/example_task_group.py for tasks to queue
[2023-02-02T01:15:21.853+0000] {logging_mixin.py:137} INFO - [2023-02-02T01:15:21.853+0000] {dagbag.py:538} INFO - Filling up the DagBag from /home/airflow/.local/lib/python3.7/site-packages/airflow/example_dags/example_task_group.py
[2023-02-02T01:15:21.864+0000] {processor.py:753} INFO - DAG(s) dict_keys(['example_task_group']) retrieved from /home/airflow/.local/lib/python3.7/site-packages/airflow/example_dags/example_task_group.py
[2023-02-02T01:15:21.885+0000] {logging_mixin.py:137} INFO - [2023-02-02T01:15:21.885+0000] {dag.py:2690} INFO - Sync 1 DAGs
[2023-02-02T01:15:21.901+0000] {logging_mixin.py:137} INFO - [2023-02-02T01:15:21.901+0000] {dag.py:3441} INFO - Setting next_dagrun for example_task_group to 2023-02-01T01:15:21.900880+00:00, run_after=2023-02-02T01:15:21.900880+00:00
[2023-02-02T01:15:21.913+0000] {processor.py:175} INFO - Processing /home/airflow/.local/lib/python3.7/site-packages/airflow/example_dags/example_task_group.py took 0.063 seconds
[2023-02-02T01:15:52.635+0000] {processor.py:153} INFO - Started process (PID=809) to work on /home/airflow/.local/lib/python3.7/site-packages/airflow/example_dags/example_task_group.py
[2023-02-02T01:15:52.635+0000] {processor.py:743} INFO - Processing file /home/airflow/.local/lib/python3.7/site-packages/airflow/example_dags/example_task_group.py for tasks to queue
[2023-02-02T01:15:52.636+0000] {logging_mixin.py:137} INFO - [2023-02-02T01:15:52.636+0000] {dagbag.py:538} INFO - Filling up the DagBag from /home/airflow/.local/lib/python3.7/site-packages/airflow/example_dags/example_task_group.py
[2023-02-02T01:15:52.650+0000] {processor.py:753} INFO - DAG(s) dict_keys(['example_task_group']) retrieved from /home/airflow/.local/lib/python3.7/site-packages/airflow/example_dags/example_task_group.py
[2023-02-02T01:15:52.669+0000] {logging_mixin.py:137} INFO - [2023-02-02T01:15:52.669+0000] {dag.py:2690} INFO - Sync 1 DAGs
[2023-02-02T01:15:52.686+0000] {logging_mixin.py:137} INFO - [2023-02-02T01:15:52.686+0000] {dag.py:3441} INFO - Setting next_dagrun for example_task_group to 2023-02-01T01:15:52.686222+00:00, run_after=2023-02-02T01:15:52.686222+00:00
[2023-02-02T01:15:52.699+0000] {processor.py:175} INFO - Processing /home/airflow/.local/lib/python3.7/site-packages/airflow/example_dags/example_task_group.py took 0.068 seconds
[2023-02-02T01:16:23.510+0000] {processor.py:153} INFO - Started process (PID=889) to work on /home/airflow/.local/lib/python3.7/site-packages/airflow/example_dags/example_task_group.py
[2023-02-02T01:16:23.511+0000] {processor.py:743} INFO - Processing file /home/airflow/.local/lib/python3.7/site-packages/airflow/example_dags/example_task_group.py for tasks to queue
[2023-02-02T01:16:23.511+0000] {logging_mixin.py:137} INFO - [2023-02-02T01:16:23.511+0000] {dagbag.py:538} INFO - Filling up the DagBag from /home/airflow/.local/lib/python3.7/site-packages/airflow/example_dags/example_task_group.py
[2023-02-02T01:16:23.524+0000] {processor.py:753} INFO - DAG(s) dict_keys(['example_task_group']) retrieved from /home/airflow/.local/lib/python3.7/site-packages/airflow/example_dags/example_task_group.py
[2023-02-02T01:16:23.543+0000] {logging_mixin.py:137} INFO - [2023-02-02T01:16:23.543+0000] {dag.py:2690} INFO - Sync 1 DAGs
[2023-02-02T01:16:23.559+0000] {logging_mixin.py:137} INFO - [2023-02-02T01:16:23.559+0000] {dag.py:3441} INFO - Setting next_dagrun for example_task_group to 2023-02-01T01:16:23.559096+00:00, run_after=2023-02-02T01:16:23.559096+00:00
[2023-02-02T01:16:23.570+0000] {processor.py:175} INFO - Processing /home/airflow/.local/lib/python3.7/site-packages/airflow/example_dags/example_task_group.py took 0.062 seconds
[2023-02-02T01:16:54.393+0000] {processor.py:153} INFO - Started process (PID=976) to work on /home/airflow/.local/lib/python3.7/site-packages/airflow/example_dags/example_task_group.py
[2023-02-02T01:16:54.393+0000] {processor.py:743} INFO - Processing file /home/airflow/.local/lib/python3.7/site-packages/airflow/example_dags/example_task_group.py for tasks to queue
[2023-02-02T01:16:54.394+0000] {logging_mixin.py:137} INFO - [2023-02-02T01:16:54.394+0000] {dagbag.py:538} INFO - Filling up the DagBag from /home/airflow/.local/lib/python3.7/site-packages/airflow/example_dags/example_task_group.py
[2023-02-02T01:16:54.405+0000] {processor.py:753} INFO - DAG(s) dict_keys(['example_task_group']) retrieved from /home/airflow/.local/lib/python3.7/site-packages/airflow/example_dags/example_task_group.py
[2023-02-02T01:16:54.421+0000] {logging_mixin.py:137} INFO - [2023-02-02T01:16:54.421+0000] {dag.py:2690} INFO - Sync 1 DAGs
[2023-02-02T01:16:54.437+0000] {logging_mixin.py:137} INFO - [2023-02-02T01:16:54.437+0000] {dag.py:3441} INFO - Setting next_dagrun for example_task_group to 2023-02-01T01:16:54.437172+00:00, run_after=2023-02-02T01:16:54.437172+00:00
[2023-02-02T01:16:54.449+0000] {processor.py:175} INFO - Processing /home/airflow/.local/lib/python3.7/site-packages/airflow/example_dags/example_task_group.py took 0.058 seconds
[2023-02-02T01:17:25.170+0000] {processor.py:153} INFO - Started process (PID=1063) to work on /home/airflow/.local/lib/python3.7/site-packages/airflow/example_dags/example_task_group.py
[2023-02-02T01:17:25.170+0000] {processor.py:743} INFO - Processing file /home/airflow/.local/lib/python3.7/site-packages/airflow/example_dags/example_task_group.py for tasks to queue
[2023-02-02T01:17:25.171+0000] {logging_mixin.py:137} INFO - [2023-02-02T01:17:25.171+0000] {dagbag.py:538} INFO - Filling up the DagBag from /home/airflow/.local/lib/python3.7/site-packages/airflow/example_dags/example_task_group.py
[2023-02-02T01:17:25.184+0000] {processor.py:753} INFO - DAG(s) dict_keys(['example_task_group']) retrieved from /home/airflow/.local/lib/python3.7/site-packages/airflow/example_dags/example_task_group.py
[2023-02-02T01:17:25.200+0000] {logging_mixin.py:137} INFO - [2023-02-02T01:17:25.200+0000] {dag.py:2690} INFO - Sync 1 DAGs
[2023-02-02T01:17:25.218+0000] {logging_mixin.py:137} INFO - [2023-02-02T01:17:25.218+0000] {dag.py:3441} INFO - Setting next_dagrun for example_task_group to 2023-02-01T01:17:25.218327+00:00, run_after=2023-02-02T01:17:25.218327+00:00
[2023-02-02T01:17:25.230+0000] {processor.py:175} INFO - Processing /home/airflow/.local/lib/python3.7/site-packages/airflow/example_dags/example_task_group.py took 0.063 seconds
[2023-02-02T01:17:56.025+0000] {processor.py:153} INFO - Started process (PID=1134) to work on /home/airflow/.local/lib/python3.7/site-packages/airflow/example_dags/example_task_group.py
[2023-02-02T01:17:56.025+0000] {processor.py:743} INFO - Processing file /home/airflow/.local/lib/python3.7/site-packages/airflow/example_dags/example_task_group.py for tasks to queue
[2023-02-02T01:17:56.026+0000] {logging_mixin.py:137} INFO - [2023-02-02T01:17:56.026+0000] {dagbag.py:538} INFO - Filling up the DagBag from /home/airflow/.local/lib/python3.7/site-packages/airflow/example_dags/example_task_group.py
[2023-02-02T01:17:56.039+0000] {processor.py:753} INFO - DAG(s) dict_keys(['example_task_group']) retrieved from /home/airflow/.local/lib/python3.7/site-packages/airflow/example_dags/example_task_group.py
[2023-02-02T01:17:56.054+0000] {logging_mixin.py:137} INFO - [2023-02-02T01:17:56.054+0000] {dag.py:2690} INFO - Sync 1 DAGs
[2023-02-02T01:17:56.070+0000] {logging_mixin.py:137} INFO - [2023-02-02T01:17:56.070+0000] {dag.py:3441} INFO - Setting next_dagrun for example_task_group to 2023-02-01T01:17:56.070057+00:00, run_after=2023-02-02T01:17:56.070057+00:00
[2023-02-02T01:17:56.083+0000] {processor.py:175} INFO - Processing /home/airflow/.local/lib/python3.7/site-packages/airflow/example_dags/example_task_group.py took 0.061 seconds
[2023-02-02T01:18:26.798+0000] {processor.py:153} INFO - Started process (PID=1221) to work on /home/airflow/.local/lib/python3.7/site-packages/airflow/example_dags/example_task_group.py
[2023-02-02T01:18:26.799+0000] {processor.py:743} INFO - Processing file /home/airflow/.local/lib/python3.7/site-packages/airflow/example_dags/example_task_group.py for tasks to queue
[2023-02-02T01:18:26.800+0000] {logging_mixin.py:137} INFO - [2023-02-02T01:18:26.800+0000] {dagbag.py:538} INFO - Filling up the DagBag from /home/airflow/.local/lib/python3.7/site-packages/airflow/example_dags/example_task_group.py
[2023-02-02T01:18:26.812+0000] {processor.py:753} INFO - DAG(s) dict_keys(['example_task_group']) retrieved from /home/airflow/.local/lib/python3.7/site-packages/airflow/example_dags/example_task_group.py
[2023-02-02T01:18:26.828+0000] {logging_mixin.py:137} INFO - [2023-02-02T01:18:26.828+0000] {dag.py:2690} INFO - Sync 1 DAGs
[2023-02-02T01:18:26.845+0000] {logging_mixin.py:137} INFO - [2023-02-02T01:18:26.845+0000] {dag.py:3441} INFO - Setting next_dagrun for example_task_group to 2023-02-01T01:18:26.845503+00:00, run_after=2023-02-02T01:18:26.845503+00:00
[2023-02-02T01:18:26.857+0000] {processor.py:175} INFO - Processing /home/airflow/.local/lib/python3.7/site-packages/airflow/example_dags/example_task_group.py took 0.061 seconds
[2023-02-02T01:18:57.661+0000] {processor.py:153} INFO - Started process (PID=1308) to work on /home/airflow/.local/lib/python3.7/site-packages/airflow/example_dags/example_task_group.py
[2023-02-02T01:18:57.661+0000] {processor.py:743} INFO - Processing file /home/airflow/.local/lib/python3.7/site-packages/airflow/example_dags/example_task_group.py for tasks to queue
[2023-02-02T01:18:57.662+0000] {logging_mixin.py:137} INFO - [2023-02-02T01:18:57.662+0000] {dagbag.py:538} INFO - Filling up the DagBag from /home/airflow/.local/lib/python3.7/site-packages/airflow/example_dags/example_task_group.py
[2023-02-02T01:18:57.675+0000] {processor.py:753} INFO - DAG(s) dict_keys(['example_task_group']) retrieved from /home/airflow/.local/lib/python3.7/site-packages/airflow/example_dags/example_task_group.py
[2023-02-02T01:18:57.692+0000] {logging_mixin.py:137} INFO - [2023-02-02T01:18:57.692+0000] {dag.py:2690} INFO - Sync 1 DAGs
[2023-02-02T01:18:57.708+0000] {logging_mixin.py:137} INFO - [2023-02-02T01:18:57.708+0000] {dag.py:3441} INFO - Setting next_dagrun for example_task_group to 2023-02-01T01:18:57.708328+00:00, run_after=2023-02-02T01:18:57.708328+00:00
[2023-02-02T01:18:57.722+0000] {processor.py:175} INFO - Processing /home/airflow/.local/lib/python3.7/site-packages/airflow/example_dags/example_task_group.py took 0.064 seconds
[2023-02-02T01:19:28.378+0000] {processor.py:153} INFO - Started process (PID=1379) to work on /home/airflow/.local/lib/python3.7/site-packages/airflow/example_dags/example_task_group.py
[2023-02-02T01:19:28.378+0000] {processor.py:743} INFO - Processing file /home/airflow/.local/lib/python3.7/site-packages/airflow/example_dags/example_task_group.py for tasks to queue
[2023-02-02T01:19:28.379+0000] {logging_mixin.py:137} INFO - [2023-02-02T01:19:28.379+0000] {dagbag.py:538} INFO - Filling up the DagBag from /home/airflow/.local/lib/python3.7/site-packages/airflow/example_dags/example_task_group.py
[2023-02-02T01:19:28.391+0000] {processor.py:753} INFO - DAG(s) dict_keys(['example_task_group']) retrieved from /home/airflow/.local/lib/python3.7/site-packages/airflow/example_dags/example_task_group.py
[2023-02-02T01:19:28.410+0000] {logging_mixin.py:137} INFO - [2023-02-02T01:19:28.410+0000] {dag.py:2690} INFO - Sync 1 DAGs
[2023-02-02T01:19:28.430+0000] {logging_mixin.py:137} INFO - [2023-02-02T01:19:28.430+0000] {dag.py:3441} INFO - Setting next_dagrun for example_task_group to 2023-02-01T01:19:28.430020+00:00, run_after=2023-02-02T01:19:28.430020+00:00
[2023-02-02T01:19:28.443+0000] {processor.py:175} INFO - Processing /home/airflow/.local/lib/python3.7/site-packages/airflow/example_dags/example_task_group.py took 0.067 seconds
[2023-02-02T01:19:59.093+0000] {processor.py:153} INFO - Started process (PID=1466) to work on /home/airflow/.local/lib/python3.7/site-packages/airflow/example_dags/example_task_group.py
[2023-02-02T01:19:59.094+0000] {processor.py:743} INFO - Processing file /home/airflow/.local/lib/python3.7/site-packages/airflow/example_dags/example_task_group.py for tasks to queue
[2023-02-02T01:19:59.094+0000] {logging_mixin.py:137} INFO - [2023-02-02T01:19:59.094+0000] {dagbag.py:538} INFO - Filling up the DagBag from /home/airflow/.local/lib/python3.7/site-packages/airflow/example_dags/example_task_group.py
[2023-02-02T01:19:59.105+0000] {processor.py:753} INFO - DAG(s) dict_keys(['example_task_group']) retrieved from /home/airflow/.local/lib/python3.7/site-packages/airflow/example_dags/example_task_group.py
[2023-02-02T01:19:59.121+0000] {logging_mixin.py:137} INFO - [2023-02-02T01:19:59.121+0000] {dag.py:2690} INFO - Sync 1 DAGs
[2023-02-02T01:19:59.138+0000] {logging_mixin.py:137} INFO - [2023-02-02T01:19:59.138+0000] {dag.py:3441} INFO - Setting next_dagrun for example_task_group to 2023-02-01T01:19:59.138150+00:00, run_after=2023-02-02T01:19:59.138150+00:00
[2023-02-02T01:19:59.150+0000] {processor.py:175} INFO - Processing /home/airflow/.local/lib/python3.7/site-packages/airflow/example_dags/example_task_group.py took 0.059 seconds
[2023-02-02T01:20:29.864+0000] {processor.py:153} INFO - Started process (PID=1553) to work on /home/airflow/.local/lib/python3.7/site-packages/airflow/example_dags/example_task_group.py
[2023-02-02T01:20:29.865+0000] {processor.py:743} INFO - Processing file /home/airflow/.local/lib/python3.7/site-packages/airflow/example_dags/example_task_group.py for tasks to queue
[2023-02-02T01:20:29.866+0000] {logging_mixin.py:137} INFO - [2023-02-02T01:20:29.866+0000] {dagbag.py:538} INFO - Filling up the DagBag from /home/airflow/.local/lib/python3.7/site-packages/airflow/example_dags/example_task_group.py
[2023-02-02T01:20:29.877+0000] {processor.py:753} INFO - DAG(s) dict_keys(['example_task_group']) retrieved from /home/airflow/.local/lib/python3.7/site-packages/airflow/example_dags/example_task_group.py
[2023-02-02T01:20:29.895+0000] {logging_mixin.py:137} INFO - [2023-02-02T01:20:29.895+0000] {dag.py:2690} INFO - Sync 1 DAGs
[2023-02-02T01:20:29.911+0000] {logging_mixin.py:137} INFO - [2023-02-02T01:20:29.911+0000] {dag.py:3441} INFO - Setting next_dagrun for example_task_group to 2023-02-01T01:20:29.911559+00:00, run_after=2023-02-02T01:20:29.911559+00:00
[2023-02-02T01:20:29.924+0000] {processor.py:175} INFO - Processing /home/airflow/.local/lib/python3.7/site-packages/airflow/example_dags/example_task_group.py took 0.062 seconds
[2023-02-02T01:21:00.571+0000] {processor.py:153} INFO - Started process (PID=1624) to work on /home/airflow/.local/lib/python3.7/site-packages/airflow/example_dags/example_task_group.py
[2023-02-02T01:21:00.571+0000] {processor.py:743} INFO - Processing file /home/airflow/.local/lib/python3.7/site-packages/airflow/example_dags/example_task_group.py for tasks to queue
[2023-02-02T01:21:00.572+0000] {logging_mixin.py:137} INFO - [2023-02-02T01:21:00.571+0000] {dagbag.py:538} INFO - Filling up the DagBag from /home/airflow/.local/lib/python3.7/site-packages/airflow/example_dags/example_task_group.py
[2023-02-02T01:21:00.582+0000] {processor.py:753} INFO - DAG(s) dict_keys(['example_task_group']) retrieved from /home/airflow/.local/lib/python3.7/site-packages/airflow/example_dags/example_task_group.py
[2023-02-02T01:21:00.599+0000] {logging_mixin.py:137} INFO - [2023-02-02T01:21:00.599+0000] {dag.py:2690} INFO - Sync 1 DAGs
[2023-02-02T01:21:00.619+0000] {logging_mixin.py:137} INFO - [2023-02-02T01:21:00.618+0000] {dag.py:3441} INFO - Setting next_dagrun for example_task_group to 2023-02-01T01:21:00.618755+00:00, run_after=2023-02-02T01:21:00.618755+00:00
[2023-02-02T01:21:00.630+0000] {processor.py:175} INFO - Processing /home/airflow/.local/lib/python3.7/site-packages/airflow/example_dags/example_task_group.py took 0.062 seconds
[2023-02-02T01:21:31.274+0000] {processor.py:153} INFO - Started process (PID=1711) to work on /home/airflow/.local/lib/python3.7/site-packages/airflow/example_dags/example_task_group.py
[2023-02-02T01:21:31.275+0000] {processor.py:743} INFO - Processing file /home/airflow/.local/lib/python3.7/site-packages/airflow/example_dags/example_task_group.py for tasks to queue
[2023-02-02T01:21:31.275+0000] {logging_mixin.py:137} INFO - [2023-02-02T01:21:31.275+0000] {dagbag.py:538} INFO - Filling up the DagBag from /home/airflow/.local/lib/python3.7/site-packages/airflow/example_dags/example_task_group.py
[2023-02-02T01:21:31.286+0000] {processor.py:753} INFO - DAG(s) dict_keys(['example_task_group']) retrieved from /home/airflow/.local/lib/python3.7/site-packages/airflow/example_dags/example_task_group.py
[2023-02-02T01:21:31.304+0000] {logging_mixin.py:137} INFO - [2023-02-02T01:21:31.304+0000] {dag.py:2690} INFO - Sync 1 DAGs
[2023-02-02T01:21:31.323+0000] {logging_mixin.py:137} INFO - [2023-02-02T01:21:31.323+0000] {dag.py:3441} INFO - Setting next_dagrun for example_task_group to 2023-02-01T01:21:31.323214+00:00, run_after=2023-02-02T01:21:31.323214+00:00
[2023-02-02T01:21:31.335+0000] {processor.py:175} INFO - Processing /home/airflow/.local/lib/python3.7/site-packages/airflow/example_dags/example_task_group.py took 0.063 seconds
[2023-02-02T01:22:01.913+0000] {processor.py:153} INFO - Started process (PID=1798) to work on /home/airflow/.local/lib/python3.7/site-packages/airflow/example_dags/example_task_group.py
[2023-02-02T01:22:01.913+0000] {processor.py:743} INFO - Processing file /home/airflow/.local/lib/python3.7/site-packages/airflow/example_dags/example_task_group.py for tasks to queue
[2023-02-02T01:22:01.914+0000] {logging_mixin.py:137} INFO - [2023-02-02T01:22:01.914+0000] {dagbag.py:538} INFO - Filling up the DagBag from /home/airflow/.local/lib/python3.7/site-packages/airflow/example_dags/example_task_group.py
[2023-02-02T01:22:01.924+0000] {processor.py:753} INFO - DAG(s) dict_keys(['example_task_group']) retrieved from /home/airflow/.local/lib/python3.7/site-packages/airflow/example_dags/example_task_group.py
[2023-02-02T01:22:01.939+0000] {logging_mixin.py:137} INFO - [2023-02-02T01:22:01.939+0000] {dag.py:2690} INFO - Sync 1 DAGs
[2023-02-02T01:22:01.954+0000] {logging_mixin.py:137} INFO - [2023-02-02T01:22:01.954+0000] {dag.py:3441} INFO - Setting next_dagrun for example_task_group to 2023-02-01T01:22:01.954357+00:00, run_after=2023-02-02T01:22:01.954357+00:00
[2023-02-02T01:22:01.965+0000] {processor.py:175} INFO - Processing /home/airflow/.local/lib/python3.7/site-packages/airflow/example_dags/example_task_group.py took 0.055 seconds
[2023-02-02T01:22:32.754+0000] {processor.py:153} INFO - Started process (PID=1878) to work on /home/airflow/.local/lib/python3.7/site-packages/airflow/example_dags/example_task_group.py
[2023-02-02T01:22:32.754+0000] {processor.py:743} INFO - Processing file /home/airflow/.local/lib/python3.7/site-packages/airflow/example_dags/example_task_group.py for tasks to queue
[2023-02-02T01:22:32.755+0000] {logging_mixin.py:137} INFO - [2023-02-02T01:22:32.755+0000] {dagbag.py:538} INFO - Filling up the DagBag from /home/airflow/.local/lib/python3.7/site-packages/airflow/example_dags/example_task_group.py
[2023-02-02T01:22:32.765+0000] {processor.py:753} INFO - DAG(s) dict_keys(['example_task_group']) retrieved from /home/airflow/.local/lib/python3.7/site-packages/airflow/example_dags/example_task_group.py
[2023-02-02T01:22:32.784+0000] {logging_mixin.py:137} INFO - [2023-02-02T01:22:32.784+0000] {dag.py:2690} INFO - Sync 1 DAGs
[2023-02-02T01:22:32.802+0000] {logging_mixin.py:137} INFO - [2023-02-02T01:22:32.802+0000] {dag.py:3441} INFO - Setting next_dagrun for example_task_group to 2023-02-01T01:22:32.802683+00:00, run_after=2023-02-02T01:22:32.802683+00:00
[2023-02-02T01:22:32.815+0000] {processor.py:175} INFO - Processing /home/airflow/.local/lib/python3.7/site-packages/airflow/example_dags/example_task_group.py took 0.063 seconds
[2023-02-02T01:23:03.527+0000] {processor.py:153} INFO - Started process (PID=1956) to work on /home/airflow/.local/lib/python3.7/site-packages/airflow/example_dags/example_task_group.py
[2023-02-02T01:23:03.527+0000] {processor.py:743} INFO - Processing file /home/airflow/.local/lib/python3.7/site-packages/airflow/example_dags/example_task_group.py for tasks to queue
[2023-02-02T01:23:03.528+0000] {logging_mixin.py:137} INFO - [2023-02-02T01:23:03.528+0000] {dagbag.py:538} INFO - Filling up the DagBag from /home/airflow/.local/lib/python3.7/site-packages/airflow/example_dags/example_task_group.py
[2023-02-02T01:23:03.538+0000] {processor.py:753} INFO - DAG(s) dict_keys(['example_task_group']) retrieved from /home/airflow/.local/lib/python3.7/site-packages/airflow/example_dags/example_task_group.py
[2023-02-02T01:23:03.553+0000] {logging_mixin.py:137} INFO - [2023-02-02T01:23:03.553+0000] {dag.py:2690} INFO - Sync 1 DAGs
[2023-02-02T01:23:03.569+0000] {logging_mixin.py:137} INFO - [2023-02-02T01:23:03.569+0000] {dag.py:3441} INFO - Setting next_dagrun for example_task_group to 2023-02-01T01:23:03.569227+00:00, run_after=2023-02-02T01:23:03.569227+00:00
[2023-02-02T01:23:03.581+0000] {processor.py:175} INFO - Processing /home/airflow/.local/lib/python3.7/site-packages/airflow/example_dags/example_task_group.py took 0.057 seconds
[2023-02-02T01:23:34.256+0000] {processor.py:153} INFO - Started process (PID=2043) to work on /home/airflow/.local/lib/python3.7/site-packages/airflow/example_dags/example_task_group.py
[2023-02-02T01:23:34.257+0000] {processor.py:743} INFO - Processing file /home/airflow/.local/lib/python3.7/site-packages/airflow/example_dags/example_task_group.py for tasks to queue
[2023-02-02T01:23:34.257+0000] {logging_mixin.py:137} INFO - [2023-02-02T01:23:34.257+0000] {dagbag.py:538} INFO - Filling up the DagBag from /home/airflow/.local/lib/python3.7/site-packages/airflow/example_dags/example_task_group.py
[2023-02-02T01:23:34.268+0000] {processor.py:753} INFO - DAG(s) dict_keys(['example_task_group']) retrieved from /home/airflow/.local/lib/python3.7/site-packages/airflow/example_dags/example_task_group.py
[2023-02-02T01:23:34.283+0000] {logging_mixin.py:137} INFO - [2023-02-02T01:23:34.283+0000] {dag.py:2690} INFO - Sync 1 DAGs
[2023-02-02T01:23:34.300+0000] {logging_mixin.py:137} INFO - [2023-02-02T01:23:34.300+0000] {dag.py:3441} INFO - Setting next_dagrun for example_task_group to 2023-02-01T01:23:34.300625+00:00, run_after=2023-02-02T01:23:34.300625+00:00
[2023-02-02T01:23:34.313+0000] {processor.py:175} INFO - Processing /home/airflow/.local/lib/python3.7/site-packages/airflow/example_dags/example_task_group.py took 0.059 seconds
[2023-02-02T01:24:05.151+0000] {processor.py:153} INFO - Started process (PID=2130) to work on /home/airflow/.local/lib/python3.7/site-packages/airflow/example_dags/example_task_group.py
[2023-02-02T01:24:05.152+0000] {processor.py:743} INFO - Processing file /home/airflow/.local/lib/python3.7/site-packages/airflow/example_dags/example_task_group.py for tasks to queue
[2023-02-02T01:24:05.153+0000] {logging_mixin.py:137} INFO - [2023-02-02T01:24:05.152+0000] {dagbag.py:538} INFO - Filling up the DagBag from /home/airflow/.local/lib/python3.7/site-packages/airflow/example_dags/example_task_group.py
[2023-02-02T01:24:05.163+0000] {processor.py:753} INFO - DAG(s) dict_keys(['example_task_group']) retrieved from /home/airflow/.local/lib/python3.7/site-packages/airflow/example_dags/example_task_group.py
[2023-02-02T01:24:05.178+0000] {logging_mixin.py:137} INFO - [2023-02-02T01:24:05.178+0000] {dag.py:2690} INFO - Sync 1 DAGs
[2023-02-02T01:24:05.193+0000] {logging_mixin.py:137} INFO - [2023-02-02T01:24:05.193+0000] {dag.py:3441} INFO - Setting next_dagrun for example_task_group to 2023-02-01T01:24:05.193258+00:00, run_after=2023-02-02T01:24:05.193258+00:00
[2023-02-02T01:24:05.206+0000] {processor.py:175} INFO - Processing /home/airflow/.local/lib/python3.7/site-packages/airflow/example_dags/example_task_group.py took 0.056 seconds
[2023-02-02T01:24:35.886+0000] {processor.py:153} INFO - Started process (PID=2201) to work on /home/airflow/.local/lib/python3.7/site-packages/airflow/example_dags/example_task_group.py
[2023-02-02T01:24:35.886+0000] {processor.py:743} INFO - Processing file /home/airflow/.local/lib/python3.7/site-packages/airflow/example_dags/example_task_group.py for tasks to queue
[2023-02-02T01:24:35.887+0000] {logging_mixin.py:137} INFO - [2023-02-02T01:24:35.887+0000] {dagbag.py:538} INFO - Filling up the DagBag from /home/airflow/.local/lib/python3.7/site-packages/airflow/example_dags/example_task_group.py
[2023-02-02T01:24:35.897+0000] {processor.py:753} INFO - DAG(s) dict_keys(['example_task_group']) retrieved from /home/airflow/.local/lib/python3.7/site-packages/airflow/example_dags/example_task_group.py
[2023-02-02T01:24:35.914+0000] {logging_mixin.py:137} INFO - [2023-02-02T01:24:35.914+0000] {dag.py:2690} INFO - Sync 1 DAGs
[2023-02-02T01:24:35.930+0000] {logging_mixin.py:137} INFO - [2023-02-02T01:24:35.930+0000] {dag.py:3441} INFO - Setting next_dagrun for example_task_group to 2023-02-01T01:24:35.930451+00:00, run_after=2023-02-02T01:24:35.930451+00:00
[2023-02-02T01:24:35.955+0000] {processor.py:175} INFO - Processing /home/airflow/.local/lib/python3.7/site-packages/airflow/example_dags/example_task_group.py took 0.071 seconds
[2023-02-02T01:25:06.585+0000] {processor.py:153} INFO - Started process (PID=2288) to work on /home/airflow/.local/lib/python3.7/site-packages/airflow/example_dags/example_task_group.py
[2023-02-02T01:25:06.586+0000] {processor.py:743} INFO - Processing file /home/airflow/.local/lib/python3.7/site-packages/airflow/example_dags/example_task_group.py for tasks to queue
[2023-02-02T01:25:06.586+0000] {logging_mixin.py:137} INFO - [2023-02-02T01:25:06.586+0000] {dagbag.py:538} INFO - Filling up the DagBag from /home/airflow/.local/lib/python3.7/site-packages/airflow/example_dags/example_task_group.py
[2023-02-02T01:25:06.597+0000] {processor.py:753} INFO - DAG(s) dict_keys(['example_task_group']) retrieved from /home/airflow/.local/lib/python3.7/site-packages/airflow/example_dags/example_task_group.py
[2023-02-02T01:25:06.615+0000] {logging_mixin.py:137} INFO - [2023-02-02T01:25:06.615+0000] {dag.py:2690} INFO - Sync 1 DAGs
[2023-02-02T01:25:06.632+0000] {logging_mixin.py:137} INFO - [2023-02-02T01:25:06.632+0000] {dag.py:3441} INFO - Setting next_dagrun for example_task_group to 2023-02-01T01:25:06.632365+00:00, run_after=2023-02-02T01:25:06.632365+00:00
[2023-02-02T01:25:06.645+0000] {processor.py:175} INFO - Processing /home/airflow/.local/lib/python3.7/site-packages/airflow/example_dags/example_task_group.py took 0.062 seconds
