[2023-02-02T01:11:15.855+0000] {processor.py:153} INFO - Started process (PID=71) to work on /home/airflow/.local/lib/python3.7/site-packages/airflow/example_dags/example_complex.py
[2023-02-02T01:11:15.856+0000] {processor.py:743} INFO - Processing file /home/airflow/.local/lib/python3.7/site-packages/airflow/example_dags/example_complex.py for tasks to queue
[2023-02-02T01:11:15.856+0000] {logging_mixin.py:137} INFO - [2023-02-02T01:11:15.856+0000] {dagbag.py:538} INFO - Filling up the DagBag from /home/airflow/.local/lib/python3.7/site-packages/airflow/example_dags/example_complex.py
[2023-02-02T01:11:15.869+0000] {logging_mixin.py:137} INFO - [2023-02-02T01:11:15.869+0000] {taskmixin.py:205} WARNING - Dependency <Task(BashOperator): create_entry_group>, delete_entry_group already registered for DAG: example_complex
[2023-02-02T01:11:15.869+0000] {logging_mixin.py:137} INFO - [2023-02-02T01:11:15.869+0000] {taskmixin.py:205} WARNING - Dependency <Task(BashOperator): delete_entry_group>, create_entry_group already registered for DAG: example_complex
[2023-02-02T01:11:15.870+0000] {logging_mixin.py:137} INFO - [2023-02-02T01:11:15.870+0000] {taskmixin.py:205} WARNING - Dependency <Task(BashOperator): create_entry_gcs>, delete_entry already registered for DAG: example_complex
[2023-02-02T01:11:15.870+0000] {logging_mixin.py:137} INFO - [2023-02-02T01:11:15.870+0000] {taskmixin.py:205} WARNING - Dependency <Task(BashOperator): delete_entry>, create_entry_gcs already registered for DAG: example_complex
[2023-02-02T01:11:15.871+0000] {logging_mixin.py:137} INFO - [2023-02-02T01:11:15.871+0000] {taskmixin.py:205} WARNING - Dependency <Task(BashOperator): create_tag>, delete_tag already registered for DAG: example_complex
[2023-02-02T01:11:15.871+0000] {logging_mixin.py:137} INFO - [2023-02-02T01:11:15.871+0000] {taskmixin.py:205} WARNING - Dependency <Task(BashOperator): delete_tag>, create_tag already registered for DAG: example_complex
[2023-02-02T01:11:15.880+0000] {processor.py:753} INFO - DAG(s) dict_keys(['example_complex']) retrieved from /home/airflow/.local/lib/python3.7/site-packages/airflow/example_dags/example_complex.py
[2023-02-02T01:11:15.890+0000] {logging_mixin.py:137} INFO - [2023-02-02T01:11:15.890+0000] {dag.py:2690} INFO - Sync 1 DAGs
[2023-02-02T01:11:15.914+0000] {logging_mixin.py:137} INFO - [2023-02-02T01:11:15.914+0000] {dag.py:3441} INFO - Setting next_dagrun for example_complex to None, run_after=None
[2023-02-02T01:11:15.927+0000] {processor.py:175} INFO - Processing /home/airflow/.local/lib/python3.7/site-packages/airflow/example_dags/example_complex.py took 0.075 seconds
[2023-02-02T01:11:46.676+0000] {processor.py:153} INFO - Started process (PID=158) to work on /home/airflow/.local/lib/python3.7/site-packages/airflow/example_dags/example_complex.py
[2023-02-02T01:11:46.677+0000] {processor.py:743} INFO - Processing file /home/airflow/.local/lib/python3.7/site-packages/airflow/example_dags/example_complex.py for tasks to queue
[2023-02-02T01:11:46.677+0000] {logging_mixin.py:137} INFO - [2023-02-02T01:11:46.677+0000] {dagbag.py:538} INFO - Filling up the DagBag from /home/airflow/.local/lib/python3.7/site-packages/airflow/example_dags/example_complex.py
[2023-02-02T01:11:46.688+0000] {logging_mixin.py:137} INFO - [2023-02-02T01:11:46.688+0000] {taskmixin.py:205} WARNING - Dependency <Task(BashOperator): create_entry_group>, delete_entry_group already registered for DAG: example_complex
[2023-02-02T01:11:46.688+0000] {logging_mixin.py:137} INFO - [2023-02-02T01:11:46.688+0000] {taskmixin.py:205} WARNING - Dependency <Task(BashOperator): delete_entry_group>, create_entry_group already registered for DAG: example_complex
[2023-02-02T01:11:46.689+0000] {logging_mixin.py:137} INFO - [2023-02-02T01:11:46.689+0000] {taskmixin.py:205} WARNING - Dependency <Task(BashOperator): create_entry_gcs>, delete_entry already registered for DAG: example_complex
[2023-02-02T01:11:46.689+0000] {logging_mixin.py:137} INFO - [2023-02-02T01:11:46.689+0000] {taskmixin.py:205} WARNING - Dependency <Task(BashOperator): delete_entry>, create_entry_gcs already registered for DAG: example_complex
[2023-02-02T01:11:46.690+0000] {logging_mixin.py:137} INFO - [2023-02-02T01:11:46.690+0000] {taskmixin.py:205} WARNING - Dependency <Task(BashOperator): create_tag>, delete_tag already registered for DAG: example_complex
[2023-02-02T01:11:46.690+0000] {logging_mixin.py:137} INFO - [2023-02-02T01:11:46.690+0000] {taskmixin.py:205} WARNING - Dependency <Task(BashOperator): delete_tag>, create_tag already registered for DAG: example_complex
[2023-02-02T01:11:46.695+0000] {processor.py:753} INFO - DAG(s) dict_keys(['example_complex']) retrieved from /home/airflow/.local/lib/python3.7/site-packages/airflow/example_dags/example_complex.py
[2023-02-02T01:11:46.714+0000] {logging_mixin.py:137} INFO - [2023-02-02T01:11:46.714+0000] {dag.py:2690} INFO - Sync 1 DAGs
[2023-02-02T01:11:46.730+0000] {logging_mixin.py:137} INFO - [2023-02-02T01:11:46.730+0000] {dag.py:3441} INFO - Setting next_dagrun for example_complex to None, run_after=None
[2023-02-02T01:11:46.742+0000] {processor.py:175} INFO - Processing /home/airflow/.local/lib/python3.7/site-packages/airflow/example_dags/example_complex.py took 0.068 seconds
[2023-02-02T01:12:17.500+0000] {processor.py:153} INFO - Started process (PID=245) to work on /home/airflow/.local/lib/python3.7/site-packages/airflow/example_dags/example_complex.py
[2023-02-02T01:12:17.500+0000] {processor.py:743} INFO - Processing file /home/airflow/.local/lib/python3.7/site-packages/airflow/example_dags/example_complex.py for tasks to queue
[2023-02-02T01:12:17.501+0000] {logging_mixin.py:137} INFO - [2023-02-02T01:12:17.501+0000] {dagbag.py:538} INFO - Filling up the DagBag from /home/airflow/.local/lib/python3.7/site-packages/airflow/example_dags/example_complex.py
[2023-02-02T01:12:17.509+0000] {logging_mixin.py:137} INFO - [2023-02-02T01:12:17.508+0000] {taskmixin.py:205} WARNING - Dependency <Task(BashOperator): create_entry_group>, delete_entry_group already registered for DAG: example_complex
[2023-02-02T01:12:17.509+0000] {logging_mixin.py:137} INFO - [2023-02-02T01:12:17.509+0000] {taskmixin.py:205} WARNING - Dependency <Task(BashOperator): delete_entry_group>, create_entry_group already registered for DAG: example_complex
[2023-02-02T01:12:17.509+0000] {logging_mixin.py:137} INFO - [2023-02-02T01:12:17.509+0000] {taskmixin.py:205} WARNING - Dependency <Task(BashOperator): create_entry_gcs>, delete_entry already registered for DAG: example_complex
[2023-02-02T01:12:17.509+0000] {logging_mixin.py:137} INFO - [2023-02-02T01:12:17.509+0000] {taskmixin.py:205} WARNING - Dependency <Task(BashOperator): delete_entry>, create_entry_gcs already registered for DAG: example_complex
[2023-02-02T01:12:17.510+0000] {logging_mixin.py:137} INFO - [2023-02-02T01:12:17.510+0000] {taskmixin.py:205} WARNING - Dependency <Task(BashOperator): create_tag>, delete_tag already registered for DAG: example_complex
[2023-02-02T01:12:17.510+0000] {logging_mixin.py:137} INFO - [2023-02-02T01:12:17.510+0000] {taskmixin.py:205} WARNING - Dependency <Task(BashOperator): delete_tag>, create_tag already registered for DAG: example_complex
[2023-02-02T01:12:17.515+0000] {processor.py:753} INFO - DAG(s) dict_keys(['example_complex']) retrieved from /home/airflow/.local/lib/python3.7/site-packages/airflow/example_dags/example_complex.py
[2023-02-02T01:12:17.537+0000] {logging_mixin.py:137} INFO - [2023-02-02T01:12:17.537+0000] {dag.py:2690} INFO - Sync 1 DAGs
[2023-02-02T01:12:17.557+0000] {logging_mixin.py:137} INFO - [2023-02-02T01:12:17.557+0000] {dag.py:3441} INFO - Setting next_dagrun for example_complex to None, run_after=None
[2023-02-02T01:12:17.569+0000] {processor.py:175} INFO - Processing /home/airflow/.local/lib/python3.7/site-packages/airflow/example_dags/example_complex.py took 0.071 seconds
[2023-02-02T01:12:48.354+0000] {processor.py:153} INFO - Started process (PID=316) to work on /home/airflow/.local/lib/python3.7/site-packages/airflow/example_dags/example_complex.py
[2023-02-02T01:12:48.354+0000] {processor.py:743} INFO - Processing file /home/airflow/.local/lib/python3.7/site-packages/airflow/example_dags/example_complex.py for tasks to queue
[2023-02-02T01:12:48.355+0000] {logging_mixin.py:137} INFO - [2023-02-02T01:12:48.355+0000] {dagbag.py:538} INFO - Filling up the DagBag from /home/airflow/.local/lib/python3.7/site-packages/airflow/example_dags/example_complex.py
[2023-02-02T01:12:48.366+0000] {logging_mixin.py:137} INFO - [2023-02-02T01:12:48.365+0000] {taskmixin.py:205} WARNING - Dependency <Task(BashOperator): create_entry_group>, delete_entry_group already registered for DAG: example_complex
[2023-02-02T01:12:48.366+0000] {logging_mixin.py:137} INFO - [2023-02-02T01:12:48.366+0000] {taskmixin.py:205} WARNING - Dependency <Task(BashOperator): delete_entry_group>, create_entry_group already registered for DAG: example_complex
[2023-02-02T01:12:48.366+0000] {logging_mixin.py:137} INFO - [2023-02-02T01:12:48.366+0000] {taskmixin.py:205} WARNING - Dependency <Task(BashOperator): create_entry_gcs>, delete_entry already registered for DAG: example_complex
[2023-02-02T01:12:48.366+0000] {logging_mixin.py:137} INFO - [2023-02-02T01:12:48.366+0000] {taskmixin.py:205} WARNING - Dependency <Task(BashOperator): delete_entry>, create_entry_gcs already registered for DAG: example_complex
[2023-02-02T01:12:48.367+0000] {logging_mixin.py:137} INFO - [2023-02-02T01:12:48.367+0000] {taskmixin.py:205} WARNING - Dependency <Task(BashOperator): create_tag>, delete_tag already registered for DAG: example_complex
[2023-02-02T01:12:48.367+0000] {logging_mixin.py:137} INFO - [2023-02-02T01:12:48.367+0000] {taskmixin.py:205} WARNING - Dependency <Task(BashOperator): delete_tag>, create_tag already registered for DAG: example_complex
[2023-02-02T01:12:48.373+0000] {processor.py:753} INFO - DAG(s) dict_keys(['example_complex']) retrieved from /home/airflow/.local/lib/python3.7/site-packages/airflow/example_dags/example_complex.py
[2023-02-02T01:12:48.397+0000] {logging_mixin.py:137} INFO - [2023-02-02T01:12:48.397+0000] {dag.py:2690} INFO - Sync 1 DAGs
[2023-02-02T01:12:48.414+0000] {logging_mixin.py:137} INFO - [2023-02-02T01:12:48.414+0000] {dag.py:3441} INFO - Setting next_dagrun for example_complex to None, run_after=None
[2023-02-02T01:12:48.426+0000] {processor.py:175} INFO - Processing /home/airflow/.local/lib/python3.7/site-packages/airflow/example_dags/example_complex.py took 0.075 seconds
[2023-02-02T01:13:19.049+0000] {processor.py:153} INFO - Started process (PID=402) to work on /home/airflow/.local/lib/python3.7/site-packages/airflow/example_dags/example_complex.py
[2023-02-02T01:13:19.050+0000] {processor.py:743} INFO - Processing file /home/airflow/.local/lib/python3.7/site-packages/airflow/example_dags/example_complex.py for tasks to queue
[2023-02-02T01:13:19.050+0000] {logging_mixin.py:137} INFO - [2023-02-02T01:13:19.050+0000] {dagbag.py:538} INFO - Filling up the DagBag from /home/airflow/.local/lib/python3.7/site-packages/airflow/example_dags/example_complex.py
[2023-02-02T01:13:19.060+0000] {logging_mixin.py:137} INFO - [2023-02-02T01:13:19.060+0000] {taskmixin.py:205} WARNING - Dependency <Task(BashOperator): create_entry_group>, delete_entry_group already registered for DAG: example_complex
[2023-02-02T01:13:19.060+0000] {logging_mixin.py:137} INFO - [2023-02-02T01:13:19.060+0000] {taskmixin.py:205} WARNING - Dependency <Task(BashOperator): delete_entry_group>, create_entry_group already registered for DAG: example_complex
[2023-02-02T01:13:19.061+0000] {logging_mixin.py:137} INFO - [2023-02-02T01:13:19.061+0000] {taskmixin.py:205} WARNING - Dependency <Task(BashOperator): create_entry_gcs>, delete_entry already registered for DAG: example_complex
[2023-02-02T01:13:19.061+0000] {logging_mixin.py:137} INFO - [2023-02-02T01:13:19.061+0000] {taskmixin.py:205} WARNING - Dependency <Task(BashOperator): delete_entry>, create_entry_gcs already registered for DAG: example_complex
[2023-02-02T01:13:19.061+0000] {logging_mixin.py:137} INFO - [2023-02-02T01:13:19.061+0000] {taskmixin.py:205} WARNING - Dependency <Task(BashOperator): create_tag>, delete_tag already registered for DAG: example_complex
[2023-02-02T01:13:19.062+0000] {logging_mixin.py:137} INFO - [2023-02-02T01:13:19.062+0000] {taskmixin.py:205} WARNING - Dependency <Task(BashOperator): delete_tag>, create_tag already registered for DAG: example_complex
[2023-02-02T01:13:19.067+0000] {processor.py:753} INFO - DAG(s) dict_keys(['example_complex']) retrieved from /home/airflow/.local/lib/python3.7/site-packages/airflow/example_dags/example_complex.py
[2023-02-02T01:13:19.087+0000] {logging_mixin.py:137} INFO - [2023-02-02T01:13:19.087+0000] {dag.py:2690} INFO - Sync 1 DAGs
[2023-02-02T01:13:19.104+0000] {logging_mixin.py:137} INFO - [2023-02-02T01:13:19.103+0000] {dag.py:3441} INFO - Setting next_dagrun for example_complex to None, run_after=None
[2023-02-02T01:13:19.118+0000] {processor.py:175} INFO - Processing /home/airflow/.local/lib/python3.7/site-packages/airflow/example_dags/example_complex.py took 0.070 seconds
[2023-02-02T01:13:49.787+0000] {processor.py:153} INFO - Started process (PID=490) to work on /home/airflow/.local/lib/python3.7/site-packages/airflow/example_dags/example_complex.py
[2023-02-02T01:13:49.788+0000] {processor.py:743} INFO - Processing file /home/airflow/.local/lib/python3.7/site-packages/airflow/example_dags/example_complex.py for tasks to queue
[2023-02-02T01:13:49.788+0000] {logging_mixin.py:137} INFO - [2023-02-02T01:13:49.788+0000] {dagbag.py:538} INFO - Filling up the DagBag from /home/airflow/.local/lib/python3.7/site-packages/airflow/example_dags/example_complex.py
[2023-02-02T01:13:49.796+0000] {logging_mixin.py:137} INFO - [2023-02-02T01:13:49.795+0000] {taskmixin.py:205} WARNING - Dependency <Task(BashOperator): create_entry_group>, delete_entry_group already registered for DAG: example_complex
[2023-02-02T01:13:49.796+0000] {logging_mixin.py:137} INFO - [2023-02-02T01:13:49.796+0000] {taskmixin.py:205} WARNING - Dependency <Task(BashOperator): delete_entry_group>, create_entry_group already registered for DAG: example_complex
[2023-02-02T01:13:49.796+0000] {logging_mixin.py:137} INFO - [2023-02-02T01:13:49.796+0000] {taskmixin.py:205} WARNING - Dependency <Task(BashOperator): create_entry_gcs>, delete_entry already registered for DAG: example_complex
[2023-02-02T01:13:49.796+0000] {logging_mixin.py:137} INFO - [2023-02-02T01:13:49.796+0000] {taskmixin.py:205} WARNING - Dependency <Task(BashOperator): delete_entry>, create_entry_gcs already registered for DAG: example_complex
[2023-02-02T01:13:49.797+0000] {logging_mixin.py:137} INFO - [2023-02-02T01:13:49.797+0000] {taskmixin.py:205} WARNING - Dependency <Task(BashOperator): create_tag>, delete_tag already registered for DAG: example_complex
[2023-02-02T01:13:49.797+0000] {logging_mixin.py:137} INFO - [2023-02-02T01:13:49.797+0000] {taskmixin.py:205} WARNING - Dependency <Task(BashOperator): delete_tag>, create_tag already registered for DAG: example_complex
[2023-02-02T01:13:49.803+0000] {processor.py:753} INFO - DAG(s) dict_keys(['example_complex']) retrieved from /home/airflow/.local/lib/python3.7/site-packages/airflow/example_dags/example_complex.py
[2023-02-02T01:13:49.824+0000] {logging_mixin.py:137} INFO - [2023-02-02T01:13:49.824+0000] {dag.py:2690} INFO - Sync 1 DAGs
[2023-02-02T01:13:49.843+0000] {logging_mixin.py:137} INFO - [2023-02-02T01:13:49.843+0000] {dag.py:3441} INFO - Setting next_dagrun for example_complex to None, run_after=None
[2023-02-02T01:13:49.858+0000] {processor.py:175} INFO - Processing /home/airflow/.local/lib/python3.7/site-packages/airflow/example_dags/example_complex.py took 0.074 seconds
[2023-02-02T01:14:20.478+0000] {processor.py:153} INFO - Started process (PID=560) to work on /home/airflow/.local/lib/python3.7/site-packages/airflow/example_dags/example_complex.py
[2023-02-02T01:14:20.478+0000] {processor.py:743} INFO - Processing file /home/airflow/.local/lib/python3.7/site-packages/airflow/example_dags/example_complex.py for tasks to queue
[2023-02-02T01:14:20.479+0000] {logging_mixin.py:137} INFO - [2023-02-02T01:14:20.479+0000] {dagbag.py:538} INFO - Filling up the DagBag from /home/airflow/.local/lib/python3.7/site-packages/airflow/example_dags/example_complex.py
[2023-02-02T01:14:20.489+0000] {logging_mixin.py:137} INFO - [2023-02-02T01:14:20.489+0000] {taskmixin.py:205} WARNING - Dependency <Task(BashOperator): create_entry_group>, delete_entry_group already registered for DAG: example_complex
[2023-02-02T01:14:20.489+0000] {logging_mixin.py:137} INFO - [2023-02-02T01:14:20.489+0000] {taskmixin.py:205} WARNING - Dependency <Task(BashOperator): delete_entry_group>, create_entry_group already registered for DAG: example_complex
[2023-02-02T01:14:20.489+0000] {logging_mixin.py:137} INFO - [2023-02-02T01:14:20.489+0000] {taskmixin.py:205} WARNING - Dependency <Task(BashOperator): create_entry_gcs>, delete_entry already registered for DAG: example_complex
[2023-02-02T01:14:20.490+0000] {logging_mixin.py:137} INFO - [2023-02-02T01:14:20.490+0000] {taskmixin.py:205} WARNING - Dependency <Task(BashOperator): delete_entry>, create_entry_gcs already registered for DAG: example_complex
[2023-02-02T01:14:20.490+0000] {logging_mixin.py:137} INFO - [2023-02-02T01:14:20.490+0000] {taskmixin.py:205} WARNING - Dependency <Task(BashOperator): create_tag>, delete_tag already registered for DAG: example_complex
[2023-02-02T01:14:20.490+0000] {logging_mixin.py:137} INFO - [2023-02-02T01:14:20.490+0000] {taskmixin.py:205} WARNING - Dependency <Task(BashOperator): delete_tag>, create_tag already registered for DAG: example_complex
[2023-02-02T01:14:20.496+0000] {processor.py:753} INFO - DAG(s) dict_keys(['example_complex']) retrieved from /home/airflow/.local/lib/python3.7/site-packages/airflow/example_dags/example_complex.py
[2023-02-02T01:14:20.516+0000] {logging_mixin.py:137} INFO - [2023-02-02T01:14:20.516+0000] {dag.py:2690} INFO - Sync 1 DAGs
[2023-02-02T01:14:20.533+0000] {logging_mixin.py:137} INFO - [2023-02-02T01:14:20.533+0000] {dag.py:3441} INFO - Setting next_dagrun for example_complex to None, run_after=None
[2023-02-02T01:14:20.546+0000] {processor.py:175} INFO - Processing /home/airflow/.local/lib/python3.7/site-packages/airflow/example_dags/example_complex.py took 0.071 seconds
[2023-02-02T01:14:51.251+0000] {processor.py:153} INFO - Started process (PID=648) to work on /home/airflow/.local/lib/python3.7/site-packages/airflow/example_dags/example_complex.py
[2023-02-02T01:14:51.251+0000] {processor.py:743} INFO - Processing file /home/airflow/.local/lib/python3.7/site-packages/airflow/example_dags/example_complex.py for tasks to queue
[2023-02-02T01:14:51.252+0000] {logging_mixin.py:137} INFO - [2023-02-02T01:14:51.252+0000] {dagbag.py:538} INFO - Filling up the DagBag from /home/airflow/.local/lib/python3.7/site-packages/airflow/example_dags/example_complex.py
[2023-02-02T01:14:51.260+0000] {logging_mixin.py:137} INFO - [2023-02-02T01:14:51.259+0000] {taskmixin.py:205} WARNING - Dependency <Task(BashOperator): create_entry_group>, delete_entry_group already registered for DAG: example_complex
[2023-02-02T01:14:51.260+0000] {logging_mixin.py:137} INFO - [2023-02-02T01:14:51.260+0000] {taskmixin.py:205} WARNING - Dependency <Task(BashOperator): delete_entry_group>, create_entry_group already registered for DAG: example_complex
[2023-02-02T01:14:51.260+0000] {logging_mixin.py:137} INFO - [2023-02-02T01:14:51.260+0000] {taskmixin.py:205} WARNING - Dependency <Task(BashOperator): create_entry_gcs>, delete_entry already registered for DAG: example_complex
[2023-02-02T01:14:51.260+0000] {logging_mixin.py:137} INFO - [2023-02-02T01:14:51.260+0000] {taskmixin.py:205} WARNING - Dependency <Task(BashOperator): delete_entry>, create_entry_gcs already registered for DAG: example_complex
[2023-02-02T01:14:51.261+0000] {logging_mixin.py:137} INFO - [2023-02-02T01:14:51.261+0000] {taskmixin.py:205} WARNING - Dependency <Task(BashOperator): create_tag>, delete_tag already registered for DAG: example_complex
[2023-02-02T01:14:51.261+0000] {logging_mixin.py:137} INFO - [2023-02-02T01:14:51.261+0000] {taskmixin.py:205} WARNING - Dependency <Task(BashOperator): delete_tag>, create_tag already registered for DAG: example_complex
[2023-02-02T01:14:51.267+0000] {processor.py:753} INFO - DAG(s) dict_keys(['example_complex']) retrieved from /home/airflow/.local/lib/python3.7/site-packages/airflow/example_dags/example_complex.py
[2023-02-02T01:14:51.288+0000] {logging_mixin.py:137} INFO - [2023-02-02T01:14:51.287+0000] {dag.py:2690} INFO - Sync 1 DAGs
[2023-02-02T01:14:51.304+0000] {logging_mixin.py:137} INFO - [2023-02-02T01:14:51.304+0000] {dag.py:3441} INFO - Setting next_dagrun for example_complex to None, run_after=None
[2023-02-02T01:14:51.317+0000] {processor.py:175} INFO - Processing /home/airflow/.local/lib/python3.7/site-packages/airflow/example_dags/example_complex.py took 0.069 seconds
[2023-02-02T01:15:22.013+0000] {processor.py:153} INFO - Started process (PID=735) to work on /home/airflow/.local/lib/python3.7/site-packages/airflow/example_dags/example_complex.py
[2023-02-02T01:15:22.013+0000] {processor.py:743} INFO - Processing file /home/airflow/.local/lib/python3.7/site-packages/airflow/example_dags/example_complex.py for tasks to queue
[2023-02-02T01:15:22.014+0000] {logging_mixin.py:137} INFO - [2023-02-02T01:15:22.014+0000] {dagbag.py:538} INFO - Filling up the DagBag from /home/airflow/.local/lib/python3.7/site-packages/airflow/example_dags/example_complex.py
[2023-02-02T01:15:22.022+0000] {logging_mixin.py:137} INFO - [2023-02-02T01:15:22.022+0000] {taskmixin.py:205} WARNING - Dependency <Task(BashOperator): create_entry_group>, delete_entry_group already registered for DAG: example_complex
[2023-02-02T01:15:22.022+0000] {logging_mixin.py:137} INFO - [2023-02-02T01:15:22.022+0000] {taskmixin.py:205} WARNING - Dependency <Task(BashOperator): delete_entry_group>, create_entry_group already registered for DAG: example_complex
[2023-02-02T01:15:22.023+0000] {logging_mixin.py:137} INFO - [2023-02-02T01:15:22.022+0000] {taskmixin.py:205} WARNING - Dependency <Task(BashOperator): create_entry_gcs>, delete_entry already registered for DAG: example_complex
[2023-02-02T01:15:22.023+0000] {logging_mixin.py:137} INFO - [2023-02-02T01:15:22.023+0000] {taskmixin.py:205} WARNING - Dependency <Task(BashOperator): delete_entry>, create_entry_gcs already registered for DAG: example_complex
[2023-02-02T01:15:22.023+0000] {logging_mixin.py:137} INFO - [2023-02-02T01:15:22.023+0000] {taskmixin.py:205} WARNING - Dependency <Task(BashOperator): create_tag>, delete_tag already registered for DAG: example_complex
[2023-02-02T01:15:22.024+0000] {logging_mixin.py:137} INFO - [2023-02-02T01:15:22.024+0000] {taskmixin.py:205} WARNING - Dependency <Task(BashOperator): delete_tag>, create_tag already registered for DAG: example_complex
[2023-02-02T01:15:22.029+0000] {processor.py:753} INFO - DAG(s) dict_keys(['example_complex']) retrieved from /home/airflow/.local/lib/python3.7/site-packages/airflow/example_dags/example_complex.py
[2023-02-02T01:15:22.049+0000] {logging_mixin.py:137} INFO - [2023-02-02T01:15:22.049+0000] {dag.py:2690} INFO - Sync 1 DAGs
[2023-02-02T01:15:22.067+0000] {logging_mixin.py:137} INFO - [2023-02-02T01:15:22.066+0000] {dag.py:3441} INFO - Setting next_dagrun for example_complex to None, run_after=None
[2023-02-02T01:15:22.079+0000] {processor.py:175} INFO - Processing /home/airflow/.local/lib/python3.7/site-packages/airflow/example_dags/example_complex.py took 0.068 seconds
[2023-02-02T01:15:52.793+0000] {processor.py:153} INFO - Started process (PID=815) to work on /home/airflow/.local/lib/python3.7/site-packages/airflow/example_dags/example_complex.py
[2023-02-02T01:15:52.794+0000] {processor.py:743} INFO - Processing file /home/airflow/.local/lib/python3.7/site-packages/airflow/example_dags/example_complex.py for tasks to queue
[2023-02-02T01:15:52.794+0000] {logging_mixin.py:137} INFO - [2023-02-02T01:15:52.794+0000] {dagbag.py:538} INFO - Filling up the DagBag from /home/airflow/.local/lib/python3.7/site-packages/airflow/example_dags/example_complex.py
[2023-02-02T01:15:52.806+0000] {logging_mixin.py:137} INFO - [2023-02-02T01:15:52.806+0000] {taskmixin.py:205} WARNING - Dependency <Task(BashOperator): create_entry_group>, delete_entry_group already registered for DAG: example_complex
[2023-02-02T01:15:52.806+0000] {logging_mixin.py:137} INFO - [2023-02-02T01:15:52.806+0000] {taskmixin.py:205} WARNING - Dependency <Task(BashOperator): delete_entry_group>, create_entry_group already registered for DAG: example_complex
[2023-02-02T01:15:52.807+0000] {logging_mixin.py:137} INFO - [2023-02-02T01:15:52.807+0000] {taskmixin.py:205} WARNING - Dependency <Task(BashOperator): create_entry_gcs>, delete_entry already registered for DAG: example_complex
[2023-02-02T01:15:52.807+0000] {logging_mixin.py:137} INFO - [2023-02-02T01:15:52.807+0000] {taskmixin.py:205} WARNING - Dependency <Task(BashOperator): delete_entry>, create_entry_gcs already registered for DAG: example_complex
[2023-02-02T01:15:52.808+0000] {logging_mixin.py:137} INFO - [2023-02-02T01:15:52.808+0000] {taskmixin.py:205} WARNING - Dependency <Task(BashOperator): create_tag>, delete_tag already registered for DAG: example_complex
[2023-02-02T01:15:52.808+0000] {logging_mixin.py:137} INFO - [2023-02-02T01:15:52.808+0000] {taskmixin.py:205} WARNING - Dependency <Task(BashOperator): delete_tag>, create_tag already registered for DAG: example_complex
[2023-02-02T01:15:52.814+0000] {processor.py:753} INFO - DAG(s) dict_keys(['example_complex']) retrieved from /home/airflow/.local/lib/python3.7/site-packages/airflow/example_dags/example_complex.py
[2023-02-02T01:15:52.834+0000] {logging_mixin.py:137} INFO - [2023-02-02T01:15:52.833+0000] {dag.py:2690} INFO - Sync 1 DAGs
[2023-02-02T01:15:52.850+0000] {logging_mixin.py:137} INFO - [2023-02-02T01:15:52.850+0000] {dag.py:3441} INFO - Setting next_dagrun for example_complex to None, run_after=None
[2023-02-02T01:15:52.862+0000] {processor.py:175} INFO - Processing /home/airflow/.local/lib/python3.7/site-packages/airflow/example_dags/example_complex.py took 0.072 seconds
[2023-02-02T01:16:23.665+0000] {processor.py:153} INFO - Started process (PID=893) to work on /home/airflow/.local/lib/python3.7/site-packages/airflow/example_dags/example_complex.py
[2023-02-02T01:16:23.665+0000] {processor.py:743} INFO - Processing file /home/airflow/.local/lib/python3.7/site-packages/airflow/example_dags/example_complex.py for tasks to queue
[2023-02-02T01:16:23.666+0000] {logging_mixin.py:137} INFO - [2023-02-02T01:16:23.666+0000] {dagbag.py:538} INFO - Filling up the DagBag from /home/airflow/.local/lib/python3.7/site-packages/airflow/example_dags/example_complex.py
[2023-02-02T01:16:23.677+0000] {logging_mixin.py:137} INFO - [2023-02-02T01:16:23.677+0000] {taskmixin.py:205} WARNING - Dependency <Task(BashOperator): create_entry_group>, delete_entry_group already registered for DAG: example_complex
[2023-02-02T01:16:23.677+0000] {logging_mixin.py:137} INFO - [2023-02-02T01:16:23.677+0000] {taskmixin.py:205} WARNING - Dependency <Task(BashOperator): delete_entry_group>, create_entry_group already registered for DAG: example_complex
[2023-02-02T01:16:23.677+0000] {logging_mixin.py:137} INFO - [2023-02-02T01:16:23.677+0000] {taskmixin.py:205} WARNING - Dependency <Task(BashOperator): create_entry_gcs>, delete_entry already registered for DAG: example_complex
[2023-02-02T01:16:23.677+0000] {logging_mixin.py:137} INFO - [2023-02-02T01:16:23.677+0000] {taskmixin.py:205} WARNING - Dependency <Task(BashOperator): delete_entry>, create_entry_gcs already registered for DAG: example_complex
[2023-02-02T01:16:23.678+0000] {logging_mixin.py:137} INFO - [2023-02-02T01:16:23.678+0000] {taskmixin.py:205} WARNING - Dependency <Task(BashOperator): create_tag>, delete_tag already registered for DAG: example_complex
[2023-02-02T01:16:23.678+0000] {logging_mixin.py:137} INFO - [2023-02-02T01:16:23.678+0000] {taskmixin.py:205} WARNING - Dependency <Task(BashOperator): delete_tag>, create_tag already registered for DAG: example_complex
[2023-02-02T01:16:23.684+0000] {processor.py:753} INFO - DAG(s) dict_keys(['example_complex']) retrieved from /home/airflow/.local/lib/python3.7/site-packages/airflow/example_dags/example_complex.py
[2023-02-02T01:16:23.708+0000] {logging_mixin.py:137} INFO - [2023-02-02T01:16:23.708+0000] {dag.py:2690} INFO - Sync 1 DAGs
[2023-02-02T01:16:23.725+0000] {logging_mixin.py:137} INFO - [2023-02-02T01:16:23.724+0000] {dag.py:3441} INFO - Setting next_dagrun for example_complex to None, run_after=None
[2023-02-02T01:16:23.737+0000] {processor.py:175} INFO - Processing /home/airflow/.local/lib/python3.7/site-packages/airflow/example_dags/example_complex.py took 0.074 seconds
[2023-02-02T01:16:54.536+0000] {processor.py:153} INFO - Started process (PID=980) to work on /home/airflow/.local/lib/python3.7/site-packages/airflow/example_dags/example_complex.py
[2023-02-02T01:16:54.537+0000] {processor.py:743} INFO - Processing file /home/airflow/.local/lib/python3.7/site-packages/airflow/example_dags/example_complex.py for tasks to queue
[2023-02-02T01:16:54.538+0000] {logging_mixin.py:137} INFO - [2023-02-02T01:16:54.538+0000] {dagbag.py:538} INFO - Filling up the DagBag from /home/airflow/.local/lib/python3.7/site-packages/airflow/example_dags/example_complex.py
[2023-02-02T01:16:54.550+0000] {logging_mixin.py:137} INFO - [2023-02-02T01:16:54.550+0000] {taskmixin.py:205} WARNING - Dependency <Task(BashOperator): create_entry_group>, delete_entry_group already registered for DAG: example_complex
[2023-02-02T01:16:54.550+0000] {logging_mixin.py:137} INFO - [2023-02-02T01:16:54.550+0000] {taskmixin.py:205} WARNING - Dependency <Task(BashOperator): delete_entry_group>, create_entry_group already registered for DAG: example_complex
[2023-02-02T01:16:54.551+0000] {logging_mixin.py:137} INFO - [2023-02-02T01:16:54.550+0000] {taskmixin.py:205} WARNING - Dependency <Task(BashOperator): create_entry_gcs>, delete_entry already registered for DAG: example_complex
[2023-02-02T01:16:54.551+0000] {logging_mixin.py:137} INFO - [2023-02-02T01:16:54.551+0000] {taskmixin.py:205} WARNING - Dependency <Task(BashOperator): delete_entry>, create_entry_gcs already registered for DAG: example_complex
[2023-02-02T01:16:54.551+0000] {logging_mixin.py:137} INFO - [2023-02-02T01:16:54.551+0000] {taskmixin.py:205} WARNING - Dependency <Task(BashOperator): create_tag>, delete_tag already registered for DAG: example_complex
[2023-02-02T01:16:54.551+0000] {logging_mixin.py:137} INFO - [2023-02-02T01:16:54.551+0000] {taskmixin.py:205} WARNING - Dependency <Task(BashOperator): delete_tag>, create_tag already registered for DAG: example_complex
[2023-02-02T01:16:54.557+0000] {processor.py:753} INFO - DAG(s) dict_keys(['example_complex']) retrieved from /home/airflow/.local/lib/python3.7/site-packages/airflow/example_dags/example_complex.py
[2023-02-02T01:16:54.577+0000] {logging_mixin.py:137} INFO - [2023-02-02T01:16:54.576+0000] {dag.py:2690} INFO - Sync 1 DAGs
[2023-02-02T01:16:54.595+0000] {logging_mixin.py:137} INFO - [2023-02-02T01:16:54.595+0000] {dag.py:3441} INFO - Setting next_dagrun for example_complex to None, run_after=None
[2023-02-02T01:16:54.607+0000] {processor.py:175} INFO - Processing /home/airflow/.local/lib/python3.7/site-packages/airflow/example_dags/example_complex.py took 0.074 seconds
[2023-02-02T01:17:25.328+0000] {processor.py:153} INFO - Started process (PID=1067) to work on /home/airflow/.local/lib/python3.7/site-packages/airflow/example_dags/example_complex.py
[2023-02-02T01:17:25.329+0000] {processor.py:743} INFO - Processing file /home/airflow/.local/lib/python3.7/site-packages/airflow/example_dags/example_complex.py for tasks to queue
[2023-02-02T01:17:25.329+0000] {logging_mixin.py:137} INFO - [2023-02-02T01:17:25.329+0000] {dagbag.py:538} INFO - Filling up the DagBag from /home/airflow/.local/lib/python3.7/site-packages/airflow/example_dags/example_complex.py
[2023-02-02T01:17:25.342+0000] {logging_mixin.py:137} INFO - [2023-02-02T01:17:25.342+0000] {taskmixin.py:205} WARNING - Dependency <Task(BashOperator): create_entry_group>, delete_entry_group already registered for DAG: example_complex
[2023-02-02T01:17:25.342+0000] {logging_mixin.py:137} INFO - [2023-02-02T01:17:25.342+0000] {taskmixin.py:205} WARNING - Dependency <Task(BashOperator): delete_entry_group>, create_entry_group already registered for DAG: example_complex
[2023-02-02T01:17:25.343+0000] {logging_mixin.py:137} INFO - [2023-02-02T01:17:25.343+0000] {taskmixin.py:205} WARNING - Dependency <Task(BashOperator): create_entry_gcs>, delete_entry already registered for DAG: example_complex
[2023-02-02T01:17:25.343+0000] {logging_mixin.py:137} INFO - [2023-02-02T01:17:25.343+0000] {taskmixin.py:205} WARNING - Dependency <Task(BashOperator): delete_entry>, create_entry_gcs already registered for DAG: example_complex
[2023-02-02T01:17:25.344+0000] {logging_mixin.py:137} INFO - [2023-02-02T01:17:25.344+0000] {taskmixin.py:205} WARNING - Dependency <Task(BashOperator): create_tag>, delete_tag already registered for DAG: example_complex
[2023-02-02T01:17:25.344+0000] {logging_mixin.py:137} INFO - [2023-02-02T01:17:25.344+0000] {taskmixin.py:205} WARNING - Dependency <Task(BashOperator): delete_tag>, create_tag already registered for DAG: example_complex
[2023-02-02T01:17:25.352+0000] {processor.py:753} INFO - DAG(s) dict_keys(['example_complex']) retrieved from /home/airflow/.local/lib/python3.7/site-packages/airflow/example_dags/example_complex.py
[2023-02-02T01:17:25.380+0000] {logging_mixin.py:137} INFO - [2023-02-02T01:17:25.380+0000] {dag.py:2690} INFO - Sync 1 DAGs
[2023-02-02T01:17:25.400+0000] {logging_mixin.py:137} INFO - [2023-02-02T01:17:25.400+0000] {dag.py:3441} INFO - Setting next_dagrun for example_complex to None, run_after=None
[2023-02-02T01:17:25.416+0000] {processor.py:175} INFO - Processing /home/airflow/.local/lib/python3.7/site-packages/airflow/example_dags/example_complex.py took 0.090 seconds
[2023-02-02T01:17:56.172+0000] {processor.py:153} INFO - Started process (PID=1138) to work on /home/airflow/.local/lib/python3.7/site-packages/airflow/example_dags/example_complex.py
[2023-02-02T01:17:56.172+0000] {processor.py:743} INFO - Processing file /home/airflow/.local/lib/python3.7/site-packages/airflow/example_dags/example_complex.py for tasks to queue
[2023-02-02T01:17:56.173+0000] {logging_mixin.py:137} INFO - [2023-02-02T01:17:56.173+0000] {dagbag.py:538} INFO - Filling up the DagBag from /home/airflow/.local/lib/python3.7/site-packages/airflow/example_dags/example_complex.py
[2023-02-02T01:17:56.181+0000] {logging_mixin.py:137} INFO - [2023-02-02T01:17:56.181+0000] {taskmixin.py:205} WARNING - Dependency <Task(BashOperator): create_entry_group>, delete_entry_group already registered for DAG: example_complex
[2023-02-02T01:17:56.181+0000] {logging_mixin.py:137} INFO - [2023-02-02T01:17:56.181+0000] {taskmixin.py:205} WARNING - Dependency <Task(BashOperator): delete_entry_group>, create_entry_group already registered for DAG: example_complex
[2023-02-02T01:17:56.181+0000] {logging_mixin.py:137} INFO - [2023-02-02T01:17:56.181+0000] {taskmixin.py:205} WARNING - Dependency <Task(BashOperator): create_entry_gcs>, delete_entry already registered for DAG: example_complex
[2023-02-02T01:17:56.182+0000] {logging_mixin.py:137} INFO - [2023-02-02T01:17:56.182+0000] {taskmixin.py:205} WARNING - Dependency <Task(BashOperator): delete_entry>, create_entry_gcs already registered for DAG: example_complex
[2023-02-02T01:17:56.182+0000] {logging_mixin.py:137} INFO - [2023-02-02T01:17:56.182+0000] {taskmixin.py:205} WARNING - Dependency <Task(BashOperator): create_tag>, delete_tag already registered for DAG: example_complex
[2023-02-02T01:17:56.182+0000] {logging_mixin.py:137} INFO - [2023-02-02T01:17:56.182+0000] {taskmixin.py:205} WARNING - Dependency <Task(BashOperator): delete_tag>, create_tag already registered for DAG: example_complex
[2023-02-02T01:17:56.188+0000] {processor.py:753} INFO - DAG(s) dict_keys(['example_complex']) retrieved from /home/airflow/.local/lib/python3.7/site-packages/airflow/example_dags/example_complex.py
[2023-02-02T01:17:56.210+0000] {logging_mixin.py:137} INFO - [2023-02-02T01:17:56.209+0000] {dag.py:2690} INFO - Sync 1 DAGs
[2023-02-02T01:17:56.227+0000] {logging_mixin.py:137} INFO - [2023-02-02T01:17:56.227+0000] {dag.py:3441} INFO - Setting next_dagrun for example_complex to None, run_after=None
[2023-02-02T01:17:56.242+0000] {processor.py:175} INFO - Processing /home/airflow/.local/lib/python3.7/site-packages/airflow/example_dags/example_complex.py took 0.072 seconds
[2023-02-02T01:18:26.944+0000] {processor.py:153} INFO - Started process (PID=1225) to work on /home/airflow/.local/lib/python3.7/site-packages/airflow/example_dags/example_complex.py
[2023-02-02T01:18:26.945+0000] {processor.py:743} INFO - Processing file /home/airflow/.local/lib/python3.7/site-packages/airflow/example_dags/example_complex.py for tasks to queue
[2023-02-02T01:18:26.945+0000] {logging_mixin.py:137} INFO - [2023-02-02T01:18:26.945+0000] {dagbag.py:538} INFO - Filling up the DagBag from /home/airflow/.local/lib/python3.7/site-packages/airflow/example_dags/example_complex.py
[2023-02-02T01:18:26.953+0000] {logging_mixin.py:137} INFO - [2023-02-02T01:18:26.953+0000] {taskmixin.py:205} WARNING - Dependency <Task(BashOperator): create_entry_group>, delete_entry_group already registered for DAG: example_complex
[2023-02-02T01:18:26.953+0000] {logging_mixin.py:137} INFO - [2023-02-02T01:18:26.953+0000] {taskmixin.py:205} WARNING - Dependency <Task(BashOperator): delete_entry_group>, create_entry_group already registered for DAG: example_complex
[2023-02-02T01:18:26.953+0000] {logging_mixin.py:137} INFO - [2023-02-02T01:18:26.953+0000] {taskmixin.py:205} WARNING - Dependency <Task(BashOperator): create_entry_gcs>, delete_entry already registered for DAG: example_complex
[2023-02-02T01:18:26.954+0000] {logging_mixin.py:137} INFO - [2023-02-02T01:18:26.954+0000] {taskmixin.py:205} WARNING - Dependency <Task(BashOperator): delete_entry>, create_entry_gcs already registered for DAG: example_complex
[2023-02-02T01:18:26.954+0000] {logging_mixin.py:137} INFO - [2023-02-02T01:18:26.954+0000] {taskmixin.py:205} WARNING - Dependency <Task(BashOperator): create_tag>, delete_tag already registered for DAG: example_complex
[2023-02-02T01:18:26.954+0000] {logging_mixin.py:137} INFO - [2023-02-02T01:18:26.954+0000] {taskmixin.py:205} WARNING - Dependency <Task(BashOperator): delete_tag>, create_tag already registered for DAG: example_complex
[2023-02-02T01:18:26.960+0000] {processor.py:753} INFO - DAG(s) dict_keys(['example_complex']) retrieved from /home/airflow/.local/lib/python3.7/site-packages/airflow/example_dags/example_complex.py
[2023-02-02T01:18:26.978+0000] {logging_mixin.py:137} INFO - [2023-02-02T01:18:26.978+0000] {dag.py:2690} INFO - Sync 1 DAGs
[2023-02-02T01:18:26.993+0000] {logging_mixin.py:137} INFO - [2023-02-02T01:18:26.993+0000] {dag.py:3441} INFO - Setting next_dagrun for example_complex to None, run_after=None
[2023-02-02T01:18:27.005+0000] {processor.py:175} INFO - Processing /home/airflow/.local/lib/python3.7/site-packages/airflow/example_dags/example_complex.py took 0.063 seconds
[2023-02-02T01:18:57.816+0000] {processor.py:153} INFO - Started process (PID=1312) to work on /home/airflow/.local/lib/python3.7/site-packages/airflow/example_dags/example_complex.py
[2023-02-02T01:18:57.817+0000] {processor.py:743} INFO - Processing file /home/airflow/.local/lib/python3.7/site-packages/airflow/example_dags/example_complex.py for tasks to queue
[2023-02-02T01:18:57.817+0000] {logging_mixin.py:137} INFO - [2023-02-02T01:18:57.817+0000] {dagbag.py:538} INFO - Filling up the DagBag from /home/airflow/.local/lib/python3.7/site-packages/airflow/example_dags/example_complex.py
[2023-02-02T01:18:57.829+0000] {logging_mixin.py:137} INFO - [2023-02-02T01:18:57.829+0000] {taskmixin.py:205} WARNING - Dependency <Task(BashOperator): create_entry_group>, delete_entry_group already registered for DAG: example_complex
[2023-02-02T01:18:57.830+0000] {logging_mixin.py:137} INFO - [2023-02-02T01:18:57.829+0000] {taskmixin.py:205} WARNING - Dependency <Task(BashOperator): delete_entry_group>, create_entry_group already registered for DAG: example_complex
[2023-02-02T01:18:57.830+0000] {logging_mixin.py:137} INFO - [2023-02-02T01:18:57.830+0000] {taskmixin.py:205} WARNING - Dependency <Task(BashOperator): create_entry_gcs>, delete_entry already registered for DAG: example_complex
[2023-02-02T01:18:57.830+0000] {logging_mixin.py:137} INFO - [2023-02-02T01:18:57.830+0000] {taskmixin.py:205} WARNING - Dependency <Task(BashOperator): delete_entry>, create_entry_gcs already registered for DAG: example_complex
[2023-02-02T01:18:57.831+0000] {logging_mixin.py:137} INFO - [2023-02-02T01:18:57.831+0000] {taskmixin.py:205} WARNING - Dependency <Task(BashOperator): create_tag>, delete_tag already registered for DAG: example_complex
[2023-02-02T01:18:57.831+0000] {logging_mixin.py:137} INFO - [2023-02-02T01:18:57.831+0000] {taskmixin.py:205} WARNING - Dependency <Task(BashOperator): delete_tag>, create_tag already registered for DAG: example_complex
[2023-02-02T01:18:57.836+0000] {processor.py:753} INFO - DAG(s) dict_keys(['example_complex']) retrieved from /home/airflow/.local/lib/python3.7/site-packages/airflow/example_dags/example_complex.py
[2023-02-02T01:18:57.856+0000] {logging_mixin.py:137} INFO - [2023-02-02T01:18:57.856+0000] {dag.py:2690} INFO - Sync 1 DAGs
[2023-02-02T01:18:57.872+0000] {logging_mixin.py:137} INFO - [2023-02-02T01:18:57.872+0000] {dag.py:3441} INFO - Setting next_dagrun for example_complex to None, run_after=None
[2023-02-02T01:18:57.885+0000] {processor.py:175} INFO - Processing /home/airflow/.local/lib/python3.7/site-packages/airflow/example_dags/example_complex.py took 0.073 seconds
[2023-02-02T01:19:28.529+0000] {processor.py:153} INFO - Started process (PID=1383) to work on /home/airflow/.local/lib/python3.7/site-packages/airflow/example_dags/example_complex.py
[2023-02-02T01:19:28.529+0000] {processor.py:743} INFO - Processing file /home/airflow/.local/lib/python3.7/site-packages/airflow/example_dags/example_complex.py for tasks to queue
[2023-02-02T01:19:28.530+0000] {logging_mixin.py:137} INFO - [2023-02-02T01:19:28.529+0000] {dagbag.py:538} INFO - Filling up the DagBag from /home/airflow/.local/lib/python3.7/site-packages/airflow/example_dags/example_complex.py
[2023-02-02T01:19:28.538+0000] {logging_mixin.py:137} INFO - [2023-02-02T01:19:28.538+0000] {taskmixin.py:205} WARNING - Dependency <Task(BashOperator): create_entry_group>, delete_entry_group already registered for DAG: example_complex
[2023-02-02T01:19:28.539+0000] {logging_mixin.py:137} INFO - [2023-02-02T01:19:28.538+0000] {taskmixin.py:205} WARNING - Dependency <Task(BashOperator): delete_entry_group>, create_entry_group already registered for DAG: example_complex
[2023-02-02T01:19:28.539+0000] {logging_mixin.py:137} INFO - [2023-02-02T01:19:28.539+0000] {taskmixin.py:205} WARNING - Dependency <Task(BashOperator): create_entry_gcs>, delete_entry already registered for DAG: example_complex
[2023-02-02T01:19:28.539+0000] {logging_mixin.py:137} INFO - [2023-02-02T01:19:28.539+0000] {taskmixin.py:205} WARNING - Dependency <Task(BashOperator): delete_entry>, create_entry_gcs already registered for DAG: example_complex
[2023-02-02T01:19:28.539+0000] {logging_mixin.py:137} INFO - [2023-02-02T01:19:28.539+0000] {taskmixin.py:205} WARNING - Dependency <Task(BashOperator): create_tag>, delete_tag already registered for DAG: example_complex
[2023-02-02T01:19:28.540+0000] {logging_mixin.py:137} INFO - [2023-02-02T01:19:28.540+0000] {taskmixin.py:205} WARNING - Dependency <Task(BashOperator): delete_tag>, create_tag already registered for DAG: example_complex
[2023-02-02T01:19:28.548+0000] {processor.py:753} INFO - DAG(s) dict_keys(['example_complex']) retrieved from /home/airflow/.local/lib/python3.7/site-packages/airflow/example_dags/example_complex.py
[2023-02-02T01:19:28.571+0000] {logging_mixin.py:137} INFO - [2023-02-02T01:19:28.571+0000] {dag.py:2690} INFO - Sync 1 DAGs
[2023-02-02T01:19:28.590+0000] {logging_mixin.py:137} INFO - [2023-02-02T01:19:28.589+0000] {dag.py:3441} INFO - Setting next_dagrun for example_complex to None, run_after=None
[2023-02-02T01:19:28.601+0000] {processor.py:175} INFO - Processing /home/airflow/.local/lib/python3.7/site-packages/airflow/example_dags/example_complex.py took 0.075 seconds
[2023-02-02T01:19:59.249+0000] {processor.py:153} INFO - Started process (PID=1470) to work on /home/airflow/.local/lib/python3.7/site-packages/airflow/example_dags/example_complex.py
[2023-02-02T01:19:59.250+0000] {processor.py:743} INFO - Processing file /home/airflow/.local/lib/python3.7/site-packages/airflow/example_dags/example_complex.py for tasks to queue
[2023-02-02T01:19:59.250+0000] {logging_mixin.py:137} INFO - [2023-02-02T01:19:59.250+0000] {dagbag.py:538} INFO - Filling up the DagBag from /home/airflow/.local/lib/python3.7/site-packages/airflow/example_dags/example_complex.py
[2023-02-02T01:19:59.258+0000] {logging_mixin.py:137} INFO - [2023-02-02T01:19:59.258+0000] {taskmixin.py:205} WARNING - Dependency <Task(BashOperator): create_entry_group>, delete_entry_group already registered for DAG: example_complex
[2023-02-02T01:19:59.258+0000] {logging_mixin.py:137} INFO - [2023-02-02T01:19:59.258+0000] {taskmixin.py:205} WARNING - Dependency <Task(BashOperator): delete_entry_group>, create_entry_group already registered for DAG: example_complex
[2023-02-02T01:19:59.258+0000] {logging_mixin.py:137} INFO - [2023-02-02T01:19:59.258+0000] {taskmixin.py:205} WARNING - Dependency <Task(BashOperator): create_entry_gcs>, delete_entry already registered for DAG: example_complex
[2023-02-02T01:19:59.258+0000] {logging_mixin.py:137} INFO - [2023-02-02T01:19:59.258+0000] {taskmixin.py:205} WARNING - Dependency <Task(BashOperator): delete_entry>, create_entry_gcs already registered for DAG: example_complex
[2023-02-02T01:19:59.259+0000] {logging_mixin.py:137} INFO - [2023-02-02T01:19:59.259+0000] {taskmixin.py:205} WARNING - Dependency <Task(BashOperator): create_tag>, delete_tag already registered for DAG: example_complex
[2023-02-02T01:19:59.259+0000] {logging_mixin.py:137} INFO - [2023-02-02T01:19:59.259+0000] {taskmixin.py:205} WARNING - Dependency <Task(BashOperator): delete_tag>, create_tag already registered for DAG: example_complex
[2023-02-02T01:19:59.264+0000] {processor.py:753} INFO - DAG(s) dict_keys(['example_complex']) retrieved from /home/airflow/.local/lib/python3.7/site-packages/airflow/example_dags/example_complex.py
[2023-02-02T01:19:59.284+0000] {logging_mixin.py:137} INFO - [2023-02-02T01:19:59.284+0000] {dag.py:2690} INFO - Sync 1 DAGs
[2023-02-02T01:19:59.300+0000] {logging_mixin.py:137} INFO - [2023-02-02T01:19:59.300+0000] {dag.py:3441} INFO - Setting next_dagrun for example_complex to None, run_after=None
[2023-02-02T01:19:59.313+0000] {processor.py:175} INFO - Processing /home/airflow/.local/lib/python3.7/site-packages/airflow/example_dags/example_complex.py took 0.067 seconds
[2023-02-02T01:20:30.021+0000] {processor.py:153} INFO - Started process (PID=1557) to work on /home/airflow/.local/lib/python3.7/site-packages/airflow/example_dags/example_complex.py
[2023-02-02T01:20:30.022+0000] {processor.py:743} INFO - Processing file /home/airflow/.local/lib/python3.7/site-packages/airflow/example_dags/example_complex.py for tasks to queue
[2023-02-02T01:20:30.022+0000] {logging_mixin.py:137} INFO - [2023-02-02T01:20:30.022+0000] {dagbag.py:538} INFO - Filling up the DagBag from /home/airflow/.local/lib/python3.7/site-packages/airflow/example_dags/example_complex.py
[2023-02-02T01:20:30.031+0000] {logging_mixin.py:137} INFO - [2023-02-02T01:20:30.031+0000] {taskmixin.py:205} WARNING - Dependency <Task(BashOperator): create_entry_group>, delete_entry_group already registered for DAG: example_complex
[2023-02-02T01:20:30.032+0000] {logging_mixin.py:137} INFO - [2023-02-02T01:20:30.032+0000] {taskmixin.py:205} WARNING - Dependency <Task(BashOperator): delete_entry_group>, create_entry_group already registered for DAG: example_complex
[2023-02-02T01:20:30.032+0000] {logging_mixin.py:137} INFO - [2023-02-02T01:20:30.032+0000] {taskmixin.py:205} WARNING - Dependency <Task(BashOperator): create_entry_gcs>, delete_entry already registered for DAG: example_complex
[2023-02-02T01:20:30.032+0000] {logging_mixin.py:137} INFO - [2023-02-02T01:20:30.032+0000] {taskmixin.py:205} WARNING - Dependency <Task(BashOperator): delete_entry>, create_entry_gcs already registered for DAG: example_complex
[2023-02-02T01:20:30.033+0000] {logging_mixin.py:137} INFO - [2023-02-02T01:20:30.033+0000] {taskmixin.py:205} WARNING - Dependency <Task(BashOperator): create_tag>, delete_tag already registered for DAG: example_complex
[2023-02-02T01:20:30.033+0000] {logging_mixin.py:137} INFO - [2023-02-02T01:20:30.033+0000] {taskmixin.py:205} WARNING - Dependency <Task(BashOperator): delete_tag>, create_tag already registered for DAG: example_complex
[2023-02-02T01:20:30.039+0000] {processor.py:753} INFO - DAG(s) dict_keys(['example_complex']) retrieved from /home/airflow/.local/lib/python3.7/site-packages/airflow/example_dags/example_complex.py
[2023-02-02T01:20:30.059+0000] {logging_mixin.py:137} INFO - [2023-02-02T01:20:30.059+0000] {dag.py:2690} INFO - Sync 1 DAGs
[2023-02-02T01:20:30.075+0000] {logging_mixin.py:137} INFO - [2023-02-02T01:20:30.075+0000] {dag.py:3441} INFO - Setting next_dagrun for example_complex to None, run_after=None
[2023-02-02T01:20:30.091+0000] {processor.py:175} INFO - Processing /home/airflow/.local/lib/python3.7/site-packages/airflow/example_dags/example_complex.py took 0.071 seconds
[2023-02-02T01:21:00.724+0000] {processor.py:153} INFO - Started process (PID=1628) to work on /home/airflow/.local/lib/python3.7/site-packages/airflow/example_dags/example_complex.py
[2023-02-02T01:21:00.724+0000] {processor.py:743} INFO - Processing file /home/airflow/.local/lib/python3.7/site-packages/airflow/example_dags/example_complex.py for tasks to queue
[2023-02-02T01:21:00.725+0000] {logging_mixin.py:137} INFO - [2023-02-02T01:21:00.725+0000] {dagbag.py:538} INFO - Filling up the DagBag from /home/airflow/.local/lib/python3.7/site-packages/airflow/example_dags/example_complex.py
[2023-02-02T01:21:00.733+0000] {logging_mixin.py:137} INFO - [2023-02-02T01:21:00.733+0000] {taskmixin.py:205} WARNING - Dependency <Task(BashOperator): create_entry_group>, delete_entry_group already registered for DAG: example_complex
[2023-02-02T01:21:00.733+0000] {logging_mixin.py:137} INFO - [2023-02-02T01:21:00.733+0000] {taskmixin.py:205} WARNING - Dependency <Task(BashOperator): delete_entry_group>, create_entry_group already registered for DAG: example_complex
[2023-02-02T01:21:00.734+0000] {logging_mixin.py:137} INFO - [2023-02-02T01:21:00.734+0000] {taskmixin.py:205} WARNING - Dependency <Task(BashOperator): create_entry_gcs>, delete_entry already registered for DAG: example_complex
[2023-02-02T01:21:00.734+0000] {logging_mixin.py:137} INFO - [2023-02-02T01:21:00.734+0000] {taskmixin.py:205} WARNING - Dependency <Task(BashOperator): delete_entry>, create_entry_gcs already registered for DAG: example_complex
[2023-02-02T01:21:00.734+0000] {logging_mixin.py:137} INFO - [2023-02-02T01:21:00.734+0000] {taskmixin.py:205} WARNING - Dependency <Task(BashOperator): create_tag>, delete_tag already registered for DAG: example_complex
[2023-02-02T01:21:00.735+0000] {logging_mixin.py:137} INFO - [2023-02-02T01:21:00.734+0000] {taskmixin.py:205} WARNING - Dependency <Task(BashOperator): delete_tag>, create_tag already registered for DAG: example_complex
[2023-02-02T01:21:00.740+0000] {processor.py:753} INFO - DAG(s) dict_keys(['example_complex']) retrieved from /home/airflow/.local/lib/python3.7/site-packages/airflow/example_dags/example_complex.py
[2023-02-02T01:21:00.762+0000] {logging_mixin.py:137} INFO - [2023-02-02T01:21:00.762+0000] {dag.py:2690} INFO - Sync 1 DAGs
[2023-02-02T01:21:00.778+0000] {logging_mixin.py:137} INFO - [2023-02-02T01:21:00.778+0000] {dag.py:3441} INFO - Setting next_dagrun for example_complex to None, run_after=None
[2023-02-02T01:21:00.790+0000] {processor.py:175} INFO - Processing /home/airflow/.local/lib/python3.7/site-packages/airflow/example_dags/example_complex.py took 0.069 seconds
[2023-02-02T01:21:31.422+0000] {processor.py:153} INFO - Started process (PID=1715) to work on /home/airflow/.local/lib/python3.7/site-packages/airflow/example_dags/example_complex.py
[2023-02-02T01:21:31.423+0000] {processor.py:743} INFO - Processing file /home/airflow/.local/lib/python3.7/site-packages/airflow/example_dags/example_complex.py for tasks to queue
[2023-02-02T01:21:31.424+0000] {logging_mixin.py:137} INFO - [2023-02-02T01:21:31.424+0000] {dagbag.py:538} INFO - Filling up the DagBag from /home/airflow/.local/lib/python3.7/site-packages/airflow/example_dags/example_complex.py
[2023-02-02T01:21:31.432+0000] {logging_mixin.py:137} INFO - [2023-02-02T01:21:31.432+0000] {taskmixin.py:205} WARNING - Dependency <Task(BashOperator): create_entry_group>, delete_entry_group already registered for DAG: example_complex
[2023-02-02T01:21:31.432+0000] {logging_mixin.py:137} INFO - [2023-02-02T01:21:31.432+0000] {taskmixin.py:205} WARNING - Dependency <Task(BashOperator): delete_entry_group>, create_entry_group already registered for DAG: example_complex
[2023-02-02T01:21:31.433+0000] {logging_mixin.py:137} INFO - [2023-02-02T01:21:31.433+0000] {taskmixin.py:205} WARNING - Dependency <Task(BashOperator): create_entry_gcs>, delete_entry already registered for DAG: example_complex
[2023-02-02T01:21:31.433+0000] {logging_mixin.py:137} INFO - [2023-02-02T01:21:31.433+0000] {taskmixin.py:205} WARNING - Dependency <Task(BashOperator): delete_entry>, create_entry_gcs already registered for DAG: example_complex
[2023-02-02T01:21:31.433+0000] {logging_mixin.py:137} INFO - [2023-02-02T01:21:31.433+0000] {taskmixin.py:205} WARNING - Dependency <Task(BashOperator): create_tag>, delete_tag already registered for DAG: example_complex
[2023-02-02T01:21:31.434+0000] {logging_mixin.py:137} INFO - [2023-02-02T01:21:31.433+0000] {taskmixin.py:205} WARNING - Dependency <Task(BashOperator): delete_tag>, create_tag already registered for DAG: example_complex
[2023-02-02T01:21:31.440+0000] {processor.py:753} INFO - DAG(s) dict_keys(['example_complex']) retrieved from /home/airflow/.local/lib/python3.7/site-packages/airflow/example_dags/example_complex.py
[2023-02-02T01:21:31.459+0000] {logging_mixin.py:137} INFO - [2023-02-02T01:21:31.458+0000] {dag.py:2690} INFO - Sync 1 DAGs
[2023-02-02T01:21:31.474+0000] {logging_mixin.py:137} INFO - [2023-02-02T01:21:31.474+0000] {dag.py:3441} INFO - Setting next_dagrun for example_complex to None, run_after=None
[2023-02-02T01:21:31.486+0000] {processor.py:175} INFO - Processing /home/airflow/.local/lib/python3.7/site-packages/airflow/example_dags/example_complex.py took 0.066 seconds
[2023-02-02T01:22:02.118+0000] {processor.py:153} INFO - Started process (PID=1802) to work on /home/airflow/.local/lib/python3.7/site-packages/airflow/example_dags/example_complex.py
[2023-02-02T01:22:02.118+0000] {processor.py:743} INFO - Processing file /home/airflow/.local/lib/python3.7/site-packages/airflow/example_dags/example_complex.py for tasks to queue
[2023-02-02T01:22:02.118+0000] {logging_mixin.py:137} INFO - [2023-02-02T01:22:02.118+0000] {dagbag.py:538} INFO - Filling up the DagBag from /home/airflow/.local/lib/python3.7/site-packages/airflow/example_dags/example_complex.py
[2023-02-02T01:22:02.126+0000] {logging_mixin.py:137} INFO - [2023-02-02T01:22:02.126+0000] {taskmixin.py:205} WARNING - Dependency <Task(BashOperator): create_entry_group>, delete_entry_group already registered for DAG: example_complex
[2023-02-02T01:22:02.126+0000] {logging_mixin.py:137} INFO - [2023-02-02T01:22:02.126+0000] {taskmixin.py:205} WARNING - Dependency <Task(BashOperator): delete_entry_group>, create_entry_group already registered for DAG: example_complex
[2023-02-02T01:22:02.126+0000] {logging_mixin.py:137} INFO - [2023-02-02T01:22:02.126+0000] {taskmixin.py:205} WARNING - Dependency <Task(BashOperator): create_entry_gcs>, delete_entry already registered for DAG: example_complex
[2023-02-02T01:22:02.126+0000] {logging_mixin.py:137} INFO - [2023-02-02T01:22:02.126+0000] {taskmixin.py:205} WARNING - Dependency <Task(BashOperator): delete_entry>, create_entry_gcs already registered for DAG: example_complex
[2023-02-02T01:22:02.127+0000] {logging_mixin.py:137} INFO - [2023-02-02T01:22:02.127+0000] {taskmixin.py:205} WARNING - Dependency <Task(BashOperator): create_tag>, delete_tag already registered for DAG: example_complex
[2023-02-02T01:22:02.127+0000] {logging_mixin.py:137} INFO - [2023-02-02T01:22:02.127+0000] {taskmixin.py:205} WARNING - Dependency <Task(BashOperator): delete_tag>, create_tag already registered for DAG: example_complex
[2023-02-02T01:22:02.131+0000] {processor.py:753} INFO - DAG(s) dict_keys(['example_complex']) retrieved from /home/airflow/.local/lib/python3.7/site-packages/airflow/example_dags/example_complex.py
[2023-02-02T01:22:02.152+0000] {logging_mixin.py:137} INFO - [2023-02-02T01:22:02.151+0000] {dag.py:2690} INFO - Sync 1 DAGs
[2023-02-02T01:22:02.168+0000] {logging_mixin.py:137} INFO - [2023-02-02T01:22:02.167+0000] {dag.py:3441} INFO - Setting next_dagrun for example_complex to None, run_after=None
[2023-02-02T01:22:02.179+0000] {processor.py:175} INFO - Processing /home/airflow/.local/lib/python3.7/site-packages/airflow/example_dags/example_complex.py took 0.063 seconds
[2023-02-02T01:22:33.019+0000] {processor.py:153} INFO - Started process (PID=1882) to work on /home/airflow/.local/lib/python3.7/site-packages/airflow/example_dags/example_complex.py
[2023-02-02T01:22:33.019+0000] {processor.py:743} INFO - Processing file /home/airflow/.local/lib/python3.7/site-packages/airflow/example_dags/example_complex.py for tasks to queue
[2023-02-02T01:22:33.020+0000] {logging_mixin.py:137} INFO - [2023-02-02T01:22:33.020+0000] {dagbag.py:538} INFO - Filling up the DagBag from /home/airflow/.local/lib/python3.7/site-packages/airflow/example_dags/example_complex.py
[2023-02-02T01:22:33.033+0000] {logging_mixin.py:137} INFO - [2023-02-02T01:22:33.033+0000] {taskmixin.py:205} WARNING - Dependency <Task(BashOperator): create_entry_group>, delete_entry_group already registered for DAG: example_complex
[2023-02-02T01:22:33.033+0000] {logging_mixin.py:137} INFO - [2023-02-02T01:22:33.033+0000] {taskmixin.py:205} WARNING - Dependency <Task(BashOperator): delete_entry_group>, create_entry_group already registered for DAG: example_complex
[2023-02-02T01:22:33.033+0000] {logging_mixin.py:137} INFO - [2023-02-02T01:22:33.033+0000] {taskmixin.py:205} WARNING - Dependency <Task(BashOperator): create_entry_gcs>, delete_entry already registered for DAG: example_complex
[2023-02-02T01:22:33.034+0000] {logging_mixin.py:137} INFO - [2023-02-02T01:22:33.034+0000] {taskmixin.py:205} WARNING - Dependency <Task(BashOperator): delete_entry>, create_entry_gcs already registered for DAG: example_complex
[2023-02-02T01:22:33.034+0000] {logging_mixin.py:137} INFO - [2023-02-02T01:22:33.034+0000] {taskmixin.py:205} WARNING - Dependency <Task(BashOperator): create_tag>, delete_tag already registered for DAG: example_complex
[2023-02-02T01:22:33.035+0000] {logging_mixin.py:137} INFO - [2023-02-02T01:22:33.035+0000] {taskmixin.py:205} WARNING - Dependency <Task(BashOperator): delete_tag>, create_tag already registered for DAG: example_complex
[2023-02-02T01:22:33.043+0000] {processor.py:753} INFO - DAG(s) dict_keys(['example_complex']) retrieved from /home/airflow/.local/lib/python3.7/site-packages/airflow/example_dags/example_complex.py
[2023-02-02T01:22:33.076+0000] {logging_mixin.py:137} INFO - [2023-02-02T01:22:33.076+0000] {dag.py:2690} INFO - Sync 1 DAGs
[2023-02-02T01:22:33.096+0000] {logging_mixin.py:137} INFO - [2023-02-02T01:22:33.096+0000] {dag.py:3441} INFO - Setting next_dagrun for example_complex to None, run_after=None
[2023-02-02T01:22:33.108+0000] {processor.py:175} INFO - Processing /home/airflow/.local/lib/python3.7/site-packages/airflow/example_dags/example_complex.py took 0.093 seconds
[2023-02-02T01:23:03.748+0000] {processor.py:153} INFO - Started process (PID=1960) to work on /home/airflow/.local/lib/python3.7/site-packages/airflow/example_dags/example_complex.py
[2023-02-02T01:23:03.748+0000] {processor.py:743} INFO - Processing file /home/airflow/.local/lib/python3.7/site-packages/airflow/example_dags/example_complex.py for tasks to queue
[2023-02-02T01:23:03.749+0000] {logging_mixin.py:137} INFO - [2023-02-02T01:23:03.749+0000] {dagbag.py:538} INFO - Filling up the DagBag from /home/airflow/.local/lib/python3.7/site-packages/airflow/example_dags/example_complex.py
[2023-02-02T01:23:03.759+0000] {logging_mixin.py:137} INFO - [2023-02-02T01:23:03.759+0000] {taskmixin.py:205} WARNING - Dependency <Task(BashOperator): create_entry_group>, delete_entry_group already registered for DAG: example_complex
[2023-02-02T01:23:03.759+0000] {logging_mixin.py:137} INFO - [2023-02-02T01:23:03.759+0000] {taskmixin.py:205} WARNING - Dependency <Task(BashOperator): delete_entry_group>, create_entry_group already registered for DAG: example_complex
[2023-02-02T01:23:03.759+0000] {logging_mixin.py:137} INFO - [2023-02-02T01:23:03.759+0000] {taskmixin.py:205} WARNING - Dependency <Task(BashOperator): create_entry_gcs>, delete_entry already registered for DAG: example_complex
[2023-02-02T01:23:03.759+0000] {logging_mixin.py:137} INFO - [2023-02-02T01:23:03.759+0000] {taskmixin.py:205} WARNING - Dependency <Task(BashOperator): delete_entry>, create_entry_gcs already registered for DAG: example_complex
[2023-02-02T01:23:03.760+0000] {logging_mixin.py:137} INFO - [2023-02-02T01:23:03.760+0000] {taskmixin.py:205} WARNING - Dependency <Task(BashOperator): create_tag>, delete_tag already registered for DAG: example_complex
[2023-02-02T01:23:03.760+0000] {logging_mixin.py:137} INFO - [2023-02-02T01:23:03.760+0000] {taskmixin.py:205} WARNING - Dependency <Task(BashOperator): delete_tag>, create_tag already registered for DAG: example_complex
[2023-02-02T01:23:03.766+0000] {processor.py:753} INFO - DAG(s) dict_keys(['example_complex']) retrieved from /home/airflow/.local/lib/python3.7/site-packages/airflow/example_dags/example_complex.py
[2023-02-02T01:23:03.797+0000] {logging_mixin.py:137} INFO - [2023-02-02T01:23:03.797+0000] {dag.py:2690} INFO - Sync 1 DAGs
[2023-02-02T01:23:03.820+0000] {logging_mixin.py:137} INFO - [2023-02-02T01:23:03.820+0000] {dag.py:3441} INFO - Setting next_dagrun for example_complex to None, run_after=None
[2023-02-02T01:23:03.832+0000] {processor.py:175} INFO - Processing /home/airflow/.local/lib/python3.7/site-packages/airflow/example_dags/example_complex.py took 0.087 seconds
[2023-02-02T01:23:34.500+0000] {processor.py:153} INFO - Started process (PID=2047) to work on /home/airflow/.local/lib/python3.7/site-packages/airflow/example_dags/example_complex.py
[2023-02-02T01:23:34.500+0000] {processor.py:743} INFO - Processing file /home/airflow/.local/lib/python3.7/site-packages/airflow/example_dags/example_complex.py for tasks to queue
[2023-02-02T01:23:34.501+0000] {logging_mixin.py:137} INFO - [2023-02-02T01:23:34.501+0000] {dagbag.py:538} INFO - Filling up the DagBag from /home/airflow/.local/lib/python3.7/site-packages/airflow/example_dags/example_complex.py
[2023-02-02T01:23:34.511+0000] {logging_mixin.py:137} INFO - [2023-02-02T01:23:34.510+0000] {taskmixin.py:205} WARNING - Dependency <Task(BashOperator): create_entry_group>, delete_entry_group already registered for DAG: example_complex
[2023-02-02T01:23:34.511+0000] {logging_mixin.py:137} INFO - [2023-02-02T01:23:34.511+0000] {taskmixin.py:205} WARNING - Dependency <Task(BashOperator): delete_entry_group>, create_entry_group already registered for DAG: example_complex
[2023-02-02T01:23:34.511+0000] {logging_mixin.py:137} INFO - [2023-02-02T01:23:34.511+0000] {taskmixin.py:205} WARNING - Dependency <Task(BashOperator): create_entry_gcs>, delete_entry already registered for DAG: example_complex
[2023-02-02T01:23:34.512+0000] {logging_mixin.py:137} INFO - [2023-02-02T01:23:34.511+0000] {taskmixin.py:205} WARNING - Dependency <Task(BashOperator): delete_entry>, create_entry_gcs already registered for DAG: example_complex
[2023-02-02T01:23:34.512+0000] {logging_mixin.py:137} INFO - [2023-02-02T01:23:34.512+0000] {taskmixin.py:205} WARNING - Dependency <Task(BashOperator): create_tag>, delete_tag already registered for DAG: example_complex
[2023-02-02T01:23:34.512+0000] {logging_mixin.py:137} INFO - [2023-02-02T01:23:34.512+0000] {taskmixin.py:205} WARNING - Dependency <Task(BashOperator): delete_tag>, create_tag already registered for DAG: example_complex
[2023-02-02T01:23:34.518+0000] {processor.py:753} INFO - DAG(s) dict_keys(['example_complex']) retrieved from /home/airflow/.local/lib/python3.7/site-packages/airflow/example_dags/example_complex.py
[2023-02-02T01:23:34.541+0000] {logging_mixin.py:137} INFO - [2023-02-02T01:23:34.541+0000] {dag.py:2690} INFO - Sync 1 DAGs
[2023-02-02T01:23:34.559+0000] {logging_mixin.py:137} INFO - [2023-02-02T01:23:34.559+0000] {dag.py:3441} INFO - Setting next_dagrun for example_complex to None, run_after=None
[2023-02-02T01:23:34.571+0000] {processor.py:175} INFO - Processing /home/airflow/.local/lib/python3.7/site-packages/airflow/example_dags/example_complex.py took 0.073 seconds
[2023-02-02T01:24:05.296+0000] {processor.py:153} INFO - Started process (PID=2134) to work on /home/airflow/.local/lib/python3.7/site-packages/airflow/example_dags/example_complex.py
[2023-02-02T01:24:05.297+0000] {processor.py:743} INFO - Processing file /home/airflow/.local/lib/python3.7/site-packages/airflow/example_dags/example_complex.py for tasks to queue
[2023-02-02T01:24:05.297+0000] {logging_mixin.py:137} INFO - [2023-02-02T01:24:05.297+0000] {dagbag.py:538} INFO - Filling up the DagBag from /home/airflow/.local/lib/python3.7/site-packages/airflow/example_dags/example_complex.py
[2023-02-02T01:24:05.305+0000] {logging_mixin.py:137} INFO - [2023-02-02T01:24:05.305+0000] {taskmixin.py:205} WARNING - Dependency <Task(BashOperator): create_entry_group>, delete_entry_group already registered for DAG: example_complex
[2023-02-02T01:24:05.305+0000] {logging_mixin.py:137} INFO - [2023-02-02T01:24:05.305+0000] {taskmixin.py:205} WARNING - Dependency <Task(BashOperator): delete_entry_group>, create_entry_group already registered for DAG: example_complex
[2023-02-02T01:24:05.305+0000] {logging_mixin.py:137} INFO - [2023-02-02T01:24:05.305+0000] {taskmixin.py:205} WARNING - Dependency <Task(BashOperator): create_entry_gcs>, delete_entry already registered for DAG: example_complex
[2023-02-02T01:24:05.306+0000] {logging_mixin.py:137} INFO - [2023-02-02T01:24:05.305+0000] {taskmixin.py:205} WARNING - Dependency <Task(BashOperator): delete_entry>, create_entry_gcs already registered for DAG: example_complex
[2023-02-02T01:24:05.306+0000] {logging_mixin.py:137} INFO - [2023-02-02T01:24:05.306+0000] {taskmixin.py:205} WARNING - Dependency <Task(BashOperator): create_tag>, delete_tag already registered for DAG: example_complex
[2023-02-02T01:24:05.306+0000] {logging_mixin.py:137} INFO - [2023-02-02T01:24:05.306+0000] {taskmixin.py:205} WARNING - Dependency <Task(BashOperator): delete_tag>, create_tag already registered for DAG: example_complex
[2023-02-02T01:24:05.311+0000] {processor.py:753} INFO - DAG(s) dict_keys(['example_complex']) retrieved from /home/airflow/.local/lib/python3.7/site-packages/airflow/example_dags/example_complex.py
[2023-02-02T01:24:05.331+0000] {logging_mixin.py:137} INFO - [2023-02-02T01:24:05.331+0000] {dag.py:2690} INFO - Sync 1 DAGs
[2023-02-02T01:24:05.347+0000] {logging_mixin.py:137} INFO - [2023-02-02T01:24:05.347+0000] {dag.py:3441} INFO - Setting next_dagrun for example_complex to None, run_after=None
[2023-02-02T01:24:05.359+0000] {processor.py:175} INFO - Processing /home/airflow/.local/lib/python3.7/site-packages/airflow/example_dags/example_complex.py took 0.065 seconds
[2023-02-02T01:24:36.047+0000] {processor.py:153} INFO - Started process (PID=2205) to work on /home/airflow/.local/lib/python3.7/site-packages/airflow/example_dags/example_complex.py
[2023-02-02T01:24:36.047+0000] {processor.py:743} INFO - Processing file /home/airflow/.local/lib/python3.7/site-packages/airflow/example_dags/example_complex.py for tasks to queue
[2023-02-02T01:24:36.048+0000] {logging_mixin.py:137} INFO - [2023-02-02T01:24:36.048+0000] {dagbag.py:538} INFO - Filling up the DagBag from /home/airflow/.local/lib/python3.7/site-packages/airflow/example_dags/example_complex.py
[2023-02-02T01:24:36.057+0000] {logging_mixin.py:137} INFO - [2023-02-02T01:24:36.057+0000] {taskmixin.py:205} WARNING - Dependency <Task(BashOperator): create_entry_group>, delete_entry_group already registered for DAG: example_complex
[2023-02-02T01:24:36.057+0000] {logging_mixin.py:137} INFO - [2023-02-02T01:24:36.057+0000] {taskmixin.py:205} WARNING - Dependency <Task(BashOperator): delete_entry_group>, create_entry_group already registered for DAG: example_complex
[2023-02-02T01:24:36.057+0000] {logging_mixin.py:137} INFO - [2023-02-02T01:24:36.057+0000] {taskmixin.py:205} WARNING - Dependency <Task(BashOperator): create_entry_gcs>, delete_entry already registered for DAG: example_complex
[2023-02-02T01:24:36.058+0000] {logging_mixin.py:137} INFO - [2023-02-02T01:24:36.058+0000] {taskmixin.py:205} WARNING - Dependency <Task(BashOperator): delete_entry>, create_entry_gcs already registered for DAG: example_complex
[2023-02-02T01:24:36.058+0000] {logging_mixin.py:137} INFO - [2023-02-02T01:24:36.058+0000] {taskmixin.py:205} WARNING - Dependency <Task(BashOperator): create_tag>, delete_tag already registered for DAG: example_complex
[2023-02-02T01:24:36.058+0000] {logging_mixin.py:137} INFO - [2023-02-02T01:24:36.058+0000] {taskmixin.py:205} WARNING - Dependency <Task(BashOperator): delete_tag>, create_tag already registered for DAG: example_complex
[2023-02-02T01:24:36.065+0000] {processor.py:753} INFO - DAG(s) dict_keys(['example_complex']) retrieved from /home/airflow/.local/lib/python3.7/site-packages/airflow/example_dags/example_complex.py
[2023-02-02T01:24:36.090+0000] {logging_mixin.py:137} INFO - [2023-02-02T01:24:36.090+0000] {dag.py:2690} INFO - Sync 1 DAGs
[2023-02-02T01:24:36.107+0000] {logging_mixin.py:137} INFO - [2023-02-02T01:24:36.107+0000] {dag.py:3441} INFO - Setting next_dagrun for example_complex to None, run_after=None
[2023-02-02T01:24:36.119+0000] {processor.py:175} INFO - Processing /home/airflow/.local/lib/python3.7/site-packages/airflow/example_dags/example_complex.py took 0.075 seconds
[2023-02-02T01:25:06.743+0000] {processor.py:153} INFO - Started process (PID=2292) to work on /home/airflow/.local/lib/python3.7/site-packages/airflow/example_dags/example_complex.py
[2023-02-02T01:25:06.744+0000] {processor.py:743} INFO - Processing file /home/airflow/.local/lib/python3.7/site-packages/airflow/example_dags/example_complex.py for tasks to queue
[2023-02-02T01:25:06.744+0000] {logging_mixin.py:137} INFO - [2023-02-02T01:25:06.744+0000] {dagbag.py:538} INFO - Filling up the DagBag from /home/airflow/.local/lib/python3.7/site-packages/airflow/example_dags/example_complex.py
[2023-02-02T01:25:06.754+0000] {logging_mixin.py:137} INFO - [2023-02-02T01:25:06.754+0000] {taskmixin.py:205} WARNING - Dependency <Task(BashOperator): create_entry_group>, delete_entry_group already registered for DAG: example_complex
[2023-02-02T01:25:06.755+0000] {logging_mixin.py:137} INFO - [2023-02-02T01:25:06.755+0000] {taskmixin.py:205} WARNING - Dependency <Task(BashOperator): delete_entry_group>, create_entry_group already registered for DAG: example_complex
[2023-02-02T01:25:06.755+0000] {logging_mixin.py:137} INFO - [2023-02-02T01:25:06.755+0000] {taskmixin.py:205} WARNING - Dependency <Task(BashOperator): create_entry_gcs>, delete_entry already registered for DAG: example_complex
[2023-02-02T01:25:06.755+0000] {logging_mixin.py:137} INFO - [2023-02-02T01:25:06.755+0000] {taskmixin.py:205} WARNING - Dependency <Task(BashOperator): delete_entry>, create_entry_gcs already registered for DAG: example_complex
[2023-02-02T01:25:06.756+0000] {logging_mixin.py:137} INFO - [2023-02-02T01:25:06.756+0000] {taskmixin.py:205} WARNING - Dependency <Task(BashOperator): create_tag>, delete_tag already registered for DAG: example_complex
[2023-02-02T01:25:06.756+0000] {logging_mixin.py:137} INFO - [2023-02-02T01:25:06.756+0000] {taskmixin.py:205} WARNING - Dependency <Task(BashOperator): delete_tag>, create_tag already registered for DAG: example_complex
[2023-02-02T01:25:06.762+0000] {processor.py:753} INFO - DAG(s) dict_keys(['example_complex']) retrieved from /home/airflow/.local/lib/python3.7/site-packages/airflow/example_dags/example_complex.py
[2023-02-02T01:25:06.783+0000] {logging_mixin.py:137} INFO - [2023-02-02T01:25:06.782+0000] {dag.py:2690} INFO - Sync 1 DAGs
[2023-02-02T01:25:06.800+0000] {logging_mixin.py:137} INFO - [2023-02-02T01:25:06.800+0000] {dag.py:3441} INFO - Setting next_dagrun for example_complex to None, run_after=None
[2023-02-02T01:25:06.813+0000] {processor.py:175} INFO - Processing /home/airflow/.local/lib/python3.7/site-packages/airflow/example_dags/example_complex.py took 0.072 seconds
