[2023-02-02T01:11:14.581+0000] {processor.py:153} INFO - Started process (PID=44) to work on /home/airflow/.local/lib/python3.7/site-packages/airflow/example_dags/example_subdag_operator.py
[2023-02-02T01:11:14.581+0000] {processor.py:743} INFO - Processing file /home/airflow/.local/lib/python3.7/site-packages/airflow/example_dags/example_subdag_operator.py for tasks to queue
[2023-02-02T01:11:14.582+0000] {logging_mixin.py:137} INFO - [2023-02-02T01:11:14.582+0000] {dagbag.py:538} INFO - Filling up the DagBag from /home/airflow/.local/lib/python3.7/site-packages/airflow/example_dags/example_subdag_operator.py
[2023-02-02T01:11:14.606+0000] {processor.py:753} INFO - DAG(s) dict_keys(['example_subdag_operator.section-1', 'example_subdag_operator.section-2', 'example_subdag_operator']) retrieved from /home/airflow/.local/lib/python3.7/site-packages/airflow/example_dags/example_subdag_operator.py
[2023-02-02T01:11:14.609+0000] {logging_mixin.py:137} INFO - [2023-02-02T01:11:14.609+0000] {dag.py:2690} INFO - Sync 3 DAGs
[2023-02-02T01:11:14.634+0000] {logging_mixin.py:137} INFO - [2023-02-02T01:11:14.633+0000] {dag.py:3441} INFO - Setting next_dagrun for example_subdag_operator to 2022-01-01T00:00:00+00:00, run_after=2022-01-01T00:00:00+00:00
[2023-02-02T01:11:14.637+0000] {logging_mixin.py:137} INFO - [2023-02-02T01:11:14.637+0000] {dag.py:3441} INFO - Setting next_dagrun for example_subdag_operator.section-1 to None, run_after=None
[2023-02-02T01:11:14.638+0000] {logging_mixin.py:137} INFO - [2023-02-02T01:11:14.637+0000] {dag.py:3441} INFO - Setting next_dagrun for example_subdag_operator.section-2 to None, run_after=None
[2023-02-02T01:11:14.644+0000] {logging_mixin.py:137} INFO - [2023-02-02T01:11:14.644+0000] {dag.py:2690} INFO - Sync 2 DAGs
[2023-02-02T01:11:14.649+0000] {logging_mixin.py:137} INFO - [2023-02-02T01:11:14.648+0000] {dag.py:3441} INFO - Setting next_dagrun for example_subdag_operator.section-1 to None, run_after=None
[2023-02-02T01:11:14.649+0000] {logging_mixin.py:137} INFO - [2023-02-02T01:11:14.649+0000] {dag.py:3441} INFO - Setting next_dagrun for example_subdag_operator.section-2 to None, run_after=None
[2023-02-02T01:11:14.658+0000] {processor.py:175} INFO - Processing /home/airflow/.local/lib/python3.7/site-packages/airflow/example_dags/example_subdag_operator.py took 0.079 seconds
[2023-02-02T01:11:45.447+0000] {processor.py:153} INFO - Started process (PID=131) to work on /home/airflow/.local/lib/python3.7/site-packages/airflow/example_dags/example_subdag_operator.py
[2023-02-02T01:11:45.447+0000] {processor.py:743} INFO - Processing file /home/airflow/.local/lib/python3.7/site-packages/airflow/example_dags/example_subdag_operator.py for tasks to queue
[2023-02-02T01:11:45.448+0000] {logging_mixin.py:137} INFO - [2023-02-02T01:11:45.448+0000] {dagbag.py:538} INFO - Filling up the DagBag from /home/airflow/.local/lib/python3.7/site-packages/airflow/example_dags/example_subdag_operator.py
[2023-02-02T01:11:45.476+0000] {processor.py:753} INFO - DAG(s) dict_keys(['example_subdag_operator.section-1', 'example_subdag_operator.section-2', 'example_subdag_operator']) retrieved from /home/airflow/.local/lib/python3.7/site-packages/airflow/example_dags/example_subdag_operator.py
[2023-02-02T01:11:45.487+0000] {logging_mixin.py:137} INFO - [2023-02-02T01:11:45.487+0000] {dag.py:2690} INFO - Sync 3 DAGs
[2023-02-02T01:11:45.503+0000] {logging_mixin.py:137} INFO - [2023-02-02T01:11:45.503+0000] {dag.py:3441} INFO - Setting next_dagrun for example_subdag_operator to 2022-01-01T00:00:00+00:00, run_after=2022-01-01T00:00:00+00:00
[2023-02-02T01:11:45.505+0000] {logging_mixin.py:137} INFO - [2023-02-02T01:11:45.505+0000] {dag.py:3441} INFO - Setting next_dagrun for example_subdag_operator.section-1 to None, run_after=None
[2023-02-02T01:11:45.506+0000] {logging_mixin.py:137} INFO - [2023-02-02T01:11:45.506+0000] {dag.py:3441} INFO - Setting next_dagrun for example_subdag_operator.section-2 to None, run_after=None
[2023-02-02T01:11:45.512+0000] {logging_mixin.py:137} INFO - [2023-02-02T01:11:45.512+0000] {dag.py:2690} INFO - Sync 2 DAGs
[2023-02-02T01:11:45.516+0000] {logging_mixin.py:137} INFO - [2023-02-02T01:11:45.516+0000] {dag.py:3441} INFO - Setting next_dagrun for example_subdag_operator.section-1 to None, run_after=None
[2023-02-02T01:11:45.516+0000] {logging_mixin.py:137} INFO - [2023-02-02T01:11:45.516+0000] {dag.py:3441} INFO - Setting next_dagrun for example_subdag_operator.section-2 to None, run_after=None
[2023-02-02T01:11:45.523+0000] {processor.py:175} INFO - Processing /home/airflow/.local/lib/python3.7/site-packages/airflow/example_dags/example_subdag_operator.py took 0.080 seconds
[2023-02-02T01:12:16.285+0000] {processor.py:153} INFO - Started process (PID=218) to work on /home/airflow/.local/lib/python3.7/site-packages/airflow/example_dags/example_subdag_operator.py
[2023-02-02T01:12:16.286+0000] {processor.py:743} INFO - Processing file /home/airflow/.local/lib/python3.7/site-packages/airflow/example_dags/example_subdag_operator.py for tasks to queue
[2023-02-02T01:12:16.286+0000] {logging_mixin.py:137} INFO - [2023-02-02T01:12:16.286+0000] {dagbag.py:538} INFO - Filling up the DagBag from /home/airflow/.local/lib/python3.7/site-packages/airflow/example_dags/example_subdag_operator.py
[2023-02-02T01:12:16.309+0000] {processor.py:753} INFO - DAG(s) dict_keys(['example_subdag_operator.section-1', 'example_subdag_operator.section-2', 'example_subdag_operator']) retrieved from /home/airflow/.local/lib/python3.7/site-packages/airflow/example_dags/example_subdag_operator.py
[2023-02-02T01:12:16.323+0000] {logging_mixin.py:137} INFO - [2023-02-02T01:12:16.323+0000] {dag.py:2690} INFO - Sync 3 DAGs
[2023-02-02T01:12:16.345+0000] {logging_mixin.py:137} INFO - [2023-02-02T01:12:16.344+0000] {dag.py:3441} INFO - Setting next_dagrun for example_subdag_operator to 2022-01-01T00:00:00+00:00, run_after=2022-01-01T00:00:00+00:00
[2023-02-02T01:12:16.347+0000] {logging_mixin.py:137} INFO - [2023-02-02T01:12:16.347+0000] {dag.py:3441} INFO - Setting next_dagrun for example_subdag_operator.section-1 to None, run_after=None
[2023-02-02T01:12:16.348+0000] {logging_mixin.py:137} INFO - [2023-02-02T01:12:16.348+0000] {dag.py:3441} INFO - Setting next_dagrun for example_subdag_operator.section-2 to None, run_after=None
[2023-02-02T01:12:16.354+0000] {logging_mixin.py:137} INFO - [2023-02-02T01:12:16.354+0000] {dag.py:2690} INFO - Sync 2 DAGs
[2023-02-02T01:12:16.358+0000] {logging_mixin.py:137} INFO - [2023-02-02T01:12:16.358+0000] {dag.py:3441} INFO - Setting next_dagrun for example_subdag_operator.section-1 to None, run_after=None
[2023-02-02T01:12:16.358+0000] {logging_mixin.py:137} INFO - [2023-02-02T01:12:16.358+0000] {dag.py:3441} INFO - Setting next_dagrun for example_subdag_operator.section-2 to None, run_after=None
[2023-02-02T01:12:16.366+0000] {processor.py:175} INFO - Processing /home/airflow/.local/lib/python3.7/site-packages/airflow/example_dags/example_subdag_operator.py took 0.083 seconds
[2023-02-02T01:12:47.161+0000] {processor.py:153} INFO - Started process (PID=289) to work on /home/airflow/.local/lib/python3.7/site-packages/airflow/example_dags/example_subdag_operator.py
[2023-02-02T01:12:47.161+0000] {processor.py:743} INFO - Processing file /home/airflow/.local/lib/python3.7/site-packages/airflow/example_dags/example_subdag_operator.py for tasks to queue
[2023-02-02T01:12:47.162+0000] {logging_mixin.py:137} INFO - [2023-02-02T01:12:47.162+0000] {dagbag.py:538} INFO - Filling up the DagBag from /home/airflow/.local/lib/python3.7/site-packages/airflow/example_dags/example_subdag_operator.py
[2023-02-02T01:12:47.183+0000] {processor.py:753} INFO - DAG(s) dict_keys(['example_subdag_operator.section-1', 'example_subdag_operator.section-2', 'example_subdag_operator']) retrieved from /home/airflow/.local/lib/python3.7/site-packages/airflow/example_dags/example_subdag_operator.py
[2023-02-02T01:12:47.196+0000] {logging_mixin.py:137} INFO - [2023-02-02T01:12:47.196+0000] {dag.py:2690} INFO - Sync 3 DAGs
[2023-02-02T01:12:47.213+0000] {logging_mixin.py:137} INFO - [2023-02-02T01:12:47.213+0000] {dag.py:3441} INFO - Setting next_dagrun for example_subdag_operator to 2022-01-01T00:00:00+00:00, run_after=2022-01-01T00:00:00+00:00
[2023-02-02T01:12:47.216+0000] {logging_mixin.py:137} INFO - [2023-02-02T01:12:47.216+0000] {dag.py:3441} INFO - Setting next_dagrun for example_subdag_operator.section-1 to None, run_after=None
[2023-02-02T01:12:47.217+0000] {logging_mixin.py:137} INFO - [2023-02-02T01:12:47.216+0000] {dag.py:3441} INFO - Setting next_dagrun for example_subdag_operator.section-2 to None, run_after=None
[2023-02-02T01:12:47.221+0000] {logging_mixin.py:137} INFO - [2023-02-02T01:12:47.221+0000] {dag.py:2690} INFO - Sync 2 DAGs
[2023-02-02T01:12:47.225+0000] {logging_mixin.py:137} INFO - [2023-02-02T01:12:47.225+0000] {dag.py:3441} INFO - Setting next_dagrun for example_subdag_operator.section-1 to None, run_after=None
[2023-02-02T01:12:47.225+0000] {logging_mixin.py:137} INFO - [2023-02-02T01:12:47.225+0000] {dag.py:3441} INFO - Setting next_dagrun for example_subdag_operator.section-2 to None, run_after=None
[2023-02-02T01:12:47.233+0000] {processor.py:175} INFO - Processing /home/airflow/.local/lib/python3.7/site-packages/airflow/example_dags/example_subdag_operator.py took 0.074 seconds
[2023-02-02T01:13:17.943+0000] {processor.py:153} INFO - Started process (PID=376) to work on /home/airflow/.local/lib/python3.7/site-packages/airflow/example_dags/example_subdag_operator.py
[2023-02-02T01:13:17.944+0000] {processor.py:743} INFO - Processing file /home/airflow/.local/lib/python3.7/site-packages/airflow/example_dags/example_subdag_operator.py for tasks to queue
[2023-02-02T01:13:17.945+0000] {logging_mixin.py:137} INFO - [2023-02-02T01:13:17.944+0000] {dagbag.py:538} INFO - Filling up the DagBag from /home/airflow/.local/lib/python3.7/site-packages/airflow/example_dags/example_subdag_operator.py
[2023-02-02T01:13:17.965+0000] {processor.py:753} INFO - DAG(s) dict_keys(['example_subdag_operator.section-1', 'example_subdag_operator.section-2', 'example_subdag_operator']) retrieved from /home/airflow/.local/lib/python3.7/site-packages/airflow/example_dags/example_subdag_operator.py
[2023-02-02T01:13:17.976+0000] {logging_mixin.py:137} INFO - [2023-02-02T01:13:17.976+0000] {dag.py:2690} INFO - Sync 3 DAGs
[2023-02-02T01:13:17.993+0000] {logging_mixin.py:137} INFO - [2023-02-02T01:13:17.993+0000] {dag.py:3441} INFO - Setting next_dagrun for example_subdag_operator to 2022-01-01T00:00:00+00:00, run_after=2022-01-01T00:00:00+00:00
[2023-02-02T01:13:17.995+0000] {logging_mixin.py:137} INFO - [2023-02-02T01:13:17.995+0000] {dag.py:3441} INFO - Setting next_dagrun for example_subdag_operator.section-1 to None, run_after=None
[2023-02-02T01:13:17.996+0000] {logging_mixin.py:137} INFO - [2023-02-02T01:13:17.996+0000] {dag.py:3441} INFO - Setting next_dagrun for example_subdag_operator.section-2 to None, run_after=None
[2023-02-02T01:13:18.000+0000] {logging_mixin.py:137} INFO - [2023-02-02T01:13:18.000+0000] {dag.py:2690} INFO - Sync 2 DAGs
[2023-02-02T01:13:18.004+0000] {logging_mixin.py:137} INFO - [2023-02-02T01:13:18.004+0000] {dag.py:3441} INFO - Setting next_dagrun for example_subdag_operator.section-1 to None, run_after=None
[2023-02-02T01:13:18.004+0000] {logging_mixin.py:137} INFO - [2023-02-02T01:13:18.004+0000] {dag.py:3441} INFO - Setting next_dagrun for example_subdag_operator.section-2 to None, run_after=None
[2023-02-02T01:13:18.012+0000] {processor.py:175} INFO - Processing /home/airflow/.local/lib/python3.7/site-packages/airflow/example_dags/example_subdag_operator.py took 0.071 seconds
[2023-02-02T01:13:48.669+0000] {processor.py:153} INFO - Started process (PID=463) to work on /home/airflow/.local/lib/python3.7/site-packages/airflow/example_dags/example_subdag_operator.py
[2023-02-02T01:13:48.669+0000] {processor.py:743} INFO - Processing file /home/airflow/.local/lib/python3.7/site-packages/airflow/example_dags/example_subdag_operator.py for tasks to queue
[2023-02-02T01:13:48.670+0000] {logging_mixin.py:137} INFO - [2023-02-02T01:13:48.670+0000] {dagbag.py:538} INFO - Filling up the DagBag from /home/airflow/.local/lib/python3.7/site-packages/airflow/example_dags/example_subdag_operator.py
[2023-02-02T01:13:48.690+0000] {processor.py:753} INFO - DAG(s) dict_keys(['example_subdag_operator.section-1', 'example_subdag_operator.section-2', 'example_subdag_operator']) retrieved from /home/airflow/.local/lib/python3.7/site-packages/airflow/example_dags/example_subdag_operator.py
[2023-02-02T01:13:48.701+0000] {logging_mixin.py:137} INFO - [2023-02-02T01:13:48.701+0000] {dag.py:2690} INFO - Sync 3 DAGs
[2023-02-02T01:13:48.718+0000] {logging_mixin.py:137} INFO - [2023-02-02T01:13:48.717+0000] {dag.py:3441} INFO - Setting next_dagrun for example_subdag_operator to 2022-01-01T00:00:00+00:00, run_after=2022-01-01T00:00:00+00:00
[2023-02-02T01:13:48.720+0000] {logging_mixin.py:137} INFO - [2023-02-02T01:13:48.720+0000] {dag.py:3441} INFO - Setting next_dagrun for example_subdag_operator.section-1 to None, run_after=None
[2023-02-02T01:13:48.721+0000] {logging_mixin.py:137} INFO - [2023-02-02T01:13:48.721+0000] {dag.py:3441} INFO - Setting next_dagrun for example_subdag_operator.section-2 to None, run_after=None
[2023-02-02T01:13:48.727+0000] {logging_mixin.py:137} INFO - [2023-02-02T01:13:48.727+0000] {dag.py:2690} INFO - Sync 2 DAGs
[2023-02-02T01:13:48.731+0000] {logging_mixin.py:137} INFO - [2023-02-02T01:13:48.731+0000] {dag.py:3441} INFO - Setting next_dagrun for example_subdag_operator.section-1 to None, run_after=None
[2023-02-02T01:13:48.731+0000] {logging_mixin.py:137} INFO - [2023-02-02T01:13:48.731+0000] {dag.py:3441} INFO - Setting next_dagrun for example_subdag_operator.section-2 to None, run_after=None
[2023-02-02T01:13:48.739+0000] {processor.py:175} INFO - Processing /home/airflow/.local/lib/python3.7/site-packages/airflow/example_dags/example_subdag_operator.py took 0.073 seconds
[2023-02-02T01:14:19.412+0000] {processor.py:153} INFO - Started process (PID=534) to work on /home/airflow/.local/lib/python3.7/site-packages/airflow/example_dags/example_subdag_operator.py
[2023-02-02T01:14:19.412+0000] {processor.py:743} INFO - Processing file /home/airflow/.local/lib/python3.7/site-packages/airflow/example_dags/example_subdag_operator.py for tasks to queue
[2023-02-02T01:14:19.413+0000] {logging_mixin.py:137} INFO - [2023-02-02T01:14:19.413+0000] {dagbag.py:538} INFO - Filling up the DagBag from /home/airflow/.local/lib/python3.7/site-packages/airflow/example_dags/example_subdag_operator.py
[2023-02-02T01:14:19.432+0000] {processor.py:753} INFO - DAG(s) dict_keys(['example_subdag_operator.section-1', 'example_subdag_operator.section-2', 'example_subdag_operator']) retrieved from /home/airflow/.local/lib/python3.7/site-packages/airflow/example_dags/example_subdag_operator.py
[2023-02-02T01:14:19.443+0000] {logging_mixin.py:137} INFO - [2023-02-02T01:14:19.443+0000] {dag.py:2690} INFO - Sync 3 DAGs
[2023-02-02T01:14:19.459+0000] {logging_mixin.py:137} INFO - [2023-02-02T01:14:19.459+0000] {dag.py:3441} INFO - Setting next_dagrun for example_subdag_operator to 2022-01-01T00:00:00+00:00, run_after=2022-01-01T00:00:00+00:00
[2023-02-02T01:14:19.462+0000] {logging_mixin.py:137} INFO - [2023-02-02T01:14:19.462+0000] {dag.py:3441} INFO - Setting next_dagrun for example_subdag_operator.section-1 to None, run_after=None
[2023-02-02T01:14:19.463+0000] {logging_mixin.py:137} INFO - [2023-02-02T01:14:19.463+0000] {dag.py:3441} INFO - Setting next_dagrun for example_subdag_operator.section-2 to None, run_after=None
[2023-02-02T01:14:19.468+0000] {logging_mixin.py:137} INFO - [2023-02-02T01:14:19.468+0000] {dag.py:2690} INFO - Sync 2 DAGs
[2023-02-02T01:14:19.472+0000] {logging_mixin.py:137} INFO - [2023-02-02T01:14:19.472+0000] {dag.py:3441} INFO - Setting next_dagrun for example_subdag_operator.section-1 to None, run_after=None
[2023-02-02T01:14:19.473+0000] {logging_mixin.py:137} INFO - [2023-02-02T01:14:19.473+0000] {dag.py:3441} INFO - Setting next_dagrun for example_subdag_operator.section-2 to None, run_after=None
[2023-02-02T01:14:19.481+0000] {processor.py:175} INFO - Processing /home/airflow/.local/lib/python3.7/site-packages/airflow/example_dags/example_subdag_operator.py took 0.071 seconds
[2023-02-02T01:14:50.084+0000] {processor.py:153} INFO - Started process (PID=621) to work on /home/airflow/.local/lib/python3.7/site-packages/airflow/example_dags/example_subdag_operator.py
[2023-02-02T01:14:50.085+0000] {processor.py:743} INFO - Processing file /home/airflow/.local/lib/python3.7/site-packages/airflow/example_dags/example_subdag_operator.py for tasks to queue
[2023-02-02T01:14:50.086+0000] {logging_mixin.py:137} INFO - [2023-02-02T01:14:50.085+0000] {dagbag.py:538} INFO - Filling up the DagBag from /home/airflow/.local/lib/python3.7/site-packages/airflow/example_dags/example_subdag_operator.py
[2023-02-02T01:14:50.111+0000] {processor.py:753} INFO - DAG(s) dict_keys(['example_subdag_operator.section-1', 'example_subdag_operator.section-2', 'example_subdag_operator']) retrieved from /home/airflow/.local/lib/python3.7/site-packages/airflow/example_dags/example_subdag_operator.py
[2023-02-02T01:14:50.125+0000] {logging_mixin.py:137} INFO - [2023-02-02T01:14:50.125+0000] {dag.py:2690} INFO - Sync 3 DAGs
[2023-02-02T01:14:50.141+0000] {logging_mixin.py:137} INFO - [2023-02-02T01:14:50.140+0000] {dag.py:3441} INFO - Setting next_dagrun for example_subdag_operator to 2022-01-01T00:00:00+00:00, run_after=2022-01-01T00:00:00+00:00
[2023-02-02T01:14:50.143+0000] {logging_mixin.py:137} INFO - [2023-02-02T01:14:50.143+0000] {dag.py:3441} INFO - Setting next_dagrun for example_subdag_operator.section-1 to None, run_after=None
[2023-02-02T01:14:50.144+0000] {logging_mixin.py:137} INFO - [2023-02-02T01:14:50.144+0000] {dag.py:3441} INFO - Setting next_dagrun for example_subdag_operator.section-2 to None, run_after=None
[2023-02-02T01:14:50.149+0000] {logging_mixin.py:137} INFO - [2023-02-02T01:14:50.149+0000] {dag.py:2690} INFO - Sync 2 DAGs
[2023-02-02T01:14:50.153+0000] {logging_mixin.py:137} INFO - [2023-02-02T01:14:50.153+0000] {dag.py:3441} INFO - Setting next_dagrun for example_subdag_operator.section-1 to None, run_after=None
[2023-02-02T01:14:50.153+0000] {logging_mixin.py:137} INFO - [2023-02-02T01:14:50.153+0000] {dag.py:3441} INFO - Setting next_dagrun for example_subdag_operator.section-2 to None, run_after=None
[2023-02-02T01:14:50.161+0000] {processor.py:175} INFO - Processing /home/airflow/.local/lib/python3.7/site-packages/airflow/example_dags/example_subdag_operator.py took 0.080 seconds
[2023-02-02T01:15:20.909+0000] {processor.py:153} INFO - Started process (PID=708) to work on /home/airflow/.local/lib/python3.7/site-packages/airflow/example_dags/example_subdag_operator.py
[2023-02-02T01:15:20.910+0000] {processor.py:743} INFO - Processing file /home/airflow/.local/lib/python3.7/site-packages/airflow/example_dags/example_subdag_operator.py for tasks to queue
[2023-02-02T01:15:20.910+0000] {logging_mixin.py:137} INFO - [2023-02-02T01:15:20.910+0000] {dagbag.py:538} INFO - Filling up the DagBag from /home/airflow/.local/lib/python3.7/site-packages/airflow/example_dags/example_subdag_operator.py
[2023-02-02T01:15:20.931+0000] {processor.py:753} INFO - DAG(s) dict_keys(['example_subdag_operator.section-1', 'example_subdag_operator.section-2', 'example_subdag_operator']) retrieved from /home/airflow/.local/lib/python3.7/site-packages/airflow/example_dags/example_subdag_operator.py
[2023-02-02T01:15:20.942+0000] {logging_mixin.py:137} INFO - [2023-02-02T01:15:20.942+0000] {dag.py:2690} INFO - Sync 3 DAGs
[2023-02-02T01:15:20.959+0000] {logging_mixin.py:137} INFO - [2023-02-02T01:15:20.959+0000] {dag.py:3441} INFO - Setting next_dagrun for example_subdag_operator to 2022-01-01T00:00:00+00:00, run_after=2022-01-01T00:00:00+00:00
[2023-02-02T01:15:20.961+0000] {logging_mixin.py:137} INFO - [2023-02-02T01:15:20.961+0000] {dag.py:3441} INFO - Setting next_dagrun for example_subdag_operator.section-1 to None, run_after=None
[2023-02-02T01:15:20.962+0000] {logging_mixin.py:137} INFO - [2023-02-02T01:15:20.962+0000] {dag.py:3441} INFO - Setting next_dagrun for example_subdag_operator.section-2 to None, run_after=None
[2023-02-02T01:15:20.966+0000] {logging_mixin.py:137} INFO - [2023-02-02T01:15:20.966+0000] {dag.py:2690} INFO - Sync 2 DAGs
[2023-02-02T01:15:20.970+0000] {logging_mixin.py:137} INFO - [2023-02-02T01:15:20.970+0000] {dag.py:3441} INFO - Setting next_dagrun for example_subdag_operator.section-1 to None, run_after=None
[2023-02-02T01:15:20.970+0000] {logging_mixin.py:137} INFO - [2023-02-02T01:15:20.970+0000] {dag.py:3441} INFO - Setting next_dagrun for example_subdag_operator.section-2 to None, run_after=None
[2023-02-02T01:15:20.978+0000] {processor.py:175} INFO - Processing /home/airflow/.local/lib/python3.7/site-packages/airflow/example_dags/example_subdag_operator.py took 0.070 seconds
[2023-02-02T01:15:51.597+0000] {processor.py:153} INFO - Started process (PID=779) to work on /home/airflow/.local/lib/python3.7/site-packages/airflow/example_dags/example_subdag_operator.py
[2023-02-02T01:15:51.598+0000] {processor.py:743} INFO - Processing file /home/airflow/.local/lib/python3.7/site-packages/airflow/example_dags/example_subdag_operator.py for tasks to queue
[2023-02-02T01:15:51.598+0000] {logging_mixin.py:137} INFO - [2023-02-02T01:15:51.598+0000] {dagbag.py:538} INFO - Filling up the DagBag from /home/airflow/.local/lib/python3.7/site-packages/airflow/example_dags/example_subdag_operator.py
[2023-02-02T01:15:51.619+0000] {processor.py:753} INFO - DAG(s) dict_keys(['example_subdag_operator.section-1', 'example_subdag_operator.section-2', 'example_subdag_operator']) retrieved from /home/airflow/.local/lib/python3.7/site-packages/airflow/example_dags/example_subdag_operator.py
[2023-02-02T01:15:51.629+0000] {logging_mixin.py:137} INFO - [2023-02-02T01:15:51.629+0000] {dag.py:2690} INFO - Sync 3 DAGs
[2023-02-02T01:15:51.646+0000] {logging_mixin.py:137} INFO - [2023-02-02T01:15:51.645+0000] {dag.py:3441} INFO - Setting next_dagrun for example_subdag_operator to 2022-01-01T00:00:00+00:00, run_after=2022-01-01T00:00:00+00:00
[2023-02-02T01:15:51.648+0000] {logging_mixin.py:137} INFO - [2023-02-02T01:15:51.648+0000] {dag.py:3441} INFO - Setting next_dagrun for example_subdag_operator.section-1 to None, run_after=None
[2023-02-02T01:15:51.649+0000] {logging_mixin.py:137} INFO - [2023-02-02T01:15:51.649+0000] {dag.py:3441} INFO - Setting next_dagrun for example_subdag_operator.section-2 to None, run_after=None
[2023-02-02T01:15:51.654+0000] {logging_mixin.py:137} INFO - [2023-02-02T01:15:51.654+0000] {dag.py:2690} INFO - Sync 2 DAGs
[2023-02-02T01:15:51.658+0000] {logging_mixin.py:137} INFO - [2023-02-02T01:15:51.658+0000] {dag.py:3441} INFO - Setting next_dagrun for example_subdag_operator.section-1 to None, run_after=None
[2023-02-02T01:15:51.659+0000] {logging_mixin.py:137} INFO - [2023-02-02T01:15:51.659+0000] {dag.py:3441} INFO - Setting next_dagrun for example_subdag_operator.section-2 to None, run_after=None
[2023-02-02T01:15:51.667+0000] {processor.py:175} INFO - Processing /home/airflow/.local/lib/python3.7/site-packages/airflow/example_dags/example_subdag_operator.py took 0.072 seconds
[2023-02-02T01:16:22.455+0000] {processor.py:153} INFO - Started process (PID=866) to work on /home/airflow/.local/lib/python3.7/site-packages/airflow/example_dags/example_subdag_operator.py
[2023-02-02T01:16:22.455+0000] {processor.py:743} INFO - Processing file /home/airflow/.local/lib/python3.7/site-packages/airflow/example_dags/example_subdag_operator.py for tasks to queue
[2023-02-02T01:16:22.456+0000] {logging_mixin.py:137} INFO - [2023-02-02T01:16:22.456+0000] {dagbag.py:538} INFO - Filling up the DagBag from /home/airflow/.local/lib/python3.7/site-packages/airflow/example_dags/example_subdag_operator.py
[2023-02-02T01:16:22.480+0000] {processor.py:753} INFO - DAG(s) dict_keys(['example_subdag_operator.section-1', 'example_subdag_operator.section-2', 'example_subdag_operator']) retrieved from /home/airflow/.local/lib/python3.7/site-packages/airflow/example_dags/example_subdag_operator.py
[2023-02-02T01:16:22.491+0000] {logging_mixin.py:137} INFO - [2023-02-02T01:16:22.491+0000] {dag.py:2690} INFO - Sync 3 DAGs
[2023-02-02T01:16:22.507+0000] {logging_mixin.py:137} INFO - [2023-02-02T01:16:22.507+0000] {dag.py:3441} INFO - Setting next_dagrun for example_subdag_operator to 2022-01-01T00:00:00+00:00, run_after=2022-01-01T00:00:00+00:00
[2023-02-02T01:16:22.510+0000] {logging_mixin.py:137} INFO - [2023-02-02T01:16:22.510+0000] {dag.py:3441} INFO - Setting next_dagrun for example_subdag_operator.section-1 to None, run_after=None
[2023-02-02T01:16:22.511+0000] {logging_mixin.py:137} INFO - [2023-02-02T01:16:22.511+0000] {dag.py:3441} INFO - Setting next_dagrun for example_subdag_operator.section-2 to None, run_after=None
[2023-02-02T01:16:22.516+0000] {logging_mixin.py:137} INFO - [2023-02-02T01:16:22.516+0000] {dag.py:2690} INFO - Sync 2 DAGs
[2023-02-02T01:16:22.520+0000] {logging_mixin.py:137} INFO - [2023-02-02T01:16:22.520+0000] {dag.py:3441} INFO - Setting next_dagrun for example_subdag_operator.section-1 to None, run_after=None
[2023-02-02T01:16:22.520+0000] {logging_mixin.py:137} INFO - [2023-02-02T01:16:22.520+0000] {dag.py:3441} INFO - Setting next_dagrun for example_subdag_operator.section-2 to None, run_after=None
[2023-02-02T01:16:22.528+0000] {processor.py:175} INFO - Processing /home/airflow/.local/lib/python3.7/site-packages/airflow/example_dags/example_subdag_operator.py took 0.075 seconds
[2023-02-02T01:16:53.367+0000] {processor.py:153} INFO - Started process (PID=953) to work on /home/airflow/.local/lib/python3.7/site-packages/airflow/example_dags/example_subdag_operator.py
[2023-02-02T01:16:53.367+0000] {processor.py:743} INFO - Processing file /home/airflow/.local/lib/python3.7/site-packages/airflow/example_dags/example_subdag_operator.py for tasks to queue
[2023-02-02T01:16:53.368+0000] {logging_mixin.py:137} INFO - [2023-02-02T01:16:53.368+0000] {dagbag.py:538} INFO - Filling up the DagBag from /home/airflow/.local/lib/python3.7/site-packages/airflow/example_dags/example_subdag_operator.py
[2023-02-02T01:16:53.400+0000] {processor.py:753} INFO - DAG(s) dict_keys(['example_subdag_operator.section-1', 'example_subdag_operator.section-2', 'example_subdag_operator']) retrieved from /home/airflow/.local/lib/python3.7/site-packages/airflow/example_dags/example_subdag_operator.py
[2023-02-02T01:16:53.416+0000] {logging_mixin.py:137} INFO - [2023-02-02T01:16:53.416+0000] {dag.py:2690} INFO - Sync 3 DAGs
[2023-02-02T01:16:53.433+0000] {logging_mixin.py:137} INFO - [2023-02-02T01:16:53.432+0000] {dag.py:3441} INFO - Setting next_dagrun for example_subdag_operator to 2022-01-01T00:00:00+00:00, run_after=2022-01-01T00:00:00+00:00
[2023-02-02T01:16:53.435+0000] {logging_mixin.py:137} INFO - [2023-02-02T01:16:53.435+0000] {dag.py:3441} INFO - Setting next_dagrun for example_subdag_operator.section-1 to None, run_after=None
[2023-02-02T01:16:53.437+0000] {logging_mixin.py:137} INFO - [2023-02-02T01:16:53.436+0000] {dag.py:3441} INFO - Setting next_dagrun for example_subdag_operator.section-2 to None, run_after=None
[2023-02-02T01:16:53.442+0000] {logging_mixin.py:137} INFO - [2023-02-02T01:16:53.442+0000] {dag.py:2690} INFO - Sync 2 DAGs
[2023-02-02T01:16:53.445+0000] {logging_mixin.py:137} INFO - [2023-02-02T01:16:53.445+0000] {dag.py:3441} INFO - Setting next_dagrun for example_subdag_operator.section-1 to None, run_after=None
[2023-02-02T01:16:53.445+0000] {logging_mixin.py:137} INFO - [2023-02-02T01:16:53.445+0000] {dag.py:3441} INFO - Setting next_dagrun for example_subdag_operator.section-2 to None, run_after=None
[2023-02-02T01:16:53.454+0000] {processor.py:175} INFO - Processing /home/airflow/.local/lib/python3.7/site-packages/airflow/example_dags/example_subdag_operator.py took 0.090 seconds
[2023-02-02T01:17:24.082+0000] {processor.py:153} INFO - Started process (PID=1024) to work on /home/airflow/.local/lib/python3.7/site-packages/airflow/example_dags/example_subdag_operator.py
[2023-02-02T01:17:24.083+0000] {processor.py:743} INFO - Processing file /home/airflow/.local/lib/python3.7/site-packages/airflow/example_dags/example_subdag_operator.py for tasks to queue
[2023-02-02T01:17:24.083+0000] {logging_mixin.py:137} INFO - [2023-02-02T01:17:24.083+0000] {dagbag.py:538} INFO - Filling up the DagBag from /home/airflow/.local/lib/python3.7/site-packages/airflow/example_dags/example_subdag_operator.py
[2023-02-02T01:17:24.105+0000] {processor.py:753} INFO - DAG(s) dict_keys(['example_subdag_operator.section-1', 'example_subdag_operator.section-2', 'example_subdag_operator']) retrieved from /home/airflow/.local/lib/python3.7/site-packages/airflow/example_dags/example_subdag_operator.py
[2023-02-02T01:17:24.117+0000] {logging_mixin.py:137} INFO - [2023-02-02T01:17:24.117+0000] {dag.py:2690} INFO - Sync 3 DAGs
[2023-02-02T01:17:24.135+0000] {logging_mixin.py:137} INFO - [2023-02-02T01:17:24.135+0000] {dag.py:3441} INFO - Setting next_dagrun for example_subdag_operator to 2022-01-01T00:00:00+00:00, run_after=2022-01-01T00:00:00+00:00
[2023-02-02T01:17:24.137+0000] {logging_mixin.py:137} INFO - [2023-02-02T01:17:24.137+0000] {dag.py:3441} INFO - Setting next_dagrun for example_subdag_operator.section-1 to None, run_after=None
[2023-02-02T01:17:24.138+0000] {logging_mixin.py:137} INFO - [2023-02-02T01:17:24.138+0000] {dag.py:3441} INFO - Setting next_dagrun for example_subdag_operator.section-2 to None, run_after=None
[2023-02-02T01:17:24.144+0000] {logging_mixin.py:137} INFO - [2023-02-02T01:17:24.143+0000] {dag.py:2690} INFO - Sync 2 DAGs
[2023-02-02T01:17:24.148+0000] {logging_mixin.py:137} INFO - [2023-02-02T01:17:24.148+0000] {dag.py:3441} INFO - Setting next_dagrun for example_subdag_operator.section-1 to None, run_after=None
[2023-02-02T01:17:24.148+0000] {logging_mixin.py:137} INFO - [2023-02-02T01:17:24.148+0000] {dag.py:3441} INFO - Setting next_dagrun for example_subdag_operator.section-2 to None, run_after=None
[2023-02-02T01:17:24.156+0000] {processor.py:175} INFO - Processing /home/airflow/.local/lib/python3.7/site-packages/airflow/example_dags/example_subdag_operator.py took 0.076 seconds
[2023-02-02T01:17:55.027+0000] {processor.py:153} INFO - Started process (PID=1111) to work on /home/airflow/.local/lib/python3.7/site-packages/airflow/example_dags/example_subdag_operator.py
[2023-02-02T01:17:55.028+0000] {processor.py:743} INFO - Processing file /home/airflow/.local/lib/python3.7/site-packages/airflow/example_dags/example_subdag_operator.py for tasks to queue
[2023-02-02T01:17:55.028+0000] {logging_mixin.py:137} INFO - [2023-02-02T01:17:55.028+0000] {dagbag.py:538} INFO - Filling up the DagBag from /home/airflow/.local/lib/python3.7/site-packages/airflow/example_dags/example_subdag_operator.py
[2023-02-02T01:17:55.048+0000] {processor.py:753} INFO - DAG(s) dict_keys(['example_subdag_operator.section-1', 'example_subdag_operator.section-2', 'example_subdag_operator']) retrieved from /home/airflow/.local/lib/python3.7/site-packages/airflow/example_dags/example_subdag_operator.py
[2023-02-02T01:17:55.059+0000] {logging_mixin.py:137} INFO - [2023-02-02T01:17:55.059+0000] {dag.py:2690} INFO - Sync 3 DAGs
[2023-02-02T01:17:55.077+0000] {logging_mixin.py:137} INFO - [2023-02-02T01:17:55.077+0000] {dag.py:3441} INFO - Setting next_dagrun for example_subdag_operator to 2022-01-01T00:00:00+00:00, run_after=2022-01-01T00:00:00+00:00
[2023-02-02T01:17:55.079+0000] {logging_mixin.py:137} INFO - [2023-02-02T01:17:55.079+0000] {dag.py:3441} INFO - Setting next_dagrun for example_subdag_operator.section-1 to None, run_after=None
[2023-02-02T01:17:55.080+0000] {logging_mixin.py:137} INFO - [2023-02-02T01:17:55.080+0000] {dag.py:3441} INFO - Setting next_dagrun for example_subdag_operator.section-2 to None, run_after=None
[2023-02-02T01:17:55.084+0000] {logging_mixin.py:137} INFO - [2023-02-02T01:17:55.084+0000] {dag.py:2690} INFO - Sync 2 DAGs
[2023-02-02T01:17:55.088+0000] {logging_mixin.py:137} INFO - [2023-02-02T01:17:55.088+0000] {dag.py:3441} INFO - Setting next_dagrun for example_subdag_operator.section-1 to None, run_after=None
[2023-02-02T01:17:55.089+0000] {logging_mixin.py:137} INFO - [2023-02-02T01:17:55.089+0000] {dag.py:3441} INFO - Setting next_dagrun for example_subdag_operator.section-2 to None, run_after=None
[2023-02-02T01:17:55.096+0000] {processor.py:175} INFO - Processing /home/airflow/.local/lib/python3.7/site-packages/airflow/example_dags/example_subdag_operator.py took 0.071 seconds
[2023-02-02T01:18:25.740+0000] {processor.py:153} INFO - Started process (PID=1198) to work on /home/airflow/.local/lib/python3.7/site-packages/airflow/example_dags/example_subdag_operator.py
[2023-02-02T01:18:25.740+0000] {processor.py:743} INFO - Processing file /home/airflow/.local/lib/python3.7/site-packages/airflow/example_dags/example_subdag_operator.py for tasks to queue
[2023-02-02T01:18:25.741+0000] {logging_mixin.py:137} INFO - [2023-02-02T01:18:25.740+0000] {dagbag.py:538} INFO - Filling up the DagBag from /home/airflow/.local/lib/python3.7/site-packages/airflow/example_dags/example_subdag_operator.py
[2023-02-02T01:18:25.763+0000] {processor.py:753} INFO - DAG(s) dict_keys(['example_subdag_operator.section-1', 'example_subdag_operator.section-2', 'example_subdag_operator']) retrieved from /home/airflow/.local/lib/python3.7/site-packages/airflow/example_dags/example_subdag_operator.py
[2023-02-02T01:18:25.778+0000] {logging_mixin.py:137} INFO - [2023-02-02T01:18:25.777+0000] {dag.py:2690} INFO - Sync 3 DAGs
[2023-02-02T01:18:25.796+0000] {logging_mixin.py:137} INFO - [2023-02-02T01:18:25.795+0000] {dag.py:3441} INFO - Setting next_dagrun for example_subdag_operator to 2022-01-01T00:00:00+00:00, run_after=2022-01-01T00:00:00+00:00
[2023-02-02T01:18:25.798+0000] {logging_mixin.py:137} INFO - [2023-02-02T01:18:25.798+0000] {dag.py:3441} INFO - Setting next_dagrun for example_subdag_operator.section-1 to None, run_after=None
[2023-02-02T01:18:25.799+0000] {logging_mixin.py:137} INFO - [2023-02-02T01:18:25.799+0000] {dag.py:3441} INFO - Setting next_dagrun for example_subdag_operator.section-2 to None, run_after=None
[2023-02-02T01:18:25.804+0000] {logging_mixin.py:137} INFO - [2023-02-02T01:18:25.803+0000] {dag.py:2690} INFO - Sync 2 DAGs
[2023-02-02T01:18:25.807+0000] {logging_mixin.py:137} INFO - [2023-02-02T01:18:25.807+0000] {dag.py:3441} INFO - Setting next_dagrun for example_subdag_operator.section-1 to None, run_after=None
[2023-02-02T01:18:25.808+0000] {logging_mixin.py:137} INFO - [2023-02-02T01:18:25.807+0000] {dag.py:3441} INFO - Setting next_dagrun for example_subdag_operator.section-2 to None, run_after=None
[2023-02-02T01:18:25.815+0000] {processor.py:175} INFO - Processing /home/airflow/.local/lib/python3.7/site-packages/airflow/example_dags/example_subdag_operator.py took 0.077 seconds
[2023-02-02T01:18:56.578+0000] {processor.py:153} INFO - Started process (PID=1285) to work on /home/airflow/.local/lib/python3.7/site-packages/airflow/example_dags/example_subdag_operator.py
[2023-02-02T01:18:56.579+0000] {processor.py:743} INFO - Processing file /home/airflow/.local/lib/python3.7/site-packages/airflow/example_dags/example_subdag_operator.py for tasks to queue
[2023-02-02T01:18:56.579+0000] {logging_mixin.py:137} INFO - [2023-02-02T01:18:56.579+0000] {dagbag.py:538} INFO - Filling up the DagBag from /home/airflow/.local/lib/python3.7/site-packages/airflow/example_dags/example_subdag_operator.py
[2023-02-02T01:18:56.606+0000] {processor.py:753} INFO - DAG(s) dict_keys(['example_subdag_operator.section-1', 'example_subdag_operator.section-2', 'example_subdag_operator']) retrieved from /home/airflow/.local/lib/python3.7/site-packages/airflow/example_dags/example_subdag_operator.py
[2023-02-02T01:18:56.619+0000] {logging_mixin.py:137} INFO - [2023-02-02T01:18:56.618+0000] {dag.py:2690} INFO - Sync 3 DAGs
[2023-02-02T01:18:56.635+0000] {logging_mixin.py:137} INFO - [2023-02-02T01:18:56.635+0000] {dag.py:3441} INFO - Setting next_dagrun for example_subdag_operator to 2022-01-01T00:00:00+00:00, run_after=2022-01-01T00:00:00+00:00
[2023-02-02T01:18:56.637+0000] {logging_mixin.py:137} INFO - [2023-02-02T01:18:56.637+0000] {dag.py:3441} INFO - Setting next_dagrun for example_subdag_operator.section-1 to None, run_after=None
[2023-02-02T01:18:56.638+0000] {logging_mixin.py:137} INFO - [2023-02-02T01:18:56.638+0000] {dag.py:3441} INFO - Setting next_dagrun for example_subdag_operator.section-2 to None, run_after=None
[2023-02-02T01:18:56.644+0000] {logging_mixin.py:137} INFO - [2023-02-02T01:18:56.644+0000] {dag.py:2690} INFO - Sync 2 DAGs
[2023-02-02T01:18:56.649+0000] {logging_mixin.py:137} INFO - [2023-02-02T01:18:56.649+0000] {dag.py:3441} INFO - Setting next_dagrun for example_subdag_operator.section-1 to None, run_after=None
[2023-02-02T01:18:56.649+0000] {logging_mixin.py:137} INFO - [2023-02-02T01:18:56.649+0000] {dag.py:3441} INFO - Setting next_dagrun for example_subdag_operator.section-2 to None, run_after=None
[2023-02-02T01:18:56.657+0000] {processor.py:175} INFO - Processing /home/airflow/.local/lib/python3.7/site-packages/airflow/example_dags/example_subdag_operator.py took 0.082 seconds
[2023-02-02T01:19:27.396+0000] {processor.py:153} INFO - Started process (PID=1356) to work on /home/airflow/.local/lib/python3.7/site-packages/airflow/example_dags/example_subdag_operator.py
[2023-02-02T01:19:27.397+0000] {processor.py:743} INFO - Processing file /home/airflow/.local/lib/python3.7/site-packages/airflow/example_dags/example_subdag_operator.py for tasks to queue
[2023-02-02T01:19:27.398+0000] {logging_mixin.py:137} INFO - [2023-02-02T01:19:27.397+0000] {dagbag.py:538} INFO - Filling up the DagBag from /home/airflow/.local/lib/python3.7/site-packages/airflow/example_dags/example_subdag_operator.py
[2023-02-02T01:19:27.417+0000] {processor.py:753} INFO - DAG(s) dict_keys(['example_subdag_operator.section-1', 'example_subdag_operator.section-2', 'example_subdag_operator']) retrieved from /home/airflow/.local/lib/python3.7/site-packages/airflow/example_dags/example_subdag_operator.py
[2023-02-02T01:19:27.431+0000] {logging_mixin.py:137} INFO - [2023-02-02T01:19:27.431+0000] {dag.py:2690} INFO - Sync 3 DAGs
[2023-02-02T01:19:27.451+0000] {logging_mixin.py:137} INFO - [2023-02-02T01:19:27.451+0000] {dag.py:3441} INFO - Setting next_dagrun for example_subdag_operator to 2022-01-01T00:00:00+00:00, run_after=2022-01-01T00:00:00+00:00
[2023-02-02T01:19:27.453+0000] {logging_mixin.py:137} INFO - [2023-02-02T01:19:27.453+0000] {dag.py:3441} INFO - Setting next_dagrun for example_subdag_operator.section-1 to None, run_after=None
[2023-02-02T01:19:27.454+0000] {logging_mixin.py:137} INFO - [2023-02-02T01:19:27.454+0000] {dag.py:3441} INFO - Setting next_dagrun for example_subdag_operator.section-2 to None, run_after=None
[2023-02-02T01:19:27.459+0000] {logging_mixin.py:137} INFO - [2023-02-02T01:19:27.459+0000] {dag.py:2690} INFO - Sync 2 DAGs
[2023-02-02T01:19:27.463+0000] {logging_mixin.py:137} INFO - [2023-02-02T01:19:27.463+0000] {dag.py:3441} INFO - Setting next_dagrun for example_subdag_operator.section-1 to None, run_after=None
[2023-02-02T01:19:27.463+0000] {logging_mixin.py:137} INFO - [2023-02-02T01:19:27.463+0000] {dag.py:3441} INFO - Setting next_dagrun for example_subdag_operator.section-2 to None, run_after=None
[2023-02-02T01:19:27.472+0000] {processor.py:175} INFO - Processing /home/airflow/.local/lib/python3.7/site-packages/airflow/example_dags/example_subdag_operator.py took 0.077 seconds
[2023-02-02T01:19:58.114+0000] {processor.py:153} INFO - Started process (PID=1443) to work on /home/airflow/.local/lib/python3.7/site-packages/airflow/example_dags/example_subdag_operator.py
[2023-02-02T01:19:58.114+0000] {processor.py:743} INFO - Processing file /home/airflow/.local/lib/python3.7/site-packages/airflow/example_dags/example_subdag_operator.py for tasks to queue
[2023-02-02T01:19:58.115+0000] {logging_mixin.py:137} INFO - [2023-02-02T01:19:58.115+0000] {dagbag.py:538} INFO - Filling up the DagBag from /home/airflow/.local/lib/python3.7/site-packages/airflow/example_dags/example_subdag_operator.py
[2023-02-02T01:19:58.135+0000] {processor.py:753} INFO - DAG(s) dict_keys(['example_subdag_operator.section-1', 'example_subdag_operator.section-2', 'example_subdag_operator']) retrieved from /home/airflow/.local/lib/python3.7/site-packages/airflow/example_dags/example_subdag_operator.py
[2023-02-02T01:19:58.147+0000] {logging_mixin.py:137} INFO - [2023-02-02T01:19:58.147+0000] {dag.py:2690} INFO - Sync 3 DAGs
[2023-02-02T01:19:58.163+0000] {logging_mixin.py:137} INFO - [2023-02-02T01:19:58.163+0000] {dag.py:3441} INFO - Setting next_dagrun for example_subdag_operator to 2022-01-01T00:00:00+00:00, run_after=2022-01-01T00:00:00+00:00
[2023-02-02T01:19:58.165+0000] {logging_mixin.py:137} INFO - [2023-02-02T01:19:58.165+0000] {dag.py:3441} INFO - Setting next_dagrun for example_subdag_operator.section-1 to None, run_after=None
[2023-02-02T01:19:58.166+0000] {logging_mixin.py:137} INFO - [2023-02-02T01:19:58.166+0000] {dag.py:3441} INFO - Setting next_dagrun for example_subdag_operator.section-2 to None, run_after=None
[2023-02-02T01:19:58.171+0000] {logging_mixin.py:137} INFO - [2023-02-02T01:19:58.171+0000] {dag.py:2690} INFO - Sync 2 DAGs
[2023-02-02T01:19:58.175+0000] {logging_mixin.py:137} INFO - [2023-02-02T01:19:58.175+0000] {dag.py:3441} INFO - Setting next_dagrun for example_subdag_operator.section-1 to None, run_after=None
[2023-02-02T01:19:58.175+0000] {logging_mixin.py:137} INFO - [2023-02-02T01:19:58.175+0000] {dag.py:3441} INFO - Setting next_dagrun for example_subdag_operator.section-2 to None, run_after=None
[2023-02-02T01:19:58.183+0000] {processor.py:175} INFO - Processing /home/airflow/.local/lib/python3.7/site-packages/airflow/example_dags/example_subdag_operator.py took 0.072 seconds
[2023-02-02T01:20:28.811+0000] {processor.py:153} INFO - Started process (PID=1530) to work on /home/airflow/.local/lib/python3.7/site-packages/airflow/example_dags/example_subdag_operator.py
[2023-02-02T01:20:28.811+0000] {processor.py:743} INFO - Processing file /home/airflow/.local/lib/python3.7/site-packages/airflow/example_dags/example_subdag_operator.py for tasks to queue
[2023-02-02T01:20:28.812+0000] {logging_mixin.py:137} INFO - [2023-02-02T01:20:28.812+0000] {dagbag.py:538} INFO - Filling up the DagBag from /home/airflow/.local/lib/python3.7/site-packages/airflow/example_dags/example_subdag_operator.py
[2023-02-02T01:20:28.832+0000] {processor.py:753} INFO - DAG(s) dict_keys(['example_subdag_operator.section-1', 'example_subdag_operator.section-2', 'example_subdag_operator']) retrieved from /home/airflow/.local/lib/python3.7/site-packages/airflow/example_dags/example_subdag_operator.py
[2023-02-02T01:20:28.844+0000] {logging_mixin.py:137} INFO - [2023-02-02T01:20:28.844+0000] {dag.py:2690} INFO - Sync 3 DAGs
[2023-02-02T01:20:28.864+0000] {logging_mixin.py:137} INFO - [2023-02-02T01:20:28.864+0000] {dag.py:3441} INFO - Setting next_dagrun for example_subdag_operator to 2022-01-01T00:00:00+00:00, run_after=2022-01-01T00:00:00+00:00
[2023-02-02T01:20:28.866+0000] {logging_mixin.py:137} INFO - [2023-02-02T01:20:28.866+0000] {dag.py:3441} INFO - Setting next_dagrun for example_subdag_operator.section-1 to None, run_after=None
[2023-02-02T01:20:28.867+0000] {logging_mixin.py:137} INFO - [2023-02-02T01:20:28.867+0000] {dag.py:3441} INFO - Setting next_dagrun for example_subdag_operator.section-2 to None, run_after=None
[2023-02-02T01:20:28.872+0000] {logging_mixin.py:137} INFO - [2023-02-02T01:20:28.872+0000] {dag.py:2690} INFO - Sync 2 DAGs
[2023-02-02T01:20:28.875+0000] {logging_mixin.py:137} INFO - [2023-02-02T01:20:28.875+0000] {dag.py:3441} INFO - Setting next_dagrun for example_subdag_operator.section-1 to None, run_after=None
[2023-02-02T01:20:28.876+0000] {logging_mixin.py:137} INFO - [2023-02-02T01:20:28.876+0000] {dag.py:3441} INFO - Setting next_dagrun for example_subdag_operator.section-2 to None, run_after=None
[2023-02-02T01:20:28.885+0000] {processor.py:175} INFO - Processing /home/airflow/.local/lib/python3.7/site-packages/airflow/example_dags/example_subdag_operator.py took 0.076 seconds
[2023-02-02T01:20:59.651+0000] {processor.py:153} INFO - Started process (PID=1601) to work on /home/airflow/.local/lib/python3.7/site-packages/airflow/example_dags/example_subdag_operator.py
[2023-02-02T01:20:59.651+0000] {processor.py:743} INFO - Processing file /home/airflow/.local/lib/python3.7/site-packages/airflow/example_dags/example_subdag_operator.py for tasks to queue
[2023-02-02T01:20:59.652+0000] {logging_mixin.py:137} INFO - [2023-02-02T01:20:59.652+0000] {dagbag.py:538} INFO - Filling up the DagBag from /home/airflow/.local/lib/python3.7/site-packages/airflow/example_dags/example_subdag_operator.py
[2023-02-02T01:20:59.679+0000] {processor.py:753} INFO - DAG(s) dict_keys(['example_subdag_operator.section-1', 'example_subdag_operator.section-2', 'example_subdag_operator']) retrieved from /home/airflow/.local/lib/python3.7/site-packages/airflow/example_dags/example_subdag_operator.py
[2023-02-02T01:20:59.695+0000] {logging_mixin.py:137} INFO - [2023-02-02T01:20:59.695+0000] {dag.py:2690} INFO - Sync 3 DAGs
[2023-02-02T01:20:59.719+0000] {logging_mixin.py:137} INFO - [2023-02-02T01:20:59.719+0000] {dag.py:3441} INFO - Setting next_dagrun for example_subdag_operator to 2022-01-01T00:00:00+00:00, run_after=2022-01-01T00:00:00+00:00
[2023-02-02T01:20:59.722+0000] {logging_mixin.py:137} INFO - [2023-02-02T01:20:59.722+0000] {dag.py:3441} INFO - Setting next_dagrun for example_subdag_operator.section-1 to None, run_after=None
[2023-02-02T01:20:59.724+0000] {logging_mixin.py:137} INFO - [2023-02-02T01:20:59.724+0000] {dag.py:3441} INFO - Setting next_dagrun for example_subdag_operator.section-2 to None, run_after=None
[2023-02-02T01:20:59.732+0000] {logging_mixin.py:137} INFO - [2023-02-02T01:20:59.732+0000] {dag.py:2690} INFO - Sync 2 DAGs
[2023-02-02T01:20:59.736+0000] {logging_mixin.py:137} INFO - [2023-02-02T01:20:59.736+0000] {dag.py:3441} INFO - Setting next_dagrun for example_subdag_operator.section-1 to None, run_after=None
[2023-02-02T01:20:59.737+0000] {logging_mixin.py:137} INFO - [2023-02-02T01:20:59.737+0000] {dag.py:3441} INFO - Setting next_dagrun for example_subdag_operator.section-2 to None, run_after=None
[2023-02-02T01:20:59.747+0000] {processor.py:175} INFO - Processing /home/airflow/.local/lib/python3.7/site-packages/airflow/example_dags/example_subdag_operator.py took 0.099 seconds
[2023-02-02T01:21:30.299+0000] {processor.py:153} INFO - Started process (PID=1688) to work on /home/airflow/.local/lib/python3.7/site-packages/airflow/example_dags/example_subdag_operator.py
[2023-02-02T01:21:30.300+0000] {processor.py:743} INFO - Processing file /home/airflow/.local/lib/python3.7/site-packages/airflow/example_dags/example_subdag_operator.py for tasks to queue
[2023-02-02T01:21:30.300+0000] {logging_mixin.py:137} INFO - [2023-02-02T01:21:30.300+0000] {dagbag.py:538} INFO - Filling up the DagBag from /home/airflow/.local/lib/python3.7/site-packages/airflow/example_dags/example_subdag_operator.py
[2023-02-02T01:21:30.321+0000] {processor.py:753} INFO - DAG(s) dict_keys(['example_subdag_operator.section-1', 'example_subdag_operator.section-2', 'example_subdag_operator']) retrieved from /home/airflow/.local/lib/python3.7/site-packages/airflow/example_dags/example_subdag_operator.py
[2023-02-02T01:21:30.332+0000] {logging_mixin.py:137} INFO - [2023-02-02T01:21:30.332+0000] {dag.py:2690} INFO - Sync 3 DAGs
[2023-02-02T01:21:30.348+0000] {logging_mixin.py:137} INFO - [2023-02-02T01:21:30.348+0000] {dag.py:3441} INFO - Setting next_dagrun for example_subdag_operator to 2022-01-01T00:00:00+00:00, run_after=2022-01-01T00:00:00+00:00
[2023-02-02T01:21:30.350+0000] {logging_mixin.py:137} INFO - [2023-02-02T01:21:30.350+0000] {dag.py:3441} INFO - Setting next_dagrun for example_subdag_operator.section-1 to None, run_after=None
[2023-02-02T01:21:30.351+0000] {logging_mixin.py:137} INFO - [2023-02-02T01:21:30.351+0000] {dag.py:3441} INFO - Setting next_dagrun for example_subdag_operator.section-2 to None, run_after=None
[2023-02-02T01:21:30.355+0000] {logging_mixin.py:137} INFO - [2023-02-02T01:21:30.355+0000] {dag.py:2690} INFO - Sync 2 DAGs
[2023-02-02T01:21:30.359+0000] {logging_mixin.py:137} INFO - [2023-02-02T01:21:30.359+0000] {dag.py:3441} INFO - Setting next_dagrun for example_subdag_operator.section-1 to None, run_after=None
[2023-02-02T01:21:30.359+0000] {logging_mixin.py:137} INFO - [2023-02-02T01:21:30.359+0000] {dag.py:3441} INFO - Setting next_dagrun for example_subdag_operator.section-2 to None, run_after=None
[2023-02-02T01:21:30.367+0000] {processor.py:175} INFO - Processing /home/airflow/.local/lib/python3.7/site-packages/airflow/example_dags/example_subdag_operator.py took 0.070 seconds
[2023-02-02T01:22:01.011+0000] {processor.py:153} INFO - Started process (PID=1775) to work on /home/airflow/.local/lib/python3.7/site-packages/airflow/example_dags/example_subdag_operator.py
[2023-02-02T01:22:01.012+0000] {processor.py:743} INFO - Processing file /home/airflow/.local/lib/python3.7/site-packages/airflow/example_dags/example_subdag_operator.py for tasks to queue
[2023-02-02T01:22:01.012+0000] {logging_mixin.py:137} INFO - [2023-02-02T01:22:01.012+0000] {dagbag.py:538} INFO - Filling up the DagBag from /home/airflow/.local/lib/python3.7/site-packages/airflow/example_dags/example_subdag_operator.py
[2023-02-02T01:22:01.032+0000] {processor.py:753} INFO - DAG(s) dict_keys(['example_subdag_operator.section-1', 'example_subdag_operator.section-2', 'example_subdag_operator']) retrieved from /home/airflow/.local/lib/python3.7/site-packages/airflow/example_dags/example_subdag_operator.py
[2023-02-02T01:22:01.043+0000] {logging_mixin.py:137} INFO - [2023-02-02T01:22:01.043+0000] {dag.py:2690} INFO - Sync 3 DAGs
[2023-02-02T01:22:01.060+0000] {logging_mixin.py:137} INFO - [2023-02-02T01:22:01.059+0000] {dag.py:3441} INFO - Setting next_dagrun for example_subdag_operator to 2022-01-01T00:00:00+00:00, run_after=2022-01-01T00:00:00+00:00
[2023-02-02T01:22:01.062+0000] {logging_mixin.py:137} INFO - [2023-02-02T01:22:01.062+0000] {dag.py:3441} INFO - Setting next_dagrun for example_subdag_operator.section-1 to None, run_after=None
[2023-02-02T01:22:01.063+0000] {logging_mixin.py:137} INFO - [2023-02-02T01:22:01.063+0000] {dag.py:3441} INFO - Setting next_dagrun for example_subdag_operator.section-2 to None, run_after=None
[2023-02-02T01:22:01.067+0000] {logging_mixin.py:137} INFO - [2023-02-02T01:22:01.067+0000] {dag.py:2690} INFO - Sync 2 DAGs
[2023-02-02T01:22:01.071+0000] {logging_mixin.py:137} INFO - [2023-02-02T01:22:01.071+0000] {dag.py:3441} INFO - Setting next_dagrun for example_subdag_operator.section-1 to None, run_after=None
[2023-02-02T01:22:01.071+0000] {logging_mixin.py:137} INFO - [2023-02-02T01:22:01.071+0000] {dag.py:3441} INFO - Setting next_dagrun for example_subdag_operator.section-2 to None, run_after=None
[2023-02-02T01:22:01.078+0000] {processor.py:175} INFO - Processing /home/airflow/.local/lib/python3.7/site-packages/airflow/example_dags/example_subdag_operator.py took 0.069 seconds
[2023-02-02T01:22:31.702+0000] {processor.py:153} INFO - Started process (PID=1846) to work on /home/airflow/.local/lib/python3.7/site-packages/airflow/example_dags/example_subdag_operator.py
[2023-02-02T01:22:31.702+0000] {processor.py:743} INFO - Processing file /home/airflow/.local/lib/python3.7/site-packages/airflow/example_dags/example_subdag_operator.py for tasks to queue
[2023-02-02T01:22:31.703+0000] {logging_mixin.py:137} INFO - [2023-02-02T01:22:31.703+0000] {dagbag.py:538} INFO - Filling up the DagBag from /home/airflow/.local/lib/python3.7/site-packages/airflow/example_dags/example_subdag_operator.py
[2023-02-02T01:22:31.724+0000] {processor.py:753} INFO - DAG(s) dict_keys(['example_subdag_operator.section-1', 'example_subdag_operator.section-2', 'example_subdag_operator']) retrieved from /home/airflow/.local/lib/python3.7/site-packages/airflow/example_dags/example_subdag_operator.py
[2023-02-02T01:22:31.735+0000] {logging_mixin.py:137} INFO - [2023-02-02T01:22:31.735+0000] {dag.py:2690} INFO - Sync 3 DAGs
[2023-02-02T01:22:31.752+0000] {logging_mixin.py:137} INFO - [2023-02-02T01:22:31.752+0000] {dag.py:3441} INFO - Setting next_dagrun for example_subdag_operator to 2022-01-01T00:00:00+00:00, run_after=2022-01-01T00:00:00+00:00
[2023-02-02T01:22:31.755+0000] {logging_mixin.py:137} INFO - [2023-02-02T01:22:31.755+0000] {dag.py:3441} INFO - Setting next_dagrun for example_subdag_operator.section-1 to None, run_after=None
[2023-02-02T01:22:31.756+0000] {logging_mixin.py:137} INFO - [2023-02-02T01:22:31.756+0000] {dag.py:3441} INFO - Setting next_dagrun for example_subdag_operator.section-2 to None, run_after=None
[2023-02-02T01:22:31.763+0000] {logging_mixin.py:137} INFO - [2023-02-02T01:22:31.763+0000] {dag.py:2690} INFO - Sync 2 DAGs
[2023-02-02T01:22:31.767+0000] {logging_mixin.py:137} INFO - [2023-02-02T01:22:31.767+0000] {dag.py:3441} INFO - Setting next_dagrun for example_subdag_operator.section-1 to None, run_after=None
[2023-02-02T01:22:31.768+0000] {logging_mixin.py:137} INFO - [2023-02-02T01:22:31.768+0000] {dag.py:3441} INFO - Setting next_dagrun for example_subdag_operator.section-2 to None, run_after=None
[2023-02-02T01:22:31.776+0000] {processor.py:175} INFO - Processing /home/airflow/.local/lib/python3.7/site-packages/airflow/example_dags/example_subdag_operator.py took 0.077 seconds
[2023-02-02T01:23:02.589+0000] {processor.py:153} INFO - Started process (PID=1933) to work on /home/airflow/.local/lib/python3.7/site-packages/airflow/example_dags/example_subdag_operator.py
[2023-02-02T01:23:02.590+0000] {processor.py:743} INFO - Processing file /home/airflow/.local/lib/python3.7/site-packages/airflow/example_dags/example_subdag_operator.py for tasks to queue
[2023-02-02T01:23:02.590+0000] {logging_mixin.py:137} INFO - [2023-02-02T01:23:02.590+0000] {dagbag.py:538} INFO - Filling up the DagBag from /home/airflow/.local/lib/python3.7/site-packages/airflow/example_dags/example_subdag_operator.py
[2023-02-02T01:23:02.613+0000] {processor.py:753} INFO - DAG(s) dict_keys(['example_subdag_operator.section-1', 'example_subdag_operator.section-2', 'example_subdag_operator']) retrieved from /home/airflow/.local/lib/python3.7/site-packages/airflow/example_dags/example_subdag_operator.py
[2023-02-02T01:23:02.624+0000] {logging_mixin.py:137} INFO - [2023-02-02T01:23:02.624+0000] {dag.py:2690} INFO - Sync 3 DAGs
[2023-02-02T01:23:02.641+0000] {logging_mixin.py:137} INFO - [2023-02-02T01:23:02.641+0000] {dag.py:3441} INFO - Setting next_dagrun for example_subdag_operator to 2022-01-01T00:00:00+00:00, run_after=2022-01-01T00:00:00+00:00
[2023-02-02T01:23:02.644+0000] {logging_mixin.py:137} INFO - [2023-02-02T01:23:02.644+0000] {dag.py:3441} INFO - Setting next_dagrun for example_subdag_operator.section-1 to None, run_after=None
[2023-02-02T01:23:02.645+0000] {logging_mixin.py:137} INFO - [2023-02-02T01:23:02.645+0000] {dag.py:3441} INFO - Setting next_dagrun for example_subdag_operator.section-2 to None, run_after=None
[2023-02-02T01:23:02.650+0000] {logging_mixin.py:137} INFO - [2023-02-02T01:23:02.650+0000] {dag.py:2690} INFO - Sync 2 DAGs
[2023-02-02T01:23:02.653+0000] {logging_mixin.py:137} INFO - [2023-02-02T01:23:02.653+0000] {dag.py:3441} INFO - Setting next_dagrun for example_subdag_operator.section-1 to None, run_after=None
[2023-02-02T01:23:02.653+0000] {logging_mixin.py:137} INFO - [2023-02-02T01:23:02.653+0000] {dag.py:3441} INFO - Setting next_dagrun for example_subdag_operator.section-2 to None, run_after=None
[2023-02-02T01:23:02.660+0000] {processor.py:175} INFO - Processing /home/airflow/.local/lib/python3.7/site-packages/airflow/example_dags/example_subdag_operator.py took 0.073 seconds
[2023-02-02T01:23:33.326+0000] {processor.py:153} INFO - Started process (PID=2020) to work on /home/airflow/.local/lib/python3.7/site-packages/airflow/example_dags/example_subdag_operator.py
[2023-02-02T01:23:33.326+0000] {processor.py:743} INFO - Processing file /home/airflow/.local/lib/python3.7/site-packages/airflow/example_dags/example_subdag_operator.py for tasks to queue
[2023-02-02T01:23:33.327+0000] {logging_mixin.py:137} INFO - [2023-02-02T01:23:33.327+0000] {dagbag.py:538} INFO - Filling up the DagBag from /home/airflow/.local/lib/python3.7/site-packages/airflow/example_dags/example_subdag_operator.py
[2023-02-02T01:23:33.350+0000] {processor.py:753} INFO - DAG(s) dict_keys(['example_subdag_operator.section-1', 'example_subdag_operator.section-2', 'example_subdag_operator']) retrieved from /home/airflow/.local/lib/python3.7/site-packages/airflow/example_dags/example_subdag_operator.py
[2023-02-02T01:23:33.362+0000] {logging_mixin.py:137} INFO - [2023-02-02T01:23:33.362+0000] {dag.py:2690} INFO - Sync 3 DAGs
[2023-02-02T01:23:33.378+0000] {logging_mixin.py:137} INFO - [2023-02-02T01:23:33.378+0000] {dag.py:3441} INFO - Setting next_dagrun for example_subdag_operator to 2022-01-01T00:00:00+00:00, run_after=2022-01-01T00:00:00+00:00
[2023-02-02T01:23:33.381+0000] {logging_mixin.py:137} INFO - [2023-02-02T01:23:33.381+0000] {dag.py:3441} INFO - Setting next_dagrun for example_subdag_operator.section-1 to None, run_after=None
[2023-02-02T01:23:33.382+0000] {logging_mixin.py:137} INFO - [2023-02-02T01:23:33.382+0000] {dag.py:3441} INFO - Setting next_dagrun for example_subdag_operator.section-2 to None, run_after=None
[2023-02-02T01:23:33.386+0000] {logging_mixin.py:137} INFO - [2023-02-02T01:23:33.386+0000] {dag.py:2690} INFO - Sync 2 DAGs
[2023-02-02T01:23:33.390+0000] {logging_mixin.py:137} INFO - [2023-02-02T01:23:33.390+0000] {dag.py:3441} INFO - Setting next_dagrun for example_subdag_operator.section-1 to None, run_after=None
[2023-02-02T01:23:33.390+0000] {logging_mixin.py:137} INFO - [2023-02-02T01:23:33.390+0000] {dag.py:3441} INFO - Setting next_dagrun for example_subdag_operator.section-2 to None, run_after=None
[2023-02-02T01:23:33.397+0000] {processor.py:175} INFO - Processing /home/airflow/.local/lib/python3.7/site-packages/airflow/example_dags/example_subdag_operator.py took 0.073 seconds
[2023-02-02T01:24:04.075+0000] {processor.py:153} INFO - Started process (PID=2098) to work on /home/airflow/.local/lib/python3.7/site-packages/airflow/example_dags/example_subdag_operator.py
[2023-02-02T01:24:04.076+0000] {processor.py:743} INFO - Processing file /home/airflow/.local/lib/python3.7/site-packages/airflow/example_dags/example_subdag_operator.py for tasks to queue
[2023-02-02T01:24:04.077+0000] {logging_mixin.py:137} INFO - [2023-02-02T01:24:04.077+0000] {dagbag.py:538} INFO - Filling up the DagBag from /home/airflow/.local/lib/python3.7/site-packages/airflow/example_dags/example_subdag_operator.py
[2023-02-02T01:24:04.096+0000] {processor.py:753} INFO - DAG(s) dict_keys(['example_subdag_operator.section-1', 'example_subdag_operator.section-2', 'example_subdag_operator']) retrieved from /home/airflow/.local/lib/python3.7/site-packages/airflow/example_dags/example_subdag_operator.py
[2023-02-02T01:24:04.108+0000] {logging_mixin.py:137} INFO - [2023-02-02T01:24:04.108+0000] {dag.py:2690} INFO - Sync 3 DAGs
[2023-02-02T01:24:04.125+0000] {logging_mixin.py:137} INFO - [2023-02-02T01:24:04.125+0000] {dag.py:3441} INFO - Setting next_dagrun for example_subdag_operator to 2022-01-01T00:00:00+00:00, run_after=2022-01-01T00:00:00+00:00
[2023-02-02T01:24:04.128+0000] {logging_mixin.py:137} INFO - [2023-02-02T01:24:04.128+0000] {dag.py:3441} INFO - Setting next_dagrun for example_subdag_operator.section-1 to None, run_after=None
[2023-02-02T01:24:04.129+0000] {logging_mixin.py:137} INFO - [2023-02-02T01:24:04.129+0000] {dag.py:3441} INFO - Setting next_dagrun for example_subdag_operator.section-2 to None, run_after=None
[2023-02-02T01:24:04.134+0000] {logging_mixin.py:137} INFO - [2023-02-02T01:24:04.134+0000] {dag.py:2690} INFO - Sync 2 DAGs
[2023-02-02T01:24:04.137+0000] {logging_mixin.py:137} INFO - [2023-02-02T01:24:04.137+0000] {dag.py:3441} INFO - Setting next_dagrun for example_subdag_operator.section-1 to None, run_after=None
[2023-02-02T01:24:04.137+0000] {logging_mixin.py:137} INFO - [2023-02-02T01:24:04.137+0000] {dag.py:3441} INFO - Setting next_dagrun for example_subdag_operator.section-2 to None, run_after=None
[2023-02-02T01:24:04.145+0000] {processor.py:175} INFO - Processing /home/airflow/.local/lib/python3.7/site-packages/airflow/example_dags/example_subdag_operator.py took 0.072 seconds
[2023-02-02T01:24:34.938+0000] {processor.py:153} INFO - Started process (PID=2178) to work on /home/airflow/.local/lib/python3.7/site-packages/airflow/example_dags/example_subdag_operator.py
[2023-02-02T01:24:34.939+0000] {processor.py:743} INFO - Processing file /home/airflow/.local/lib/python3.7/site-packages/airflow/example_dags/example_subdag_operator.py for tasks to queue
[2023-02-02T01:24:34.940+0000] {logging_mixin.py:137} INFO - [2023-02-02T01:24:34.939+0000] {dagbag.py:538} INFO - Filling up the DagBag from /home/airflow/.local/lib/python3.7/site-packages/airflow/example_dags/example_subdag_operator.py
[2023-02-02T01:24:34.965+0000] {processor.py:753} INFO - DAG(s) dict_keys(['example_subdag_operator.section-1', 'example_subdag_operator.section-2', 'example_subdag_operator']) retrieved from /home/airflow/.local/lib/python3.7/site-packages/airflow/example_dags/example_subdag_operator.py
[2023-02-02T01:24:34.980+0000] {logging_mixin.py:137} INFO - [2023-02-02T01:24:34.980+0000] {dag.py:2690} INFO - Sync 3 DAGs
[2023-02-02T01:24:34.999+0000] {logging_mixin.py:137} INFO - [2023-02-02T01:24:34.999+0000] {dag.py:3441} INFO - Setting next_dagrun for example_subdag_operator to 2022-01-01T00:00:00+00:00, run_after=2022-01-01T00:00:00+00:00
[2023-02-02T01:24:35.001+0000] {logging_mixin.py:137} INFO - [2023-02-02T01:24:35.001+0000] {dag.py:3441} INFO - Setting next_dagrun for example_subdag_operator.section-1 to None, run_after=None
[2023-02-02T01:24:35.002+0000] {logging_mixin.py:137} INFO - [2023-02-02T01:24:35.002+0000] {dag.py:3441} INFO - Setting next_dagrun for example_subdag_operator.section-2 to None, run_after=None
[2023-02-02T01:24:35.008+0000] {logging_mixin.py:137} INFO - [2023-02-02T01:24:35.008+0000] {dag.py:2690} INFO - Sync 2 DAGs
[2023-02-02T01:24:35.012+0000] {logging_mixin.py:137} INFO - [2023-02-02T01:24:35.012+0000] {dag.py:3441} INFO - Setting next_dagrun for example_subdag_operator.section-1 to None, run_after=None
[2023-02-02T01:24:35.012+0000] {logging_mixin.py:137} INFO - [2023-02-02T01:24:35.012+0000] {dag.py:3441} INFO - Setting next_dagrun for example_subdag_operator.section-2 to None, run_after=None
[2023-02-02T01:24:35.020+0000] {processor.py:175} INFO - Processing /home/airflow/.local/lib/python3.7/site-packages/airflow/example_dags/example_subdag_operator.py took 0.083 seconds
[2023-02-02T01:25:05.626+0000] {processor.py:153} INFO - Started process (PID=2265) to work on /home/airflow/.local/lib/python3.7/site-packages/airflow/example_dags/example_subdag_operator.py
[2023-02-02T01:25:05.627+0000] {processor.py:743} INFO - Processing file /home/airflow/.local/lib/python3.7/site-packages/airflow/example_dags/example_subdag_operator.py for tasks to queue
[2023-02-02T01:25:05.627+0000] {logging_mixin.py:137} INFO - [2023-02-02T01:25:05.627+0000] {dagbag.py:538} INFO - Filling up the DagBag from /home/airflow/.local/lib/python3.7/site-packages/airflow/example_dags/example_subdag_operator.py
[2023-02-02T01:25:05.648+0000] {processor.py:753} INFO - DAG(s) dict_keys(['example_subdag_operator.section-1', 'example_subdag_operator.section-2', 'example_subdag_operator']) retrieved from /home/airflow/.local/lib/python3.7/site-packages/airflow/example_dags/example_subdag_operator.py
[2023-02-02T01:25:05.659+0000] {logging_mixin.py:137} INFO - [2023-02-02T01:25:05.659+0000] {dag.py:2690} INFO - Sync 3 DAGs
[2023-02-02T01:25:05.675+0000] {logging_mixin.py:137} INFO - [2023-02-02T01:25:05.675+0000] {dag.py:3441} INFO - Setting next_dagrun for example_subdag_operator to 2022-01-01T00:00:00+00:00, run_after=2022-01-01T00:00:00+00:00
[2023-02-02T01:25:05.678+0000] {logging_mixin.py:137} INFO - [2023-02-02T01:25:05.678+0000] {dag.py:3441} INFO - Setting next_dagrun for example_subdag_operator.section-1 to None, run_after=None
[2023-02-02T01:25:05.679+0000] {logging_mixin.py:137} INFO - [2023-02-02T01:25:05.679+0000] {dag.py:3441} INFO - Setting next_dagrun for example_subdag_operator.section-2 to None, run_after=None
[2023-02-02T01:25:05.684+0000] {logging_mixin.py:137} INFO - [2023-02-02T01:25:05.684+0000] {dag.py:2690} INFO - Sync 2 DAGs
[2023-02-02T01:25:05.688+0000] {logging_mixin.py:137} INFO - [2023-02-02T01:25:05.688+0000] {dag.py:3441} INFO - Setting next_dagrun for example_subdag_operator.section-1 to None, run_after=None
[2023-02-02T01:25:05.689+0000] {logging_mixin.py:137} INFO - [2023-02-02T01:25:05.689+0000] {dag.py:3441} INFO - Setting next_dagrun for example_subdag_operator.section-2 to None, run_after=None
[2023-02-02T01:25:05.699+0000] {processor.py:175} INFO - Processing /home/airflow/.local/lib/python3.7/site-packages/airflow/example_dags/example_subdag_operator.py took 0.074 seconds
