[2023-02-02T01:11:14.308+0000] {processor.py:153} INFO - Started process (PID=38) to work on /home/airflow/.local/lib/python3.7/site-packages/airflow/example_dags/example_nested_branch_dag.py
[2023-02-02T01:11:14.309+0000] {processor.py:743} INFO - Processing file /home/airflow/.local/lib/python3.7/site-packages/airflow/example_dags/example_nested_branch_dag.py for tasks to queue
[2023-02-02T01:11:14.310+0000] {logging_mixin.py:137} INFO - [2023-02-02T01:11:14.310+0000] {dagbag.py:538} INFO - Filling up the DagBag from /home/airflow/.local/lib/python3.7/site-packages/airflow/example_dags/example_nested_branch_dag.py
[2023-02-02T01:11:14.345+0000] {processor.py:753} INFO - DAG(s) dict_keys(['example_nested_branch_dag']) retrieved from /home/airflow/.local/lib/python3.7/site-packages/airflow/example_dags/example_nested_branch_dag.py
[2023-02-02T01:11:14.360+0000] {logging_mixin.py:137} INFO - [2023-02-02T01:11:14.359+0000] {dag.py:2690} INFO - Sync 1 DAGs
[2023-02-02T01:11:14.377+0000] {logging_mixin.py:137} INFO - [2023-02-02T01:11:14.377+0000] {dag.py:3441} INFO - Setting next_dagrun for example_nested_branch_dag to 2023-02-01T00:00:00+00:00, run_after=2023-02-02T00:00:00+00:00
[2023-02-02T01:11:14.390+0000] {processor.py:175} INFO - Processing /home/airflow/.local/lib/python3.7/site-packages/airflow/example_dags/example_nested_branch_dag.py took 0.084 seconds
[2023-02-02T01:11:45.185+0000] {processor.py:153} INFO - Started process (PID=125) to work on /home/airflow/.local/lib/python3.7/site-packages/airflow/example_dags/example_nested_branch_dag.py
[2023-02-02T01:11:45.186+0000] {processor.py:743} INFO - Processing file /home/airflow/.local/lib/python3.7/site-packages/airflow/example_dags/example_nested_branch_dag.py for tasks to queue
[2023-02-02T01:11:45.186+0000] {logging_mixin.py:137} INFO - [2023-02-02T01:11:45.186+0000] {dagbag.py:538} INFO - Filling up the DagBag from /home/airflow/.local/lib/python3.7/site-packages/airflow/example_dags/example_nested_branch_dag.py
[2023-02-02T01:11:45.211+0000] {processor.py:753} INFO - DAG(s) dict_keys(['example_nested_branch_dag']) retrieved from /home/airflow/.local/lib/python3.7/site-packages/airflow/example_dags/example_nested_branch_dag.py
[2023-02-02T01:11:45.236+0000] {logging_mixin.py:137} INFO - [2023-02-02T01:11:45.236+0000] {dag.py:2690} INFO - Sync 1 DAGs
[2023-02-02T01:11:45.258+0000] {logging_mixin.py:137} INFO - [2023-02-02T01:11:45.258+0000] {dag.py:3441} INFO - Setting next_dagrun for example_nested_branch_dag to 2023-02-01T00:00:00+00:00, run_after=2023-02-02T00:00:00+00:00
[2023-02-02T01:11:45.270+0000] {processor.py:175} INFO - Processing /home/airflow/.local/lib/python3.7/site-packages/airflow/example_dags/example_nested_branch_dag.py took 0.087 seconds
[2023-02-02T01:12:16.001+0000] {processor.py:153} INFO - Started process (PID=212) to work on /home/airflow/.local/lib/python3.7/site-packages/airflow/example_dags/example_nested_branch_dag.py
[2023-02-02T01:12:16.002+0000] {processor.py:743} INFO - Processing file /home/airflow/.local/lib/python3.7/site-packages/airflow/example_dags/example_nested_branch_dag.py for tasks to queue
[2023-02-02T01:12:16.002+0000] {logging_mixin.py:137} INFO - [2023-02-02T01:12:16.002+0000] {dagbag.py:538} INFO - Filling up the DagBag from /home/airflow/.local/lib/python3.7/site-packages/airflow/example_dags/example_nested_branch_dag.py
[2023-02-02T01:12:16.025+0000] {processor.py:753} INFO - DAG(s) dict_keys(['example_nested_branch_dag']) retrieved from /home/airflow/.local/lib/python3.7/site-packages/airflow/example_dags/example_nested_branch_dag.py
[2023-02-02T01:12:16.049+0000] {logging_mixin.py:137} INFO - [2023-02-02T01:12:16.049+0000] {dag.py:2690} INFO - Sync 1 DAGs
[2023-02-02T01:12:16.072+0000] {logging_mixin.py:137} INFO - [2023-02-02T01:12:16.072+0000] {dag.py:3441} INFO - Setting next_dagrun for example_nested_branch_dag to 2023-02-01T00:00:00+00:00, run_after=2023-02-02T00:00:00+00:00
[2023-02-02T01:12:16.086+0000] {processor.py:175} INFO - Processing /home/airflow/.local/lib/python3.7/site-packages/airflow/example_dags/example_nested_branch_dag.py took 0.088 seconds
[2023-02-02T01:12:46.903+0000] {processor.py:153} INFO - Started process (PID=283) to work on /home/airflow/.local/lib/python3.7/site-packages/airflow/example_dags/example_nested_branch_dag.py
[2023-02-02T01:12:46.904+0000] {processor.py:743} INFO - Processing file /home/airflow/.local/lib/python3.7/site-packages/airflow/example_dags/example_nested_branch_dag.py for tasks to queue
[2023-02-02T01:12:46.905+0000] {logging_mixin.py:137} INFO - [2023-02-02T01:12:46.905+0000] {dagbag.py:538} INFO - Filling up the DagBag from /home/airflow/.local/lib/python3.7/site-packages/airflow/example_dags/example_nested_branch_dag.py
[2023-02-02T01:12:46.934+0000] {processor.py:753} INFO - DAG(s) dict_keys(['example_nested_branch_dag']) retrieved from /home/airflow/.local/lib/python3.7/site-packages/airflow/example_dags/example_nested_branch_dag.py
[2023-02-02T01:12:46.951+0000] {logging_mixin.py:137} INFO - [2023-02-02T01:12:46.951+0000] {dag.py:2690} INFO - Sync 1 DAGs
[2023-02-02T01:12:46.969+0000] {logging_mixin.py:137} INFO - [2023-02-02T01:12:46.968+0000] {dag.py:3441} INFO - Setting next_dagrun for example_nested_branch_dag to 2023-02-01T00:00:00+00:00, run_after=2023-02-02T00:00:00+00:00
[2023-02-02T01:12:46.982+0000] {processor.py:175} INFO - Processing /home/airflow/.local/lib/python3.7/site-packages/airflow/example_dags/example_nested_branch_dag.py took 0.083 seconds
[2023-02-02T01:13:17.705+0000] {processor.py:153} INFO - Started process (PID=370) to work on /home/airflow/.local/lib/python3.7/site-packages/airflow/example_dags/example_nested_branch_dag.py
[2023-02-02T01:13:17.705+0000] {processor.py:743} INFO - Processing file /home/airflow/.local/lib/python3.7/site-packages/airflow/example_dags/example_nested_branch_dag.py for tasks to queue
[2023-02-02T01:13:17.706+0000] {logging_mixin.py:137} INFO - [2023-02-02T01:13:17.706+0000] {dagbag.py:538} INFO - Filling up the DagBag from /home/airflow/.local/lib/python3.7/site-packages/airflow/example_dags/example_nested_branch_dag.py
[2023-02-02T01:13:17.732+0000] {processor.py:753} INFO - DAG(s) dict_keys(['example_nested_branch_dag']) retrieved from /home/airflow/.local/lib/python3.7/site-packages/airflow/example_dags/example_nested_branch_dag.py
[2023-02-02T01:13:17.750+0000] {logging_mixin.py:137} INFO - [2023-02-02T01:13:17.750+0000] {dag.py:2690} INFO - Sync 1 DAGs
[2023-02-02T01:13:17.769+0000] {logging_mixin.py:137} INFO - [2023-02-02T01:13:17.769+0000] {dag.py:3441} INFO - Setting next_dagrun for example_nested_branch_dag to 2023-02-01T00:00:00+00:00, run_after=2023-02-02T00:00:00+00:00
[2023-02-02T01:13:17.782+0000] {processor.py:175} INFO - Processing /home/airflow/.local/lib/python3.7/site-packages/airflow/example_dags/example_nested_branch_dag.py took 0.080 seconds
[2023-02-02T01:13:48.402+0000] {processor.py:153} INFO - Started process (PID=457) to work on /home/airflow/.local/lib/python3.7/site-packages/airflow/example_dags/example_nested_branch_dag.py
[2023-02-02T01:13:48.403+0000] {processor.py:743} INFO - Processing file /home/airflow/.local/lib/python3.7/site-packages/airflow/example_dags/example_nested_branch_dag.py for tasks to queue
[2023-02-02T01:13:48.404+0000] {logging_mixin.py:137} INFO - [2023-02-02T01:13:48.403+0000] {dagbag.py:538} INFO - Filling up the DagBag from /home/airflow/.local/lib/python3.7/site-packages/airflow/example_dags/example_nested_branch_dag.py
[2023-02-02T01:13:48.426+0000] {processor.py:753} INFO - DAG(s) dict_keys(['example_nested_branch_dag']) retrieved from /home/airflow/.local/lib/python3.7/site-packages/airflow/example_dags/example_nested_branch_dag.py
[2023-02-02T01:13:48.447+0000] {logging_mixin.py:137} INFO - [2023-02-02T01:13:48.447+0000] {dag.py:2690} INFO - Sync 1 DAGs
[2023-02-02T01:13:48.468+0000] {logging_mixin.py:137} INFO - [2023-02-02T01:13:48.468+0000] {dag.py:3441} INFO - Setting next_dagrun for example_nested_branch_dag to 2023-02-01T00:00:00+00:00, run_after=2023-02-02T00:00:00+00:00
[2023-02-02T01:13:48.480+0000] {processor.py:175} INFO - Processing /home/airflow/.local/lib/python3.7/site-packages/airflow/example_dags/example_nested_branch_dag.py took 0.081 seconds
[2023-02-02T01:14:19.176+0000] {processor.py:153} INFO - Started process (PID=528) to work on /home/airflow/.local/lib/python3.7/site-packages/airflow/example_dags/example_nested_branch_dag.py
[2023-02-02T01:14:19.177+0000] {processor.py:743} INFO - Processing file /home/airflow/.local/lib/python3.7/site-packages/airflow/example_dags/example_nested_branch_dag.py for tasks to queue
[2023-02-02T01:14:19.178+0000] {logging_mixin.py:137} INFO - [2023-02-02T01:14:19.178+0000] {dagbag.py:538} INFO - Filling up the DagBag from /home/airflow/.local/lib/python3.7/site-packages/airflow/example_dags/example_nested_branch_dag.py
[2023-02-02T01:14:19.196+0000] {processor.py:753} INFO - DAG(s) dict_keys(['example_nested_branch_dag']) retrieved from /home/airflow/.local/lib/python3.7/site-packages/airflow/example_dags/example_nested_branch_dag.py
[2023-02-02T01:14:19.215+0000] {logging_mixin.py:137} INFO - [2023-02-02T01:14:19.214+0000] {dag.py:2690} INFO - Sync 1 DAGs
[2023-02-02T01:14:19.231+0000] {logging_mixin.py:137} INFO - [2023-02-02T01:14:19.231+0000] {dag.py:3441} INFO - Setting next_dagrun for example_nested_branch_dag to 2023-02-01T00:00:00+00:00, run_after=2023-02-02T00:00:00+00:00
[2023-02-02T01:14:19.243+0000] {processor.py:175} INFO - Processing /home/airflow/.local/lib/python3.7/site-packages/airflow/example_dags/example_nested_branch_dag.py took 0.069 seconds
[2023-02-02T01:14:49.836+0000] {processor.py:153} INFO - Started process (PID=615) to work on /home/airflow/.local/lib/python3.7/site-packages/airflow/example_dags/example_nested_branch_dag.py
[2023-02-02T01:14:49.837+0000] {processor.py:743} INFO - Processing file /home/airflow/.local/lib/python3.7/site-packages/airflow/example_dags/example_nested_branch_dag.py for tasks to queue
[2023-02-02T01:14:49.838+0000] {logging_mixin.py:137} INFO - [2023-02-02T01:14:49.837+0000] {dagbag.py:538} INFO - Filling up the DagBag from /home/airflow/.local/lib/python3.7/site-packages/airflow/example_dags/example_nested_branch_dag.py
[2023-02-02T01:14:49.856+0000] {processor.py:753} INFO - DAG(s) dict_keys(['example_nested_branch_dag']) retrieved from /home/airflow/.local/lib/python3.7/site-packages/airflow/example_dags/example_nested_branch_dag.py
[2023-02-02T01:14:49.874+0000] {logging_mixin.py:137} INFO - [2023-02-02T01:14:49.874+0000] {dag.py:2690} INFO - Sync 1 DAGs
[2023-02-02T01:14:49.894+0000] {logging_mixin.py:137} INFO - [2023-02-02T01:14:49.894+0000] {dag.py:3441} INFO - Setting next_dagrun for example_nested_branch_dag to 2023-02-01T00:00:00+00:00, run_after=2023-02-02T00:00:00+00:00
[2023-02-02T01:14:49.907+0000] {processor.py:175} INFO - Processing /home/airflow/.local/lib/python3.7/site-packages/airflow/example_dags/example_nested_branch_dag.py took 0.073 seconds
[2023-02-02T01:15:20.657+0000] {processor.py:153} INFO - Started process (PID=702) to work on /home/airflow/.local/lib/python3.7/site-packages/airflow/example_dags/example_nested_branch_dag.py
[2023-02-02T01:15:20.657+0000] {processor.py:743} INFO - Processing file /home/airflow/.local/lib/python3.7/site-packages/airflow/example_dags/example_nested_branch_dag.py for tasks to queue
[2023-02-02T01:15:20.658+0000] {logging_mixin.py:137} INFO - [2023-02-02T01:15:20.658+0000] {dagbag.py:538} INFO - Filling up the DagBag from /home/airflow/.local/lib/python3.7/site-packages/airflow/example_dags/example_nested_branch_dag.py
[2023-02-02T01:15:20.679+0000] {processor.py:753} INFO - DAG(s) dict_keys(['example_nested_branch_dag']) retrieved from /home/airflow/.local/lib/python3.7/site-packages/airflow/example_dags/example_nested_branch_dag.py
[2023-02-02T01:15:20.698+0000] {logging_mixin.py:137} INFO - [2023-02-02T01:15:20.698+0000] {dag.py:2690} INFO - Sync 1 DAGs
[2023-02-02T01:15:20.715+0000] {logging_mixin.py:137} INFO - [2023-02-02T01:15:20.714+0000] {dag.py:3441} INFO - Setting next_dagrun for example_nested_branch_dag to 2023-02-01T00:00:00+00:00, run_after=2023-02-02T00:00:00+00:00
[2023-02-02T01:15:20.734+0000] {processor.py:175} INFO - Processing /home/airflow/.local/lib/python3.7/site-packages/airflow/example_dags/example_nested_branch_dag.py took 0.081 seconds
[2023-02-02T01:15:51.344+0000] {processor.py:153} INFO - Started process (PID=773) to work on /home/airflow/.local/lib/python3.7/site-packages/airflow/example_dags/example_nested_branch_dag.py
[2023-02-02T01:15:51.344+0000] {processor.py:743} INFO - Processing file /home/airflow/.local/lib/python3.7/site-packages/airflow/example_dags/example_nested_branch_dag.py for tasks to queue
[2023-02-02T01:15:51.345+0000] {logging_mixin.py:137} INFO - [2023-02-02T01:15:51.345+0000] {dagbag.py:538} INFO - Filling up the DagBag from /home/airflow/.local/lib/python3.7/site-packages/airflow/example_dags/example_nested_branch_dag.py
[2023-02-02T01:15:51.366+0000] {processor.py:753} INFO - DAG(s) dict_keys(['example_nested_branch_dag']) retrieved from /home/airflow/.local/lib/python3.7/site-packages/airflow/example_dags/example_nested_branch_dag.py
[2023-02-02T01:15:51.385+0000] {logging_mixin.py:137} INFO - [2023-02-02T01:15:51.385+0000] {dag.py:2690} INFO - Sync 1 DAGs
[2023-02-02T01:15:51.404+0000] {logging_mixin.py:137} INFO - [2023-02-02T01:15:51.404+0000] {dag.py:3441} INFO - Setting next_dagrun for example_nested_branch_dag to 2023-02-01T00:00:00+00:00, run_after=2023-02-02T00:00:00+00:00
[2023-02-02T01:15:51.416+0000] {processor.py:175} INFO - Processing /home/airflow/.local/lib/python3.7/site-packages/airflow/example_dags/example_nested_branch_dag.py took 0.074 seconds
[2023-02-02T01:16:22.216+0000] {processor.py:153} INFO - Started process (PID=860) to work on /home/airflow/.local/lib/python3.7/site-packages/airflow/example_dags/example_nested_branch_dag.py
[2023-02-02T01:16:22.216+0000] {processor.py:743} INFO - Processing file /home/airflow/.local/lib/python3.7/site-packages/airflow/example_dags/example_nested_branch_dag.py for tasks to queue
[2023-02-02T01:16:22.217+0000] {logging_mixin.py:137} INFO - [2023-02-02T01:16:22.217+0000] {dagbag.py:538} INFO - Filling up the DagBag from /home/airflow/.local/lib/python3.7/site-packages/airflow/example_dags/example_nested_branch_dag.py
[2023-02-02T01:16:22.238+0000] {processor.py:753} INFO - DAG(s) dict_keys(['example_nested_branch_dag']) retrieved from /home/airflow/.local/lib/python3.7/site-packages/airflow/example_dags/example_nested_branch_dag.py
[2023-02-02T01:16:22.255+0000] {logging_mixin.py:137} INFO - [2023-02-02T01:16:22.255+0000] {dag.py:2690} INFO - Sync 1 DAGs
[2023-02-02T01:16:22.274+0000] {logging_mixin.py:137} INFO - [2023-02-02T01:16:22.274+0000] {dag.py:3441} INFO - Setting next_dagrun for example_nested_branch_dag to 2023-02-01T00:00:00+00:00, run_after=2023-02-02T00:00:00+00:00
[2023-02-02T01:16:22.287+0000] {processor.py:175} INFO - Processing /home/airflow/.local/lib/python3.7/site-packages/airflow/example_dags/example_nested_branch_dag.py took 0.074 seconds
[2023-02-02T01:16:52.995+0000] {processor.py:153} INFO - Started process (PID=947) to work on /home/airflow/.local/lib/python3.7/site-packages/airflow/example_dags/example_nested_branch_dag.py
[2023-02-02T01:16:52.996+0000] {processor.py:743} INFO - Processing file /home/airflow/.local/lib/python3.7/site-packages/airflow/example_dags/example_nested_branch_dag.py for tasks to queue
[2023-02-02T01:16:52.997+0000] {logging_mixin.py:137} INFO - [2023-02-02T01:16:52.996+0000] {dagbag.py:538} INFO - Filling up the DagBag from /home/airflow/.local/lib/python3.7/site-packages/airflow/example_dags/example_nested_branch_dag.py
[2023-02-02T01:16:53.017+0000] {processor.py:753} INFO - DAG(s) dict_keys(['example_nested_branch_dag']) retrieved from /home/airflow/.local/lib/python3.7/site-packages/airflow/example_dags/example_nested_branch_dag.py
[2023-02-02T01:16:53.036+0000] {logging_mixin.py:137} INFO - [2023-02-02T01:16:53.036+0000] {dag.py:2690} INFO - Sync 1 DAGs
[2023-02-02T01:16:53.058+0000] {logging_mixin.py:137} INFO - [2023-02-02T01:16:53.058+0000] {dag.py:3441} INFO - Setting next_dagrun for example_nested_branch_dag to 2023-02-01T00:00:00+00:00, run_after=2023-02-02T00:00:00+00:00
[2023-02-02T01:16:53.109+0000] {processor.py:175} INFO - Processing /home/airflow/.local/lib/python3.7/site-packages/airflow/example_dags/example_nested_branch_dag.py took 0.116 seconds
[2023-02-02T01:17:23.830+0000] {processor.py:153} INFO - Started process (PID=1018) to work on /home/airflow/.local/lib/python3.7/site-packages/airflow/example_dags/example_nested_branch_dag.py
[2023-02-02T01:17:23.831+0000] {processor.py:743} INFO - Processing file /home/airflow/.local/lib/python3.7/site-packages/airflow/example_dags/example_nested_branch_dag.py for tasks to queue
[2023-02-02T01:17:23.831+0000] {logging_mixin.py:137} INFO - [2023-02-02T01:17:23.831+0000] {dagbag.py:538} INFO - Filling up the DagBag from /home/airflow/.local/lib/python3.7/site-packages/airflow/example_dags/example_nested_branch_dag.py
[2023-02-02T01:17:23.851+0000] {processor.py:753} INFO - DAG(s) dict_keys(['example_nested_branch_dag']) retrieved from /home/airflow/.local/lib/python3.7/site-packages/airflow/example_dags/example_nested_branch_dag.py
[2023-02-02T01:17:23.869+0000] {logging_mixin.py:137} INFO - [2023-02-02T01:17:23.869+0000] {dag.py:2690} INFO - Sync 1 DAGs
[2023-02-02T01:17:23.889+0000] {logging_mixin.py:137} INFO - [2023-02-02T01:17:23.889+0000] {dag.py:3441} INFO - Setting next_dagrun for example_nested_branch_dag to 2023-02-01T00:00:00+00:00, run_after=2023-02-02T00:00:00+00:00
[2023-02-02T01:17:23.901+0000] {processor.py:175} INFO - Processing /home/airflow/.local/lib/python3.7/site-packages/airflow/example_dags/example_nested_branch_dag.py took 0.074 seconds
[2023-02-02T01:17:54.789+0000] {processor.py:153} INFO - Started process (PID=1105) to work on /home/airflow/.local/lib/python3.7/site-packages/airflow/example_dags/example_nested_branch_dag.py
[2023-02-02T01:17:54.790+0000] {processor.py:743} INFO - Processing file /home/airflow/.local/lib/python3.7/site-packages/airflow/example_dags/example_nested_branch_dag.py for tasks to queue
[2023-02-02T01:17:54.791+0000] {logging_mixin.py:137} INFO - [2023-02-02T01:17:54.790+0000] {dagbag.py:538} INFO - Filling up the DagBag from /home/airflow/.local/lib/python3.7/site-packages/airflow/example_dags/example_nested_branch_dag.py
[2023-02-02T01:17:54.812+0000] {processor.py:753} INFO - DAG(s) dict_keys(['example_nested_branch_dag']) retrieved from /home/airflow/.local/lib/python3.7/site-packages/airflow/example_dags/example_nested_branch_dag.py
[2023-02-02T01:17:54.832+0000] {logging_mixin.py:137} INFO - [2023-02-02T01:17:54.832+0000] {dag.py:2690} INFO - Sync 1 DAGs
[2023-02-02T01:17:54.849+0000] {logging_mixin.py:137} INFO - [2023-02-02T01:17:54.849+0000] {dag.py:3441} INFO - Setting next_dagrun for example_nested_branch_dag to 2023-02-01T00:00:00+00:00, run_after=2023-02-02T00:00:00+00:00
[2023-02-02T01:17:54.861+0000] {processor.py:175} INFO - Processing /home/airflow/.local/lib/python3.7/site-packages/airflow/example_dags/example_nested_branch_dag.py took 0.074 seconds
[2023-02-02T01:18:25.473+0000] {processor.py:153} INFO - Started process (PID=1192) to work on /home/airflow/.local/lib/python3.7/site-packages/airflow/example_dags/example_nested_branch_dag.py
[2023-02-02T01:18:25.474+0000] {processor.py:743} INFO - Processing file /home/airflow/.local/lib/python3.7/site-packages/airflow/example_dags/example_nested_branch_dag.py for tasks to queue
[2023-02-02T01:18:25.475+0000] {logging_mixin.py:137} INFO - [2023-02-02T01:18:25.474+0000] {dagbag.py:538} INFO - Filling up the DagBag from /home/airflow/.local/lib/python3.7/site-packages/airflow/example_dags/example_nested_branch_dag.py
[2023-02-02T01:18:25.504+0000] {processor.py:753} INFO - DAG(s) dict_keys(['example_nested_branch_dag']) retrieved from /home/airflow/.local/lib/python3.7/site-packages/airflow/example_dags/example_nested_branch_dag.py
[2023-02-02T01:18:25.524+0000] {logging_mixin.py:137} INFO - [2023-02-02T01:18:25.523+0000] {dag.py:2690} INFO - Sync 1 DAGs
[2023-02-02T01:18:25.543+0000] {logging_mixin.py:137} INFO - [2023-02-02T01:18:25.543+0000] {dag.py:3441} INFO - Setting next_dagrun for example_nested_branch_dag to 2023-02-01T00:00:00+00:00, run_after=2023-02-02T00:00:00+00:00
[2023-02-02T01:18:25.557+0000] {processor.py:175} INFO - Processing /home/airflow/.local/lib/python3.7/site-packages/airflow/example_dags/example_nested_branch_dag.py took 0.086 seconds
[2023-02-02T01:18:56.304+0000] {processor.py:153} INFO - Started process (PID=1272) to work on /home/airflow/.local/lib/python3.7/site-packages/airflow/example_dags/example_nested_branch_dag.py
[2023-02-02T01:18:56.305+0000] {processor.py:743} INFO - Processing file /home/airflow/.local/lib/python3.7/site-packages/airflow/example_dags/example_nested_branch_dag.py for tasks to queue
[2023-02-02T01:18:56.306+0000] {logging_mixin.py:137} INFO - [2023-02-02T01:18:56.306+0000] {dagbag.py:538} INFO - Filling up the DagBag from /home/airflow/.local/lib/python3.7/site-packages/airflow/example_dags/example_nested_branch_dag.py
[2023-02-02T01:18:56.325+0000] {processor.py:753} INFO - DAG(s) dict_keys(['example_nested_branch_dag']) retrieved from /home/airflow/.local/lib/python3.7/site-packages/airflow/example_dags/example_nested_branch_dag.py
[2023-02-02T01:18:56.346+0000] {logging_mixin.py:137} INFO - [2023-02-02T01:18:56.346+0000] {dag.py:2690} INFO - Sync 1 DAGs
[2023-02-02T01:18:56.368+0000] {logging_mixin.py:137} INFO - [2023-02-02T01:18:56.368+0000] {dag.py:3441} INFO - Setting next_dagrun for example_nested_branch_dag to 2023-02-01T00:00:00+00:00, run_after=2023-02-02T00:00:00+00:00
[2023-02-02T01:18:56.381+0000] {processor.py:175} INFO - Processing /home/airflow/.local/lib/python3.7/site-packages/airflow/example_dags/example_nested_branch_dag.py took 0.079 seconds
[2023-02-02T01:19:27.136+0000] {processor.py:153} INFO - Started process (PID=1350) to work on /home/airflow/.local/lib/python3.7/site-packages/airflow/example_dags/example_nested_branch_dag.py
[2023-02-02T01:19:27.136+0000] {processor.py:743} INFO - Processing file /home/airflow/.local/lib/python3.7/site-packages/airflow/example_dags/example_nested_branch_dag.py for tasks to queue
[2023-02-02T01:19:27.137+0000] {logging_mixin.py:137} INFO - [2023-02-02T01:19:27.137+0000] {dagbag.py:538} INFO - Filling up the DagBag from /home/airflow/.local/lib/python3.7/site-packages/airflow/example_dags/example_nested_branch_dag.py
[2023-02-02T01:19:27.160+0000] {processor.py:753} INFO - DAG(s) dict_keys(['example_nested_branch_dag']) retrieved from /home/airflow/.local/lib/python3.7/site-packages/airflow/example_dags/example_nested_branch_dag.py
[2023-02-02T01:19:27.184+0000] {logging_mixin.py:137} INFO - [2023-02-02T01:19:27.184+0000] {dag.py:2690} INFO - Sync 1 DAGs
[2023-02-02T01:19:27.203+0000] {logging_mixin.py:137} INFO - [2023-02-02T01:19:27.203+0000] {dag.py:3441} INFO - Setting next_dagrun for example_nested_branch_dag to 2023-02-01T00:00:00+00:00, run_after=2023-02-02T00:00:00+00:00
[2023-02-02T01:19:27.216+0000] {processor.py:175} INFO - Processing /home/airflow/.local/lib/python3.7/site-packages/airflow/example_dags/example_nested_branch_dag.py took 0.083 seconds
[2023-02-02T01:19:57.858+0000] {processor.py:153} INFO - Started process (PID=1437) to work on /home/airflow/.local/lib/python3.7/site-packages/airflow/example_dags/example_nested_branch_dag.py
[2023-02-02T01:19:57.859+0000] {processor.py:743} INFO - Processing file /home/airflow/.local/lib/python3.7/site-packages/airflow/example_dags/example_nested_branch_dag.py for tasks to queue
[2023-02-02T01:19:57.859+0000] {logging_mixin.py:137} INFO - [2023-02-02T01:19:57.859+0000] {dagbag.py:538} INFO - Filling up the DagBag from /home/airflow/.local/lib/python3.7/site-packages/airflow/example_dags/example_nested_branch_dag.py
[2023-02-02T01:19:57.879+0000] {processor.py:753} INFO - DAG(s) dict_keys(['example_nested_branch_dag']) retrieved from /home/airflow/.local/lib/python3.7/site-packages/airflow/example_dags/example_nested_branch_dag.py
[2023-02-02T01:19:57.898+0000] {logging_mixin.py:137} INFO - [2023-02-02T01:19:57.898+0000] {dag.py:2690} INFO - Sync 1 DAGs
[2023-02-02T01:19:57.916+0000] {logging_mixin.py:137} INFO - [2023-02-02T01:19:57.915+0000] {dag.py:3441} INFO - Setting next_dagrun for example_nested_branch_dag to 2023-02-01T00:00:00+00:00, run_after=2023-02-02T00:00:00+00:00
[2023-02-02T01:19:57.937+0000] {processor.py:175} INFO - Processing /home/airflow/.local/lib/python3.7/site-packages/airflow/example_dags/example_nested_branch_dag.py took 0.082 seconds
[2023-02-02T01:20:28.570+0000] {processor.py:153} INFO - Started process (PID=1524) to work on /home/airflow/.local/lib/python3.7/site-packages/airflow/example_dags/example_nested_branch_dag.py
[2023-02-02T01:20:28.570+0000] {processor.py:743} INFO - Processing file /home/airflow/.local/lib/python3.7/site-packages/airflow/example_dags/example_nested_branch_dag.py for tasks to queue
[2023-02-02T01:20:28.571+0000] {logging_mixin.py:137} INFO - [2023-02-02T01:20:28.571+0000] {dagbag.py:538} INFO - Filling up the DagBag from /home/airflow/.local/lib/python3.7/site-packages/airflow/example_dags/example_nested_branch_dag.py
[2023-02-02T01:20:28.588+0000] {processor.py:753} INFO - DAG(s) dict_keys(['example_nested_branch_dag']) retrieved from /home/airflow/.local/lib/python3.7/site-packages/airflow/example_dags/example_nested_branch_dag.py
[2023-02-02T01:20:28.605+0000] {logging_mixin.py:137} INFO - [2023-02-02T01:20:28.605+0000] {dag.py:2690} INFO - Sync 1 DAGs
[2023-02-02T01:20:28.622+0000] {logging_mixin.py:137} INFO - [2023-02-02T01:20:28.622+0000] {dag.py:3441} INFO - Setting next_dagrun for example_nested_branch_dag to 2023-02-01T00:00:00+00:00, run_after=2023-02-02T00:00:00+00:00
[2023-02-02T01:20:28.634+0000] {processor.py:175} INFO - Processing /home/airflow/.local/lib/python3.7/site-packages/airflow/example_dags/example_nested_branch_dag.py took 0.067 seconds
[2023-02-02T01:20:59.408+0000] {processor.py:153} INFO - Started process (PID=1595) to work on /home/airflow/.local/lib/python3.7/site-packages/airflow/example_dags/example_nested_branch_dag.py
[2023-02-02T01:20:59.408+0000] {processor.py:743} INFO - Processing file /home/airflow/.local/lib/python3.7/site-packages/airflow/example_dags/example_nested_branch_dag.py for tasks to queue
[2023-02-02T01:20:59.409+0000] {logging_mixin.py:137} INFO - [2023-02-02T01:20:59.409+0000] {dagbag.py:538} INFO - Filling up the DagBag from /home/airflow/.local/lib/python3.7/site-packages/airflow/example_dags/example_nested_branch_dag.py
[2023-02-02T01:20:59.430+0000] {processor.py:753} INFO - DAG(s) dict_keys(['example_nested_branch_dag']) retrieved from /home/airflow/.local/lib/python3.7/site-packages/airflow/example_dags/example_nested_branch_dag.py
[2023-02-02T01:20:59.450+0000] {logging_mixin.py:137} INFO - [2023-02-02T01:20:59.450+0000] {dag.py:2690} INFO - Sync 1 DAGs
[2023-02-02T01:20:59.471+0000] {logging_mixin.py:137} INFO - [2023-02-02T01:20:59.471+0000] {dag.py:3441} INFO - Setting next_dagrun for example_nested_branch_dag to 2023-02-01T00:00:00+00:00, run_after=2023-02-02T00:00:00+00:00
[2023-02-02T01:20:59.483+0000] {processor.py:175} INFO - Processing /home/airflow/.local/lib/python3.7/site-packages/airflow/example_dags/example_nested_branch_dag.py took 0.078 seconds
[2023-02-02T01:21:30.067+0000] {processor.py:153} INFO - Started process (PID=1682) to work on /home/airflow/.local/lib/python3.7/site-packages/airflow/example_dags/example_nested_branch_dag.py
[2023-02-02T01:21:30.067+0000] {processor.py:743} INFO - Processing file /home/airflow/.local/lib/python3.7/site-packages/airflow/example_dags/example_nested_branch_dag.py for tasks to queue
[2023-02-02T01:21:30.068+0000] {logging_mixin.py:137} INFO - [2023-02-02T01:21:30.068+0000] {dagbag.py:538} INFO - Filling up the DagBag from /home/airflow/.local/lib/python3.7/site-packages/airflow/example_dags/example_nested_branch_dag.py
[2023-02-02T01:21:30.087+0000] {processor.py:753} INFO - DAG(s) dict_keys(['example_nested_branch_dag']) retrieved from /home/airflow/.local/lib/python3.7/site-packages/airflow/example_dags/example_nested_branch_dag.py
[2023-02-02T01:21:30.105+0000] {logging_mixin.py:137} INFO - [2023-02-02T01:21:30.105+0000] {dag.py:2690} INFO - Sync 1 DAGs
[2023-02-02T01:21:30.121+0000] {logging_mixin.py:137} INFO - [2023-02-02T01:21:30.121+0000] {dag.py:3441} INFO - Setting next_dagrun for example_nested_branch_dag to 2023-02-01T00:00:00+00:00, run_after=2023-02-02T00:00:00+00:00
[2023-02-02T01:21:30.133+0000] {processor.py:175} INFO - Processing /home/airflow/.local/lib/python3.7/site-packages/airflow/example_dags/example_nested_branch_dag.py took 0.069 seconds
[2023-02-02T01:22:00.784+0000] {processor.py:153} INFO - Started process (PID=1769) to work on /home/airflow/.local/lib/python3.7/site-packages/airflow/example_dags/example_nested_branch_dag.py
[2023-02-02T01:22:00.784+0000] {processor.py:743} INFO - Processing file /home/airflow/.local/lib/python3.7/site-packages/airflow/example_dags/example_nested_branch_dag.py for tasks to queue
[2023-02-02T01:22:00.785+0000] {logging_mixin.py:137} INFO - [2023-02-02T01:22:00.785+0000] {dagbag.py:538} INFO - Filling up the DagBag from /home/airflow/.local/lib/python3.7/site-packages/airflow/example_dags/example_nested_branch_dag.py
[2023-02-02T01:22:00.807+0000] {processor.py:753} INFO - DAG(s) dict_keys(['example_nested_branch_dag']) retrieved from /home/airflow/.local/lib/python3.7/site-packages/airflow/example_dags/example_nested_branch_dag.py
[2023-02-02T01:22:00.826+0000] {logging_mixin.py:137} INFO - [2023-02-02T01:22:00.825+0000] {dag.py:2690} INFO - Sync 1 DAGs
[2023-02-02T01:22:00.842+0000] {logging_mixin.py:137} INFO - [2023-02-02T01:22:00.842+0000] {dag.py:3441} INFO - Setting next_dagrun for example_nested_branch_dag to 2023-02-01T00:00:00+00:00, run_after=2023-02-02T00:00:00+00:00
[2023-02-02T01:22:00.853+0000] {processor.py:175} INFO - Processing /home/airflow/.local/lib/python3.7/site-packages/airflow/example_dags/example_nested_branch_dag.py took 0.072 seconds
[2023-02-02T01:22:31.446+0000] {processor.py:153} INFO - Started process (PID=1840) to work on /home/airflow/.local/lib/python3.7/site-packages/airflow/example_dags/example_nested_branch_dag.py
[2023-02-02T01:22:31.446+0000] {processor.py:743} INFO - Processing file /home/airflow/.local/lib/python3.7/site-packages/airflow/example_dags/example_nested_branch_dag.py for tasks to queue
[2023-02-02T01:22:31.447+0000] {logging_mixin.py:137} INFO - [2023-02-02T01:22:31.447+0000] {dagbag.py:538} INFO - Filling up the DagBag from /home/airflow/.local/lib/python3.7/site-packages/airflow/example_dags/example_nested_branch_dag.py
[2023-02-02T01:22:31.468+0000] {processor.py:753} INFO - DAG(s) dict_keys(['example_nested_branch_dag']) retrieved from /home/airflow/.local/lib/python3.7/site-packages/airflow/example_dags/example_nested_branch_dag.py
[2023-02-02T01:22:31.487+0000] {logging_mixin.py:137} INFO - [2023-02-02T01:22:31.487+0000] {dag.py:2690} INFO - Sync 1 DAGs
[2023-02-02T01:22:31.503+0000] {logging_mixin.py:137} INFO - [2023-02-02T01:22:31.503+0000] {dag.py:3441} INFO - Setting next_dagrun for example_nested_branch_dag to 2023-02-01T00:00:00+00:00, run_after=2023-02-02T00:00:00+00:00
[2023-02-02T01:22:31.515+0000] {processor.py:175} INFO - Processing /home/airflow/.local/lib/python3.7/site-packages/airflow/example_dags/example_nested_branch_dag.py took 0.073 seconds
[2023-02-02T01:23:02.359+0000] {processor.py:153} INFO - Started process (PID=1927) to work on /home/airflow/.local/lib/python3.7/site-packages/airflow/example_dags/example_nested_branch_dag.py
[2023-02-02T01:23:02.360+0000] {processor.py:743} INFO - Processing file /home/airflow/.local/lib/python3.7/site-packages/airflow/example_dags/example_nested_branch_dag.py for tasks to queue
[2023-02-02T01:23:02.360+0000] {logging_mixin.py:137} INFO - [2023-02-02T01:23:02.360+0000] {dagbag.py:538} INFO - Filling up the DagBag from /home/airflow/.local/lib/python3.7/site-packages/airflow/example_dags/example_nested_branch_dag.py
[2023-02-02T01:23:02.379+0000] {processor.py:753} INFO - DAG(s) dict_keys(['example_nested_branch_dag']) retrieved from /home/airflow/.local/lib/python3.7/site-packages/airflow/example_dags/example_nested_branch_dag.py
[2023-02-02T01:23:02.398+0000] {logging_mixin.py:137} INFO - [2023-02-02T01:23:02.397+0000] {dag.py:2690} INFO - Sync 1 DAGs
[2023-02-02T01:23:02.415+0000] {logging_mixin.py:137} INFO - [2023-02-02T01:23:02.415+0000] {dag.py:3441} INFO - Setting next_dagrun for example_nested_branch_dag to 2023-02-01T00:00:00+00:00, run_after=2023-02-02T00:00:00+00:00
[2023-02-02T01:23:02.427+0000] {processor.py:175} INFO - Processing /home/airflow/.local/lib/python3.7/site-packages/airflow/example_dags/example_nested_branch_dag.py took 0.072 seconds
[2023-02-02T01:23:33.065+0000] {processor.py:153} INFO - Started process (PID=2014) to work on /home/airflow/.local/lib/python3.7/site-packages/airflow/example_dags/example_nested_branch_dag.py
[2023-02-02T01:23:33.065+0000] {processor.py:743} INFO - Processing file /home/airflow/.local/lib/python3.7/site-packages/airflow/example_dags/example_nested_branch_dag.py for tasks to queue
[2023-02-02T01:23:33.066+0000] {logging_mixin.py:137} INFO - [2023-02-02T01:23:33.066+0000] {dagbag.py:538} INFO - Filling up the DagBag from /home/airflow/.local/lib/python3.7/site-packages/airflow/example_dags/example_nested_branch_dag.py
[2023-02-02T01:23:33.086+0000] {processor.py:753} INFO - DAG(s) dict_keys(['example_nested_branch_dag']) retrieved from /home/airflow/.local/lib/python3.7/site-packages/airflow/example_dags/example_nested_branch_dag.py
[2023-02-02T01:23:33.106+0000] {logging_mixin.py:137} INFO - [2023-02-02T01:23:33.106+0000] {dag.py:2690} INFO - Sync 1 DAGs
[2023-02-02T01:23:33.125+0000] {logging_mixin.py:137} INFO - [2023-02-02T01:23:33.125+0000] {dag.py:3441} INFO - Setting next_dagrun for example_nested_branch_dag to 2023-02-01T00:00:00+00:00, run_after=2023-02-02T00:00:00+00:00
[2023-02-02T01:23:33.136+0000] {processor.py:175} INFO - Processing /home/airflow/.local/lib/python3.7/site-packages/airflow/example_dags/example_nested_branch_dag.py took 0.074 seconds
[2023-02-02T01:24:03.810+0000] {processor.py:153} INFO - Started process (PID=2085) to work on /home/airflow/.local/lib/python3.7/site-packages/airflow/example_dags/example_nested_branch_dag.py
[2023-02-02T01:24:03.811+0000] {processor.py:743} INFO - Processing file /home/airflow/.local/lib/python3.7/site-packages/airflow/example_dags/example_nested_branch_dag.py for tasks to queue
[2023-02-02T01:24:03.811+0000] {logging_mixin.py:137} INFO - [2023-02-02T01:24:03.811+0000] {dagbag.py:538} INFO - Filling up the DagBag from /home/airflow/.local/lib/python3.7/site-packages/airflow/example_dags/example_nested_branch_dag.py
[2023-02-02T01:24:03.833+0000] {processor.py:753} INFO - DAG(s) dict_keys(['example_nested_branch_dag']) retrieved from /home/airflow/.local/lib/python3.7/site-packages/airflow/example_dags/example_nested_branch_dag.py
[2023-02-02T01:24:03.851+0000] {logging_mixin.py:137} INFO - [2023-02-02T01:24:03.851+0000] {dag.py:2690} INFO - Sync 1 DAGs
[2023-02-02T01:24:03.869+0000] {logging_mixin.py:137} INFO - [2023-02-02T01:24:03.868+0000] {dag.py:3441} INFO - Setting next_dagrun for example_nested_branch_dag to 2023-02-01T00:00:00+00:00, run_after=2023-02-02T00:00:00+00:00
[2023-02-02T01:24:03.881+0000] {processor.py:175} INFO - Processing /home/airflow/.local/lib/python3.7/site-packages/airflow/example_dags/example_nested_branch_dag.py took 0.074 seconds
[2023-02-02T01:24:34.687+0000] {processor.py:153} INFO - Started process (PID=2172) to work on /home/airflow/.local/lib/python3.7/site-packages/airflow/example_dags/example_nested_branch_dag.py
[2023-02-02T01:24:34.688+0000] {processor.py:743} INFO - Processing file /home/airflow/.local/lib/python3.7/site-packages/airflow/example_dags/example_nested_branch_dag.py for tasks to queue
[2023-02-02T01:24:34.689+0000] {logging_mixin.py:137} INFO - [2023-02-02T01:24:34.689+0000] {dagbag.py:538} INFO - Filling up the DagBag from /home/airflow/.local/lib/python3.7/site-packages/airflow/example_dags/example_nested_branch_dag.py
[2023-02-02T01:24:34.710+0000] {processor.py:753} INFO - DAG(s) dict_keys(['example_nested_branch_dag']) retrieved from /home/airflow/.local/lib/python3.7/site-packages/airflow/example_dags/example_nested_branch_dag.py
[2023-02-02T01:24:34.731+0000] {logging_mixin.py:137} INFO - [2023-02-02T01:24:34.730+0000] {dag.py:2690} INFO - Sync 1 DAGs
[2023-02-02T01:24:34.754+0000] {logging_mixin.py:137} INFO - [2023-02-02T01:24:34.754+0000] {dag.py:3441} INFO - Setting next_dagrun for example_nested_branch_dag to 2023-02-01T00:00:00+00:00, run_after=2023-02-02T00:00:00+00:00
[2023-02-02T01:24:34.766+0000] {processor.py:175} INFO - Processing /home/airflow/.local/lib/python3.7/site-packages/airflow/example_dags/example_nested_branch_dag.py took 0.082 seconds
[2023-02-02T01:25:05.386+0000] {processor.py:153} INFO - Started process (PID=2259) to work on /home/airflow/.local/lib/python3.7/site-packages/airflow/example_dags/example_nested_branch_dag.py
[2023-02-02T01:25:05.387+0000] {processor.py:743} INFO - Processing file /home/airflow/.local/lib/python3.7/site-packages/airflow/example_dags/example_nested_branch_dag.py for tasks to queue
[2023-02-02T01:25:05.387+0000] {logging_mixin.py:137} INFO - [2023-02-02T01:25:05.387+0000] {dagbag.py:538} INFO - Filling up the DagBag from /home/airflow/.local/lib/python3.7/site-packages/airflow/example_dags/example_nested_branch_dag.py
[2023-02-02T01:25:05.405+0000] {processor.py:753} INFO - DAG(s) dict_keys(['example_nested_branch_dag']) retrieved from /home/airflow/.local/lib/python3.7/site-packages/airflow/example_dags/example_nested_branch_dag.py
[2023-02-02T01:25:05.422+0000] {logging_mixin.py:137} INFO - [2023-02-02T01:25:05.422+0000] {dag.py:2690} INFO - Sync 1 DAGs
[2023-02-02T01:25:05.439+0000] {logging_mixin.py:137} INFO - [2023-02-02T01:25:05.439+0000] {dag.py:3441} INFO - Setting next_dagrun for example_nested_branch_dag to 2023-02-01T00:00:00+00:00, run_after=2023-02-02T00:00:00+00:00
[2023-02-02T01:25:05.452+0000] {processor.py:175} INFO - Processing /home/airflow/.local/lib/python3.7/site-packages/airflow/example_dags/example_nested_branch_dag.py took 0.068 seconds
