[2023-02-02T01:11:14.570+0000] {processor.py:153} INFO - Started process (PID=43) to work on /home/airflow/.local/lib/python3.7/site-packages/airflow/example_dags/example_python_operator.py
[2023-02-02T01:11:14.570+0000] {processor.py:743} INFO - Processing file /home/airflow/.local/lib/python3.7/site-packages/airflow/example_dags/example_python_operator.py for tasks to queue
[2023-02-02T01:11:14.571+0000] {logging_mixin.py:137} INFO - [2023-02-02T01:11:14.571+0000] {dagbag.py:538} INFO - Filling up the DagBag from /home/airflow/.local/lib/python3.7/site-packages/airflow/example_dags/example_python_operator.py
[2023-02-02T01:11:14.585+0000] {logging_mixin.py:137} INFO - [2023-02-02T01:11:14.585+0000] {taskmixin.py:205} WARNING - Dependency <Task(_PythonDecoratedOperator): print_the_context>, log_sql_query already registered for DAG: example_python_operator
[2023-02-02T01:11:14.585+0000] {logging_mixin.py:137} INFO - [2023-02-02T01:11:14.585+0000] {taskmixin.py:205} WARNING - Dependency <Task(_PythonDecoratedOperator): log_sql_query>, print_the_context already registered for DAG: example_python_operator
[2023-02-02T01:11:14.586+0000] {logging_mixin.py:137} INFO - [2023-02-02T01:11:14.586+0000] {taskmixin.py:205} WARNING - Dependency <Task(_PythonDecoratedOperator): print_the_context>, log_sql_query already registered for DAG: example_python_operator
[2023-02-02T01:11:14.586+0000] {logging_mixin.py:137} INFO - [2023-02-02T01:11:14.586+0000] {taskmixin.py:205} WARNING - Dependency <Task(_PythonDecoratedOperator): log_sql_query>, print_the_context already registered for DAG: example_python_operator
[2023-02-02T01:11:14.587+0000] {logging_mixin.py:137} INFO - [2023-02-02T01:11:14.587+0000] {taskmixin.py:205} WARNING - Dependency <Task(_PythonDecoratedOperator): print_the_context>, log_sql_query already registered for DAG: example_python_operator
[2023-02-02T01:11:14.587+0000] {logging_mixin.py:137} INFO - [2023-02-02T01:11:14.587+0000] {taskmixin.py:205} WARNING - Dependency <Task(_PythonDecoratedOperator): log_sql_query>, print_the_context already registered for DAG: example_python_operator
[2023-02-02T01:11:14.588+0000] {logging_mixin.py:137} INFO - [2023-02-02T01:11:14.588+0000] {taskmixin.py:205} WARNING - Dependency <Task(_PythonDecoratedOperator): print_the_context>, log_sql_query already registered for DAG: example_python_operator
[2023-02-02T01:11:14.588+0000] {logging_mixin.py:137} INFO - [2023-02-02T01:11:14.588+0000] {taskmixin.py:205} WARNING - Dependency <Task(_PythonDecoratedOperator): log_sql_query>, print_the_context already registered for DAG: example_python_operator
[2023-02-02T01:11:14.595+0000] {processor.py:753} INFO - DAG(s) dict_keys(['example_python_operator']) retrieved from /home/airflow/.local/lib/python3.7/site-packages/airflow/example_dags/example_python_operator.py
[2023-02-02T01:11:14.604+0000] {logging_mixin.py:137} INFO - [2023-02-02T01:11:14.604+0000] {dag.py:2690} INFO - Sync 1 DAGs
[2023-02-02T01:11:14.629+0000] {logging_mixin.py:137} INFO - [2023-02-02T01:11:14.629+0000] {dag.py:3441} INFO - Setting next_dagrun for example_python_operator to None, run_after=None
[2023-02-02T01:11:14.644+0000] {processor.py:175} INFO - Processing /home/airflow/.local/lib/python3.7/site-packages/airflow/example_dags/example_python_operator.py took 0.077 seconds
[2023-02-02T01:11:45.390+0000] {processor.py:153} INFO - Started process (PID=130) to work on /home/airflow/.local/lib/python3.7/site-packages/airflow/example_dags/example_python_operator.py
[2023-02-02T01:11:45.390+0000] {processor.py:743} INFO - Processing file /home/airflow/.local/lib/python3.7/site-packages/airflow/example_dags/example_python_operator.py for tasks to queue
[2023-02-02T01:11:45.391+0000] {logging_mixin.py:137} INFO - [2023-02-02T01:11:45.391+0000] {dagbag.py:538} INFO - Filling up the DagBag from /home/airflow/.local/lib/python3.7/site-packages/airflow/example_dags/example_python_operator.py
[2023-02-02T01:11:45.404+0000] {logging_mixin.py:137} INFO - [2023-02-02T01:11:45.403+0000] {taskmixin.py:205} WARNING - Dependency <Task(_PythonDecoratedOperator): print_the_context>, log_sql_query already registered for DAG: example_python_operator
[2023-02-02T01:11:45.404+0000] {logging_mixin.py:137} INFO - [2023-02-02T01:11:45.404+0000] {taskmixin.py:205} WARNING - Dependency <Task(_PythonDecoratedOperator): log_sql_query>, print_the_context already registered for DAG: example_python_operator
[2023-02-02T01:11:45.404+0000] {logging_mixin.py:137} INFO - [2023-02-02T01:11:45.404+0000] {taskmixin.py:205} WARNING - Dependency <Task(_PythonDecoratedOperator): print_the_context>, log_sql_query already registered for DAG: example_python_operator
[2023-02-02T01:11:45.405+0000] {logging_mixin.py:137} INFO - [2023-02-02T01:11:45.405+0000] {taskmixin.py:205} WARNING - Dependency <Task(_PythonDecoratedOperator): log_sql_query>, print_the_context already registered for DAG: example_python_operator
[2023-02-02T01:11:45.405+0000] {logging_mixin.py:137} INFO - [2023-02-02T01:11:45.405+0000] {taskmixin.py:205} WARNING - Dependency <Task(_PythonDecoratedOperator): print_the_context>, log_sql_query already registered for DAG: example_python_operator
[2023-02-02T01:11:45.406+0000] {logging_mixin.py:137} INFO - [2023-02-02T01:11:45.405+0000] {taskmixin.py:205} WARNING - Dependency <Task(_PythonDecoratedOperator): log_sql_query>, print_the_context already registered for DAG: example_python_operator
[2023-02-02T01:11:45.406+0000] {logging_mixin.py:137} INFO - [2023-02-02T01:11:45.406+0000] {taskmixin.py:205} WARNING - Dependency <Task(_PythonDecoratedOperator): print_the_context>, log_sql_query already registered for DAG: example_python_operator
[2023-02-02T01:11:45.406+0000] {logging_mixin.py:137} INFO - [2023-02-02T01:11:45.406+0000] {taskmixin.py:205} WARNING - Dependency <Task(_PythonDecoratedOperator): log_sql_query>, print_the_context already registered for DAG: example_python_operator
[2023-02-02T01:11:45.412+0000] {processor.py:753} INFO - DAG(s) dict_keys(['example_python_operator']) retrieved from /home/airflow/.local/lib/python3.7/site-packages/airflow/example_dags/example_python_operator.py
[2023-02-02T01:11:45.461+0000] {logging_mixin.py:137} INFO - [2023-02-02T01:11:45.460+0000] {dag.py:2690} INFO - Sync 1 DAGs
[2023-02-02T01:11:45.480+0000] {logging_mixin.py:137} INFO - [2023-02-02T01:11:45.480+0000] {dag.py:3441} INFO - Setting next_dagrun for example_python_operator to None, run_after=None
[2023-02-02T01:11:45.493+0000] {processor.py:175} INFO - Processing /home/airflow/.local/lib/python3.7/site-packages/airflow/example_dags/example_python_operator.py took 0.106 seconds
[2023-02-02T01:12:16.260+0000] {processor.py:153} INFO - Started process (PID=217) to work on /home/airflow/.local/lib/python3.7/site-packages/airflow/example_dags/example_python_operator.py
[2023-02-02T01:12:16.260+0000] {processor.py:743} INFO - Processing file /home/airflow/.local/lib/python3.7/site-packages/airflow/example_dags/example_python_operator.py for tasks to queue
[2023-02-02T01:12:16.261+0000] {logging_mixin.py:137} INFO - [2023-02-02T01:12:16.261+0000] {dagbag.py:538} INFO - Filling up the DagBag from /home/airflow/.local/lib/python3.7/site-packages/airflow/example_dags/example_python_operator.py
[2023-02-02T01:12:16.278+0000] {logging_mixin.py:137} INFO - [2023-02-02T01:12:16.278+0000] {taskmixin.py:205} WARNING - Dependency <Task(_PythonDecoratedOperator): print_the_context>, log_sql_query already registered for DAG: example_python_operator
[2023-02-02T01:12:16.279+0000] {logging_mixin.py:137} INFO - [2023-02-02T01:12:16.279+0000] {taskmixin.py:205} WARNING - Dependency <Task(_PythonDecoratedOperator): log_sql_query>, print_the_context already registered for DAG: example_python_operator
[2023-02-02T01:12:16.279+0000] {logging_mixin.py:137} INFO - [2023-02-02T01:12:16.279+0000] {taskmixin.py:205} WARNING - Dependency <Task(_PythonDecoratedOperator): print_the_context>, log_sql_query already registered for DAG: example_python_operator
[2023-02-02T01:12:16.280+0000] {logging_mixin.py:137} INFO - [2023-02-02T01:12:16.279+0000] {taskmixin.py:205} WARNING - Dependency <Task(_PythonDecoratedOperator): log_sql_query>, print_the_context already registered for DAG: example_python_operator
[2023-02-02T01:12:16.280+0000] {logging_mixin.py:137} INFO - [2023-02-02T01:12:16.280+0000] {taskmixin.py:205} WARNING - Dependency <Task(_PythonDecoratedOperator): print_the_context>, log_sql_query already registered for DAG: example_python_operator
[2023-02-02T01:12:16.281+0000] {logging_mixin.py:137} INFO - [2023-02-02T01:12:16.281+0000] {taskmixin.py:205} WARNING - Dependency <Task(_PythonDecoratedOperator): log_sql_query>, print_the_context already registered for DAG: example_python_operator
[2023-02-02T01:12:16.281+0000] {logging_mixin.py:137} INFO - [2023-02-02T01:12:16.281+0000] {taskmixin.py:205} WARNING - Dependency <Task(_PythonDecoratedOperator): print_the_context>, log_sql_query already registered for DAG: example_python_operator
[2023-02-02T01:12:16.282+0000] {logging_mixin.py:137} INFO - [2023-02-02T01:12:16.282+0000] {taskmixin.py:205} WARNING - Dependency <Task(_PythonDecoratedOperator): log_sql_query>, print_the_context already registered for DAG: example_python_operator
[2023-02-02T01:12:16.288+0000] {processor.py:753} INFO - DAG(s) dict_keys(['example_python_operator']) retrieved from /home/airflow/.local/lib/python3.7/site-packages/airflow/example_dags/example_python_operator.py
[2023-02-02T01:12:16.310+0000] {logging_mixin.py:137} INFO - [2023-02-02T01:12:16.310+0000] {dag.py:2690} INFO - Sync 1 DAGs
[2023-02-02T01:12:16.336+0000] {logging_mixin.py:137} INFO - [2023-02-02T01:12:16.336+0000] {dag.py:3441} INFO - Setting next_dagrun for example_python_operator to None, run_after=None
[2023-02-02T01:12:16.353+0000] {processor.py:175} INFO - Processing /home/airflow/.local/lib/python3.7/site-packages/airflow/example_dags/example_python_operator.py took 0.096 seconds
[2023-02-02T01:12:47.109+0000] {processor.py:153} INFO - Started process (PID=288) to work on /home/airflow/.local/lib/python3.7/site-packages/airflow/example_dags/example_python_operator.py
[2023-02-02T01:12:47.110+0000] {processor.py:743} INFO - Processing file /home/airflow/.local/lib/python3.7/site-packages/airflow/example_dags/example_python_operator.py for tasks to queue
[2023-02-02T01:12:47.111+0000] {logging_mixin.py:137} INFO - [2023-02-02T01:12:47.111+0000] {dagbag.py:538} INFO - Filling up the DagBag from /home/airflow/.local/lib/python3.7/site-packages/airflow/example_dags/example_python_operator.py
[2023-02-02T01:12:47.123+0000] {logging_mixin.py:137} INFO - [2023-02-02T01:12:47.123+0000] {taskmixin.py:205} WARNING - Dependency <Task(_PythonDecoratedOperator): print_the_context>, log_sql_query already registered for DAG: example_python_operator
[2023-02-02T01:12:47.123+0000] {logging_mixin.py:137} INFO - [2023-02-02T01:12:47.123+0000] {taskmixin.py:205} WARNING - Dependency <Task(_PythonDecoratedOperator): log_sql_query>, print_the_context already registered for DAG: example_python_operator
[2023-02-02T01:12:47.124+0000] {logging_mixin.py:137} INFO - [2023-02-02T01:12:47.124+0000] {taskmixin.py:205} WARNING - Dependency <Task(_PythonDecoratedOperator): print_the_context>, log_sql_query already registered for DAG: example_python_operator
[2023-02-02T01:12:47.124+0000] {logging_mixin.py:137} INFO - [2023-02-02T01:12:47.124+0000] {taskmixin.py:205} WARNING - Dependency <Task(_PythonDecoratedOperator): log_sql_query>, print_the_context already registered for DAG: example_python_operator
[2023-02-02T01:12:47.125+0000] {logging_mixin.py:137} INFO - [2023-02-02T01:12:47.125+0000] {taskmixin.py:205} WARNING - Dependency <Task(_PythonDecoratedOperator): print_the_context>, log_sql_query already registered for DAG: example_python_operator
[2023-02-02T01:12:47.125+0000] {logging_mixin.py:137} INFO - [2023-02-02T01:12:47.125+0000] {taskmixin.py:205} WARNING - Dependency <Task(_PythonDecoratedOperator): log_sql_query>, print_the_context already registered for DAG: example_python_operator
[2023-02-02T01:12:47.126+0000] {logging_mixin.py:137} INFO - [2023-02-02T01:12:47.126+0000] {taskmixin.py:205} WARNING - Dependency <Task(_PythonDecoratedOperator): print_the_context>, log_sql_query already registered for DAG: example_python_operator
[2023-02-02T01:12:47.126+0000] {logging_mixin.py:137} INFO - [2023-02-02T01:12:47.126+0000] {taskmixin.py:205} WARNING - Dependency <Task(_PythonDecoratedOperator): log_sql_query>, print_the_context already registered for DAG: example_python_operator
[2023-02-02T01:12:47.133+0000] {processor.py:753} INFO - DAG(s) dict_keys(['example_python_operator']) retrieved from /home/airflow/.local/lib/python3.7/site-packages/airflow/example_dags/example_python_operator.py
[2023-02-02T01:12:47.151+0000] {logging_mixin.py:137} INFO - [2023-02-02T01:12:47.151+0000] {dag.py:2690} INFO - Sync 1 DAGs
[2023-02-02T01:12:47.168+0000] {logging_mixin.py:137} INFO - [2023-02-02T01:12:47.168+0000] {dag.py:3441} INFO - Setting next_dagrun for example_python_operator to None, run_after=None
[2023-02-02T01:12:47.181+0000] {processor.py:175} INFO - Processing /home/airflow/.local/lib/python3.7/site-packages/airflow/example_dags/example_python_operator.py took 0.075 seconds
[2023-02-02T01:13:17.901+0000] {processor.py:153} INFO - Started process (PID=375) to work on /home/airflow/.local/lib/python3.7/site-packages/airflow/example_dags/example_python_operator.py
[2023-02-02T01:13:17.901+0000] {processor.py:743} INFO - Processing file /home/airflow/.local/lib/python3.7/site-packages/airflow/example_dags/example_python_operator.py for tasks to queue
[2023-02-02T01:13:17.902+0000] {logging_mixin.py:137} INFO - [2023-02-02T01:13:17.902+0000] {dagbag.py:538} INFO - Filling up the DagBag from /home/airflow/.local/lib/python3.7/site-packages/airflow/example_dags/example_python_operator.py
[2023-02-02T01:13:17.916+0000] {logging_mixin.py:137} INFO - [2023-02-02T01:13:17.916+0000] {taskmixin.py:205} WARNING - Dependency <Task(_PythonDecoratedOperator): print_the_context>, log_sql_query already registered for DAG: example_python_operator
[2023-02-02T01:13:17.917+0000] {logging_mixin.py:137} INFO - [2023-02-02T01:13:17.917+0000] {taskmixin.py:205} WARNING - Dependency <Task(_PythonDecoratedOperator): log_sql_query>, print_the_context already registered for DAG: example_python_operator
[2023-02-02T01:13:17.917+0000] {logging_mixin.py:137} INFO - [2023-02-02T01:13:17.917+0000] {taskmixin.py:205} WARNING - Dependency <Task(_PythonDecoratedOperator): print_the_context>, log_sql_query already registered for DAG: example_python_operator
[2023-02-02T01:13:17.918+0000] {logging_mixin.py:137} INFO - [2023-02-02T01:13:17.918+0000] {taskmixin.py:205} WARNING - Dependency <Task(_PythonDecoratedOperator): log_sql_query>, print_the_context already registered for DAG: example_python_operator
[2023-02-02T01:13:17.918+0000] {logging_mixin.py:137} INFO - [2023-02-02T01:13:17.918+0000] {taskmixin.py:205} WARNING - Dependency <Task(_PythonDecoratedOperator): print_the_context>, log_sql_query already registered for DAG: example_python_operator
[2023-02-02T01:13:17.919+0000] {logging_mixin.py:137} INFO - [2023-02-02T01:13:17.919+0000] {taskmixin.py:205} WARNING - Dependency <Task(_PythonDecoratedOperator): log_sql_query>, print_the_context already registered for DAG: example_python_operator
[2023-02-02T01:13:17.919+0000] {logging_mixin.py:137} INFO - [2023-02-02T01:13:17.919+0000] {taskmixin.py:205} WARNING - Dependency <Task(_PythonDecoratedOperator): print_the_context>, log_sql_query already registered for DAG: example_python_operator
[2023-02-02T01:13:17.920+0000] {logging_mixin.py:137} INFO - [2023-02-02T01:13:17.920+0000] {taskmixin.py:205} WARNING - Dependency <Task(_PythonDecoratedOperator): log_sql_query>, print_the_context already registered for DAG: example_python_operator
[2023-02-02T01:13:17.925+0000] {processor.py:753} INFO - DAG(s) dict_keys(['example_python_operator']) retrieved from /home/airflow/.local/lib/python3.7/site-packages/airflow/example_dags/example_python_operator.py
[2023-02-02T01:13:17.943+0000] {logging_mixin.py:137} INFO - [2023-02-02T01:13:17.943+0000] {dag.py:2690} INFO - Sync 1 DAGs
[2023-02-02T01:13:17.959+0000] {logging_mixin.py:137} INFO - [2023-02-02T01:13:17.959+0000] {dag.py:3441} INFO - Setting next_dagrun for example_python_operator to None, run_after=None
[2023-02-02T01:13:17.972+0000] {processor.py:175} INFO - Processing /home/airflow/.local/lib/python3.7/site-packages/airflow/example_dags/example_python_operator.py took 0.073 seconds
[2023-02-02T01:13:48.613+0000] {processor.py:153} INFO - Started process (PID=462) to work on /home/airflow/.local/lib/python3.7/site-packages/airflow/example_dags/example_python_operator.py
[2023-02-02T01:13:48.613+0000] {processor.py:743} INFO - Processing file /home/airflow/.local/lib/python3.7/site-packages/airflow/example_dags/example_python_operator.py for tasks to queue
[2023-02-02T01:13:48.614+0000] {logging_mixin.py:137} INFO - [2023-02-02T01:13:48.614+0000] {dagbag.py:538} INFO - Filling up the DagBag from /home/airflow/.local/lib/python3.7/site-packages/airflow/example_dags/example_python_operator.py
[2023-02-02T01:13:48.626+0000] {logging_mixin.py:137} INFO - [2023-02-02T01:13:48.626+0000] {taskmixin.py:205} WARNING - Dependency <Task(_PythonDecoratedOperator): print_the_context>, log_sql_query already registered for DAG: example_python_operator
[2023-02-02T01:13:48.626+0000] {logging_mixin.py:137} INFO - [2023-02-02T01:13:48.626+0000] {taskmixin.py:205} WARNING - Dependency <Task(_PythonDecoratedOperator): log_sql_query>, print_the_context already registered for DAG: example_python_operator
[2023-02-02T01:13:48.627+0000] {logging_mixin.py:137} INFO - [2023-02-02T01:13:48.627+0000] {taskmixin.py:205} WARNING - Dependency <Task(_PythonDecoratedOperator): print_the_context>, log_sql_query already registered for DAG: example_python_operator
[2023-02-02T01:13:48.627+0000] {logging_mixin.py:137} INFO - [2023-02-02T01:13:48.627+0000] {taskmixin.py:205} WARNING - Dependency <Task(_PythonDecoratedOperator): log_sql_query>, print_the_context already registered for DAG: example_python_operator
[2023-02-02T01:13:48.628+0000] {logging_mixin.py:137} INFO - [2023-02-02T01:13:48.628+0000] {taskmixin.py:205} WARNING - Dependency <Task(_PythonDecoratedOperator): print_the_context>, log_sql_query already registered for DAG: example_python_operator
[2023-02-02T01:13:48.628+0000] {logging_mixin.py:137} INFO - [2023-02-02T01:13:48.628+0000] {taskmixin.py:205} WARNING - Dependency <Task(_PythonDecoratedOperator): log_sql_query>, print_the_context already registered for DAG: example_python_operator
[2023-02-02T01:13:48.629+0000] {logging_mixin.py:137} INFO - [2023-02-02T01:13:48.629+0000] {taskmixin.py:205} WARNING - Dependency <Task(_PythonDecoratedOperator): print_the_context>, log_sql_query already registered for DAG: example_python_operator
[2023-02-02T01:13:48.629+0000] {logging_mixin.py:137} INFO - [2023-02-02T01:13:48.629+0000] {taskmixin.py:205} WARNING - Dependency <Task(_PythonDecoratedOperator): log_sql_query>, print_the_context already registered for DAG: example_python_operator
[2023-02-02T01:13:48.634+0000] {processor.py:753} INFO - DAG(s) dict_keys(['example_python_operator']) retrieved from /home/airflow/.local/lib/python3.7/site-packages/airflow/example_dags/example_python_operator.py
[2023-02-02T01:13:48.660+0000] {logging_mixin.py:137} INFO - [2023-02-02T01:13:48.660+0000] {dag.py:2690} INFO - Sync 1 DAGs
[2023-02-02T01:13:48.680+0000] {logging_mixin.py:137} INFO - [2023-02-02T01:13:48.680+0000] {dag.py:3441} INFO - Setting next_dagrun for example_python_operator to None, run_after=None
[2023-02-02T01:13:48.693+0000] {processor.py:175} INFO - Processing /home/airflow/.local/lib/python3.7/site-packages/airflow/example_dags/example_python_operator.py took 0.084 seconds
[2023-02-02T01:14:19.364+0000] {processor.py:153} INFO - Started process (PID=533) to work on /home/airflow/.local/lib/python3.7/site-packages/airflow/example_dags/example_python_operator.py
[2023-02-02T01:14:19.364+0000] {processor.py:743} INFO - Processing file /home/airflow/.local/lib/python3.7/site-packages/airflow/example_dags/example_python_operator.py for tasks to queue
[2023-02-02T01:14:19.365+0000] {logging_mixin.py:137} INFO - [2023-02-02T01:14:19.364+0000] {dagbag.py:538} INFO - Filling up the DagBag from /home/airflow/.local/lib/python3.7/site-packages/airflow/example_dags/example_python_operator.py
[2023-02-02T01:14:19.378+0000] {logging_mixin.py:137} INFO - [2023-02-02T01:14:19.378+0000] {taskmixin.py:205} WARNING - Dependency <Task(_PythonDecoratedOperator): print_the_context>, log_sql_query already registered for DAG: example_python_operator
[2023-02-02T01:14:19.378+0000] {logging_mixin.py:137} INFO - [2023-02-02T01:14:19.378+0000] {taskmixin.py:205} WARNING - Dependency <Task(_PythonDecoratedOperator): log_sql_query>, print_the_context already registered for DAG: example_python_operator
[2023-02-02T01:14:19.379+0000] {logging_mixin.py:137} INFO - [2023-02-02T01:14:19.379+0000] {taskmixin.py:205} WARNING - Dependency <Task(_PythonDecoratedOperator): print_the_context>, log_sql_query already registered for DAG: example_python_operator
[2023-02-02T01:14:19.379+0000] {logging_mixin.py:137} INFO - [2023-02-02T01:14:19.379+0000] {taskmixin.py:205} WARNING - Dependency <Task(_PythonDecoratedOperator): log_sql_query>, print_the_context already registered for DAG: example_python_operator
[2023-02-02T01:14:19.380+0000] {logging_mixin.py:137} INFO - [2023-02-02T01:14:19.380+0000] {taskmixin.py:205} WARNING - Dependency <Task(_PythonDecoratedOperator): print_the_context>, log_sql_query already registered for DAG: example_python_operator
[2023-02-02T01:14:19.380+0000] {logging_mixin.py:137} INFO - [2023-02-02T01:14:19.380+0000] {taskmixin.py:205} WARNING - Dependency <Task(_PythonDecoratedOperator): log_sql_query>, print_the_context already registered for DAG: example_python_operator
[2023-02-02T01:14:19.381+0000] {logging_mixin.py:137} INFO - [2023-02-02T01:14:19.381+0000] {taskmixin.py:205} WARNING - Dependency <Task(_PythonDecoratedOperator): print_the_context>, log_sql_query already registered for DAG: example_python_operator
[2023-02-02T01:14:19.381+0000] {logging_mixin.py:137} INFO - [2023-02-02T01:14:19.381+0000] {taskmixin.py:205} WARNING - Dependency <Task(_PythonDecoratedOperator): log_sql_query>, print_the_context already registered for DAG: example_python_operator
[2023-02-02T01:14:19.387+0000] {processor.py:753} INFO - DAG(s) dict_keys(['example_python_operator']) retrieved from /home/airflow/.local/lib/python3.7/site-packages/airflow/example_dags/example_python_operator.py
[2023-02-02T01:14:19.409+0000] {logging_mixin.py:137} INFO - [2023-02-02T01:14:19.409+0000] {dag.py:2690} INFO - Sync 1 DAGs
[2023-02-02T01:14:19.430+0000] {logging_mixin.py:137} INFO - [2023-02-02T01:14:19.430+0000] {dag.py:3441} INFO - Setting next_dagrun for example_python_operator to None, run_after=None
[2023-02-02T01:14:19.444+0000] {processor.py:175} INFO - Processing /home/airflow/.local/lib/python3.7/site-packages/airflow/example_dags/example_python_operator.py took 0.082 seconds
[2023-02-02T01:14:50.028+0000] {processor.py:153} INFO - Started process (PID=620) to work on /home/airflow/.local/lib/python3.7/site-packages/airflow/example_dags/example_python_operator.py
[2023-02-02T01:14:50.029+0000] {processor.py:743} INFO - Processing file /home/airflow/.local/lib/python3.7/site-packages/airflow/example_dags/example_python_operator.py for tasks to queue
[2023-02-02T01:14:50.030+0000] {logging_mixin.py:137} INFO - [2023-02-02T01:14:50.029+0000] {dagbag.py:538} INFO - Filling up the DagBag from /home/airflow/.local/lib/python3.7/site-packages/airflow/example_dags/example_python_operator.py
[2023-02-02T01:14:50.041+0000] {logging_mixin.py:137} INFO - [2023-02-02T01:14:50.041+0000] {taskmixin.py:205} WARNING - Dependency <Task(_PythonDecoratedOperator): print_the_context>, log_sql_query already registered for DAG: example_python_operator
[2023-02-02T01:14:50.041+0000] {logging_mixin.py:137} INFO - [2023-02-02T01:14:50.041+0000] {taskmixin.py:205} WARNING - Dependency <Task(_PythonDecoratedOperator): log_sql_query>, print_the_context already registered for DAG: example_python_operator
[2023-02-02T01:14:50.042+0000] {logging_mixin.py:137} INFO - [2023-02-02T01:14:50.042+0000] {taskmixin.py:205} WARNING - Dependency <Task(_PythonDecoratedOperator): print_the_context>, log_sql_query already registered for DAG: example_python_operator
[2023-02-02T01:14:50.042+0000] {logging_mixin.py:137} INFO - [2023-02-02T01:14:50.042+0000] {taskmixin.py:205} WARNING - Dependency <Task(_PythonDecoratedOperator): log_sql_query>, print_the_context already registered for DAG: example_python_operator
[2023-02-02T01:14:50.043+0000] {logging_mixin.py:137} INFO - [2023-02-02T01:14:50.043+0000] {taskmixin.py:205} WARNING - Dependency <Task(_PythonDecoratedOperator): print_the_context>, log_sql_query already registered for DAG: example_python_operator
[2023-02-02T01:14:50.043+0000] {logging_mixin.py:137} INFO - [2023-02-02T01:14:50.043+0000] {taskmixin.py:205} WARNING - Dependency <Task(_PythonDecoratedOperator): log_sql_query>, print_the_context already registered for DAG: example_python_operator
[2023-02-02T01:14:50.044+0000] {logging_mixin.py:137} INFO - [2023-02-02T01:14:50.044+0000] {taskmixin.py:205} WARNING - Dependency <Task(_PythonDecoratedOperator): print_the_context>, log_sql_query already registered for DAG: example_python_operator
[2023-02-02T01:14:50.044+0000] {logging_mixin.py:137} INFO - [2023-02-02T01:14:50.044+0000] {taskmixin.py:205} WARNING - Dependency <Task(_PythonDecoratedOperator): log_sql_query>, print_the_context already registered for DAG: example_python_operator
[2023-02-02T01:14:50.049+0000] {processor.py:753} INFO - DAG(s) dict_keys(['example_python_operator']) retrieved from /home/airflow/.local/lib/python3.7/site-packages/airflow/example_dags/example_python_operator.py
[2023-02-02T01:14:50.066+0000] {logging_mixin.py:137} INFO - [2023-02-02T01:14:50.066+0000] {dag.py:2690} INFO - Sync 1 DAGs
[2023-02-02T01:14:50.083+0000] {logging_mixin.py:137} INFO - [2023-02-02T01:14:50.083+0000] {dag.py:3441} INFO - Setting next_dagrun for example_python_operator to None, run_after=None
[2023-02-02T01:14:50.098+0000] {processor.py:175} INFO - Processing /home/airflow/.local/lib/python3.7/site-packages/airflow/example_dags/example_python_operator.py took 0.072 seconds
[2023-02-02T01:15:20.861+0000] {processor.py:153} INFO - Started process (PID=707) to work on /home/airflow/.local/lib/python3.7/site-packages/airflow/example_dags/example_python_operator.py
[2023-02-02T01:15:20.861+0000] {processor.py:743} INFO - Processing file /home/airflow/.local/lib/python3.7/site-packages/airflow/example_dags/example_python_operator.py for tasks to queue
[2023-02-02T01:15:20.862+0000] {logging_mixin.py:137} INFO - [2023-02-02T01:15:20.862+0000] {dagbag.py:538} INFO - Filling up the DagBag from /home/airflow/.local/lib/python3.7/site-packages/airflow/example_dags/example_python_operator.py
[2023-02-02T01:15:20.873+0000] {logging_mixin.py:137} INFO - [2023-02-02T01:15:20.873+0000] {taskmixin.py:205} WARNING - Dependency <Task(_PythonDecoratedOperator): print_the_context>, log_sql_query already registered for DAG: example_python_operator
[2023-02-02T01:15:20.873+0000] {logging_mixin.py:137} INFO - [2023-02-02T01:15:20.873+0000] {taskmixin.py:205} WARNING - Dependency <Task(_PythonDecoratedOperator): log_sql_query>, print_the_context already registered for DAG: example_python_operator
[2023-02-02T01:15:20.874+0000] {logging_mixin.py:137} INFO - [2023-02-02T01:15:20.874+0000] {taskmixin.py:205} WARNING - Dependency <Task(_PythonDecoratedOperator): print_the_context>, log_sql_query already registered for DAG: example_python_operator
[2023-02-02T01:15:20.875+0000] {logging_mixin.py:137} INFO - [2023-02-02T01:15:20.874+0000] {taskmixin.py:205} WARNING - Dependency <Task(_PythonDecoratedOperator): log_sql_query>, print_the_context already registered for DAG: example_python_operator
[2023-02-02T01:15:20.875+0000] {logging_mixin.py:137} INFO - [2023-02-02T01:15:20.875+0000] {taskmixin.py:205} WARNING - Dependency <Task(_PythonDecoratedOperator): print_the_context>, log_sql_query already registered for DAG: example_python_operator
[2023-02-02T01:15:20.875+0000] {logging_mixin.py:137} INFO - [2023-02-02T01:15:20.875+0000] {taskmixin.py:205} WARNING - Dependency <Task(_PythonDecoratedOperator): log_sql_query>, print_the_context already registered for DAG: example_python_operator
[2023-02-02T01:15:20.876+0000] {logging_mixin.py:137} INFO - [2023-02-02T01:15:20.876+0000] {taskmixin.py:205} WARNING - Dependency <Task(_PythonDecoratedOperator): print_the_context>, log_sql_query already registered for DAG: example_python_operator
[2023-02-02T01:15:20.876+0000] {logging_mixin.py:137} INFO - [2023-02-02T01:15:20.876+0000] {taskmixin.py:205} WARNING - Dependency <Task(_PythonDecoratedOperator): log_sql_query>, print_the_context already registered for DAG: example_python_operator
[2023-02-02T01:15:20.882+0000] {processor.py:753} INFO - DAG(s) dict_keys(['example_python_operator']) retrieved from /home/airflow/.local/lib/python3.7/site-packages/airflow/example_dags/example_python_operator.py
[2023-02-02T01:15:20.902+0000] {logging_mixin.py:137} INFO - [2023-02-02T01:15:20.902+0000] {dag.py:2690} INFO - Sync 1 DAGs
[2023-02-02T01:15:20.923+0000] {logging_mixin.py:137} INFO - [2023-02-02T01:15:20.922+0000] {dag.py:3441} INFO - Setting next_dagrun for example_python_operator to None, run_after=None
[2023-02-02T01:15:20.936+0000] {processor.py:175} INFO - Processing /home/airflow/.local/lib/python3.7/site-packages/airflow/example_dags/example_python_operator.py took 0.077 seconds
[2023-02-02T01:15:51.575+0000] {processor.py:153} INFO - Started process (PID=778) to work on /home/airflow/.local/lib/python3.7/site-packages/airflow/example_dags/example_python_operator.py
[2023-02-02T01:15:51.575+0000] {processor.py:743} INFO - Processing file /home/airflow/.local/lib/python3.7/site-packages/airflow/example_dags/example_python_operator.py for tasks to queue
[2023-02-02T01:15:51.576+0000] {logging_mixin.py:137} INFO - [2023-02-02T01:15:51.576+0000] {dagbag.py:538} INFO - Filling up the DagBag from /home/airflow/.local/lib/python3.7/site-packages/airflow/example_dags/example_python_operator.py
[2023-02-02T01:15:51.588+0000] {logging_mixin.py:137} INFO - [2023-02-02T01:15:51.588+0000] {taskmixin.py:205} WARNING - Dependency <Task(_PythonDecoratedOperator): print_the_context>, log_sql_query already registered for DAG: example_python_operator
[2023-02-02T01:15:51.588+0000] {logging_mixin.py:137} INFO - [2023-02-02T01:15:51.588+0000] {taskmixin.py:205} WARNING - Dependency <Task(_PythonDecoratedOperator): log_sql_query>, print_the_context already registered for DAG: example_python_operator
[2023-02-02T01:15:51.589+0000] {logging_mixin.py:137} INFO - [2023-02-02T01:15:51.589+0000] {taskmixin.py:205} WARNING - Dependency <Task(_PythonDecoratedOperator): print_the_context>, log_sql_query already registered for DAG: example_python_operator
[2023-02-02T01:15:51.589+0000] {logging_mixin.py:137} INFO - [2023-02-02T01:15:51.589+0000] {taskmixin.py:205} WARNING - Dependency <Task(_PythonDecoratedOperator): log_sql_query>, print_the_context already registered for DAG: example_python_operator
[2023-02-02T01:15:51.590+0000] {logging_mixin.py:137} INFO - [2023-02-02T01:15:51.590+0000] {taskmixin.py:205} WARNING - Dependency <Task(_PythonDecoratedOperator): print_the_context>, log_sql_query already registered for DAG: example_python_operator
[2023-02-02T01:15:51.590+0000] {logging_mixin.py:137} INFO - [2023-02-02T01:15:51.590+0000] {taskmixin.py:205} WARNING - Dependency <Task(_PythonDecoratedOperator): log_sql_query>, print_the_context already registered for DAG: example_python_operator
[2023-02-02T01:15:51.591+0000] {logging_mixin.py:137} INFO - [2023-02-02T01:15:51.591+0000] {taskmixin.py:205} WARNING - Dependency <Task(_PythonDecoratedOperator): print_the_context>, log_sql_query already registered for DAG: example_python_operator
[2023-02-02T01:15:51.591+0000] {logging_mixin.py:137} INFO - [2023-02-02T01:15:51.591+0000] {taskmixin.py:205} WARNING - Dependency <Task(_PythonDecoratedOperator): log_sql_query>, print_the_context already registered for DAG: example_python_operator
[2023-02-02T01:15:51.596+0000] {processor.py:753} INFO - DAG(s) dict_keys(['example_python_operator']) retrieved from /home/airflow/.local/lib/python3.7/site-packages/airflow/example_dags/example_python_operator.py
[2023-02-02T01:15:51.615+0000] {logging_mixin.py:137} INFO - [2023-02-02T01:15:51.615+0000] {dag.py:2690} INFO - Sync 1 DAGs
[2023-02-02T01:15:51.635+0000] {logging_mixin.py:137} INFO - [2023-02-02T01:15:51.635+0000] {dag.py:3441} INFO - Setting next_dagrun for example_python_operator to None, run_after=None
[2023-02-02T01:15:51.647+0000] {processor.py:175} INFO - Processing /home/airflow/.local/lib/python3.7/site-packages/airflow/example_dags/example_python_operator.py took 0.075 seconds
[2023-02-02T01:16:22.423+0000] {processor.py:153} INFO - Started process (PID=865) to work on /home/airflow/.local/lib/python3.7/site-packages/airflow/example_dags/example_python_operator.py
[2023-02-02T01:16:22.423+0000] {processor.py:743} INFO - Processing file /home/airflow/.local/lib/python3.7/site-packages/airflow/example_dags/example_python_operator.py for tasks to queue
[2023-02-02T01:16:22.424+0000] {logging_mixin.py:137} INFO - [2023-02-02T01:16:22.424+0000] {dagbag.py:538} INFO - Filling up the DagBag from /home/airflow/.local/lib/python3.7/site-packages/airflow/example_dags/example_python_operator.py
[2023-02-02T01:16:22.438+0000] {logging_mixin.py:137} INFO - [2023-02-02T01:16:22.438+0000] {taskmixin.py:205} WARNING - Dependency <Task(_PythonDecoratedOperator): print_the_context>, log_sql_query already registered for DAG: example_python_operator
[2023-02-02T01:16:22.438+0000] {logging_mixin.py:137} INFO - [2023-02-02T01:16:22.438+0000] {taskmixin.py:205} WARNING - Dependency <Task(_PythonDecoratedOperator): log_sql_query>, print_the_context already registered for DAG: example_python_operator
[2023-02-02T01:16:22.438+0000] {logging_mixin.py:137} INFO - [2023-02-02T01:16:22.438+0000] {taskmixin.py:205} WARNING - Dependency <Task(_PythonDecoratedOperator): print_the_context>, log_sql_query already registered for DAG: example_python_operator
[2023-02-02T01:16:22.439+0000] {logging_mixin.py:137} INFO - [2023-02-02T01:16:22.439+0000] {taskmixin.py:205} WARNING - Dependency <Task(_PythonDecoratedOperator): log_sql_query>, print_the_context already registered for DAG: example_python_operator
[2023-02-02T01:16:22.439+0000] {logging_mixin.py:137} INFO - [2023-02-02T01:16:22.439+0000] {taskmixin.py:205} WARNING - Dependency <Task(_PythonDecoratedOperator): print_the_context>, log_sql_query already registered for DAG: example_python_operator
[2023-02-02T01:16:22.440+0000] {logging_mixin.py:137} INFO - [2023-02-02T01:16:22.439+0000] {taskmixin.py:205} WARNING - Dependency <Task(_PythonDecoratedOperator): log_sql_query>, print_the_context already registered for DAG: example_python_operator
[2023-02-02T01:16:22.440+0000] {logging_mixin.py:137} INFO - [2023-02-02T01:16:22.440+0000] {taskmixin.py:205} WARNING - Dependency <Task(_PythonDecoratedOperator): print_the_context>, log_sql_query already registered for DAG: example_python_operator
[2023-02-02T01:16:22.440+0000] {logging_mixin.py:137} INFO - [2023-02-02T01:16:22.440+0000] {taskmixin.py:205} WARNING - Dependency <Task(_PythonDecoratedOperator): log_sql_query>, print_the_context already registered for DAG: example_python_operator
[2023-02-02T01:16:22.446+0000] {processor.py:753} INFO - DAG(s) dict_keys(['example_python_operator']) retrieved from /home/airflow/.local/lib/python3.7/site-packages/airflow/example_dags/example_python_operator.py
[2023-02-02T01:16:22.469+0000] {logging_mixin.py:137} INFO - [2023-02-02T01:16:22.469+0000] {dag.py:2690} INFO - Sync 1 DAGs
[2023-02-02T01:16:22.490+0000] {logging_mixin.py:137} INFO - [2023-02-02T01:16:22.490+0000] {dag.py:3441} INFO - Setting next_dagrun for example_python_operator to None, run_after=None
[2023-02-02T01:16:22.504+0000] {processor.py:175} INFO - Processing /home/airflow/.local/lib/python3.7/site-packages/airflow/example_dags/example_python_operator.py took 0.084 seconds
[2023-02-02T01:16:53.286+0000] {processor.py:153} INFO - Started process (PID=952) to work on /home/airflow/.local/lib/python3.7/site-packages/airflow/example_dags/example_python_operator.py
[2023-02-02T01:16:53.287+0000] {processor.py:743} INFO - Processing file /home/airflow/.local/lib/python3.7/site-packages/airflow/example_dags/example_python_operator.py for tasks to queue
[2023-02-02T01:16:53.287+0000] {logging_mixin.py:137} INFO - [2023-02-02T01:16:53.287+0000] {dagbag.py:538} INFO - Filling up the DagBag from /home/airflow/.local/lib/python3.7/site-packages/airflow/example_dags/example_python_operator.py
[2023-02-02T01:16:53.299+0000] {logging_mixin.py:137} INFO - [2023-02-02T01:16:53.299+0000] {taskmixin.py:205} WARNING - Dependency <Task(_PythonDecoratedOperator): print_the_context>, log_sql_query already registered for DAG: example_python_operator
[2023-02-02T01:16:53.300+0000] {logging_mixin.py:137} INFO - [2023-02-02T01:16:53.300+0000] {taskmixin.py:205} WARNING - Dependency <Task(_PythonDecoratedOperator): log_sql_query>, print_the_context already registered for DAG: example_python_operator
[2023-02-02T01:16:53.300+0000] {logging_mixin.py:137} INFO - [2023-02-02T01:16:53.300+0000] {taskmixin.py:205} WARNING - Dependency <Task(_PythonDecoratedOperator): print_the_context>, log_sql_query already registered for DAG: example_python_operator
[2023-02-02T01:16:53.300+0000] {logging_mixin.py:137} INFO - [2023-02-02T01:16:53.300+0000] {taskmixin.py:205} WARNING - Dependency <Task(_PythonDecoratedOperator): log_sql_query>, print_the_context already registered for DAG: example_python_operator
[2023-02-02T01:16:53.301+0000] {logging_mixin.py:137} INFO - [2023-02-02T01:16:53.301+0000] {taskmixin.py:205} WARNING - Dependency <Task(_PythonDecoratedOperator): print_the_context>, log_sql_query already registered for DAG: example_python_operator
[2023-02-02T01:16:53.301+0000] {logging_mixin.py:137} INFO - [2023-02-02T01:16:53.301+0000] {taskmixin.py:205} WARNING - Dependency <Task(_PythonDecoratedOperator): log_sql_query>, print_the_context already registered for DAG: example_python_operator
[2023-02-02T01:16:53.302+0000] {logging_mixin.py:137} INFO - [2023-02-02T01:16:53.302+0000] {taskmixin.py:205} WARNING - Dependency <Task(_PythonDecoratedOperator): print_the_context>, log_sql_query already registered for DAG: example_python_operator
[2023-02-02T01:16:53.302+0000] {logging_mixin.py:137} INFO - [2023-02-02T01:16:53.302+0000] {taskmixin.py:205} WARNING - Dependency <Task(_PythonDecoratedOperator): log_sql_query>, print_the_context already registered for DAG: example_python_operator
[2023-02-02T01:16:53.308+0000] {processor.py:753} INFO - DAG(s) dict_keys(['example_python_operator']) retrieved from /home/airflow/.local/lib/python3.7/site-packages/airflow/example_dags/example_python_operator.py
[2023-02-02T01:16:53.324+0000] {logging_mixin.py:137} INFO - [2023-02-02T01:16:53.324+0000] {dag.py:2690} INFO - Sync 1 DAGs
[2023-02-02T01:16:53.340+0000] {logging_mixin.py:137} INFO - [2023-02-02T01:16:53.340+0000] {dag.py:3441} INFO - Setting next_dagrun for example_python_operator to None, run_after=None
[2023-02-02T01:16:53.351+0000] {processor.py:175} INFO - Processing /home/airflow/.local/lib/python3.7/site-packages/airflow/example_dags/example_python_operator.py took 0.068 seconds
[2023-02-02T01:17:24.030+0000] {processor.py:153} INFO - Started process (PID=1023) to work on /home/airflow/.local/lib/python3.7/site-packages/airflow/example_dags/example_python_operator.py
[2023-02-02T01:17:24.030+0000] {processor.py:743} INFO - Processing file /home/airflow/.local/lib/python3.7/site-packages/airflow/example_dags/example_python_operator.py for tasks to queue
[2023-02-02T01:17:24.031+0000] {logging_mixin.py:137} INFO - [2023-02-02T01:17:24.031+0000] {dagbag.py:538} INFO - Filling up the DagBag from /home/airflow/.local/lib/python3.7/site-packages/airflow/example_dags/example_python_operator.py
[2023-02-02T01:17:24.042+0000] {logging_mixin.py:137} INFO - [2023-02-02T01:17:24.042+0000] {taskmixin.py:205} WARNING - Dependency <Task(_PythonDecoratedOperator): print_the_context>, log_sql_query already registered for DAG: example_python_operator
[2023-02-02T01:17:24.043+0000] {logging_mixin.py:137} INFO - [2023-02-02T01:17:24.043+0000] {taskmixin.py:205} WARNING - Dependency <Task(_PythonDecoratedOperator): log_sql_query>, print_the_context already registered for DAG: example_python_operator
[2023-02-02T01:17:24.043+0000] {logging_mixin.py:137} INFO - [2023-02-02T01:17:24.043+0000] {taskmixin.py:205} WARNING - Dependency <Task(_PythonDecoratedOperator): print_the_context>, log_sql_query already registered for DAG: example_python_operator
[2023-02-02T01:17:24.043+0000] {logging_mixin.py:137} INFO - [2023-02-02T01:17:24.043+0000] {taskmixin.py:205} WARNING - Dependency <Task(_PythonDecoratedOperator): log_sql_query>, print_the_context already registered for DAG: example_python_operator
[2023-02-02T01:17:24.044+0000] {logging_mixin.py:137} INFO - [2023-02-02T01:17:24.044+0000] {taskmixin.py:205} WARNING - Dependency <Task(_PythonDecoratedOperator): print_the_context>, log_sql_query already registered for DAG: example_python_operator
[2023-02-02T01:17:24.044+0000] {logging_mixin.py:137} INFO - [2023-02-02T01:17:24.044+0000] {taskmixin.py:205} WARNING - Dependency <Task(_PythonDecoratedOperator): log_sql_query>, print_the_context already registered for DAG: example_python_operator
[2023-02-02T01:17:24.045+0000] {logging_mixin.py:137} INFO - [2023-02-02T01:17:24.045+0000] {taskmixin.py:205} WARNING - Dependency <Task(_PythonDecoratedOperator): print_the_context>, log_sql_query already registered for DAG: example_python_operator
[2023-02-02T01:17:24.045+0000] {logging_mixin.py:137} INFO - [2023-02-02T01:17:24.045+0000] {taskmixin.py:205} WARNING - Dependency <Task(_PythonDecoratedOperator): log_sql_query>, print_the_context already registered for DAG: example_python_operator
[2023-02-02T01:17:24.050+0000] {processor.py:753} INFO - DAG(s) dict_keys(['example_python_operator']) retrieved from /home/airflow/.local/lib/python3.7/site-packages/airflow/example_dags/example_python_operator.py
[2023-02-02T01:17:24.069+0000] {logging_mixin.py:137} INFO - [2023-02-02T01:17:24.069+0000] {dag.py:2690} INFO - Sync 1 DAGs
[2023-02-02T01:17:24.086+0000] {logging_mixin.py:137} INFO - [2023-02-02T01:17:24.086+0000] {dag.py:3441} INFO - Setting next_dagrun for example_python_operator to None, run_after=None
[2023-02-02T01:17:24.100+0000] {processor.py:175} INFO - Processing /home/airflow/.local/lib/python3.7/site-packages/airflow/example_dags/example_python_operator.py took 0.072 seconds
[2023-02-02T01:17:54.996+0000] {processor.py:153} INFO - Started process (PID=1110) to work on /home/airflow/.local/lib/python3.7/site-packages/airflow/example_dags/example_python_operator.py
[2023-02-02T01:17:54.997+0000] {processor.py:743} INFO - Processing file /home/airflow/.local/lib/python3.7/site-packages/airflow/example_dags/example_python_operator.py for tasks to queue
[2023-02-02T01:17:54.997+0000] {logging_mixin.py:137} INFO - [2023-02-02T01:17:54.997+0000] {dagbag.py:538} INFO - Filling up the DagBag from /home/airflow/.local/lib/python3.7/site-packages/airflow/example_dags/example_python_operator.py
[2023-02-02T01:17:55.013+0000] {logging_mixin.py:137} INFO - [2023-02-02T01:17:55.013+0000] {taskmixin.py:205} WARNING - Dependency <Task(_PythonDecoratedOperator): print_the_context>, log_sql_query already registered for DAG: example_python_operator
[2023-02-02T01:17:55.013+0000] {logging_mixin.py:137} INFO - [2023-02-02T01:17:55.013+0000] {taskmixin.py:205} WARNING - Dependency <Task(_PythonDecoratedOperator): log_sql_query>, print_the_context already registered for DAG: example_python_operator
[2023-02-02T01:17:55.014+0000] {logging_mixin.py:137} INFO - [2023-02-02T01:17:55.014+0000] {taskmixin.py:205} WARNING - Dependency <Task(_PythonDecoratedOperator): print_the_context>, log_sql_query already registered for DAG: example_python_operator
[2023-02-02T01:17:55.014+0000] {logging_mixin.py:137} INFO - [2023-02-02T01:17:55.014+0000] {taskmixin.py:205} WARNING - Dependency <Task(_PythonDecoratedOperator): log_sql_query>, print_the_context already registered for DAG: example_python_operator
[2023-02-02T01:17:55.015+0000] {logging_mixin.py:137} INFO - [2023-02-02T01:17:55.015+0000] {taskmixin.py:205} WARNING - Dependency <Task(_PythonDecoratedOperator): print_the_context>, log_sql_query already registered for DAG: example_python_operator
[2023-02-02T01:17:55.016+0000] {logging_mixin.py:137} INFO - [2023-02-02T01:17:55.015+0000] {taskmixin.py:205} WARNING - Dependency <Task(_PythonDecoratedOperator): log_sql_query>, print_the_context already registered for DAG: example_python_operator
[2023-02-02T01:17:55.017+0000] {logging_mixin.py:137} INFO - [2023-02-02T01:17:55.016+0000] {taskmixin.py:205} WARNING - Dependency <Task(_PythonDecoratedOperator): print_the_context>, log_sql_query already registered for DAG: example_python_operator
[2023-02-02T01:17:55.017+0000] {logging_mixin.py:137} INFO - [2023-02-02T01:17:55.017+0000] {taskmixin.py:205} WARNING - Dependency <Task(_PythonDecoratedOperator): log_sql_query>, print_the_context already registered for DAG: example_python_operator
[2023-02-02T01:17:55.023+0000] {processor.py:753} INFO - DAG(s) dict_keys(['example_python_operator']) retrieved from /home/airflow/.local/lib/python3.7/site-packages/airflow/example_dags/example_python_operator.py
[2023-02-02T01:17:55.041+0000] {logging_mixin.py:137} INFO - [2023-02-02T01:17:55.041+0000] {dag.py:2690} INFO - Sync 1 DAGs
[2023-02-02T01:17:55.062+0000] {logging_mixin.py:137} INFO - [2023-02-02T01:17:55.062+0000] {dag.py:3441} INFO - Setting next_dagrun for example_python_operator to None, run_after=None
[2023-02-02T01:17:55.075+0000] {processor.py:175} INFO - Processing /home/airflow/.local/lib/python3.7/site-packages/airflow/example_dags/example_python_operator.py took 0.081 seconds
[2023-02-02T01:18:25.682+0000] {processor.py:153} INFO - Started process (PID=1197) to work on /home/airflow/.local/lib/python3.7/site-packages/airflow/example_dags/example_python_operator.py
[2023-02-02T01:18:25.683+0000] {processor.py:743} INFO - Processing file /home/airflow/.local/lib/python3.7/site-packages/airflow/example_dags/example_python_operator.py for tasks to queue
[2023-02-02T01:18:25.684+0000] {logging_mixin.py:137} INFO - [2023-02-02T01:18:25.683+0000] {dagbag.py:538} INFO - Filling up the DagBag from /home/airflow/.local/lib/python3.7/site-packages/airflow/example_dags/example_python_operator.py
[2023-02-02T01:18:25.695+0000] {logging_mixin.py:137} INFO - [2023-02-02T01:18:25.695+0000] {taskmixin.py:205} WARNING - Dependency <Task(_PythonDecoratedOperator): print_the_context>, log_sql_query already registered for DAG: example_python_operator
[2023-02-02T01:18:25.695+0000] {logging_mixin.py:137} INFO - [2023-02-02T01:18:25.695+0000] {taskmixin.py:205} WARNING - Dependency <Task(_PythonDecoratedOperator): log_sql_query>, print_the_context already registered for DAG: example_python_operator
[2023-02-02T01:18:25.696+0000] {logging_mixin.py:137} INFO - [2023-02-02T01:18:25.696+0000] {taskmixin.py:205} WARNING - Dependency <Task(_PythonDecoratedOperator): print_the_context>, log_sql_query already registered for DAG: example_python_operator
[2023-02-02T01:18:25.696+0000] {logging_mixin.py:137} INFO - [2023-02-02T01:18:25.696+0000] {taskmixin.py:205} WARNING - Dependency <Task(_PythonDecoratedOperator): log_sql_query>, print_the_context already registered for DAG: example_python_operator
[2023-02-02T01:18:25.697+0000] {logging_mixin.py:137} INFO - [2023-02-02T01:18:25.697+0000] {taskmixin.py:205} WARNING - Dependency <Task(_PythonDecoratedOperator): print_the_context>, log_sql_query already registered for DAG: example_python_operator
[2023-02-02T01:18:25.697+0000] {logging_mixin.py:137} INFO - [2023-02-02T01:18:25.697+0000] {taskmixin.py:205} WARNING - Dependency <Task(_PythonDecoratedOperator): log_sql_query>, print_the_context already registered for DAG: example_python_operator
[2023-02-02T01:18:25.698+0000] {logging_mixin.py:137} INFO - [2023-02-02T01:18:25.698+0000] {taskmixin.py:205} WARNING - Dependency <Task(_PythonDecoratedOperator): print_the_context>, log_sql_query already registered for DAG: example_python_operator
[2023-02-02T01:18:25.698+0000] {logging_mixin.py:137} INFO - [2023-02-02T01:18:25.698+0000] {taskmixin.py:205} WARNING - Dependency <Task(_PythonDecoratedOperator): log_sql_query>, print_the_context already registered for DAG: example_python_operator
[2023-02-02T01:18:25.703+0000] {processor.py:753} INFO - DAG(s) dict_keys(['example_python_operator']) retrieved from /home/airflow/.local/lib/python3.7/site-packages/airflow/example_dags/example_python_operator.py
[2023-02-02T01:18:25.724+0000] {logging_mixin.py:137} INFO - [2023-02-02T01:18:25.724+0000] {dag.py:2690} INFO - Sync 1 DAGs
[2023-02-02T01:18:25.742+0000] {logging_mixin.py:137} INFO - [2023-02-02T01:18:25.742+0000] {dag.py:3441} INFO - Setting next_dagrun for example_python_operator to None, run_after=None
[2023-02-02T01:18:25.754+0000] {processor.py:175} INFO - Processing /home/airflow/.local/lib/python3.7/site-packages/airflow/example_dags/example_python_operator.py took 0.073 seconds
[2023-02-02T01:18:56.551+0000] {processor.py:153} INFO - Started process (PID=1284) to work on /home/airflow/.local/lib/python3.7/site-packages/airflow/example_dags/example_python_operator.py
[2023-02-02T01:18:56.551+0000] {processor.py:743} INFO - Processing file /home/airflow/.local/lib/python3.7/site-packages/airflow/example_dags/example_python_operator.py for tasks to queue
[2023-02-02T01:18:56.552+0000] {logging_mixin.py:137} INFO - [2023-02-02T01:18:56.552+0000] {dagbag.py:538} INFO - Filling up the DagBag from /home/airflow/.local/lib/python3.7/site-packages/airflow/example_dags/example_python_operator.py
[2023-02-02T01:18:56.564+0000] {logging_mixin.py:137} INFO - [2023-02-02T01:18:56.564+0000] {taskmixin.py:205} WARNING - Dependency <Task(_PythonDecoratedOperator): print_the_context>, log_sql_query already registered for DAG: example_python_operator
[2023-02-02T01:18:56.564+0000] {logging_mixin.py:137} INFO - [2023-02-02T01:18:56.564+0000] {taskmixin.py:205} WARNING - Dependency <Task(_PythonDecoratedOperator): log_sql_query>, print_the_context already registered for DAG: example_python_operator
[2023-02-02T01:18:56.565+0000] {logging_mixin.py:137} INFO - [2023-02-02T01:18:56.565+0000] {taskmixin.py:205} WARNING - Dependency <Task(_PythonDecoratedOperator): print_the_context>, log_sql_query already registered for DAG: example_python_operator
[2023-02-02T01:18:56.565+0000] {logging_mixin.py:137} INFO - [2023-02-02T01:18:56.565+0000] {taskmixin.py:205} WARNING - Dependency <Task(_PythonDecoratedOperator): log_sql_query>, print_the_context already registered for DAG: example_python_operator
[2023-02-02T01:18:56.566+0000] {logging_mixin.py:137} INFO - [2023-02-02T01:18:56.566+0000] {taskmixin.py:205} WARNING - Dependency <Task(_PythonDecoratedOperator): print_the_context>, log_sql_query already registered for DAG: example_python_operator
[2023-02-02T01:18:56.566+0000] {logging_mixin.py:137} INFO - [2023-02-02T01:18:56.566+0000] {taskmixin.py:205} WARNING - Dependency <Task(_PythonDecoratedOperator): log_sql_query>, print_the_context already registered for DAG: example_python_operator
[2023-02-02T01:18:56.567+0000] {logging_mixin.py:137} INFO - [2023-02-02T01:18:56.567+0000] {taskmixin.py:205} WARNING - Dependency <Task(_PythonDecoratedOperator): print_the_context>, log_sql_query already registered for DAG: example_python_operator
[2023-02-02T01:18:56.567+0000] {logging_mixin.py:137} INFO - [2023-02-02T01:18:56.567+0000] {taskmixin.py:205} WARNING - Dependency <Task(_PythonDecoratedOperator): log_sql_query>, print_the_context already registered for DAG: example_python_operator
[2023-02-02T01:18:56.572+0000] {processor.py:753} INFO - DAG(s) dict_keys(['example_python_operator']) retrieved from /home/airflow/.local/lib/python3.7/site-packages/airflow/example_dags/example_python_operator.py
[2023-02-02T01:18:56.589+0000] {logging_mixin.py:137} INFO - [2023-02-02T01:18:56.589+0000] {dag.py:2690} INFO - Sync 1 DAGs
[2023-02-02T01:18:56.605+0000] {logging_mixin.py:137} INFO - [2023-02-02T01:18:56.604+0000] {dag.py:3441} INFO - Setting next_dagrun for example_python_operator to None, run_after=None
[2023-02-02T01:18:56.617+0000] {processor.py:175} INFO - Processing /home/airflow/.local/lib/python3.7/site-packages/airflow/example_dags/example_python_operator.py took 0.069 seconds
[2023-02-02T01:19:27.351+0000] {processor.py:153} INFO - Started process (PID=1355) to work on /home/airflow/.local/lib/python3.7/site-packages/airflow/example_dags/example_python_operator.py
[2023-02-02T01:19:27.352+0000] {processor.py:743} INFO - Processing file /home/airflow/.local/lib/python3.7/site-packages/airflow/example_dags/example_python_operator.py for tasks to queue
[2023-02-02T01:19:27.353+0000] {logging_mixin.py:137} INFO - [2023-02-02T01:19:27.352+0000] {dagbag.py:538} INFO - Filling up the DagBag from /home/airflow/.local/lib/python3.7/site-packages/airflow/example_dags/example_python_operator.py
[2023-02-02T01:19:27.364+0000] {logging_mixin.py:137} INFO - [2023-02-02T01:19:27.364+0000] {taskmixin.py:205} WARNING - Dependency <Task(_PythonDecoratedOperator): print_the_context>, log_sql_query already registered for DAG: example_python_operator
[2023-02-02T01:19:27.364+0000] {logging_mixin.py:137} INFO - [2023-02-02T01:19:27.364+0000] {taskmixin.py:205} WARNING - Dependency <Task(_PythonDecoratedOperator): log_sql_query>, print_the_context already registered for DAG: example_python_operator
[2023-02-02T01:19:27.365+0000] {logging_mixin.py:137} INFO - [2023-02-02T01:19:27.365+0000] {taskmixin.py:205} WARNING - Dependency <Task(_PythonDecoratedOperator): print_the_context>, log_sql_query already registered for DAG: example_python_operator
[2023-02-02T01:19:27.365+0000] {logging_mixin.py:137} INFO - [2023-02-02T01:19:27.365+0000] {taskmixin.py:205} WARNING - Dependency <Task(_PythonDecoratedOperator): log_sql_query>, print_the_context already registered for DAG: example_python_operator
[2023-02-02T01:19:27.366+0000] {logging_mixin.py:137} INFO - [2023-02-02T01:19:27.366+0000] {taskmixin.py:205} WARNING - Dependency <Task(_PythonDecoratedOperator): print_the_context>, log_sql_query already registered for DAG: example_python_operator
[2023-02-02T01:19:27.366+0000] {logging_mixin.py:137} INFO - [2023-02-02T01:19:27.366+0000] {taskmixin.py:205} WARNING - Dependency <Task(_PythonDecoratedOperator): log_sql_query>, print_the_context already registered for DAG: example_python_operator
[2023-02-02T01:19:27.367+0000] {logging_mixin.py:137} INFO - [2023-02-02T01:19:27.367+0000] {taskmixin.py:205} WARNING - Dependency <Task(_PythonDecoratedOperator): print_the_context>, log_sql_query already registered for DAG: example_python_operator
[2023-02-02T01:19:27.367+0000] {logging_mixin.py:137} INFO - [2023-02-02T01:19:27.367+0000] {taskmixin.py:205} WARNING - Dependency <Task(_PythonDecoratedOperator): log_sql_query>, print_the_context already registered for DAG: example_python_operator
[2023-02-02T01:19:27.372+0000] {processor.py:753} INFO - DAG(s) dict_keys(['example_python_operator']) retrieved from /home/airflow/.local/lib/python3.7/site-packages/airflow/example_dags/example_python_operator.py
[2023-02-02T01:19:27.391+0000] {logging_mixin.py:137} INFO - [2023-02-02T01:19:27.391+0000] {dag.py:2690} INFO - Sync 1 DAGs
[2023-02-02T01:19:27.412+0000] {logging_mixin.py:137} INFO - [2023-02-02T01:19:27.412+0000] {dag.py:3441} INFO - Setting next_dagrun for example_python_operator to None, run_after=None
[2023-02-02T01:19:27.426+0000] {processor.py:175} INFO - Processing /home/airflow/.local/lib/python3.7/site-packages/airflow/example_dags/example_python_operator.py took 0.077 seconds
[2023-02-02T01:19:58.069+0000] {processor.py:153} INFO - Started process (PID=1442) to work on /home/airflow/.local/lib/python3.7/site-packages/airflow/example_dags/example_python_operator.py
[2023-02-02T01:19:58.070+0000] {processor.py:743} INFO - Processing file /home/airflow/.local/lib/python3.7/site-packages/airflow/example_dags/example_python_operator.py for tasks to queue
[2023-02-02T01:19:58.071+0000] {logging_mixin.py:137} INFO - [2023-02-02T01:19:58.071+0000] {dagbag.py:538} INFO - Filling up the DagBag from /home/airflow/.local/lib/python3.7/site-packages/airflow/example_dags/example_python_operator.py
[2023-02-02T01:19:58.084+0000] {logging_mixin.py:137} INFO - [2023-02-02T01:19:58.084+0000] {taskmixin.py:205} WARNING - Dependency <Task(_PythonDecoratedOperator): print_the_context>, log_sql_query already registered for DAG: example_python_operator
[2023-02-02T01:19:58.084+0000] {logging_mixin.py:137} INFO - [2023-02-02T01:19:58.084+0000] {taskmixin.py:205} WARNING - Dependency <Task(_PythonDecoratedOperator): log_sql_query>, print_the_context already registered for DAG: example_python_operator
[2023-02-02T01:19:58.085+0000] {logging_mixin.py:137} INFO - [2023-02-02T01:19:58.085+0000] {taskmixin.py:205} WARNING - Dependency <Task(_PythonDecoratedOperator): print_the_context>, log_sql_query already registered for DAG: example_python_operator
[2023-02-02T01:19:58.085+0000] {logging_mixin.py:137} INFO - [2023-02-02T01:19:58.085+0000] {taskmixin.py:205} WARNING - Dependency <Task(_PythonDecoratedOperator): log_sql_query>, print_the_context already registered for DAG: example_python_operator
[2023-02-02T01:19:58.086+0000] {logging_mixin.py:137} INFO - [2023-02-02T01:19:58.086+0000] {taskmixin.py:205} WARNING - Dependency <Task(_PythonDecoratedOperator): print_the_context>, log_sql_query already registered for DAG: example_python_operator
[2023-02-02T01:19:58.086+0000] {logging_mixin.py:137} INFO - [2023-02-02T01:19:58.086+0000] {taskmixin.py:205} WARNING - Dependency <Task(_PythonDecoratedOperator): log_sql_query>, print_the_context already registered for DAG: example_python_operator
[2023-02-02T01:19:58.087+0000] {logging_mixin.py:137} INFO - [2023-02-02T01:19:58.087+0000] {taskmixin.py:205} WARNING - Dependency <Task(_PythonDecoratedOperator): print_the_context>, log_sql_query already registered for DAG: example_python_operator
[2023-02-02T01:19:58.088+0000] {logging_mixin.py:137} INFO - [2023-02-02T01:19:58.087+0000] {taskmixin.py:205} WARNING - Dependency <Task(_PythonDecoratedOperator): log_sql_query>, print_the_context already registered for DAG: example_python_operator
[2023-02-02T01:19:58.092+0000] {processor.py:753} INFO - DAG(s) dict_keys(['example_python_operator']) retrieved from /home/airflow/.local/lib/python3.7/site-packages/airflow/example_dags/example_python_operator.py
[2023-02-02T01:19:58.112+0000] {logging_mixin.py:137} INFO - [2023-02-02T01:19:58.112+0000] {dag.py:2690} INFO - Sync 1 DAGs
[2023-02-02T01:19:58.130+0000] {logging_mixin.py:137} INFO - [2023-02-02T01:19:58.130+0000] {dag.py:3441} INFO - Setting next_dagrun for example_python_operator to None, run_after=None
[2023-02-02T01:19:58.141+0000] {processor.py:175} INFO - Processing /home/airflow/.local/lib/python3.7/site-packages/airflow/example_dags/example_python_operator.py took 0.075 seconds
[2023-02-02T01:20:28.773+0000] {processor.py:153} INFO - Started process (PID=1529) to work on /home/airflow/.local/lib/python3.7/site-packages/airflow/example_dags/example_python_operator.py
[2023-02-02T01:20:28.773+0000] {processor.py:743} INFO - Processing file /home/airflow/.local/lib/python3.7/site-packages/airflow/example_dags/example_python_operator.py for tasks to queue
[2023-02-02T01:20:28.774+0000] {logging_mixin.py:137} INFO - [2023-02-02T01:20:28.774+0000] {dagbag.py:538} INFO - Filling up the DagBag from /home/airflow/.local/lib/python3.7/site-packages/airflow/example_dags/example_python_operator.py
[2023-02-02T01:20:28.787+0000] {logging_mixin.py:137} INFO - [2023-02-02T01:20:28.787+0000] {taskmixin.py:205} WARNING - Dependency <Task(_PythonDecoratedOperator): print_the_context>, log_sql_query already registered for DAG: example_python_operator
[2023-02-02T01:20:28.788+0000] {logging_mixin.py:137} INFO - [2023-02-02T01:20:28.787+0000] {taskmixin.py:205} WARNING - Dependency <Task(_PythonDecoratedOperator): log_sql_query>, print_the_context already registered for DAG: example_python_operator
[2023-02-02T01:20:28.788+0000] {logging_mixin.py:137} INFO - [2023-02-02T01:20:28.788+0000] {taskmixin.py:205} WARNING - Dependency <Task(_PythonDecoratedOperator): print_the_context>, log_sql_query already registered for DAG: example_python_operator
[2023-02-02T01:20:28.788+0000] {logging_mixin.py:137} INFO - [2023-02-02T01:20:28.788+0000] {taskmixin.py:205} WARNING - Dependency <Task(_PythonDecoratedOperator): log_sql_query>, print_the_context already registered for DAG: example_python_operator
[2023-02-02T01:20:28.789+0000] {logging_mixin.py:137} INFO - [2023-02-02T01:20:28.789+0000] {taskmixin.py:205} WARNING - Dependency <Task(_PythonDecoratedOperator): print_the_context>, log_sql_query already registered for DAG: example_python_operator
[2023-02-02T01:20:28.790+0000] {logging_mixin.py:137} INFO - [2023-02-02T01:20:28.789+0000] {taskmixin.py:205} WARNING - Dependency <Task(_PythonDecoratedOperator): log_sql_query>, print_the_context already registered for DAG: example_python_operator
[2023-02-02T01:20:28.790+0000] {logging_mixin.py:137} INFO - [2023-02-02T01:20:28.790+0000] {taskmixin.py:205} WARNING - Dependency <Task(_PythonDecoratedOperator): print_the_context>, log_sql_query already registered for DAG: example_python_operator
[2023-02-02T01:20:28.791+0000] {logging_mixin.py:137} INFO - [2023-02-02T01:20:28.791+0000] {taskmixin.py:205} WARNING - Dependency <Task(_PythonDecoratedOperator): log_sql_query>, print_the_context already registered for DAG: example_python_operator
[2023-02-02T01:20:28.797+0000] {processor.py:753} INFO - DAG(s) dict_keys(['example_python_operator']) retrieved from /home/airflow/.local/lib/python3.7/site-packages/airflow/example_dags/example_python_operator.py
[2023-02-02T01:20:28.817+0000] {logging_mixin.py:137} INFO - [2023-02-02T01:20:28.817+0000] {dag.py:2690} INFO - Sync 1 DAGs
[2023-02-02T01:20:28.833+0000] {logging_mixin.py:137} INFO - [2023-02-02T01:20:28.833+0000] {dag.py:3441} INFO - Setting next_dagrun for example_python_operator to None, run_after=None
[2023-02-02T01:20:28.845+0000] {processor.py:175} INFO - Processing /home/airflow/.local/lib/python3.7/site-packages/airflow/example_dags/example_python_operator.py took 0.074 seconds
[2023-02-02T01:20:59.609+0000] {processor.py:153} INFO - Started process (PID=1600) to work on /home/airflow/.local/lib/python3.7/site-packages/airflow/example_dags/example_python_operator.py
[2023-02-02T01:20:59.609+0000] {processor.py:743} INFO - Processing file /home/airflow/.local/lib/python3.7/site-packages/airflow/example_dags/example_python_operator.py for tasks to queue
[2023-02-02T01:20:59.610+0000] {logging_mixin.py:137} INFO - [2023-02-02T01:20:59.610+0000] {dagbag.py:538} INFO - Filling up the DagBag from /home/airflow/.local/lib/python3.7/site-packages/airflow/example_dags/example_python_operator.py
[2023-02-02T01:20:59.621+0000] {logging_mixin.py:137} INFO - [2023-02-02T01:20:59.621+0000] {taskmixin.py:205} WARNING - Dependency <Task(_PythonDecoratedOperator): print_the_context>, log_sql_query already registered for DAG: example_python_operator
[2023-02-02T01:20:59.621+0000] {logging_mixin.py:137} INFO - [2023-02-02T01:20:59.621+0000] {taskmixin.py:205} WARNING - Dependency <Task(_PythonDecoratedOperator): log_sql_query>, print_the_context already registered for DAG: example_python_operator
[2023-02-02T01:20:59.622+0000] {logging_mixin.py:137} INFO - [2023-02-02T01:20:59.622+0000] {taskmixin.py:205} WARNING - Dependency <Task(_PythonDecoratedOperator): print_the_context>, log_sql_query already registered for DAG: example_python_operator
[2023-02-02T01:20:59.622+0000] {logging_mixin.py:137} INFO - [2023-02-02T01:20:59.622+0000] {taskmixin.py:205} WARNING - Dependency <Task(_PythonDecoratedOperator): log_sql_query>, print_the_context already registered for DAG: example_python_operator
[2023-02-02T01:20:59.623+0000] {logging_mixin.py:137} INFO - [2023-02-02T01:20:59.623+0000] {taskmixin.py:205} WARNING - Dependency <Task(_PythonDecoratedOperator): print_the_context>, log_sql_query already registered for DAG: example_python_operator
[2023-02-02T01:20:59.623+0000] {logging_mixin.py:137} INFO - [2023-02-02T01:20:59.623+0000] {taskmixin.py:205} WARNING - Dependency <Task(_PythonDecoratedOperator): log_sql_query>, print_the_context already registered for DAG: example_python_operator
[2023-02-02T01:20:59.624+0000] {logging_mixin.py:137} INFO - [2023-02-02T01:20:59.624+0000] {taskmixin.py:205} WARNING - Dependency <Task(_PythonDecoratedOperator): print_the_context>, log_sql_query already registered for DAG: example_python_operator
[2023-02-02T01:20:59.624+0000] {logging_mixin.py:137} INFO - [2023-02-02T01:20:59.624+0000] {taskmixin.py:205} WARNING - Dependency <Task(_PythonDecoratedOperator): log_sql_query>, print_the_context already registered for DAG: example_python_operator
[2023-02-02T01:20:59.629+0000] {processor.py:753} INFO - DAG(s) dict_keys(['example_python_operator']) retrieved from /home/airflow/.local/lib/python3.7/site-packages/airflow/example_dags/example_python_operator.py
[2023-02-02T01:20:59.647+0000] {logging_mixin.py:137} INFO - [2023-02-02T01:20:59.647+0000] {dag.py:2690} INFO - Sync 1 DAGs
[2023-02-02T01:20:59.670+0000] {logging_mixin.py:137} INFO - [2023-02-02T01:20:59.670+0000] {dag.py:3441} INFO - Setting next_dagrun for example_python_operator to None, run_after=None
[2023-02-02T01:20:59.682+0000] {processor.py:175} INFO - Processing /home/airflow/.local/lib/python3.7/site-packages/airflow/example_dags/example_python_operator.py took 0.075 seconds
[2023-02-02T01:21:30.261+0000] {processor.py:153} INFO - Started process (PID=1687) to work on /home/airflow/.local/lib/python3.7/site-packages/airflow/example_dags/example_python_operator.py
[2023-02-02T01:21:30.261+0000] {processor.py:743} INFO - Processing file /home/airflow/.local/lib/python3.7/site-packages/airflow/example_dags/example_python_operator.py for tasks to queue
[2023-02-02T01:21:30.262+0000] {logging_mixin.py:137} INFO - [2023-02-02T01:21:30.262+0000] {dagbag.py:538} INFO - Filling up the DagBag from /home/airflow/.local/lib/python3.7/site-packages/airflow/example_dags/example_python_operator.py
[2023-02-02T01:21:30.273+0000] {logging_mixin.py:137} INFO - [2023-02-02T01:21:30.273+0000] {taskmixin.py:205} WARNING - Dependency <Task(_PythonDecoratedOperator): print_the_context>, log_sql_query already registered for DAG: example_python_operator
[2023-02-02T01:21:30.273+0000] {logging_mixin.py:137} INFO - [2023-02-02T01:21:30.273+0000] {taskmixin.py:205} WARNING - Dependency <Task(_PythonDecoratedOperator): log_sql_query>, print_the_context already registered for DAG: example_python_operator
[2023-02-02T01:21:30.274+0000] {logging_mixin.py:137} INFO - [2023-02-02T01:21:30.274+0000] {taskmixin.py:205} WARNING - Dependency <Task(_PythonDecoratedOperator): print_the_context>, log_sql_query already registered for DAG: example_python_operator
[2023-02-02T01:21:30.274+0000] {logging_mixin.py:137} INFO - [2023-02-02T01:21:30.274+0000] {taskmixin.py:205} WARNING - Dependency <Task(_PythonDecoratedOperator): log_sql_query>, print_the_context already registered for DAG: example_python_operator
[2023-02-02T01:21:30.275+0000] {logging_mixin.py:137} INFO - [2023-02-02T01:21:30.275+0000] {taskmixin.py:205} WARNING - Dependency <Task(_PythonDecoratedOperator): print_the_context>, log_sql_query already registered for DAG: example_python_operator
[2023-02-02T01:21:30.275+0000] {logging_mixin.py:137} INFO - [2023-02-02T01:21:30.275+0000] {taskmixin.py:205} WARNING - Dependency <Task(_PythonDecoratedOperator): log_sql_query>, print_the_context already registered for DAG: example_python_operator
[2023-02-02T01:21:30.276+0000] {logging_mixin.py:137} INFO - [2023-02-02T01:21:30.276+0000] {taskmixin.py:205} WARNING - Dependency <Task(_PythonDecoratedOperator): print_the_context>, log_sql_query already registered for DAG: example_python_operator
[2023-02-02T01:21:30.276+0000] {logging_mixin.py:137} INFO - [2023-02-02T01:21:30.276+0000] {taskmixin.py:205} WARNING - Dependency <Task(_PythonDecoratedOperator): log_sql_query>, print_the_context already registered for DAG: example_python_operator
[2023-02-02T01:21:30.281+0000] {processor.py:753} INFO - DAG(s) dict_keys(['example_python_operator']) retrieved from /home/airflow/.local/lib/python3.7/site-packages/airflow/example_dags/example_python_operator.py
[2023-02-02T01:21:30.297+0000] {logging_mixin.py:137} INFO - [2023-02-02T01:21:30.297+0000] {dag.py:2690} INFO - Sync 1 DAGs
[2023-02-02T01:21:30.313+0000] {logging_mixin.py:137} INFO - [2023-02-02T01:21:30.313+0000] {dag.py:3441} INFO - Setting next_dagrun for example_python_operator to None, run_after=None
[2023-02-02T01:21:30.325+0000] {processor.py:175} INFO - Processing /home/airflow/.local/lib/python3.7/site-packages/airflow/example_dags/example_python_operator.py took 0.066 seconds
[2023-02-02T01:22:00.976+0000] {processor.py:153} INFO - Started process (PID=1774) to work on /home/airflow/.local/lib/python3.7/site-packages/airflow/example_dags/example_python_operator.py
[2023-02-02T01:22:00.977+0000] {processor.py:743} INFO - Processing file /home/airflow/.local/lib/python3.7/site-packages/airflow/example_dags/example_python_operator.py for tasks to queue
[2023-02-02T01:22:00.977+0000] {logging_mixin.py:137} INFO - [2023-02-02T01:22:00.977+0000] {dagbag.py:538} INFO - Filling up the DagBag from /home/airflow/.local/lib/python3.7/site-packages/airflow/example_dags/example_python_operator.py
[2023-02-02T01:22:00.990+0000] {logging_mixin.py:137} INFO - [2023-02-02T01:22:00.990+0000] {taskmixin.py:205} WARNING - Dependency <Task(_PythonDecoratedOperator): print_the_context>, log_sql_query already registered for DAG: example_python_operator
[2023-02-02T01:22:00.991+0000] {logging_mixin.py:137} INFO - [2023-02-02T01:22:00.991+0000] {taskmixin.py:205} WARNING - Dependency <Task(_PythonDecoratedOperator): log_sql_query>, print_the_context already registered for DAG: example_python_operator
[2023-02-02T01:22:00.991+0000] {logging_mixin.py:137} INFO - [2023-02-02T01:22:00.991+0000] {taskmixin.py:205} WARNING - Dependency <Task(_PythonDecoratedOperator): print_the_context>, log_sql_query already registered for DAG: example_python_operator
[2023-02-02T01:22:00.992+0000] {logging_mixin.py:137} INFO - [2023-02-02T01:22:00.991+0000] {taskmixin.py:205} WARNING - Dependency <Task(_PythonDecoratedOperator): log_sql_query>, print_the_context already registered for DAG: example_python_operator
[2023-02-02T01:22:00.992+0000] {logging_mixin.py:137} INFO - [2023-02-02T01:22:00.992+0000] {taskmixin.py:205} WARNING - Dependency <Task(_PythonDecoratedOperator): print_the_context>, log_sql_query already registered for DAG: example_python_operator
[2023-02-02T01:22:00.993+0000] {logging_mixin.py:137} INFO - [2023-02-02T01:22:00.992+0000] {taskmixin.py:205} WARNING - Dependency <Task(_PythonDecoratedOperator): log_sql_query>, print_the_context already registered for DAG: example_python_operator
[2023-02-02T01:22:00.993+0000] {logging_mixin.py:137} INFO - [2023-02-02T01:22:00.993+0000] {taskmixin.py:205} WARNING - Dependency <Task(_PythonDecoratedOperator): print_the_context>, log_sql_query already registered for DAG: example_python_operator
[2023-02-02T01:22:00.994+0000] {logging_mixin.py:137} INFO - [2023-02-02T01:22:00.993+0000] {taskmixin.py:205} WARNING - Dependency <Task(_PythonDecoratedOperator): log_sql_query>, print_the_context already registered for DAG: example_python_operator
[2023-02-02T01:22:00.998+0000] {processor.py:753} INFO - DAG(s) dict_keys(['example_python_operator']) retrieved from /home/airflow/.local/lib/python3.7/site-packages/airflow/example_dags/example_python_operator.py
[2023-02-02T01:22:01.014+0000] {logging_mixin.py:137} INFO - [2023-02-02T01:22:01.014+0000] {dag.py:2690} INFO - Sync 1 DAGs
[2023-02-02T01:22:01.029+0000] {logging_mixin.py:137} INFO - [2023-02-02T01:22:01.029+0000] {dag.py:3441} INFO - Setting next_dagrun for example_python_operator to None, run_after=None
[2023-02-02T01:22:01.041+0000] {processor.py:175} INFO - Processing /home/airflow/.local/lib/python3.7/site-packages/airflow/example_dags/example_python_operator.py took 0.067 seconds
[2023-02-02T01:22:31.653+0000] {processor.py:153} INFO - Started process (PID=1845) to work on /home/airflow/.local/lib/python3.7/site-packages/airflow/example_dags/example_python_operator.py
[2023-02-02T01:22:31.654+0000] {processor.py:743} INFO - Processing file /home/airflow/.local/lib/python3.7/site-packages/airflow/example_dags/example_python_operator.py for tasks to queue
[2023-02-02T01:22:31.654+0000] {logging_mixin.py:137} INFO - [2023-02-02T01:22:31.654+0000] {dagbag.py:538} INFO - Filling up the DagBag from /home/airflow/.local/lib/python3.7/site-packages/airflow/example_dags/example_python_operator.py
[2023-02-02T01:22:31.667+0000] {logging_mixin.py:137} INFO - [2023-02-02T01:22:31.667+0000] {taskmixin.py:205} WARNING - Dependency <Task(_PythonDecoratedOperator): print_the_context>, log_sql_query already registered for DAG: example_python_operator
[2023-02-02T01:22:31.667+0000] {logging_mixin.py:137} INFO - [2023-02-02T01:22:31.667+0000] {taskmixin.py:205} WARNING - Dependency <Task(_PythonDecoratedOperator): log_sql_query>, print_the_context already registered for DAG: example_python_operator
[2023-02-02T01:22:31.668+0000] {logging_mixin.py:137} INFO - [2023-02-02T01:22:31.668+0000] {taskmixin.py:205} WARNING - Dependency <Task(_PythonDecoratedOperator): print_the_context>, log_sql_query already registered for DAG: example_python_operator
[2023-02-02T01:22:31.668+0000] {logging_mixin.py:137} INFO - [2023-02-02T01:22:31.668+0000] {taskmixin.py:205} WARNING - Dependency <Task(_PythonDecoratedOperator): log_sql_query>, print_the_context already registered for DAG: example_python_operator
[2023-02-02T01:22:31.669+0000] {logging_mixin.py:137} INFO - [2023-02-02T01:22:31.669+0000] {taskmixin.py:205} WARNING - Dependency <Task(_PythonDecoratedOperator): print_the_context>, log_sql_query already registered for DAG: example_python_operator
[2023-02-02T01:22:31.669+0000] {logging_mixin.py:137} INFO - [2023-02-02T01:22:31.669+0000] {taskmixin.py:205} WARNING - Dependency <Task(_PythonDecoratedOperator): log_sql_query>, print_the_context already registered for DAG: example_python_operator
[2023-02-02T01:22:31.670+0000] {logging_mixin.py:137} INFO - [2023-02-02T01:22:31.670+0000] {taskmixin.py:205} WARNING - Dependency <Task(_PythonDecoratedOperator): print_the_context>, log_sql_query already registered for DAG: example_python_operator
[2023-02-02T01:22:31.670+0000] {logging_mixin.py:137} INFO - [2023-02-02T01:22:31.670+0000] {taskmixin.py:205} WARNING - Dependency <Task(_PythonDecoratedOperator): log_sql_query>, print_the_context already registered for DAG: example_python_operator
[2023-02-02T01:22:31.676+0000] {processor.py:753} INFO - DAG(s) dict_keys(['example_python_operator']) retrieved from /home/airflow/.local/lib/python3.7/site-packages/airflow/example_dags/example_python_operator.py
[2023-02-02T01:22:31.698+0000] {logging_mixin.py:137} INFO - [2023-02-02T01:22:31.697+0000] {dag.py:2690} INFO - Sync 1 DAGs
[2023-02-02T01:22:31.714+0000] {logging_mixin.py:137} INFO - [2023-02-02T01:22:31.714+0000] {dag.py:3441} INFO - Setting next_dagrun for example_python_operator to None, run_after=None
[2023-02-02T01:22:31.729+0000] {processor.py:175} INFO - Processing /home/airflow/.local/lib/python3.7/site-packages/airflow/example_dags/example_python_operator.py took 0.078 seconds
[2023-02-02T01:23:02.561+0000] {processor.py:153} INFO - Started process (PID=1932) to work on /home/airflow/.local/lib/python3.7/site-packages/airflow/example_dags/example_python_operator.py
[2023-02-02T01:23:02.562+0000] {processor.py:743} INFO - Processing file /home/airflow/.local/lib/python3.7/site-packages/airflow/example_dags/example_python_operator.py for tasks to queue
[2023-02-02T01:23:02.562+0000] {logging_mixin.py:137} INFO - [2023-02-02T01:23:02.562+0000] {dagbag.py:538} INFO - Filling up the DagBag from /home/airflow/.local/lib/python3.7/site-packages/airflow/example_dags/example_python_operator.py
[2023-02-02T01:23:02.575+0000] {logging_mixin.py:137} INFO - [2023-02-02T01:23:02.575+0000] {taskmixin.py:205} WARNING - Dependency <Task(_PythonDecoratedOperator): print_the_context>, log_sql_query already registered for DAG: example_python_operator
[2023-02-02T01:23:02.575+0000] {logging_mixin.py:137} INFO - [2023-02-02T01:23:02.575+0000] {taskmixin.py:205} WARNING - Dependency <Task(_PythonDecoratedOperator): log_sql_query>, print_the_context already registered for DAG: example_python_operator
[2023-02-02T01:23:02.576+0000] {logging_mixin.py:137} INFO - [2023-02-02T01:23:02.576+0000] {taskmixin.py:205} WARNING - Dependency <Task(_PythonDecoratedOperator): print_the_context>, log_sql_query already registered for DAG: example_python_operator
[2023-02-02T01:23:02.576+0000] {logging_mixin.py:137} INFO - [2023-02-02T01:23:02.576+0000] {taskmixin.py:205} WARNING - Dependency <Task(_PythonDecoratedOperator): log_sql_query>, print_the_context already registered for DAG: example_python_operator
[2023-02-02T01:23:02.577+0000] {logging_mixin.py:137} INFO - [2023-02-02T01:23:02.577+0000] {taskmixin.py:205} WARNING - Dependency <Task(_PythonDecoratedOperator): print_the_context>, log_sql_query already registered for DAG: example_python_operator
[2023-02-02T01:23:02.577+0000] {logging_mixin.py:137} INFO - [2023-02-02T01:23:02.577+0000] {taskmixin.py:205} WARNING - Dependency <Task(_PythonDecoratedOperator): log_sql_query>, print_the_context already registered for DAG: example_python_operator
[2023-02-02T01:23:02.578+0000] {logging_mixin.py:137} INFO - [2023-02-02T01:23:02.578+0000] {taskmixin.py:205} WARNING - Dependency <Task(_PythonDecoratedOperator): print_the_context>, log_sql_query already registered for DAG: example_python_operator
[2023-02-02T01:23:02.578+0000] {logging_mixin.py:137} INFO - [2023-02-02T01:23:02.578+0000] {taskmixin.py:205} WARNING - Dependency <Task(_PythonDecoratedOperator): log_sql_query>, print_the_context already registered for DAG: example_python_operator
[2023-02-02T01:23:02.583+0000] {processor.py:753} INFO - DAG(s) dict_keys(['example_python_operator']) retrieved from /home/airflow/.local/lib/python3.7/site-packages/airflow/example_dags/example_python_operator.py
[2023-02-02T01:23:02.599+0000] {logging_mixin.py:137} INFO - [2023-02-02T01:23:02.599+0000] {dag.py:2690} INFO - Sync 1 DAGs
[2023-02-02T01:23:02.616+0000] {logging_mixin.py:137} INFO - [2023-02-02T01:23:02.616+0000] {dag.py:3441} INFO - Setting next_dagrun for example_python_operator to None, run_after=None
[2023-02-02T01:23:02.629+0000] {processor.py:175} INFO - Processing /home/airflow/.local/lib/python3.7/site-packages/airflow/example_dags/example_python_operator.py took 0.069 seconds
[2023-02-02T01:23:33.265+0000] {processor.py:153} INFO - Started process (PID=2019) to work on /home/airflow/.local/lib/python3.7/site-packages/airflow/example_dags/example_python_operator.py
[2023-02-02T01:23:33.266+0000] {processor.py:743} INFO - Processing file /home/airflow/.local/lib/python3.7/site-packages/airflow/example_dags/example_python_operator.py for tasks to queue
[2023-02-02T01:23:33.266+0000] {logging_mixin.py:137} INFO - [2023-02-02T01:23:33.266+0000] {dagbag.py:538} INFO - Filling up the DagBag from /home/airflow/.local/lib/python3.7/site-packages/airflow/example_dags/example_python_operator.py
[2023-02-02T01:23:33.278+0000] {logging_mixin.py:137} INFO - [2023-02-02T01:23:33.277+0000] {taskmixin.py:205} WARNING - Dependency <Task(_PythonDecoratedOperator): print_the_context>, log_sql_query already registered for DAG: example_python_operator
[2023-02-02T01:23:33.278+0000] {logging_mixin.py:137} INFO - [2023-02-02T01:23:33.278+0000] {taskmixin.py:205} WARNING - Dependency <Task(_PythonDecoratedOperator): log_sql_query>, print_the_context already registered for DAG: example_python_operator
[2023-02-02T01:23:33.278+0000] {logging_mixin.py:137} INFO - [2023-02-02T01:23:33.278+0000] {taskmixin.py:205} WARNING - Dependency <Task(_PythonDecoratedOperator): print_the_context>, log_sql_query already registered for DAG: example_python_operator
[2023-02-02T01:23:33.278+0000] {logging_mixin.py:137} INFO - [2023-02-02T01:23:33.278+0000] {taskmixin.py:205} WARNING - Dependency <Task(_PythonDecoratedOperator): log_sql_query>, print_the_context already registered for DAG: example_python_operator
[2023-02-02T01:23:33.279+0000] {logging_mixin.py:137} INFO - [2023-02-02T01:23:33.279+0000] {taskmixin.py:205} WARNING - Dependency <Task(_PythonDecoratedOperator): print_the_context>, log_sql_query already registered for DAG: example_python_operator
[2023-02-02T01:23:33.279+0000] {logging_mixin.py:137} INFO - [2023-02-02T01:23:33.279+0000] {taskmixin.py:205} WARNING - Dependency <Task(_PythonDecoratedOperator): log_sql_query>, print_the_context already registered for DAG: example_python_operator
[2023-02-02T01:23:33.280+0000] {logging_mixin.py:137} INFO - [2023-02-02T01:23:33.280+0000] {taskmixin.py:205} WARNING - Dependency <Task(_PythonDecoratedOperator): print_the_context>, log_sql_query already registered for DAG: example_python_operator
[2023-02-02T01:23:33.280+0000] {logging_mixin.py:137} INFO - [2023-02-02T01:23:33.280+0000] {taskmixin.py:205} WARNING - Dependency <Task(_PythonDecoratedOperator): log_sql_query>, print_the_context already registered for DAG: example_python_operator
[2023-02-02T01:23:33.285+0000] {processor.py:753} INFO - DAG(s) dict_keys(['example_python_operator']) retrieved from /home/airflow/.local/lib/python3.7/site-packages/airflow/example_dags/example_python_operator.py
[2023-02-02T01:23:33.303+0000] {logging_mixin.py:137} INFO - [2023-02-02T01:23:33.303+0000] {dag.py:2690} INFO - Sync 1 DAGs
[2023-02-02T01:23:33.323+0000] {logging_mixin.py:137} INFO - [2023-02-02T01:23:33.323+0000] {dag.py:3441} INFO - Setting next_dagrun for example_python_operator to None, run_after=None
[2023-02-02T01:23:33.336+0000] {processor.py:175} INFO - Processing /home/airflow/.local/lib/python3.7/site-packages/airflow/example_dags/example_python_operator.py took 0.074 seconds
[2023-02-02T01:24:04.039+0000] {processor.py:153} INFO - Started process (PID=2097) to work on /home/airflow/.local/lib/python3.7/site-packages/airflow/example_dags/example_python_operator.py
[2023-02-02T01:24:04.040+0000] {processor.py:743} INFO - Processing file /home/airflow/.local/lib/python3.7/site-packages/airflow/example_dags/example_python_operator.py for tasks to queue
[2023-02-02T01:24:04.040+0000] {logging_mixin.py:137} INFO - [2023-02-02T01:24:04.040+0000] {dagbag.py:538} INFO - Filling up the DagBag from /home/airflow/.local/lib/python3.7/site-packages/airflow/example_dags/example_python_operator.py
[2023-02-02T01:24:04.053+0000] {logging_mixin.py:137} INFO - [2023-02-02T01:24:04.053+0000] {taskmixin.py:205} WARNING - Dependency <Task(_PythonDecoratedOperator): print_the_context>, log_sql_query already registered for DAG: example_python_operator
[2023-02-02T01:24:04.053+0000] {logging_mixin.py:137} INFO - [2023-02-02T01:24:04.053+0000] {taskmixin.py:205} WARNING - Dependency <Task(_PythonDecoratedOperator): log_sql_query>, print_the_context already registered for DAG: example_python_operator
[2023-02-02T01:24:04.054+0000] {logging_mixin.py:137} INFO - [2023-02-02T01:24:04.054+0000] {taskmixin.py:205} WARNING - Dependency <Task(_PythonDecoratedOperator): print_the_context>, log_sql_query already registered for DAG: example_python_operator
[2023-02-02T01:24:04.054+0000] {logging_mixin.py:137} INFO - [2023-02-02T01:24:04.054+0000] {taskmixin.py:205} WARNING - Dependency <Task(_PythonDecoratedOperator): log_sql_query>, print_the_context already registered for DAG: example_python_operator
[2023-02-02T01:24:04.055+0000] {logging_mixin.py:137} INFO - [2023-02-02T01:24:04.055+0000] {taskmixin.py:205} WARNING - Dependency <Task(_PythonDecoratedOperator): print_the_context>, log_sql_query already registered for DAG: example_python_operator
[2023-02-02T01:24:04.055+0000] {logging_mixin.py:137} INFO - [2023-02-02T01:24:04.055+0000] {taskmixin.py:205} WARNING - Dependency <Task(_PythonDecoratedOperator): log_sql_query>, print_the_context already registered for DAG: example_python_operator
[2023-02-02T01:24:04.056+0000] {logging_mixin.py:137} INFO - [2023-02-02T01:24:04.056+0000] {taskmixin.py:205} WARNING - Dependency <Task(_PythonDecoratedOperator): print_the_context>, log_sql_query already registered for DAG: example_python_operator
[2023-02-02T01:24:04.056+0000] {logging_mixin.py:137} INFO - [2023-02-02T01:24:04.056+0000] {taskmixin.py:205} WARNING - Dependency <Task(_PythonDecoratedOperator): log_sql_query>, print_the_context already registered for DAG: example_python_operator
[2023-02-02T01:24:04.061+0000] {processor.py:753} INFO - DAG(s) dict_keys(['example_python_operator']) retrieved from /home/airflow/.local/lib/python3.7/site-packages/airflow/example_dags/example_python_operator.py
[2023-02-02T01:24:04.081+0000] {logging_mixin.py:137} INFO - [2023-02-02T01:24:04.081+0000] {dag.py:2690} INFO - Sync 1 DAGs
[2023-02-02T01:24:04.097+0000] {logging_mixin.py:137} INFO - [2023-02-02T01:24:04.097+0000] {dag.py:3441} INFO - Setting next_dagrun for example_python_operator to None, run_after=None
[2023-02-02T01:24:04.111+0000] {processor.py:175} INFO - Processing /home/airflow/.local/lib/python3.7/site-packages/airflow/example_dags/example_python_operator.py took 0.074 seconds
[2023-02-02T01:24:34.891+0000] {processor.py:153} INFO - Started process (PID=2177) to work on /home/airflow/.local/lib/python3.7/site-packages/airflow/example_dags/example_python_operator.py
[2023-02-02T01:24:34.891+0000] {processor.py:743} INFO - Processing file /home/airflow/.local/lib/python3.7/site-packages/airflow/example_dags/example_python_operator.py for tasks to queue
[2023-02-02T01:24:34.892+0000] {logging_mixin.py:137} INFO - [2023-02-02T01:24:34.892+0000] {dagbag.py:538} INFO - Filling up the DagBag from /home/airflow/.local/lib/python3.7/site-packages/airflow/example_dags/example_python_operator.py
[2023-02-02T01:24:34.903+0000] {logging_mixin.py:137} INFO - [2023-02-02T01:24:34.903+0000] {taskmixin.py:205} WARNING - Dependency <Task(_PythonDecoratedOperator): print_the_context>, log_sql_query already registered for DAG: example_python_operator
[2023-02-02T01:24:34.904+0000] {logging_mixin.py:137} INFO - [2023-02-02T01:24:34.904+0000] {taskmixin.py:205} WARNING - Dependency <Task(_PythonDecoratedOperator): log_sql_query>, print_the_context already registered for DAG: example_python_operator
[2023-02-02T01:24:34.904+0000] {logging_mixin.py:137} INFO - [2023-02-02T01:24:34.904+0000] {taskmixin.py:205} WARNING - Dependency <Task(_PythonDecoratedOperator): print_the_context>, log_sql_query already registered for DAG: example_python_operator
[2023-02-02T01:24:34.904+0000] {logging_mixin.py:137} INFO - [2023-02-02T01:24:34.904+0000] {taskmixin.py:205} WARNING - Dependency <Task(_PythonDecoratedOperator): log_sql_query>, print_the_context already registered for DAG: example_python_operator
[2023-02-02T01:24:34.905+0000] {logging_mixin.py:137} INFO - [2023-02-02T01:24:34.905+0000] {taskmixin.py:205} WARNING - Dependency <Task(_PythonDecoratedOperator): print_the_context>, log_sql_query already registered for DAG: example_python_operator
[2023-02-02T01:24:34.905+0000] {logging_mixin.py:137} INFO - [2023-02-02T01:24:34.905+0000] {taskmixin.py:205} WARNING - Dependency <Task(_PythonDecoratedOperator): log_sql_query>, print_the_context already registered for DAG: example_python_operator
[2023-02-02T01:24:34.906+0000] {logging_mixin.py:137} INFO - [2023-02-02T01:24:34.906+0000] {taskmixin.py:205} WARNING - Dependency <Task(_PythonDecoratedOperator): print_the_context>, log_sql_query already registered for DAG: example_python_operator
[2023-02-02T01:24:34.906+0000] {logging_mixin.py:137} INFO - [2023-02-02T01:24:34.906+0000] {taskmixin.py:205} WARNING - Dependency <Task(_PythonDecoratedOperator): log_sql_query>, print_the_context already registered for DAG: example_python_operator
[2023-02-02T01:24:34.911+0000] {processor.py:753} INFO - DAG(s) dict_keys(['example_python_operator']) retrieved from /home/airflow/.local/lib/python3.7/site-packages/airflow/example_dags/example_python_operator.py
[2023-02-02T01:24:34.929+0000] {logging_mixin.py:137} INFO - [2023-02-02T01:24:34.929+0000] {dag.py:2690} INFO - Sync 1 DAGs
[2023-02-02T01:24:34.947+0000] {logging_mixin.py:137} INFO - [2023-02-02T01:24:34.947+0000] {dag.py:3441} INFO - Setting next_dagrun for example_python_operator to None, run_after=None
[2023-02-02T01:24:34.962+0000] {processor.py:175} INFO - Processing /home/airflow/.local/lib/python3.7/site-packages/airflow/example_dags/example_python_operator.py took 0.074 seconds
[2023-02-02T01:25:05.600+0000] {processor.py:153} INFO - Started process (PID=2264) to work on /home/airflow/.local/lib/python3.7/site-packages/airflow/example_dags/example_python_operator.py
[2023-02-02T01:25:05.601+0000] {processor.py:743} INFO - Processing file /home/airflow/.local/lib/python3.7/site-packages/airflow/example_dags/example_python_operator.py for tasks to queue
[2023-02-02T01:25:05.601+0000] {logging_mixin.py:137} INFO - [2023-02-02T01:25:05.601+0000] {dagbag.py:538} INFO - Filling up the DagBag from /home/airflow/.local/lib/python3.7/site-packages/airflow/example_dags/example_python_operator.py
[2023-02-02T01:25:05.613+0000] {logging_mixin.py:137} INFO - [2023-02-02T01:25:05.613+0000] {taskmixin.py:205} WARNING - Dependency <Task(_PythonDecoratedOperator): print_the_context>, log_sql_query already registered for DAG: example_python_operator
[2023-02-02T01:25:05.613+0000] {logging_mixin.py:137} INFO - [2023-02-02T01:25:05.613+0000] {taskmixin.py:205} WARNING - Dependency <Task(_PythonDecoratedOperator): log_sql_query>, print_the_context already registered for DAG: example_python_operator
[2023-02-02T01:25:05.614+0000] {logging_mixin.py:137} INFO - [2023-02-02T01:25:05.614+0000] {taskmixin.py:205} WARNING - Dependency <Task(_PythonDecoratedOperator): print_the_context>, log_sql_query already registered for DAG: example_python_operator
[2023-02-02T01:25:05.614+0000] {logging_mixin.py:137} INFO - [2023-02-02T01:25:05.614+0000] {taskmixin.py:205} WARNING - Dependency <Task(_PythonDecoratedOperator): log_sql_query>, print_the_context already registered for DAG: example_python_operator
[2023-02-02T01:25:05.615+0000] {logging_mixin.py:137} INFO - [2023-02-02T01:25:05.615+0000] {taskmixin.py:205} WARNING - Dependency <Task(_PythonDecoratedOperator): print_the_context>, log_sql_query already registered for DAG: example_python_operator
[2023-02-02T01:25:05.615+0000] {logging_mixin.py:137} INFO - [2023-02-02T01:25:05.615+0000] {taskmixin.py:205} WARNING - Dependency <Task(_PythonDecoratedOperator): log_sql_query>, print_the_context already registered for DAG: example_python_operator
[2023-02-02T01:25:05.616+0000] {logging_mixin.py:137} INFO - [2023-02-02T01:25:05.616+0000] {taskmixin.py:205} WARNING - Dependency <Task(_PythonDecoratedOperator): print_the_context>, log_sql_query already registered for DAG: example_python_operator
[2023-02-02T01:25:05.616+0000] {logging_mixin.py:137} INFO - [2023-02-02T01:25:05.616+0000] {taskmixin.py:205} WARNING - Dependency <Task(_PythonDecoratedOperator): log_sql_query>, print_the_context already registered for DAG: example_python_operator
[2023-02-02T01:25:05.621+0000] {processor.py:753} INFO - DAG(s) dict_keys(['example_python_operator']) retrieved from /home/airflow/.local/lib/python3.7/site-packages/airflow/example_dags/example_python_operator.py
[2023-02-02T01:25:05.639+0000] {logging_mixin.py:137} INFO - [2023-02-02T01:25:05.639+0000] {dag.py:2690} INFO - Sync 1 DAGs
[2023-02-02T01:25:05.657+0000] {logging_mixin.py:137} INFO - [2023-02-02T01:25:05.657+0000] {dag.py:3441} INFO - Setting next_dagrun for example_python_operator to None, run_after=None
[2023-02-02T01:25:05.669+0000] {processor.py:175} INFO - Processing /home/airflow/.local/lib/python3.7/site-packages/airflow/example_dags/example_python_operator.py took 0.070 seconds
