[2023-02-02T01:11:14.763+0000] {processor.py:153} INFO - Started process (PID=48) to work on /home/airflow/.local/lib/python3.7/site-packages/airflow/example_dags/example_short_circuit_operator.py
[2023-02-02T01:11:14.764+0000] {processor.py:743} INFO - Processing file /home/airflow/.local/lib/python3.7/site-packages/airflow/example_dags/example_short_circuit_operator.py for tasks to queue
[2023-02-02T01:11:14.764+0000] {logging_mixin.py:137} INFO - [2023-02-02T01:11:14.764+0000] {dagbag.py:538} INFO - Filling up the DagBag from /home/airflow/.local/lib/python3.7/site-packages/airflow/example_dags/example_short_circuit_operator.py
[2023-02-02T01:11:14.777+0000] {processor.py:753} INFO - DAG(s) dict_keys(['example_short_circuit_operator']) retrieved from /home/airflow/.local/lib/python3.7/site-packages/airflow/example_dags/example_short_circuit_operator.py
[2023-02-02T01:11:14.785+0000] {logging_mixin.py:137} INFO - [2023-02-02T01:11:14.785+0000] {dag.py:2690} INFO - Sync 1 DAGs
[2023-02-02T01:11:14.802+0000] {logging_mixin.py:137} INFO - [2023-02-02T01:11:14.802+0000] {dag.py:3441} INFO - Setting next_dagrun for example_short_circuit_operator to 2023-02-01T01:11:14.802526+00:00, run_after=2023-02-02T01:11:14.802526+00:00
[2023-02-02T01:11:14.815+0000] {processor.py:175} INFO - Processing /home/airflow/.local/lib/python3.7/site-packages/airflow/example_dags/example_short_circuit_operator.py took 0.055 seconds
[2023-02-02T01:11:45.617+0000] {processor.py:153} INFO - Started process (PID=135) to work on /home/airflow/.local/lib/python3.7/site-packages/airflow/example_dags/example_short_circuit_operator.py
[2023-02-02T01:11:45.618+0000] {processor.py:743} INFO - Processing file /home/airflow/.local/lib/python3.7/site-packages/airflow/example_dags/example_short_circuit_operator.py for tasks to queue
[2023-02-02T01:11:45.618+0000] {logging_mixin.py:137} INFO - [2023-02-02T01:11:45.618+0000] {dagbag.py:538} INFO - Filling up the DagBag from /home/airflow/.local/lib/python3.7/site-packages/airflow/example_dags/example_short_circuit_operator.py
[2023-02-02T01:11:45.629+0000] {processor.py:753} INFO - DAG(s) dict_keys(['example_short_circuit_operator']) retrieved from /home/airflow/.local/lib/python3.7/site-packages/airflow/example_dags/example_short_circuit_operator.py
[2023-02-02T01:11:45.645+0000] {logging_mixin.py:137} INFO - [2023-02-02T01:11:45.645+0000] {dag.py:2690} INFO - Sync 1 DAGs
[2023-02-02T01:11:45.661+0000] {logging_mixin.py:137} INFO - [2023-02-02T01:11:45.661+0000] {dag.py:3441} INFO - Setting next_dagrun for example_short_circuit_operator to 2023-02-01T01:11:45.660948+00:00, run_after=2023-02-02T01:11:45.660948+00:00
[2023-02-02T01:11:45.673+0000] {processor.py:175} INFO - Processing /home/airflow/.local/lib/python3.7/site-packages/airflow/example_dags/example_short_circuit_operator.py took 0.058 seconds
[2023-02-02T01:12:16.558+0000] {processor.py:153} INFO - Started process (PID=222) to work on /home/airflow/.local/lib/python3.7/site-packages/airflow/example_dags/example_short_circuit_operator.py
[2023-02-02T01:12:16.559+0000] {processor.py:743} INFO - Processing file /home/airflow/.local/lib/python3.7/site-packages/airflow/example_dags/example_short_circuit_operator.py for tasks to queue
[2023-02-02T01:12:16.560+0000] {logging_mixin.py:137} INFO - [2023-02-02T01:12:16.559+0000] {dagbag.py:538} INFO - Filling up the DagBag from /home/airflow/.local/lib/python3.7/site-packages/airflow/example_dags/example_short_circuit_operator.py
[2023-02-02T01:12:16.573+0000] {processor.py:753} INFO - DAG(s) dict_keys(['example_short_circuit_operator']) retrieved from /home/airflow/.local/lib/python3.7/site-packages/airflow/example_dags/example_short_circuit_operator.py
[2023-02-02T01:12:16.594+0000] {logging_mixin.py:137} INFO - [2023-02-02T01:12:16.594+0000] {dag.py:2690} INFO - Sync 1 DAGs
[2023-02-02T01:12:16.616+0000] {logging_mixin.py:137} INFO - [2023-02-02T01:12:16.616+0000] {dag.py:3441} INFO - Setting next_dagrun for example_short_circuit_operator to 2023-02-01T01:12:16.616144+00:00, run_after=2023-02-02T01:12:16.616144+00:00
[2023-02-02T01:12:16.630+0000] {processor.py:175} INFO - Processing /home/airflow/.local/lib/python3.7/site-packages/airflow/example_dags/example_short_circuit_operator.py took 0.075 seconds
[2023-02-02T01:12:47.339+0000] {processor.py:153} INFO - Started process (PID=293) to work on /home/airflow/.local/lib/python3.7/site-packages/airflow/example_dags/example_short_circuit_operator.py
[2023-02-02T01:12:47.339+0000] {processor.py:743} INFO - Processing file /home/airflow/.local/lib/python3.7/site-packages/airflow/example_dags/example_short_circuit_operator.py for tasks to queue
[2023-02-02T01:12:47.340+0000] {logging_mixin.py:137} INFO - [2023-02-02T01:12:47.340+0000] {dagbag.py:538} INFO - Filling up the DagBag from /home/airflow/.local/lib/python3.7/site-packages/airflow/example_dags/example_short_circuit_operator.py
[2023-02-02T01:12:47.353+0000] {processor.py:753} INFO - DAG(s) dict_keys(['example_short_circuit_operator']) retrieved from /home/airflow/.local/lib/python3.7/site-packages/airflow/example_dags/example_short_circuit_operator.py
[2023-02-02T01:12:47.370+0000] {logging_mixin.py:137} INFO - [2023-02-02T01:12:47.370+0000] {dag.py:2690} INFO - Sync 1 DAGs
[2023-02-02T01:12:47.385+0000] {logging_mixin.py:137} INFO - [2023-02-02T01:12:47.385+0000] {dag.py:3441} INFO - Setting next_dagrun for example_short_circuit_operator to 2023-02-01T01:12:47.385572+00:00, run_after=2023-02-02T01:12:47.385572+00:00
[2023-02-02T01:12:47.398+0000] {processor.py:175} INFO - Processing /home/airflow/.local/lib/python3.7/site-packages/airflow/example_dags/example_short_circuit_operator.py took 0.062 seconds
[2023-02-02T01:13:18.107+0000] {processor.py:153} INFO - Started process (PID=380) to work on /home/airflow/.local/lib/python3.7/site-packages/airflow/example_dags/example_short_circuit_operator.py
[2023-02-02T01:13:18.107+0000] {processor.py:743} INFO - Processing file /home/airflow/.local/lib/python3.7/site-packages/airflow/example_dags/example_short_circuit_operator.py for tasks to queue
[2023-02-02T01:13:18.108+0000] {logging_mixin.py:137} INFO - [2023-02-02T01:13:18.108+0000] {dagbag.py:538} INFO - Filling up the DagBag from /home/airflow/.local/lib/python3.7/site-packages/airflow/example_dags/example_short_circuit_operator.py
[2023-02-02T01:13:18.119+0000] {processor.py:753} INFO - DAG(s) dict_keys(['example_short_circuit_operator']) retrieved from /home/airflow/.local/lib/python3.7/site-packages/airflow/example_dags/example_short_circuit_operator.py
[2023-02-02T01:13:18.136+0000] {logging_mixin.py:137} INFO - [2023-02-02T01:13:18.136+0000] {dag.py:2690} INFO - Sync 1 DAGs
[2023-02-02T01:13:18.154+0000] {logging_mixin.py:137} INFO - [2023-02-02T01:13:18.154+0000] {dag.py:3441} INFO - Setting next_dagrun for example_short_circuit_operator to 2023-02-01T01:13:18.154552+00:00, run_after=2023-02-02T01:13:18.154552+00:00
[2023-02-02T01:13:18.166+0000] {processor.py:175} INFO - Processing /home/airflow/.local/lib/python3.7/site-packages/airflow/example_dags/example_short_circuit_operator.py took 0.062 seconds
[2023-02-02T01:13:48.844+0000] {processor.py:153} INFO - Started process (PID=467) to work on /home/airflow/.local/lib/python3.7/site-packages/airflow/example_dags/example_short_circuit_operator.py
[2023-02-02T01:13:48.844+0000] {processor.py:743} INFO - Processing file /home/airflow/.local/lib/python3.7/site-packages/airflow/example_dags/example_short_circuit_operator.py for tasks to queue
[2023-02-02T01:13:48.845+0000] {logging_mixin.py:137} INFO - [2023-02-02T01:13:48.845+0000] {dagbag.py:538} INFO - Filling up the DagBag from /home/airflow/.local/lib/python3.7/site-packages/airflow/example_dags/example_short_circuit_operator.py
[2023-02-02T01:13:48.857+0000] {processor.py:753} INFO - DAG(s) dict_keys(['example_short_circuit_operator']) retrieved from /home/airflow/.local/lib/python3.7/site-packages/airflow/example_dags/example_short_circuit_operator.py
[2023-02-02T01:13:48.874+0000] {logging_mixin.py:137} INFO - [2023-02-02T01:13:48.874+0000] {dag.py:2690} INFO - Sync 1 DAGs
[2023-02-02T01:13:48.890+0000] {logging_mixin.py:137} INFO - [2023-02-02T01:13:48.890+0000] {dag.py:3441} INFO - Setting next_dagrun for example_short_circuit_operator to 2023-02-01T01:13:48.889921+00:00, run_after=2023-02-02T01:13:48.889921+00:00
[2023-02-02T01:13:48.903+0000] {processor.py:175} INFO - Processing /home/airflow/.local/lib/python3.7/site-packages/airflow/example_dags/example_short_circuit_operator.py took 0.063 seconds
[2023-02-02T01:14:19.579+0000] {processor.py:153} INFO - Started process (PID=538) to work on /home/airflow/.local/lib/python3.7/site-packages/airflow/example_dags/example_short_circuit_operator.py
[2023-02-02T01:14:19.579+0000] {processor.py:743} INFO - Processing file /home/airflow/.local/lib/python3.7/site-packages/airflow/example_dags/example_short_circuit_operator.py for tasks to queue
[2023-02-02T01:14:19.580+0000] {logging_mixin.py:137} INFO - [2023-02-02T01:14:19.580+0000] {dagbag.py:538} INFO - Filling up the DagBag from /home/airflow/.local/lib/python3.7/site-packages/airflow/example_dags/example_short_circuit_operator.py
[2023-02-02T01:14:19.593+0000] {processor.py:753} INFO - DAG(s) dict_keys(['example_short_circuit_operator']) retrieved from /home/airflow/.local/lib/python3.7/site-packages/airflow/example_dags/example_short_circuit_operator.py
[2023-02-02T01:14:19.610+0000] {logging_mixin.py:137} INFO - [2023-02-02T01:14:19.610+0000] {dag.py:2690} INFO - Sync 1 DAGs
[2023-02-02T01:14:19.633+0000] {logging_mixin.py:137} INFO - [2023-02-02T01:14:19.633+0000] {dag.py:3441} INFO - Setting next_dagrun for example_short_circuit_operator to 2023-02-01T01:14:19.632897+00:00, run_after=2023-02-02T01:14:19.632897+00:00
[2023-02-02T01:14:19.644+0000] {processor.py:175} INFO - Processing /home/airflow/.local/lib/python3.7/site-packages/airflow/example_dags/example_short_circuit_operator.py took 0.067 seconds
[2023-02-02T01:14:50.262+0000] {processor.py:153} INFO - Started process (PID=625) to work on /home/airflow/.local/lib/python3.7/site-packages/airflow/example_dags/example_short_circuit_operator.py
[2023-02-02T01:14:50.263+0000] {processor.py:743} INFO - Processing file /home/airflow/.local/lib/python3.7/site-packages/airflow/example_dags/example_short_circuit_operator.py for tasks to queue
[2023-02-02T01:14:50.264+0000] {logging_mixin.py:137} INFO - [2023-02-02T01:14:50.264+0000] {dagbag.py:538} INFO - Filling up the DagBag from /home/airflow/.local/lib/python3.7/site-packages/airflow/example_dags/example_short_circuit_operator.py
[2023-02-02T01:14:50.277+0000] {processor.py:753} INFO - DAG(s) dict_keys(['example_short_circuit_operator']) retrieved from /home/airflow/.local/lib/python3.7/site-packages/airflow/example_dags/example_short_circuit_operator.py
[2023-02-02T01:14:50.294+0000] {logging_mixin.py:137} INFO - [2023-02-02T01:14:50.294+0000] {dag.py:2690} INFO - Sync 1 DAGs
[2023-02-02T01:14:50.310+0000] {logging_mixin.py:137} INFO - [2023-02-02T01:14:50.310+0000] {dag.py:3441} INFO - Setting next_dagrun for example_short_circuit_operator to 2023-02-01T01:14:50.310637+00:00, run_after=2023-02-02T01:14:50.310637+00:00
[2023-02-02T01:14:50.323+0000] {processor.py:175} INFO - Processing /home/airflow/.local/lib/python3.7/site-packages/airflow/example_dags/example_short_circuit_operator.py took 0.063 seconds
[2023-02-02T01:15:21.081+0000] {processor.py:153} INFO - Started process (PID=712) to work on /home/airflow/.local/lib/python3.7/site-packages/airflow/example_dags/example_short_circuit_operator.py
[2023-02-02T01:15:21.082+0000] {processor.py:743} INFO - Processing file /home/airflow/.local/lib/python3.7/site-packages/airflow/example_dags/example_short_circuit_operator.py for tasks to queue
[2023-02-02T01:15:21.082+0000] {logging_mixin.py:137} INFO - [2023-02-02T01:15:21.082+0000] {dagbag.py:538} INFO - Filling up the DagBag from /home/airflow/.local/lib/python3.7/site-packages/airflow/example_dags/example_short_circuit_operator.py
[2023-02-02T01:15:21.100+0000] {processor.py:753} INFO - DAG(s) dict_keys(['example_short_circuit_operator']) retrieved from /home/airflow/.local/lib/python3.7/site-packages/airflow/example_dags/example_short_circuit_operator.py
[2023-02-02T01:15:21.121+0000] {logging_mixin.py:137} INFO - [2023-02-02T01:15:21.120+0000] {dag.py:2690} INFO - Sync 1 DAGs
[2023-02-02T01:15:21.138+0000] {logging_mixin.py:137} INFO - [2023-02-02T01:15:21.138+0000] {dag.py:3441} INFO - Setting next_dagrun for example_short_circuit_operator to 2023-02-01T01:15:21.138086+00:00, run_after=2023-02-02T01:15:21.138086+00:00
[2023-02-02T01:15:21.150+0000] {processor.py:175} INFO - Processing /home/airflow/.local/lib/python3.7/site-packages/airflow/example_dags/example_short_circuit_operator.py took 0.071 seconds
[2023-02-02T01:15:51.760+0000] {processor.py:153} INFO - Started process (PID=783) to work on /home/airflow/.local/lib/python3.7/site-packages/airflow/example_dags/example_short_circuit_operator.py
[2023-02-02T01:15:51.760+0000] {processor.py:743} INFO - Processing file /home/airflow/.local/lib/python3.7/site-packages/airflow/example_dags/example_short_circuit_operator.py for tasks to queue
[2023-02-02T01:15:51.761+0000] {logging_mixin.py:137} INFO - [2023-02-02T01:15:51.761+0000] {dagbag.py:538} INFO - Filling up the DagBag from /home/airflow/.local/lib/python3.7/site-packages/airflow/example_dags/example_short_circuit_operator.py
[2023-02-02T01:15:51.773+0000] {processor.py:753} INFO - DAG(s) dict_keys(['example_short_circuit_operator']) retrieved from /home/airflow/.local/lib/python3.7/site-packages/airflow/example_dags/example_short_circuit_operator.py
[2023-02-02T01:15:51.790+0000] {logging_mixin.py:137} INFO - [2023-02-02T01:15:51.790+0000] {dag.py:2690} INFO - Sync 1 DAGs
[2023-02-02T01:15:51.808+0000] {logging_mixin.py:137} INFO - [2023-02-02T01:15:51.808+0000] {dag.py:3441} INFO - Setting next_dagrun for example_short_circuit_operator to 2023-02-01T01:15:51.807916+00:00, run_after=2023-02-02T01:15:51.807916+00:00
[2023-02-02T01:15:51.821+0000] {processor.py:175} INFO - Processing /home/airflow/.local/lib/python3.7/site-packages/airflow/example_dags/example_short_circuit_operator.py took 0.064 seconds
[2023-02-02T01:16:22.620+0000] {processor.py:153} INFO - Started process (PID=870) to work on /home/airflow/.local/lib/python3.7/site-packages/airflow/example_dags/example_short_circuit_operator.py
[2023-02-02T01:16:22.620+0000] {processor.py:743} INFO - Processing file /home/airflow/.local/lib/python3.7/site-packages/airflow/example_dags/example_short_circuit_operator.py for tasks to queue
[2023-02-02T01:16:22.621+0000] {logging_mixin.py:137} INFO - [2023-02-02T01:16:22.621+0000] {dagbag.py:538} INFO - Filling up the DagBag from /home/airflow/.local/lib/python3.7/site-packages/airflow/example_dags/example_short_circuit_operator.py
[2023-02-02T01:16:22.630+0000] {processor.py:753} INFO - DAG(s) dict_keys(['example_short_circuit_operator']) retrieved from /home/airflow/.local/lib/python3.7/site-packages/airflow/example_dags/example_short_circuit_operator.py
[2023-02-02T01:16:22.647+0000] {logging_mixin.py:137} INFO - [2023-02-02T01:16:22.647+0000] {dag.py:2690} INFO - Sync 1 DAGs
[2023-02-02T01:16:22.668+0000] {logging_mixin.py:137} INFO - [2023-02-02T01:16:22.668+0000] {dag.py:3441} INFO - Setting next_dagrun for example_short_circuit_operator to 2023-02-01T01:16:22.668261+00:00, run_after=2023-02-02T01:16:22.668261+00:00
[2023-02-02T01:16:22.683+0000] {processor.py:175} INFO - Processing /home/airflow/.local/lib/python3.7/site-packages/airflow/example_dags/example_short_circuit_operator.py took 0.065 seconds
[2023-02-02T01:16:53.546+0000] {processor.py:153} INFO - Started process (PID=957) to work on /home/airflow/.local/lib/python3.7/site-packages/airflow/example_dags/example_short_circuit_operator.py
[2023-02-02T01:16:53.547+0000] {processor.py:743} INFO - Processing file /home/airflow/.local/lib/python3.7/site-packages/airflow/example_dags/example_short_circuit_operator.py for tasks to queue
[2023-02-02T01:16:53.547+0000] {logging_mixin.py:137} INFO - [2023-02-02T01:16:53.547+0000] {dagbag.py:538} INFO - Filling up the DagBag from /home/airflow/.local/lib/python3.7/site-packages/airflow/example_dags/example_short_circuit_operator.py
[2023-02-02T01:16:53.563+0000] {processor.py:753} INFO - DAG(s) dict_keys(['example_short_circuit_operator']) retrieved from /home/airflow/.local/lib/python3.7/site-packages/airflow/example_dags/example_short_circuit_operator.py
[2023-02-02T01:16:53.579+0000] {logging_mixin.py:137} INFO - [2023-02-02T01:16:53.579+0000] {dag.py:2690} INFO - Sync 1 DAGs
[2023-02-02T01:16:53.595+0000] {logging_mixin.py:137} INFO - [2023-02-02T01:16:53.595+0000] {dag.py:3441} INFO - Setting next_dagrun for example_short_circuit_operator to 2023-02-01T01:16:53.595316+00:00, run_after=2023-02-02T01:16:53.595316+00:00
[2023-02-02T01:16:53.607+0000] {processor.py:175} INFO - Processing /home/airflow/.local/lib/python3.7/site-packages/airflow/example_dags/example_short_circuit_operator.py took 0.063 seconds
[2023-02-02T01:17:24.256+0000] {processor.py:153} INFO - Started process (PID=1035) to work on /home/airflow/.local/lib/python3.7/site-packages/airflow/example_dags/example_short_circuit_operator.py
[2023-02-02T01:17:24.257+0000] {processor.py:743} INFO - Processing file /home/airflow/.local/lib/python3.7/site-packages/airflow/example_dags/example_short_circuit_operator.py for tasks to queue
[2023-02-02T01:17:24.257+0000] {logging_mixin.py:137} INFO - [2023-02-02T01:17:24.257+0000] {dagbag.py:538} INFO - Filling up the DagBag from /home/airflow/.local/lib/python3.7/site-packages/airflow/example_dags/example_short_circuit_operator.py
[2023-02-02T01:17:24.270+0000] {processor.py:753} INFO - DAG(s) dict_keys(['example_short_circuit_operator']) retrieved from /home/airflow/.local/lib/python3.7/site-packages/airflow/example_dags/example_short_circuit_operator.py
[2023-02-02T01:17:24.289+0000] {logging_mixin.py:137} INFO - [2023-02-02T01:17:24.289+0000] {dag.py:2690} INFO - Sync 1 DAGs
[2023-02-02T01:17:24.310+0000] {logging_mixin.py:137} INFO - [2023-02-02T01:17:24.310+0000] {dag.py:3441} INFO - Setting next_dagrun for example_short_circuit_operator to 2023-02-01T01:17:24.310672+00:00, run_after=2023-02-02T01:17:24.310672+00:00
[2023-02-02T01:17:24.325+0000] {processor.py:175} INFO - Processing /home/airflow/.local/lib/python3.7/site-packages/airflow/example_dags/example_short_circuit_operator.py took 0.072 seconds
[2023-02-02T01:17:55.203+0000] {processor.py:153} INFO - Started process (PID=1115) to work on /home/airflow/.local/lib/python3.7/site-packages/airflow/example_dags/example_short_circuit_operator.py
[2023-02-02T01:17:55.204+0000] {processor.py:743} INFO - Processing file /home/airflow/.local/lib/python3.7/site-packages/airflow/example_dags/example_short_circuit_operator.py for tasks to queue
[2023-02-02T01:17:55.205+0000] {logging_mixin.py:137} INFO - [2023-02-02T01:17:55.205+0000] {dagbag.py:538} INFO - Filling up the DagBag from /home/airflow/.local/lib/python3.7/site-packages/airflow/example_dags/example_short_circuit_operator.py
[2023-02-02T01:17:55.220+0000] {processor.py:753} INFO - DAG(s) dict_keys(['example_short_circuit_operator']) retrieved from /home/airflow/.local/lib/python3.7/site-packages/airflow/example_dags/example_short_circuit_operator.py
[2023-02-02T01:17:55.238+0000] {logging_mixin.py:137} INFO - [2023-02-02T01:17:55.238+0000] {dag.py:2690} INFO - Sync 1 DAGs
[2023-02-02T01:17:55.254+0000] {logging_mixin.py:137} INFO - [2023-02-02T01:17:55.254+0000] {dag.py:3441} INFO - Setting next_dagrun for example_short_circuit_operator to 2023-02-01T01:17:55.254412+00:00, run_after=2023-02-02T01:17:55.254412+00:00
[2023-02-02T01:17:55.266+0000] {processor.py:175} INFO - Processing /home/airflow/.local/lib/python3.7/site-packages/airflow/example_dags/example_short_circuit_operator.py took 0.066 seconds
[2023-02-02T01:18:25.915+0000] {processor.py:153} INFO - Started process (PID=1202) to work on /home/airflow/.local/lib/python3.7/site-packages/airflow/example_dags/example_short_circuit_operator.py
[2023-02-02T01:18:25.915+0000] {processor.py:743} INFO - Processing file /home/airflow/.local/lib/python3.7/site-packages/airflow/example_dags/example_short_circuit_operator.py for tasks to queue
[2023-02-02T01:18:25.916+0000] {logging_mixin.py:137} INFO - [2023-02-02T01:18:25.916+0000] {dagbag.py:538} INFO - Filling up the DagBag from /home/airflow/.local/lib/python3.7/site-packages/airflow/example_dags/example_short_circuit_operator.py
[2023-02-02T01:18:25.930+0000] {processor.py:753} INFO - DAG(s) dict_keys(['example_short_circuit_operator']) retrieved from /home/airflow/.local/lib/python3.7/site-packages/airflow/example_dags/example_short_circuit_operator.py
[2023-02-02T01:18:25.949+0000] {logging_mixin.py:137} INFO - [2023-02-02T01:18:25.948+0000] {dag.py:2690} INFO - Sync 1 DAGs
[2023-02-02T01:18:25.965+0000] {logging_mixin.py:137} INFO - [2023-02-02T01:18:25.965+0000] {dag.py:3441} INFO - Setting next_dagrun for example_short_circuit_operator to 2023-02-01T01:18:25.965069+00:00, run_after=2023-02-02T01:18:25.965069+00:00
[2023-02-02T01:18:25.977+0000] {processor.py:175} INFO - Processing /home/airflow/.local/lib/python3.7/site-packages/airflow/example_dags/example_short_circuit_operator.py took 0.064 seconds
[2023-02-02T01:18:56.767+0000] {processor.py:153} INFO - Started process (PID=1289) to work on /home/airflow/.local/lib/python3.7/site-packages/airflow/example_dags/example_short_circuit_operator.py
[2023-02-02T01:18:56.767+0000] {processor.py:743} INFO - Processing file /home/airflow/.local/lib/python3.7/site-packages/airflow/example_dags/example_short_circuit_operator.py for tasks to queue
[2023-02-02T01:18:56.768+0000] {logging_mixin.py:137} INFO - [2023-02-02T01:18:56.768+0000] {dagbag.py:538} INFO - Filling up the DagBag from /home/airflow/.local/lib/python3.7/site-packages/airflow/example_dags/example_short_circuit_operator.py
[2023-02-02T01:18:56.780+0000] {processor.py:753} INFO - DAG(s) dict_keys(['example_short_circuit_operator']) retrieved from /home/airflow/.local/lib/python3.7/site-packages/airflow/example_dags/example_short_circuit_operator.py
[2023-02-02T01:18:56.804+0000] {logging_mixin.py:137} INFO - [2023-02-02T01:18:56.804+0000] {dag.py:2690} INFO - Sync 1 DAGs
[2023-02-02T01:18:56.829+0000] {logging_mixin.py:137} INFO - [2023-02-02T01:18:56.829+0000] {dag.py:3441} INFO - Setting next_dagrun for example_short_circuit_operator to 2023-02-01T01:18:56.829259+00:00, run_after=2023-02-02T01:18:56.829259+00:00
[2023-02-02T01:18:56.843+0000] {processor.py:175} INFO - Processing /home/airflow/.local/lib/python3.7/site-packages/airflow/example_dags/example_short_circuit_operator.py took 0.080 seconds
[2023-02-02T01:19:27.568+0000] {processor.py:153} INFO - Started process (PID=1360) to work on /home/airflow/.local/lib/python3.7/site-packages/airflow/example_dags/example_short_circuit_operator.py
[2023-02-02T01:19:27.568+0000] {processor.py:743} INFO - Processing file /home/airflow/.local/lib/python3.7/site-packages/airflow/example_dags/example_short_circuit_operator.py for tasks to queue
[2023-02-02T01:19:27.569+0000] {logging_mixin.py:137} INFO - [2023-02-02T01:19:27.569+0000] {dagbag.py:538} INFO - Filling up the DagBag from /home/airflow/.local/lib/python3.7/site-packages/airflow/example_dags/example_short_circuit_operator.py
[2023-02-02T01:19:27.579+0000] {processor.py:753} INFO - DAG(s) dict_keys(['example_short_circuit_operator']) retrieved from /home/airflow/.local/lib/python3.7/site-packages/airflow/example_dags/example_short_circuit_operator.py
[2023-02-02T01:19:27.595+0000] {logging_mixin.py:137} INFO - [2023-02-02T01:19:27.595+0000] {dag.py:2690} INFO - Sync 1 DAGs
[2023-02-02T01:19:27.612+0000] {logging_mixin.py:137} INFO - [2023-02-02T01:19:27.612+0000] {dag.py:3441} INFO - Setting next_dagrun for example_short_circuit_operator to 2023-02-01T01:19:27.612528+00:00, run_after=2023-02-02T01:19:27.612528+00:00
[2023-02-02T01:19:27.626+0000] {processor.py:175} INFO - Processing /home/airflow/.local/lib/python3.7/site-packages/airflow/example_dags/example_short_circuit_operator.py took 0.060 seconds
[2023-02-02T01:19:58.277+0000] {processor.py:153} INFO - Started process (PID=1447) to work on /home/airflow/.local/lib/python3.7/site-packages/airflow/example_dags/example_short_circuit_operator.py
[2023-02-02T01:19:58.277+0000] {processor.py:743} INFO - Processing file /home/airflow/.local/lib/python3.7/site-packages/airflow/example_dags/example_short_circuit_operator.py for tasks to queue
[2023-02-02T01:19:58.278+0000] {logging_mixin.py:137} INFO - [2023-02-02T01:19:58.278+0000] {dagbag.py:538} INFO - Filling up the DagBag from /home/airflow/.local/lib/python3.7/site-packages/airflow/example_dags/example_short_circuit_operator.py
[2023-02-02T01:19:58.292+0000] {processor.py:753} INFO - DAG(s) dict_keys(['example_short_circuit_operator']) retrieved from /home/airflow/.local/lib/python3.7/site-packages/airflow/example_dags/example_short_circuit_operator.py
[2023-02-02T01:19:58.313+0000] {logging_mixin.py:137} INFO - [2023-02-02T01:19:58.313+0000] {dag.py:2690} INFO - Sync 1 DAGs
[2023-02-02T01:19:58.333+0000] {logging_mixin.py:137} INFO - [2023-02-02T01:19:58.333+0000] {dag.py:3441} INFO - Setting next_dagrun for example_short_circuit_operator to 2023-02-01T01:19:58.333710+00:00, run_after=2023-02-02T01:19:58.333710+00:00
[2023-02-02T01:19:58.348+0000] {processor.py:175} INFO - Processing /home/airflow/.local/lib/python3.7/site-packages/airflow/example_dags/example_short_circuit_operator.py took 0.073 seconds
[2023-02-02T01:20:28.979+0000] {processor.py:153} INFO - Started process (PID=1534) to work on /home/airflow/.local/lib/python3.7/site-packages/airflow/example_dags/example_short_circuit_operator.py
[2023-02-02T01:20:28.980+0000] {processor.py:743} INFO - Processing file /home/airflow/.local/lib/python3.7/site-packages/airflow/example_dags/example_short_circuit_operator.py for tasks to queue
[2023-02-02T01:20:28.980+0000] {logging_mixin.py:137} INFO - [2023-02-02T01:20:28.980+0000] {dagbag.py:538} INFO - Filling up the DagBag from /home/airflow/.local/lib/python3.7/site-packages/airflow/example_dags/example_short_circuit_operator.py
[2023-02-02T01:20:28.992+0000] {processor.py:753} INFO - DAG(s) dict_keys(['example_short_circuit_operator']) retrieved from /home/airflow/.local/lib/python3.7/site-packages/airflow/example_dags/example_short_circuit_operator.py
[2023-02-02T01:20:29.009+0000] {logging_mixin.py:137} INFO - [2023-02-02T01:20:29.009+0000] {dag.py:2690} INFO - Sync 1 DAGs
[2023-02-02T01:20:29.026+0000] {logging_mixin.py:137} INFO - [2023-02-02T01:20:29.026+0000] {dag.py:3441} INFO - Setting next_dagrun for example_short_circuit_operator to 2023-02-01T01:20:29.026545+00:00, run_after=2023-02-02T01:20:29.026545+00:00
[2023-02-02T01:20:29.038+0000] {processor.py:175} INFO - Processing /home/airflow/.local/lib/python3.7/site-packages/airflow/example_dags/example_short_circuit_operator.py took 0.061 seconds
[2023-02-02T01:20:59.859+0000] {processor.py:153} INFO - Started process (PID=1605) to work on /home/airflow/.local/lib/python3.7/site-packages/airflow/example_dags/example_short_circuit_operator.py
[2023-02-02T01:20:59.860+0000] {processor.py:743} INFO - Processing file /home/airflow/.local/lib/python3.7/site-packages/airflow/example_dags/example_short_circuit_operator.py for tasks to queue
[2023-02-02T01:20:59.860+0000] {logging_mixin.py:137} INFO - [2023-02-02T01:20:59.860+0000] {dagbag.py:538} INFO - Filling up the DagBag from /home/airflow/.local/lib/python3.7/site-packages/airflow/example_dags/example_short_circuit_operator.py
[2023-02-02T01:20:59.874+0000] {processor.py:753} INFO - DAG(s) dict_keys(['example_short_circuit_operator']) retrieved from /home/airflow/.local/lib/python3.7/site-packages/airflow/example_dags/example_short_circuit_operator.py
[2023-02-02T01:20:59.891+0000] {logging_mixin.py:137} INFO - [2023-02-02T01:20:59.891+0000] {dag.py:2690} INFO - Sync 1 DAGs
[2023-02-02T01:20:59.907+0000] {logging_mixin.py:137} INFO - [2023-02-02T01:20:59.907+0000] {dag.py:3441} INFO - Setting next_dagrun for example_short_circuit_operator to 2023-02-01T01:20:59.907761+00:00, run_after=2023-02-02T01:20:59.907761+00:00
[2023-02-02T01:20:59.920+0000] {processor.py:175} INFO - Processing /home/airflow/.local/lib/python3.7/site-packages/airflow/example_dags/example_short_circuit_operator.py took 0.063 seconds
[2023-02-02T01:21:30.468+0000] {processor.py:153} INFO - Started process (PID=1692) to work on /home/airflow/.local/lib/python3.7/site-packages/airflow/example_dags/example_short_circuit_operator.py
[2023-02-02T01:21:30.469+0000] {processor.py:743} INFO - Processing file /home/airflow/.local/lib/python3.7/site-packages/airflow/example_dags/example_short_circuit_operator.py for tasks to queue
[2023-02-02T01:21:30.469+0000] {logging_mixin.py:137} INFO - [2023-02-02T01:21:30.469+0000] {dagbag.py:538} INFO - Filling up the DagBag from /home/airflow/.local/lib/python3.7/site-packages/airflow/example_dags/example_short_circuit_operator.py
[2023-02-02T01:21:30.485+0000] {processor.py:753} INFO - DAG(s) dict_keys(['example_short_circuit_operator']) retrieved from /home/airflow/.local/lib/python3.7/site-packages/airflow/example_dags/example_short_circuit_operator.py
[2023-02-02T01:21:30.501+0000] {logging_mixin.py:137} INFO - [2023-02-02T01:21:30.501+0000] {dag.py:2690} INFO - Sync 1 DAGs
[2023-02-02T01:21:30.518+0000] {logging_mixin.py:137} INFO - [2023-02-02T01:21:30.518+0000] {dag.py:3441} INFO - Setting next_dagrun for example_short_circuit_operator to 2023-02-01T01:21:30.517942+00:00, run_after=2023-02-02T01:21:30.517942+00:00
[2023-02-02T01:21:30.532+0000] {processor.py:175} INFO - Processing /home/airflow/.local/lib/python3.7/site-packages/airflow/example_dags/example_short_circuit_operator.py took 0.067 seconds
[2023-02-02T01:22:01.177+0000] {processor.py:153} INFO - Started process (PID=1779) to work on /home/airflow/.local/lib/python3.7/site-packages/airflow/example_dags/example_short_circuit_operator.py
[2023-02-02T01:22:01.177+0000] {processor.py:743} INFO - Processing file /home/airflow/.local/lib/python3.7/site-packages/airflow/example_dags/example_short_circuit_operator.py for tasks to queue
[2023-02-02T01:22:01.178+0000] {logging_mixin.py:137} INFO - [2023-02-02T01:22:01.178+0000] {dagbag.py:538} INFO - Filling up the DagBag from /home/airflow/.local/lib/python3.7/site-packages/airflow/example_dags/example_short_circuit_operator.py
[2023-02-02T01:22:01.190+0000] {processor.py:753} INFO - DAG(s) dict_keys(['example_short_circuit_operator']) retrieved from /home/airflow/.local/lib/python3.7/site-packages/airflow/example_dags/example_short_circuit_operator.py
[2023-02-02T01:22:01.208+0000] {logging_mixin.py:137} INFO - [2023-02-02T01:22:01.208+0000] {dag.py:2690} INFO - Sync 1 DAGs
[2023-02-02T01:22:01.224+0000] {logging_mixin.py:137} INFO - [2023-02-02T01:22:01.224+0000] {dag.py:3441} INFO - Setting next_dagrun for example_short_circuit_operator to 2023-02-01T01:22:01.223946+00:00, run_after=2023-02-02T01:22:01.223946+00:00
[2023-02-02T01:22:01.235+0000] {processor.py:175} INFO - Processing /home/airflow/.local/lib/python3.7/site-packages/airflow/example_dags/example_short_circuit_operator.py took 0.060 seconds
[2023-02-02T01:22:31.862+0000] {processor.py:153} INFO - Started process (PID=1850) to work on /home/airflow/.local/lib/python3.7/site-packages/airflow/example_dags/example_short_circuit_operator.py
[2023-02-02T01:22:31.863+0000] {processor.py:743} INFO - Processing file /home/airflow/.local/lib/python3.7/site-packages/airflow/example_dags/example_short_circuit_operator.py for tasks to queue
[2023-02-02T01:22:31.863+0000] {logging_mixin.py:137} INFO - [2023-02-02T01:22:31.863+0000] {dagbag.py:538} INFO - Filling up the DagBag from /home/airflow/.local/lib/python3.7/site-packages/airflow/example_dags/example_short_circuit_operator.py
[2023-02-02T01:22:31.876+0000] {processor.py:753} INFO - DAG(s) dict_keys(['example_short_circuit_operator']) retrieved from /home/airflow/.local/lib/python3.7/site-packages/airflow/example_dags/example_short_circuit_operator.py
[2023-02-02T01:22:31.894+0000] {logging_mixin.py:137} INFO - [2023-02-02T01:22:31.894+0000] {dag.py:2690} INFO - Sync 1 DAGs
[2023-02-02T01:22:31.910+0000] {logging_mixin.py:137} INFO - [2023-02-02T01:22:31.910+0000] {dag.py:3441} INFO - Setting next_dagrun for example_short_circuit_operator to 2023-02-01T01:22:31.910033+00:00, run_after=2023-02-02T01:22:31.910033+00:00
[2023-02-02T01:22:31.922+0000] {processor.py:175} INFO - Processing /home/airflow/.local/lib/python3.7/site-packages/airflow/example_dags/example_short_circuit_operator.py took 0.061 seconds
[2023-02-02T01:23:02.757+0000] {processor.py:153} INFO - Started process (PID=1937) to work on /home/airflow/.local/lib/python3.7/site-packages/airflow/example_dags/example_short_circuit_operator.py
[2023-02-02T01:23:02.758+0000] {processor.py:743} INFO - Processing file /home/airflow/.local/lib/python3.7/site-packages/airflow/example_dags/example_short_circuit_operator.py for tasks to queue
[2023-02-02T01:23:02.758+0000] {logging_mixin.py:137} INFO - [2023-02-02T01:23:02.758+0000] {dagbag.py:538} INFO - Filling up the DagBag from /home/airflow/.local/lib/python3.7/site-packages/airflow/example_dags/example_short_circuit_operator.py
[2023-02-02T01:23:02.771+0000] {processor.py:753} INFO - DAG(s) dict_keys(['example_short_circuit_operator']) retrieved from /home/airflow/.local/lib/python3.7/site-packages/airflow/example_dags/example_short_circuit_operator.py
[2023-02-02T01:23:02.790+0000] {logging_mixin.py:137} INFO - [2023-02-02T01:23:02.790+0000] {dag.py:2690} INFO - Sync 1 DAGs
[2023-02-02T01:23:02.806+0000] {logging_mixin.py:137} INFO - [2023-02-02T01:23:02.806+0000] {dag.py:3441} INFO - Setting next_dagrun for example_short_circuit_operator to 2023-02-01T01:23:02.806347+00:00, run_after=2023-02-02T01:23:02.806347+00:00
[2023-02-02T01:23:02.818+0000] {processor.py:175} INFO - Processing /home/airflow/.local/lib/python3.7/site-packages/airflow/example_dags/example_short_circuit_operator.py took 0.063 seconds
[2023-02-02T01:23:33.498+0000] {processor.py:153} INFO - Started process (PID=2024) to work on /home/airflow/.local/lib/python3.7/site-packages/airflow/example_dags/example_short_circuit_operator.py
[2023-02-02T01:23:33.499+0000] {processor.py:743} INFO - Processing file /home/airflow/.local/lib/python3.7/site-packages/airflow/example_dags/example_short_circuit_operator.py for tasks to queue
[2023-02-02T01:23:33.499+0000] {logging_mixin.py:137} INFO - [2023-02-02T01:23:33.499+0000] {dagbag.py:538} INFO - Filling up the DagBag from /home/airflow/.local/lib/python3.7/site-packages/airflow/example_dags/example_short_circuit_operator.py
[2023-02-02T01:23:33.513+0000] {processor.py:753} INFO - DAG(s) dict_keys(['example_short_circuit_operator']) retrieved from /home/airflow/.local/lib/python3.7/site-packages/airflow/example_dags/example_short_circuit_operator.py
[2023-02-02T01:23:33.530+0000] {logging_mixin.py:137} INFO - [2023-02-02T01:23:33.530+0000] {dag.py:2690} INFO - Sync 1 DAGs
[2023-02-02T01:23:33.547+0000] {logging_mixin.py:137} INFO - [2023-02-02T01:23:33.546+0000] {dag.py:3441} INFO - Setting next_dagrun for example_short_circuit_operator to 2023-02-01T01:23:33.546763+00:00, run_after=2023-02-02T01:23:33.546763+00:00
[2023-02-02T01:23:33.560+0000] {processor.py:175} INFO - Processing /home/airflow/.local/lib/python3.7/site-packages/airflow/example_dags/example_short_circuit_operator.py took 0.064 seconds
[2023-02-02T01:24:04.259+0000] {processor.py:153} INFO - Started process (PID=2104) to work on /home/airflow/.local/lib/python3.7/site-packages/airflow/example_dags/example_short_circuit_operator.py
[2023-02-02T01:24:04.260+0000] {processor.py:743} INFO - Processing file /home/airflow/.local/lib/python3.7/site-packages/airflow/example_dags/example_short_circuit_operator.py for tasks to queue
[2023-02-02T01:24:04.261+0000] {logging_mixin.py:137} INFO - [2023-02-02T01:24:04.261+0000] {dagbag.py:538} INFO - Filling up the DagBag from /home/airflow/.local/lib/python3.7/site-packages/airflow/example_dags/example_short_circuit_operator.py
[2023-02-02T01:24:04.277+0000] {processor.py:753} INFO - DAG(s) dict_keys(['example_short_circuit_operator']) retrieved from /home/airflow/.local/lib/python3.7/site-packages/airflow/example_dags/example_short_circuit_operator.py
[2023-02-02T01:24:04.298+0000] {logging_mixin.py:137} INFO - [2023-02-02T01:24:04.298+0000] {dag.py:2690} INFO - Sync 1 DAGs
[2023-02-02T01:24:04.314+0000] {logging_mixin.py:137} INFO - [2023-02-02T01:24:04.314+0000] {dag.py:3441} INFO - Setting next_dagrun for example_short_circuit_operator to 2023-02-01T01:24:04.314194+00:00, run_after=2023-02-02T01:24:04.314194+00:00
[2023-02-02T01:24:04.329+0000] {processor.py:175} INFO - Processing /home/airflow/.local/lib/python3.7/site-packages/airflow/example_dags/example_short_circuit_operator.py took 0.073 seconds
[2023-02-02T01:24:35.121+0000] {processor.py:153} INFO - Started process (PID=2182) to work on /home/airflow/.local/lib/python3.7/site-packages/airflow/example_dags/example_short_circuit_operator.py
[2023-02-02T01:24:35.121+0000] {processor.py:743} INFO - Processing file /home/airflow/.local/lib/python3.7/site-packages/airflow/example_dags/example_short_circuit_operator.py for tasks to queue
[2023-02-02T01:24:35.122+0000] {logging_mixin.py:137} INFO - [2023-02-02T01:24:35.122+0000] {dagbag.py:538} INFO - Filling up the DagBag from /home/airflow/.local/lib/python3.7/site-packages/airflow/example_dags/example_short_circuit_operator.py
[2023-02-02T01:24:35.133+0000] {processor.py:753} INFO - DAG(s) dict_keys(['example_short_circuit_operator']) retrieved from /home/airflow/.local/lib/python3.7/site-packages/airflow/example_dags/example_short_circuit_operator.py
[2023-02-02T01:24:35.152+0000] {logging_mixin.py:137} INFO - [2023-02-02T01:24:35.152+0000] {dag.py:2690} INFO - Sync 1 DAGs
[2023-02-02T01:24:35.173+0000] {logging_mixin.py:137} INFO - [2023-02-02T01:24:35.173+0000] {dag.py:3441} INFO - Setting next_dagrun for example_short_circuit_operator to 2023-02-01T01:24:35.173278+00:00, run_after=2023-02-02T01:24:35.173278+00:00
[2023-02-02T01:24:35.188+0000] {processor.py:175} INFO - Processing /home/airflow/.local/lib/python3.7/site-packages/airflow/example_dags/example_short_circuit_operator.py took 0.070 seconds
[2023-02-02T01:25:05.802+0000] {processor.py:153} INFO - Started process (PID=2269) to work on /home/airflow/.local/lib/python3.7/site-packages/airflow/example_dags/example_short_circuit_operator.py
[2023-02-02T01:25:05.803+0000] {processor.py:743} INFO - Processing file /home/airflow/.local/lib/python3.7/site-packages/airflow/example_dags/example_short_circuit_operator.py for tasks to queue
[2023-02-02T01:25:05.803+0000] {logging_mixin.py:137} INFO - [2023-02-02T01:25:05.803+0000] {dagbag.py:538} INFO - Filling up the DagBag from /home/airflow/.local/lib/python3.7/site-packages/airflow/example_dags/example_short_circuit_operator.py
[2023-02-02T01:25:05.817+0000] {processor.py:753} INFO - DAG(s) dict_keys(['example_short_circuit_operator']) retrieved from /home/airflow/.local/lib/python3.7/site-packages/airflow/example_dags/example_short_circuit_operator.py
[2023-02-02T01:25:05.838+0000] {logging_mixin.py:137} INFO - [2023-02-02T01:25:05.838+0000] {dag.py:2690} INFO - Sync 1 DAGs
[2023-02-02T01:25:05.859+0000] {logging_mixin.py:137} INFO - [2023-02-02T01:25:05.859+0000] {dag.py:3441} INFO - Setting next_dagrun for example_short_circuit_operator to 2023-02-01T01:25:05.858988+00:00, run_after=2023-02-02T01:25:05.858988+00:00
[2023-02-02T01:25:05.871+0000] {processor.py:175} INFO - Processing /home/airflow/.local/lib/python3.7/site-packages/airflow/example_dags/example_short_circuit_operator.py took 0.072 seconds
