[2023-02-02T01:11:15.948+0000] {processor.py:153} INFO - Started process (PID=73) to work on /home/airflow/.local/lib/python3.7/site-packages/airflow/example_dags/example_external_task_marker_dag.py
[2023-02-02T01:11:15.948+0000] {processor.py:743} INFO - Processing file /home/airflow/.local/lib/python3.7/site-packages/airflow/example_dags/example_external_task_marker_dag.py for tasks to queue
[2023-02-02T01:11:15.949+0000] {logging_mixin.py:137} INFO - [2023-02-02T01:11:15.949+0000] {dagbag.py:538} INFO - Filling up the DagBag from /home/airflow/.local/lib/python3.7/site-packages/airflow/example_dags/example_external_task_marker_dag.py
[2023-02-02T01:11:15.961+0000] {processor.py:753} INFO - DAG(s) dict_keys(['example_external_task_marker_parent', 'example_external_task_marker_child']) retrieved from /home/airflow/.local/lib/python3.7/site-packages/airflow/example_dags/example_external_task_marker_dag.py
[2023-02-02T01:11:15.972+0000] {logging_mixin.py:137} INFO - [2023-02-02T01:11:15.972+0000] {dag.py:2690} INFO - Sync 2 DAGs
[2023-02-02T01:11:15.991+0000] {logging_mixin.py:137} INFO - [2023-02-02T01:11:15.991+0000] {dag.py:3441} INFO - Setting next_dagrun for example_external_task_marker_child to None, run_after=None
[2023-02-02T01:11:15.993+0000] {logging_mixin.py:137} INFO - [2023-02-02T01:11:15.993+0000] {dag.py:3441} INFO - Setting next_dagrun for example_external_task_marker_parent to None, run_after=None
[2023-02-02T01:11:16.005+0000] {processor.py:175} INFO - Processing /home/airflow/.local/lib/python3.7/site-packages/airflow/example_dags/example_external_task_marker_dag.py took 0.060 seconds
[2023-02-02T01:11:46.757+0000] {processor.py:153} INFO - Started process (PID=160) to work on /home/airflow/.local/lib/python3.7/site-packages/airflow/example_dags/example_external_task_marker_dag.py
[2023-02-02T01:11:46.758+0000] {processor.py:743} INFO - Processing file /home/airflow/.local/lib/python3.7/site-packages/airflow/example_dags/example_external_task_marker_dag.py for tasks to queue
[2023-02-02T01:11:46.758+0000] {logging_mixin.py:137} INFO - [2023-02-02T01:11:46.758+0000] {dagbag.py:538} INFO - Filling up the DagBag from /home/airflow/.local/lib/python3.7/site-packages/airflow/example_dags/example_external_task_marker_dag.py
[2023-02-02T01:11:46.769+0000] {processor.py:753} INFO - DAG(s) dict_keys(['example_external_task_marker_child', 'example_external_task_marker_parent']) retrieved from /home/airflow/.local/lib/python3.7/site-packages/airflow/example_dags/example_external_task_marker_dag.py
[2023-02-02T01:11:46.788+0000] {logging_mixin.py:137} INFO - [2023-02-02T01:11:46.788+0000] {dag.py:2690} INFO - Sync 2 DAGs
[2023-02-02T01:11:46.805+0000] {logging_mixin.py:137} INFO - [2023-02-02T01:11:46.805+0000] {dag.py:3441} INFO - Setting next_dagrun for example_external_task_marker_child to None, run_after=None
[2023-02-02T01:11:46.808+0000] {logging_mixin.py:137} INFO - [2023-02-02T01:11:46.808+0000] {dag.py:3441} INFO - Setting next_dagrun for example_external_task_marker_parent to None, run_after=None
[2023-02-02T01:11:46.820+0000] {processor.py:175} INFO - Processing /home/airflow/.local/lib/python3.7/site-packages/airflow/example_dags/example_external_task_marker_dag.py took 0.064 seconds
[2023-02-02T01:12:17.584+0000] {processor.py:153} INFO - Started process (PID=247) to work on /home/airflow/.local/lib/python3.7/site-packages/airflow/example_dags/example_external_task_marker_dag.py
[2023-02-02T01:12:17.585+0000] {processor.py:743} INFO - Processing file /home/airflow/.local/lib/python3.7/site-packages/airflow/example_dags/example_external_task_marker_dag.py for tasks to queue
[2023-02-02T01:12:17.585+0000] {logging_mixin.py:137} INFO - [2023-02-02T01:12:17.585+0000] {dagbag.py:538} INFO - Filling up the DagBag from /home/airflow/.local/lib/python3.7/site-packages/airflow/example_dags/example_external_task_marker_dag.py
[2023-02-02T01:12:17.595+0000] {processor.py:753} INFO - DAG(s) dict_keys(['example_external_task_marker_child', 'example_external_task_marker_parent']) retrieved from /home/airflow/.local/lib/python3.7/site-packages/airflow/example_dags/example_external_task_marker_dag.py
[2023-02-02T01:12:17.617+0000] {logging_mixin.py:137} INFO - [2023-02-02T01:12:17.617+0000] {dag.py:2690} INFO - Sync 2 DAGs
[2023-02-02T01:12:17.636+0000] {logging_mixin.py:137} INFO - [2023-02-02T01:12:17.636+0000] {dag.py:3441} INFO - Setting next_dagrun for example_external_task_marker_child to None, run_after=None
[2023-02-02T01:12:17.639+0000] {logging_mixin.py:137} INFO - [2023-02-02T01:12:17.639+0000] {dag.py:3441} INFO - Setting next_dagrun for example_external_task_marker_parent to None, run_after=None
[2023-02-02T01:12:17.649+0000] {processor.py:175} INFO - Processing /home/airflow/.local/lib/python3.7/site-packages/airflow/example_dags/example_external_task_marker_dag.py took 0.067 seconds
[2023-02-02T01:12:48.457+0000] {processor.py:153} INFO - Started process (PID=318) to work on /home/airflow/.local/lib/python3.7/site-packages/airflow/example_dags/example_external_task_marker_dag.py
[2023-02-02T01:12:48.457+0000] {processor.py:743} INFO - Processing file /home/airflow/.local/lib/python3.7/site-packages/airflow/example_dags/example_external_task_marker_dag.py for tasks to queue
[2023-02-02T01:12:48.458+0000] {logging_mixin.py:137} INFO - [2023-02-02T01:12:48.458+0000] {dagbag.py:538} INFO - Filling up the DagBag from /home/airflow/.local/lib/python3.7/site-packages/airflow/example_dags/example_external_task_marker_dag.py
[2023-02-02T01:12:48.467+0000] {processor.py:753} INFO - DAG(s) dict_keys(['example_external_task_marker_parent', 'example_external_task_marker_child']) retrieved from /home/airflow/.local/lib/python3.7/site-packages/airflow/example_dags/example_external_task_marker_dag.py
[2023-02-02T01:12:48.485+0000] {logging_mixin.py:137} INFO - [2023-02-02T01:12:48.485+0000] {dag.py:2690} INFO - Sync 2 DAGs
[2023-02-02T01:12:48.502+0000] {logging_mixin.py:137} INFO - [2023-02-02T01:12:48.501+0000] {dag.py:3441} INFO - Setting next_dagrun for example_external_task_marker_child to None, run_after=None
[2023-02-02T01:12:48.504+0000] {logging_mixin.py:137} INFO - [2023-02-02T01:12:48.504+0000] {dag.py:3441} INFO - Setting next_dagrun for example_external_task_marker_parent to None, run_after=None
[2023-02-02T01:12:48.515+0000] {processor.py:175} INFO - Processing /home/airflow/.local/lib/python3.7/site-packages/airflow/example_dags/example_external_task_marker_dag.py took 0.060 seconds
[2023-02-02T01:13:19.154+0000] {processor.py:153} INFO - Started process (PID=405) to work on /home/airflow/.local/lib/python3.7/site-packages/airflow/example_dags/example_external_task_marker_dag.py
[2023-02-02T01:13:19.155+0000] {processor.py:743} INFO - Processing file /home/airflow/.local/lib/python3.7/site-packages/airflow/example_dags/example_external_task_marker_dag.py for tasks to queue
[2023-02-02T01:13:19.155+0000] {logging_mixin.py:137} INFO - [2023-02-02T01:13:19.155+0000] {dagbag.py:538} INFO - Filling up the DagBag from /home/airflow/.local/lib/python3.7/site-packages/airflow/example_dags/example_external_task_marker_dag.py
[2023-02-02T01:13:19.166+0000] {processor.py:753} INFO - DAG(s) dict_keys(['example_external_task_marker_parent', 'example_external_task_marker_child']) retrieved from /home/airflow/.local/lib/python3.7/site-packages/airflow/example_dags/example_external_task_marker_dag.py
[2023-02-02T01:13:19.185+0000] {logging_mixin.py:137} INFO - [2023-02-02T01:13:19.185+0000] {dag.py:2690} INFO - Sync 2 DAGs
[2023-02-02T01:13:19.201+0000] {logging_mixin.py:137} INFO - [2023-02-02T01:13:19.200+0000] {dag.py:3441} INFO - Setting next_dagrun for example_external_task_marker_child to None, run_after=None
[2023-02-02T01:13:19.203+0000] {logging_mixin.py:137} INFO - [2023-02-02T01:13:19.203+0000] {dag.py:3441} INFO - Setting next_dagrun for example_external_task_marker_parent to None, run_after=None
[2023-02-02T01:13:19.215+0000] {processor.py:175} INFO - Processing /home/airflow/.local/lib/python3.7/site-packages/airflow/example_dags/example_external_task_marker_dag.py took 0.063 seconds
[2023-02-02T01:13:49.946+0000] {processor.py:153} INFO - Started process (PID=492) to work on /home/airflow/.local/lib/python3.7/site-packages/airflow/example_dags/example_external_task_marker_dag.py
[2023-02-02T01:13:49.946+0000] {processor.py:743} INFO - Processing file /home/airflow/.local/lib/python3.7/site-packages/airflow/example_dags/example_external_task_marker_dag.py for tasks to queue
[2023-02-02T01:13:49.947+0000] {logging_mixin.py:137} INFO - [2023-02-02T01:13:49.947+0000] {dagbag.py:538} INFO - Filling up the DagBag from /home/airflow/.local/lib/python3.7/site-packages/airflow/example_dags/example_external_task_marker_dag.py
[2023-02-02T01:13:49.959+0000] {processor.py:753} INFO - DAG(s) dict_keys(['example_external_task_marker_parent', 'example_external_task_marker_child']) retrieved from /home/airflow/.local/lib/python3.7/site-packages/airflow/example_dags/example_external_task_marker_dag.py
[2023-02-02T01:13:49.980+0000] {logging_mixin.py:137} INFO - [2023-02-02T01:13:49.980+0000] {dag.py:2690} INFO - Sync 2 DAGs
[2023-02-02T01:13:50.002+0000] {logging_mixin.py:137} INFO - [2023-02-02T01:13:50.002+0000] {dag.py:3441} INFO - Setting next_dagrun for example_external_task_marker_child to None, run_after=None
[2023-02-02T01:13:50.005+0000] {logging_mixin.py:137} INFO - [2023-02-02T01:13:50.005+0000] {dag.py:3441} INFO - Setting next_dagrun for example_external_task_marker_parent to None, run_after=None
[2023-02-02T01:13:50.018+0000] {processor.py:175} INFO - Processing /home/airflow/.local/lib/python3.7/site-packages/airflow/example_dags/example_external_task_marker_dag.py took 0.075 seconds
[2023-02-02T01:14:20.622+0000] {processor.py:153} INFO - Started process (PID=563) to work on /home/airflow/.local/lib/python3.7/site-packages/airflow/example_dags/example_external_task_marker_dag.py
[2023-02-02T01:14:20.623+0000] {processor.py:743} INFO - Processing file /home/airflow/.local/lib/python3.7/site-packages/airflow/example_dags/example_external_task_marker_dag.py for tasks to queue
[2023-02-02T01:14:20.623+0000] {logging_mixin.py:137} INFO - [2023-02-02T01:14:20.623+0000] {dagbag.py:538} INFO - Filling up the DagBag from /home/airflow/.local/lib/python3.7/site-packages/airflow/example_dags/example_external_task_marker_dag.py
[2023-02-02T01:14:20.633+0000] {processor.py:753} INFO - DAG(s) dict_keys(['example_external_task_marker_parent', 'example_external_task_marker_child']) retrieved from /home/airflow/.local/lib/python3.7/site-packages/airflow/example_dags/example_external_task_marker_dag.py
[2023-02-02T01:14:20.650+0000] {logging_mixin.py:137} INFO - [2023-02-02T01:14:20.650+0000] {dag.py:2690} INFO - Sync 2 DAGs
[2023-02-02T01:14:20.666+0000] {logging_mixin.py:137} INFO - [2023-02-02T01:14:20.666+0000] {dag.py:3441} INFO - Setting next_dagrun for example_external_task_marker_child to None, run_after=None
[2023-02-02T01:14:20.669+0000] {logging_mixin.py:137} INFO - [2023-02-02T01:14:20.669+0000] {dag.py:3441} INFO - Setting next_dagrun for example_external_task_marker_parent to None, run_after=None
[2023-02-02T01:14:20.680+0000] {processor.py:175} INFO - Processing /home/airflow/.local/lib/python3.7/site-packages/airflow/example_dags/example_external_task_marker_dag.py took 0.060 seconds
[2023-02-02T01:14:51.409+0000] {processor.py:153} INFO - Started process (PID=650) to work on /home/airflow/.local/lib/python3.7/site-packages/airflow/example_dags/example_external_task_marker_dag.py
[2023-02-02T01:14:51.409+0000] {processor.py:743} INFO - Processing file /home/airflow/.local/lib/python3.7/site-packages/airflow/example_dags/example_external_task_marker_dag.py for tasks to queue
[2023-02-02T01:14:51.410+0000] {logging_mixin.py:137} INFO - [2023-02-02T01:14:51.410+0000] {dagbag.py:538} INFO - Filling up the DagBag from /home/airflow/.local/lib/python3.7/site-packages/airflow/example_dags/example_external_task_marker_dag.py
[2023-02-02T01:14:51.419+0000] {processor.py:753} INFO - DAG(s) dict_keys(['example_external_task_marker_parent', 'example_external_task_marker_child']) retrieved from /home/airflow/.local/lib/python3.7/site-packages/airflow/example_dags/example_external_task_marker_dag.py
[2023-02-02T01:14:51.438+0000] {logging_mixin.py:137} INFO - [2023-02-02T01:14:51.438+0000] {dag.py:2690} INFO - Sync 2 DAGs
[2023-02-02T01:14:51.456+0000] {logging_mixin.py:137} INFO - [2023-02-02T01:14:51.456+0000] {dag.py:3441} INFO - Setting next_dagrun for example_external_task_marker_child to None, run_after=None
[2023-02-02T01:14:51.458+0000] {logging_mixin.py:137} INFO - [2023-02-02T01:14:51.458+0000] {dag.py:3441} INFO - Setting next_dagrun for example_external_task_marker_parent to None, run_after=None
[2023-02-02T01:14:51.469+0000] {processor.py:175} INFO - Processing /home/airflow/.local/lib/python3.7/site-packages/airflow/example_dags/example_external_task_marker_dag.py took 0.063 seconds
[2023-02-02T01:15:22.097+0000] {processor.py:153} INFO - Started process (PID=737) to work on /home/airflow/.local/lib/python3.7/site-packages/airflow/example_dags/example_external_task_marker_dag.py
[2023-02-02T01:15:22.097+0000] {processor.py:743} INFO - Processing file /home/airflow/.local/lib/python3.7/site-packages/airflow/example_dags/example_external_task_marker_dag.py for tasks to queue
[2023-02-02T01:15:22.098+0000] {logging_mixin.py:137} INFO - [2023-02-02T01:15:22.098+0000] {dagbag.py:538} INFO - Filling up the DagBag from /home/airflow/.local/lib/python3.7/site-packages/airflow/example_dags/example_external_task_marker_dag.py
[2023-02-02T01:15:22.110+0000] {processor.py:753} INFO - DAG(s) dict_keys(['example_external_task_marker_child', 'example_external_task_marker_parent']) retrieved from /home/airflow/.local/lib/python3.7/site-packages/airflow/example_dags/example_external_task_marker_dag.py
[2023-02-02T01:15:22.129+0000] {logging_mixin.py:137} INFO - [2023-02-02T01:15:22.129+0000] {dag.py:2690} INFO - Sync 2 DAGs
[2023-02-02T01:15:22.149+0000] {logging_mixin.py:137} INFO - [2023-02-02T01:15:22.149+0000] {dag.py:3441} INFO - Setting next_dagrun for example_external_task_marker_child to None, run_after=None
[2023-02-02T01:15:22.151+0000] {logging_mixin.py:137} INFO - [2023-02-02T01:15:22.151+0000] {dag.py:3441} INFO - Setting next_dagrun for example_external_task_marker_parent to None, run_after=None
[2023-02-02T01:15:22.163+0000] {processor.py:175} INFO - Processing /home/airflow/.local/lib/python3.7/site-packages/airflow/example_dags/example_external_task_marker_dag.py took 0.070 seconds
[2023-02-02T01:15:52.905+0000] {processor.py:153} INFO - Started process (PID=817) to work on /home/airflow/.local/lib/python3.7/site-packages/airflow/example_dags/example_external_task_marker_dag.py
[2023-02-02T01:15:52.906+0000] {processor.py:743} INFO - Processing file /home/airflow/.local/lib/python3.7/site-packages/airflow/example_dags/example_external_task_marker_dag.py for tasks to queue
[2023-02-02T01:15:52.907+0000] {logging_mixin.py:137} INFO - [2023-02-02T01:15:52.907+0000] {dagbag.py:538} INFO - Filling up the DagBag from /home/airflow/.local/lib/python3.7/site-packages/airflow/example_dags/example_external_task_marker_dag.py
[2023-02-02T01:15:52.919+0000] {processor.py:753} INFO - DAG(s) dict_keys(['example_external_task_marker_child', 'example_external_task_marker_parent']) retrieved from /home/airflow/.local/lib/python3.7/site-packages/airflow/example_dags/example_external_task_marker_dag.py
[2023-02-02T01:15:52.945+0000] {logging_mixin.py:137} INFO - [2023-02-02T01:15:52.945+0000] {dag.py:2690} INFO - Sync 2 DAGs
[2023-02-02T01:15:52.965+0000] {logging_mixin.py:137} INFO - [2023-02-02T01:15:52.965+0000] {dag.py:3441} INFO - Setting next_dagrun for example_external_task_marker_child to None, run_after=None
[2023-02-02T01:15:52.967+0000] {logging_mixin.py:137} INFO - [2023-02-02T01:15:52.967+0000] {dag.py:3441} INFO - Setting next_dagrun for example_external_task_marker_parent to None, run_after=None
[2023-02-02T01:15:52.985+0000] {processor.py:175} INFO - Processing /home/airflow/.local/lib/python3.7/site-packages/airflow/example_dags/example_external_task_marker_dag.py took 0.083 seconds
[2023-02-02T01:16:23.753+0000] {processor.py:153} INFO - Started process (PID=895) to work on /home/airflow/.local/lib/python3.7/site-packages/airflow/example_dags/example_external_task_marker_dag.py
[2023-02-02T01:16:23.753+0000] {processor.py:743} INFO - Processing file /home/airflow/.local/lib/python3.7/site-packages/airflow/example_dags/example_external_task_marker_dag.py for tasks to queue
[2023-02-02T01:16:23.754+0000] {logging_mixin.py:137} INFO - [2023-02-02T01:16:23.754+0000] {dagbag.py:538} INFO - Filling up the DagBag from /home/airflow/.local/lib/python3.7/site-packages/airflow/example_dags/example_external_task_marker_dag.py
[2023-02-02T01:16:23.763+0000] {processor.py:753} INFO - DAG(s) dict_keys(['example_external_task_marker_child', 'example_external_task_marker_parent']) retrieved from /home/airflow/.local/lib/python3.7/site-packages/airflow/example_dags/example_external_task_marker_dag.py
[2023-02-02T01:16:23.780+0000] {logging_mixin.py:137} INFO - [2023-02-02T01:16:23.780+0000] {dag.py:2690} INFO - Sync 2 DAGs
[2023-02-02T01:16:23.797+0000] {logging_mixin.py:137} INFO - [2023-02-02T01:16:23.797+0000] {dag.py:3441} INFO - Setting next_dagrun for example_external_task_marker_child to None, run_after=None
[2023-02-02T01:16:23.799+0000] {logging_mixin.py:137} INFO - [2023-02-02T01:16:23.799+0000] {dag.py:3441} INFO - Setting next_dagrun for example_external_task_marker_parent to None, run_after=None
[2023-02-02T01:16:23.811+0000] {processor.py:175} INFO - Processing /home/airflow/.local/lib/python3.7/site-packages/airflow/example_dags/example_external_task_marker_dag.py took 0.060 seconds
[2023-02-02T01:16:54.621+0000] {processor.py:153} INFO - Started process (PID=982) to work on /home/airflow/.local/lib/python3.7/site-packages/airflow/example_dags/example_external_task_marker_dag.py
[2023-02-02T01:16:54.622+0000] {processor.py:743} INFO - Processing file /home/airflow/.local/lib/python3.7/site-packages/airflow/example_dags/example_external_task_marker_dag.py for tasks to queue
[2023-02-02T01:16:54.623+0000] {logging_mixin.py:137} INFO - [2023-02-02T01:16:54.623+0000] {dagbag.py:538} INFO - Filling up the DagBag from /home/airflow/.local/lib/python3.7/site-packages/airflow/example_dags/example_external_task_marker_dag.py
[2023-02-02T01:16:54.631+0000] {processor.py:753} INFO - DAG(s) dict_keys(['example_external_task_marker_child', 'example_external_task_marker_parent']) retrieved from /home/airflow/.local/lib/python3.7/site-packages/airflow/example_dags/example_external_task_marker_dag.py
[2023-02-02T01:16:54.650+0000] {logging_mixin.py:137} INFO - [2023-02-02T01:16:54.650+0000] {dag.py:2690} INFO - Sync 2 DAGs
[2023-02-02T01:16:54.668+0000] {logging_mixin.py:137} INFO - [2023-02-02T01:16:54.668+0000] {dag.py:3441} INFO - Setting next_dagrun for example_external_task_marker_child to None, run_after=None
[2023-02-02T01:16:54.670+0000] {logging_mixin.py:137} INFO - [2023-02-02T01:16:54.670+0000] {dag.py:3441} INFO - Setting next_dagrun for example_external_task_marker_parent to None, run_after=None
[2023-02-02T01:16:54.679+0000] {processor.py:175} INFO - Processing /home/airflow/.local/lib/python3.7/site-packages/airflow/example_dags/example_external_task_marker_dag.py took 0.060 seconds
[2023-02-02T01:17:25.530+0000] {processor.py:153} INFO - Started process (PID=1069) to work on /home/airflow/.local/lib/python3.7/site-packages/airflow/example_dags/example_external_task_marker_dag.py
[2023-02-02T01:17:25.531+0000] {processor.py:743} INFO - Processing file /home/airflow/.local/lib/python3.7/site-packages/airflow/example_dags/example_external_task_marker_dag.py for tasks to queue
[2023-02-02T01:17:25.532+0000] {logging_mixin.py:137} INFO - [2023-02-02T01:17:25.532+0000] {dagbag.py:538} INFO - Filling up the DagBag from /home/airflow/.local/lib/python3.7/site-packages/airflow/example_dags/example_external_task_marker_dag.py
[2023-02-02T01:17:25.545+0000] {processor.py:753} INFO - DAG(s) dict_keys(['example_external_task_marker_child', 'example_external_task_marker_parent']) retrieved from /home/airflow/.local/lib/python3.7/site-packages/airflow/example_dags/example_external_task_marker_dag.py
[2023-02-02T01:17:25.572+0000] {logging_mixin.py:137} INFO - [2023-02-02T01:17:25.571+0000] {dag.py:2690} INFO - Sync 2 DAGs
[2023-02-02T01:17:25.595+0000] {logging_mixin.py:137} INFO - [2023-02-02T01:17:25.594+0000] {dag.py:3441} INFO - Setting next_dagrun for example_external_task_marker_child to None, run_after=None
[2023-02-02T01:17:25.598+0000] {logging_mixin.py:137} INFO - [2023-02-02T01:17:25.598+0000] {dag.py:3441} INFO - Setting next_dagrun for example_external_task_marker_parent to None, run_after=None
[2023-02-02T01:17:25.613+0000] {processor.py:175} INFO - Processing /home/airflow/.local/lib/python3.7/site-packages/airflow/example_dags/example_external_task_marker_dag.py took 0.085 seconds
[2023-02-02T01:17:56.262+0000] {processor.py:153} INFO - Started process (PID=1140) to work on /home/airflow/.local/lib/python3.7/site-packages/airflow/example_dags/example_external_task_marker_dag.py
[2023-02-02T01:17:56.262+0000] {processor.py:743} INFO - Processing file /home/airflow/.local/lib/python3.7/site-packages/airflow/example_dags/example_external_task_marker_dag.py for tasks to queue
[2023-02-02T01:17:56.263+0000] {logging_mixin.py:137} INFO - [2023-02-02T01:17:56.263+0000] {dagbag.py:538} INFO - Filling up the DagBag from /home/airflow/.local/lib/python3.7/site-packages/airflow/example_dags/example_external_task_marker_dag.py
[2023-02-02T01:17:56.276+0000] {processor.py:753} INFO - DAG(s) dict_keys(['example_external_task_marker_child', 'example_external_task_marker_parent']) retrieved from /home/airflow/.local/lib/python3.7/site-packages/airflow/example_dags/example_external_task_marker_dag.py
[2023-02-02T01:17:56.298+0000] {logging_mixin.py:137} INFO - [2023-02-02T01:17:56.298+0000] {dag.py:2690} INFO - Sync 2 DAGs
[2023-02-02T01:17:56.314+0000] {logging_mixin.py:137} INFO - [2023-02-02T01:17:56.314+0000] {dag.py:3441} INFO - Setting next_dagrun for example_external_task_marker_child to None, run_after=None
[2023-02-02T01:17:56.317+0000] {logging_mixin.py:137} INFO - [2023-02-02T01:17:56.317+0000] {dag.py:3441} INFO - Setting next_dagrun for example_external_task_marker_parent to None, run_after=None
[2023-02-02T01:17:56.327+0000] {processor.py:175} INFO - Processing /home/airflow/.local/lib/python3.7/site-packages/airflow/example_dags/example_external_task_marker_dag.py took 0.069 seconds
[2023-02-02T01:18:27.027+0000] {processor.py:153} INFO - Started process (PID=1227) to work on /home/airflow/.local/lib/python3.7/site-packages/airflow/example_dags/example_external_task_marker_dag.py
[2023-02-02T01:18:27.027+0000] {processor.py:743} INFO - Processing file /home/airflow/.local/lib/python3.7/site-packages/airflow/example_dags/example_external_task_marker_dag.py for tasks to queue
[2023-02-02T01:18:27.028+0000] {logging_mixin.py:137} INFO - [2023-02-02T01:18:27.028+0000] {dagbag.py:538} INFO - Filling up the DagBag from /home/airflow/.local/lib/python3.7/site-packages/airflow/example_dags/example_external_task_marker_dag.py
[2023-02-02T01:18:27.037+0000] {processor.py:753} INFO - DAG(s) dict_keys(['example_external_task_marker_child', 'example_external_task_marker_parent']) retrieved from /home/airflow/.local/lib/python3.7/site-packages/airflow/example_dags/example_external_task_marker_dag.py
[2023-02-02T01:18:27.054+0000] {logging_mixin.py:137} INFO - [2023-02-02T01:18:27.053+0000] {dag.py:2690} INFO - Sync 2 DAGs
[2023-02-02T01:18:27.070+0000] {logging_mixin.py:137} INFO - [2023-02-02T01:18:27.069+0000] {dag.py:3441} INFO - Setting next_dagrun for example_external_task_marker_child to None, run_after=None
[2023-02-02T01:18:27.072+0000] {logging_mixin.py:137} INFO - [2023-02-02T01:18:27.072+0000] {dag.py:3441} INFO - Setting next_dagrun for example_external_task_marker_parent to None, run_after=None
[2023-02-02T01:18:27.082+0000] {processor.py:175} INFO - Processing /home/airflow/.local/lib/python3.7/site-packages/airflow/example_dags/example_external_task_marker_dag.py took 0.057 seconds
[2023-02-02T01:18:57.901+0000] {processor.py:153} INFO - Started process (PID=1314) to work on /home/airflow/.local/lib/python3.7/site-packages/airflow/example_dags/example_external_task_marker_dag.py
[2023-02-02T01:18:57.901+0000] {processor.py:743} INFO - Processing file /home/airflow/.local/lib/python3.7/site-packages/airflow/example_dags/example_external_task_marker_dag.py for tasks to queue
[2023-02-02T01:18:57.902+0000] {logging_mixin.py:137} INFO - [2023-02-02T01:18:57.902+0000] {dagbag.py:538} INFO - Filling up the DagBag from /home/airflow/.local/lib/python3.7/site-packages/airflow/example_dags/example_external_task_marker_dag.py
[2023-02-02T01:18:57.913+0000] {processor.py:753} INFO - DAG(s) dict_keys(['example_external_task_marker_parent', 'example_external_task_marker_child']) retrieved from /home/airflow/.local/lib/python3.7/site-packages/airflow/example_dags/example_external_task_marker_dag.py
[2023-02-02T01:18:57.931+0000] {logging_mixin.py:137} INFO - [2023-02-02T01:18:57.931+0000] {dag.py:2690} INFO - Sync 2 DAGs
[2023-02-02T01:18:57.949+0000] {logging_mixin.py:137} INFO - [2023-02-02T01:18:57.948+0000] {dag.py:3441} INFO - Setting next_dagrun for example_external_task_marker_child to None, run_after=None
[2023-02-02T01:18:57.951+0000] {logging_mixin.py:137} INFO - [2023-02-02T01:18:57.951+0000] {dag.py:3441} INFO - Setting next_dagrun for example_external_task_marker_parent to None, run_after=None
[2023-02-02T01:18:57.962+0000] {processor.py:175} INFO - Processing /home/airflow/.local/lib/python3.7/site-packages/airflow/example_dags/example_external_task_marker_dag.py took 0.063 seconds
[2023-02-02T01:19:28.617+0000] {processor.py:153} INFO - Started process (PID=1385) to work on /home/airflow/.local/lib/python3.7/site-packages/airflow/example_dags/example_external_task_marker_dag.py
[2023-02-02T01:19:28.618+0000] {processor.py:743} INFO - Processing file /home/airflow/.local/lib/python3.7/site-packages/airflow/example_dags/example_external_task_marker_dag.py for tasks to queue
[2023-02-02T01:19:28.618+0000] {logging_mixin.py:137} INFO - [2023-02-02T01:19:28.618+0000] {dagbag.py:538} INFO - Filling up the DagBag from /home/airflow/.local/lib/python3.7/site-packages/airflow/example_dags/example_external_task_marker_dag.py
[2023-02-02T01:19:28.628+0000] {processor.py:753} INFO - DAG(s) dict_keys(['example_external_task_marker_child', 'example_external_task_marker_parent']) retrieved from /home/airflow/.local/lib/python3.7/site-packages/airflow/example_dags/example_external_task_marker_dag.py
[2023-02-02T01:19:28.647+0000] {logging_mixin.py:137} INFO - [2023-02-02T01:19:28.647+0000] {dag.py:2690} INFO - Sync 2 DAGs
[2023-02-02T01:19:28.664+0000] {logging_mixin.py:137} INFO - [2023-02-02T01:19:28.664+0000] {dag.py:3441} INFO - Setting next_dagrun for example_external_task_marker_child to None, run_after=None
[2023-02-02T01:19:28.667+0000] {logging_mixin.py:137} INFO - [2023-02-02T01:19:28.666+0000] {dag.py:3441} INFO - Setting next_dagrun for example_external_task_marker_parent to None, run_after=None
[2023-02-02T01:19:28.677+0000] {processor.py:175} INFO - Processing /home/airflow/.local/lib/python3.7/site-packages/airflow/example_dags/example_external_task_marker_dag.py took 0.063 seconds
[2023-02-02T01:19:59.333+0000] {processor.py:153} INFO - Started process (PID=1472) to work on /home/airflow/.local/lib/python3.7/site-packages/airflow/example_dags/example_external_task_marker_dag.py
[2023-02-02T01:19:59.333+0000] {processor.py:743} INFO - Processing file /home/airflow/.local/lib/python3.7/site-packages/airflow/example_dags/example_external_task_marker_dag.py for tasks to queue
[2023-02-02T01:19:59.334+0000] {logging_mixin.py:137} INFO - [2023-02-02T01:19:59.334+0000] {dagbag.py:538} INFO - Filling up the DagBag from /home/airflow/.local/lib/python3.7/site-packages/airflow/example_dags/example_external_task_marker_dag.py
[2023-02-02T01:19:59.343+0000] {processor.py:753} INFO - DAG(s) dict_keys(['example_external_task_marker_child', 'example_external_task_marker_parent']) retrieved from /home/airflow/.local/lib/python3.7/site-packages/airflow/example_dags/example_external_task_marker_dag.py
[2023-02-02T01:19:59.361+0000] {logging_mixin.py:137} INFO - [2023-02-02T01:19:59.361+0000] {dag.py:2690} INFO - Sync 2 DAGs
[2023-02-02T01:19:59.377+0000] {logging_mixin.py:137} INFO - [2023-02-02T01:19:59.377+0000] {dag.py:3441} INFO - Setting next_dagrun for example_external_task_marker_child to None, run_after=None
[2023-02-02T01:19:59.380+0000] {logging_mixin.py:137} INFO - [2023-02-02T01:19:59.380+0000] {dag.py:3441} INFO - Setting next_dagrun for example_external_task_marker_parent to None, run_after=None
[2023-02-02T01:19:59.390+0000] {processor.py:175} INFO - Processing /home/airflow/.local/lib/python3.7/site-packages/airflow/example_dags/example_external_task_marker_dag.py took 0.061 seconds
[2023-02-02T01:20:30.183+0000] {processor.py:153} INFO - Started process (PID=1559) to work on /home/airflow/.local/lib/python3.7/site-packages/airflow/example_dags/example_external_task_marker_dag.py
[2023-02-02T01:20:30.184+0000] {processor.py:743} INFO - Processing file /home/airflow/.local/lib/python3.7/site-packages/airflow/example_dags/example_external_task_marker_dag.py for tasks to queue
[2023-02-02T01:20:30.185+0000] {logging_mixin.py:137} INFO - [2023-02-02T01:20:30.184+0000] {dagbag.py:538} INFO - Filling up the DagBag from /home/airflow/.local/lib/python3.7/site-packages/airflow/example_dags/example_external_task_marker_dag.py
[2023-02-02T01:20:30.196+0000] {processor.py:753} INFO - DAG(s) dict_keys(['example_external_task_marker_parent', 'example_external_task_marker_child']) retrieved from /home/airflow/.local/lib/python3.7/site-packages/airflow/example_dags/example_external_task_marker_dag.py
[2023-02-02T01:20:30.214+0000] {logging_mixin.py:137} INFO - [2023-02-02T01:20:30.214+0000] {dag.py:2690} INFO - Sync 2 DAGs
[2023-02-02T01:20:30.230+0000] {logging_mixin.py:137} INFO - [2023-02-02T01:20:30.230+0000] {dag.py:3441} INFO - Setting next_dagrun for example_external_task_marker_child to None, run_after=None
[2023-02-02T01:20:30.233+0000] {logging_mixin.py:137} INFO - [2023-02-02T01:20:30.233+0000] {dag.py:3441} INFO - Setting next_dagrun for example_external_task_marker_parent to None, run_after=None
[2023-02-02T01:20:30.245+0000] {processor.py:175} INFO - Processing /home/airflow/.local/lib/python3.7/site-packages/airflow/example_dags/example_external_task_marker_dag.py took 0.065 seconds
[2023-02-02T01:21:00.808+0000] {processor.py:153} INFO - Started process (PID=1630) to work on /home/airflow/.local/lib/python3.7/site-packages/airflow/example_dags/example_external_task_marker_dag.py
[2023-02-02T01:21:00.808+0000] {processor.py:743} INFO - Processing file /home/airflow/.local/lib/python3.7/site-packages/airflow/example_dags/example_external_task_marker_dag.py for tasks to queue
[2023-02-02T01:21:00.809+0000] {logging_mixin.py:137} INFO - [2023-02-02T01:21:00.809+0000] {dagbag.py:538} INFO - Filling up the DagBag from /home/airflow/.local/lib/python3.7/site-packages/airflow/example_dags/example_external_task_marker_dag.py
[2023-02-02T01:21:00.819+0000] {processor.py:753} INFO - DAG(s) dict_keys(['example_external_task_marker_parent', 'example_external_task_marker_child']) retrieved from /home/airflow/.local/lib/python3.7/site-packages/airflow/example_dags/example_external_task_marker_dag.py
[2023-02-02T01:21:00.844+0000] {logging_mixin.py:137} INFO - [2023-02-02T01:21:00.844+0000] {dag.py:2690} INFO - Sync 2 DAGs
[2023-02-02T01:21:00.863+0000] {logging_mixin.py:137} INFO - [2023-02-02T01:21:00.863+0000] {dag.py:3441} INFO - Setting next_dagrun for example_external_task_marker_child to None, run_after=None
[2023-02-02T01:21:00.866+0000] {logging_mixin.py:137} INFO - [2023-02-02T01:21:00.866+0000] {dag.py:3441} INFO - Setting next_dagrun for example_external_task_marker_parent to None, run_after=None
[2023-02-02T01:21:00.877+0000] {processor.py:175} INFO - Processing /home/airflow/.local/lib/python3.7/site-packages/airflow/example_dags/example_external_task_marker_dag.py took 0.072 seconds
[2023-02-02T01:21:31.569+0000] {processor.py:153} INFO - Started process (PID=1717) to work on /home/airflow/.local/lib/python3.7/site-packages/airflow/example_dags/example_external_task_marker_dag.py
[2023-02-02T01:21:31.569+0000] {processor.py:743} INFO - Processing file /home/airflow/.local/lib/python3.7/site-packages/airflow/example_dags/example_external_task_marker_dag.py for tasks to queue
[2023-02-02T01:21:31.570+0000] {logging_mixin.py:137} INFO - [2023-02-02T01:21:31.570+0000] {dagbag.py:538} INFO - Filling up the DagBag from /home/airflow/.local/lib/python3.7/site-packages/airflow/example_dags/example_external_task_marker_dag.py
[2023-02-02T01:21:31.582+0000] {processor.py:753} INFO - DAG(s) dict_keys(['example_external_task_marker_parent', 'example_external_task_marker_child']) retrieved from /home/airflow/.local/lib/python3.7/site-packages/airflow/example_dags/example_external_task_marker_dag.py
[2023-02-02T01:21:31.600+0000] {logging_mixin.py:137} INFO - [2023-02-02T01:21:31.600+0000] {dag.py:2690} INFO - Sync 2 DAGs
[2023-02-02T01:21:31.616+0000] {logging_mixin.py:137} INFO - [2023-02-02T01:21:31.616+0000] {dag.py:3441} INFO - Setting next_dagrun for example_external_task_marker_child to None, run_after=None
[2023-02-02T01:21:31.618+0000] {logging_mixin.py:137} INFO - [2023-02-02T01:21:31.618+0000] {dag.py:3441} INFO - Setting next_dagrun for example_external_task_marker_parent to None, run_after=None
[2023-02-02T01:21:31.628+0000] {processor.py:175} INFO - Processing /home/airflow/.local/lib/python3.7/site-packages/airflow/example_dags/example_external_task_marker_dag.py took 0.061 seconds
[2023-02-02T01:22:02.202+0000] {processor.py:153} INFO - Started process (PID=1804) to work on /home/airflow/.local/lib/python3.7/site-packages/airflow/example_dags/example_external_task_marker_dag.py
[2023-02-02T01:22:02.203+0000] {processor.py:743} INFO - Processing file /home/airflow/.local/lib/python3.7/site-packages/airflow/example_dags/example_external_task_marker_dag.py for tasks to queue
[2023-02-02T01:22:02.204+0000] {logging_mixin.py:137} INFO - [2023-02-02T01:22:02.204+0000] {dagbag.py:538} INFO - Filling up the DagBag from /home/airflow/.local/lib/python3.7/site-packages/airflow/example_dags/example_external_task_marker_dag.py
[2023-02-02T01:22:02.215+0000] {processor.py:753} INFO - DAG(s) dict_keys(['example_external_task_marker_parent', 'example_external_task_marker_child']) retrieved from /home/airflow/.local/lib/python3.7/site-packages/airflow/example_dags/example_external_task_marker_dag.py
[2023-02-02T01:22:02.237+0000] {logging_mixin.py:137} INFO - [2023-02-02T01:22:02.237+0000] {dag.py:2690} INFO - Sync 2 DAGs
[2023-02-02T01:22:02.257+0000] {logging_mixin.py:137} INFO - [2023-02-02T01:22:02.257+0000] {dag.py:3441} INFO - Setting next_dagrun for example_external_task_marker_child to None, run_after=None
[2023-02-02T01:22:02.260+0000] {logging_mixin.py:137} INFO - [2023-02-02T01:22:02.260+0000] {dag.py:3441} INFO - Setting next_dagrun for example_external_task_marker_parent to None, run_after=None
[2023-02-02T01:22:02.272+0000] {processor.py:175} INFO - Processing /home/airflow/.local/lib/python3.7/site-packages/airflow/example_dags/example_external_task_marker_dag.py took 0.072 seconds
[2023-02-02T01:22:33.125+0000] {processor.py:153} INFO - Started process (PID=1891) to work on /home/airflow/.local/lib/python3.7/site-packages/airflow/example_dags/example_external_task_marker_dag.py
[2023-02-02T01:22:33.125+0000] {processor.py:743} INFO - Processing file /home/airflow/.local/lib/python3.7/site-packages/airflow/example_dags/example_external_task_marker_dag.py for tasks to queue
[2023-02-02T01:22:33.126+0000] {logging_mixin.py:137} INFO - [2023-02-02T01:22:33.126+0000] {dagbag.py:538} INFO - Filling up the DagBag from /home/airflow/.local/lib/python3.7/site-packages/airflow/example_dags/example_external_task_marker_dag.py
[2023-02-02T01:22:33.135+0000] {processor.py:753} INFO - DAG(s) dict_keys(['example_external_task_marker_child', 'example_external_task_marker_parent']) retrieved from /home/airflow/.local/lib/python3.7/site-packages/airflow/example_dags/example_external_task_marker_dag.py
[2023-02-02T01:22:33.157+0000] {logging_mixin.py:137} INFO - [2023-02-02T01:22:33.157+0000] {dag.py:2690} INFO - Sync 2 DAGs
[2023-02-02T01:22:33.179+0000] {logging_mixin.py:137} INFO - [2023-02-02T01:22:33.179+0000] {dag.py:3441} INFO - Setting next_dagrun for example_external_task_marker_child to None, run_after=None
[2023-02-02T01:22:33.181+0000] {logging_mixin.py:137} INFO - [2023-02-02T01:22:33.181+0000] {dag.py:3441} INFO - Setting next_dagrun for example_external_task_marker_parent to None, run_after=None
[2023-02-02T01:22:33.194+0000] {processor.py:175} INFO - Processing /home/airflow/.local/lib/python3.7/site-packages/airflow/example_dags/example_external_task_marker_dag.py took 0.071 seconds
[2023-02-02T01:23:03.841+0000] {processor.py:153} INFO - Started process (PID=1962) to work on /home/airflow/.local/lib/python3.7/site-packages/airflow/example_dags/example_external_task_marker_dag.py
[2023-02-02T01:23:03.842+0000] {processor.py:743} INFO - Processing file /home/airflow/.local/lib/python3.7/site-packages/airflow/example_dags/example_external_task_marker_dag.py for tasks to queue
[2023-02-02T01:23:03.842+0000] {logging_mixin.py:137} INFO - [2023-02-02T01:23:03.842+0000] {dagbag.py:538} INFO - Filling up the DagBag from /home/airflow/.local/lib/python3.7/site-packages/airflow/example_dags/example_external_task_marker_dag.py
[2023-02-02T01:23:03.852+0000] {processor.py:753} INFO - DAG(s) dict_keys(['example_external_task_marker_child', 'example_external_task_marker_parent']) retrieved from /home/airflow/.local/lib/python3.7/site-packages/airflow/example_dags/example_external_task_marker_dag.py
[2023-02-02T01:23:03.871+0000] {logging_mixin.py:137} INFO - [2023-02-02T01:23:03.870+0000] {dag.py:2690} INFO - Sync 2 DAGs
[2023-02-02T01:23:03.890+0000] {logging_mixin.py:137} INFO - [2023-02-02T01:23:03.889+0000] {dag.py:3441} INFO - Setting next_dagrun for example_external_task_marker_child to None, run_after=None
[2023-02-02T01:23:03.892+0000] {logging_mixin.py:137} INFO - [2023-02-02T01:23:03.892+0000] {dag.py:3441} INFO - Setting next_dagrun for example_external_task_marker_parent to None, run_after=None
[2023-02-02T01:23:03.902+0000] {processor.py:175} INFO - Processing /home/airflow/.local/lib/python3.7/site-packages/airflow/example_dags/example_external_task_marker_dag.py took 0.063 seconds
[2023-02-02T01:23:34.587+0000] {processor.py:153} INFO - Started process (PID=2049) to work on /home/airflow/.local/lib/python3.7/site-packages/airflow/example_dags/example_external_task_marker_dag.py
[2023-02-02T01:23:34.588+0000] {processor.py:743} INFO - Processing file /home/airflow/.local/lib/python3.7/site-packages/airflow/example_dags/example_external_task_marker_dag.py for tasks to queue
[2023-02-02T01:23:34.588+0000] {logging_mixin.py:137} INFO - [2023-02-02T01:23:34.588+0000] {dagbag.py:538} INFO - Filling up the DagBag from /home/airflow/.local/lib/python3.7/site-packages/airflow/example_dags/example_external_task_marker_dag.py
[2023-02-02T01:23:34.601+0000] {processor.py:753} INFO - DAG(s) dict_keys(['example_external_task_marker_child', 'example_external_task_marker_parent']) retrieved from /home/airflow/.local/lib/python3.7/site-packages/airflow/example_dags/example_external_task_marker_dag.py
[2023-02-02T01:23:34.619+0000] {logging_mixin.py:137} INFO - [2023-02-02T01:23:34.619+0000] {dag.py:2690} INFO - Sync 2 DAGs
[2023-02-02T01:23:34.636+0000] {logging_mixin.py:137} INFO - [2023-02-02T01:23:34.636+0000] {dag.py:3441} INFO - Setting next_dagrun for example_external_task_marker_child to None, run_after=None
[2023-02-02T01:23:34.639+0000] {logging_mixin.py:137} INFO - [2023-02-02T01:23:34.639+0000] {dag.py:3441} INFO - Setting next_dagrun for example_external_task_marker_parent to None, run_after=None
[2023-02-02T01:23:34.650+0000] {processor.py:175} INFO - Processing /home/airflow/.local/lib/python3.7/site-packages/airflow/example_dags/example_external_task_marker_dag.py took 0.065 seconds
[2023-02-02T01:24:05.450+0000] {processor.py:153} INFO - Started process (PID=2136) to work on /home/airflow/.local/lib/python3.7/site-packages/airflow/example_dags/example_external_task_marker_dag.py
[2023-02-02T01:24:05.450+0000] {processor.py:743} INFO - Processing file /home/airflow/.local/lib/python3.7/site-packages/airflow/example_dags/example_external_task_marker_dag.py for tasks to queue
[2023-02-02T01:24:05.451+0000] {logging_mixin.py:137} INFO - [2023-02-02T01:24:05.451+0000] {dagbag.py:538} INFO - Filling up the DagBag from /home/airflow/.local/lib/python3.7/site-packages/airflow/example_dags/example_external_task_marker_dag.py
[2023-02-02T01:24:05.467+0000] {processor.py:753} INFO - DAG(s) dict_keys(['example_external_task_marker_parent', 'example_external_task_marker_child']) retrieved from /home/airflow/.local/lib/python3.7/site-packages/airflow/example_dags/example_external_task_marker_dag.py
[2023-02-02T01:24:05.487+0000] {logging_mixin.py:137} INFO - [2023-02-02T01:24:05.487+0000] {dag.py:2690} INFO - Sync 2 DAGs
[2023-02-02T01:24:05.507+0000] {logging_mixin.py:137} INFO - [2023-02-02T01:24:05.506+0000] {dag.py:3441} INFO - Setting next_dagrun for example_external_task_marker_child to None, run_after=None
[2023-02-02T01:24:05.509+0000] {logging_mixin.py:137} INFO - [2023-02-02T01:24:05.509+0000] {dag.py:3441} INFO - Setting next_dagrun for example_external_task_marker_parent to None, run_after=None
[2023-02-02T01:24:05.520+0000] {processor.py:175} INFO - Processing /home/airflow/.local/lib/python3.7/site-packages/airflow/example_dags/example_external_task_marker_dag.py took 0.072 seconds
[2023-02-02T01:24:36.137+0000] {processor.py:153} INFO - Started process (PID=2207) to work on /home/airflow/.local/lib/python3.7/site-packages/airflow/example_dags/example_external_task_marker_dag.py
[2023-02-02T01:24:36.137+0000] {processor.py:743} INFO - Processing file /home/airflow/.local/lib/python3.7/site-packages/airflow/example_dags/example_external_task_marker_dag.py for tasks to queue
[2023-02-02T01:24:36.138+0000] {logging_mixin.py:137} INFO - [2023-02-02T01:24:36.138+0000] {dagbag.py:538} INFO - Filling up the DagBag from /home/airflow/.local/lib/python3.7/site-packages/airflow/example_dags/example_external_task_marker_dag.py
[2023-02-02T01:24:36.149+0000] {processor.py:753} INFO - DAG(s) dict_keys(['example_external_task_marker_parent', 'example_external_task_marker_child']) retrieved from /home/airflow/.local/lib/python3.7/site-packages/airflow/example_dags/example_external_task_marker_dag.py
[2023-02-02T01:24:36.171+0000] {logging_mixin.py:137} INFO - [2023-02-02T01:24:36.171+0000] {dag.py:2690} INFO - Sync 2 DAGs
[2023-02-02T01:24:36.193+0000] {logging_mixin.py:137} INFO - [2023-02-02T01:24:36.192+0000] {dag.py:3441} INFO - Setting next_dagrun for example_external_task_marker_child to None, run_after=None
[2023-02-02T01:24:36.195+0000] {logging_mixin.py:137} INFO - [2023-02-02T01:24:36.195+0000] {dag.py:3441} INFO - Setting next_dagrun for example_external_task_marker_parent to None, run_after=None
[2023-02-02T01:24:36.208+0000] {processor.py:175} INFO - Processing /home/airflow/.local/lib/python3.7/site-packages/airflow/example_dags/example_external_task_marker_dag.py took 0.074 seconds
[2023-02-02T01:25:06.832+0000] {processor.py:153} INFO - Started process (PID=2294) to work on /home/airflow/.local/lib/python3.7/site-packages/airflow/example_dags/example_external_task_marker_dag.py
[2023-02-02T01:25:06.833+0000] {processor.py:743} INFO - Processing file /home/airflow/.local/lib/python3.7/site-packages/airflow/example_dags/example_external_task_marker_dag.py for tasks to queue
[2023-02-02T01:25:06.833+0000] {logging_mixin.py:137} INFO - [2023-02-02T01:25:06.833+0000] {dagbag.py:538} INFO - Filling up the DagBag from /home/airflow/.local/lib/python3.7/site-packages/airflow/example_dags/example_external_task_marker_dag.py
[2023-02-02T01:25:06.843+0000] {processor.py:753} INFO - DAG(s) dict_keys(['example_external_task_marker_parent', 'example_external_task_marker_child']) retrieved from /home/airflow/.local/lib/python3.7/site-packages/airflow/example_dags/example_external_task_marker_dag.py
[2023-02-02T01:25:06.862+0000] {logging_mixin.py:137} INFO - [2023-02-02T01:25:06.862+0000] {dag.py:2690} INFO - Sync 2 DAGs
[2023-02-02T01:25:06.881+0000] {logging_mixin.py:137} INFO - [2023-02-02T01:25:06.881+0000] {dag.py:3441} INFO - Setting next_dagrun for example_external_task_marker_child to None, run_after=None
[2023-02-02T01:25:06.883+0000] {logging_mixin.py:137} INFO - [2023-02-02T01:25:06.883+0000] {dag.py:3441} INFO - Setting next_dagrun for example_external_task_marker_parent to None, run_after=None
[2023-02-02T01:25:06.894+0000] {processor.py:175} INFO - Processing /home/airflow/.local/lib/python3.7/site-packages/airflow/example_dags/example_external_task_marker_dag.py took 0.065 seconds
