[2023-02-02T01:11:15.805+0000] {processor.py:153} INFO - Started process (PID=70) to work on /home/airflow/.local/lib/python3.7/site-packages/airflow/example_dags/example_bash_operator.py
[2023-02-02T01:11:15.806+0000] {processor.py:743} INFO - Processing file /home/airflow/.local/lib/python3.7/site-packages/airflow/example_dags/example_bash_operator.py for tasks to queue
[2023-02-02T01:11:15.806+0000] {logging_mixin.py:137} INFO - [2023-02-02T01:11:15.806+0000] {dagbag.py:538} INFO - Filling up the DagBag from /home/airflow/.local/lib/python3.7/site-packages/airflow/example_dags/example_bash_operator.py
[2023-02-02T01:11:15.825+0000] {processor.py:753} INFO - DAG(s) dict_keys(['example_bash_operator']) retrieved from /home/airflow/.local/lib/python3.7/site-packages/airflow/example_dags/example_bash_operator.py
[2023-02-02T01:11:15.834+0000] {logging_mixin.py:137} INFO - [2023-02-02T01:11:15.834+0000] {dag.py:2690} INFO - Sync 1 DAGs
[2023-02-02T01:11:15.854+0000] {logging_mixin.py:137} INFO - [2023-02-02T01:11:15.853+0000] {dag.py:3441} INFO - Setting next_dagrun for example_bash_operator to 2023-02-01T00:00:00+00:00, run_after=2023-02-02T00:00:00+00:00
[2023-02-02T01:11:15.866+0000] {processor.py:175} INFO - Processing /home/airflow/.local/lib/python3.7/site-packages/airflow/example_dags/example_bash_operator.py took 0.063 seconds
[2023-02-02T01:11:46.616+0000] {processor.py:153} INFO - Started process (PID=157) to work on /home/airflow/.local/lib/python3.7/site-packages/airflow/example_dags/example_bash_operator.py
[2023-02-02T01:11:46.617+0000] {processor.py:743} INFO - Processing file /home/airflow/.local/lib/python3.7/site-packages/airflow/example_dags/example_bash_operator.py for tasks to queue
[2023-02-02T01:11:46.617+0000] {logging_mixin.py:137} INFO - [2023-02-02T01:11:46.617+0000] {dagbag.py:538} INFO - Filling up the DagBag from /home/airflow/.local/lib/python3.7/site-packages/airflow/example_dags/example_bash_operator.py
[2023-02-02T01:11:46.631+0000] {processor.py:753} INFO - DAG(s) dict_keys(['example_bash_operator']) retrieved from /home/airflow/.local/lib/python3.7/site-packages/airflow/example_dags/example_bash_operator.py
[2023-02-02T01:11:46.663+0000] {logging_mixin.py:137} INFO - [2023-02-02T01:11:46.663+0000] {dag.py:2690} INFO - Sync 1 DAGs
[2023-02-02T01:11:46.686+0000] {logging_mixin.py:137} INFO - [2023-02-02T01:11:46.686+0000] {dag.py:3441} INFO - Setting next_dagrun for example_bash_operator to 2023-02-01T00:00:00+00:00, run_after=2023-02-02T00:00:00+00:00
[2023-02-02T01:11:46.700+0000] {processor.py:175} INFO - Processing /home/airflow/.local/lib/python3.7/site-packages/airflow/example_dags/example_bash_operator.py took 0.087 seconds
[2023-02-02T01:12:17.488+0000] {processor.py:153} INFO - Started process (PID=244) to work on /home/airflow/.local/lib/python3.7/site-packages/airflow/example_dags/example_bash_operator.py
[2023-02-02T01:12:17.489+0000] {processor.py:743} INFO - Processing file /home/airflow/.local/lib/python3.7/site-packages/airflow/example_dags/example_bash_operator.py for tasks to queue
[2023-02-02T01:12:17.489+0000] {logging_mixin.py:137} INFO - [2023-02-02T01:12:17.489+0000] {dagbag.py:538} INFO - Filling up the DagBag from /home/airflow/.local/lib/python3.7/site-packages/airflow/example_dags/example_bash_operator.py
[2023-02-02T01:12:17.507+0000] {processor.py:753} INFO - DAG(s) dict_keys(['example_bash_operator']) retrieved from /home/airflow/.local/lib/python3.7/site-packages/airflow/example_dags/example_bash_operator.py
[2023-02-02T01:12:17.532+0000] {logging_mixin.py:137} INFO - [2023-02-02T01:12:17.532+0000] {dag.py:2690} INFO - Sync 1 DAGs
[2023-02-02T01:12:17.550+0000] {logging_mixin.py:137} INFO - [2023-02-02T01:12:17.550+0000] {dag.py:3441} INFO - Setting next_dagrun for example_bash_operator to 2023-02-01T00:00:00+00:00, run_after=2023-02-02T00:00:00+00:00
[2023-02-02T01:12:17.562+0000] {processor.py:175} INFO - Processing /home/airflow/.local/lib/python3.7/site-packages/airflow/example_dags/example_bash_operator.py took 0.076 seconds
[2023-02-02T01:12:48.351+0000] {processor.py:153} INFO - Started process (PID=315) to work on /home/airflow/.local/lib/python3.7/site-packages/airflow/example_dags/example_bash_operator.py
[2023-02-02T01:12:48.352+0000] {processor.py:743} INFO - Processing file /home/airflow/.local/lib/python3.7/site-packages/airflow/example_dags/example_bash_operator.py for tasks to queue
[2023-02-02T01:12:48.353+0000] {logging_mixin.py:137} INFO - [2023-02-02T01:12:48.352+0000] {dagbag.py:538} INFO - Filling up the DagBag from /home/airflow/.local/lib/python3.7/site-packages/airflow/example_dags/example_bash_operator.py
[2023-02-02T01:12:48.375+0000] {processor.py:753} INFO - DAG(s) dict_keys(['example_bash_operator']) retrieved from /home/airflow/.local/lib/python3.7/site-packages/airflow/example_dags/example_bash_operator.py
[2023-02-02T01:12:48.410+0000] {logging_mixin.py:137} INFO - [2023-02-02T01:12:48.409+0000] {dag.py:2690} INFO - Sync 1 DAGs
[2023-02-02T01:12:48.427+0000] {logging_mixin.py:137} INFO - [2023-02-02T01:12:48.427+0000] {dag.py:3441} INFO - Setting next_dagrun for example_bash_operator to 2023-02-01T00:00:00+00:00, run_after=2023-02-02T00:00:00+00:00
[2023-02-02T01:12:48.440+0000] {processor.py:175} INFO - Processing /home/airflow/.local/lib/python3.7/site-packages/airflow/example_dags/example_bash_operator.py took 0.092 seconds
[2023-02-02T01:13:19.057+0000] {processor.py:153} INFO - Started process (PID=403) to work on /home/airflow/.local/lib/python3.7/site-packages/airflow/example_dags/example_bash_operator.py
[2023-02-02T01:13:19.058+0000] {processor.py:743} INFO - Processing file /home/airflow/.local/lib/python3.7/site-packages/airflow/example_dags/example_bash_operator.py for tasks to queue
[2023-02-02T01:13:19.059+0000] {logging_mixin.py:137} INFO - [2023-02-02T01:13:19.059+0000] {dagbag.py:538} INFO - Filling up the DagBag from /home/airflow/.local/lib/python3.7/site-packages/airflow/example_dags/example_bash_operator.py
[2023-02-02T01:13:19.079+0000] {processor.py:753} INFO - DAG(s) dict_keys(['example_bash_operator']) retrieved from /home/airflow/.local/lib/python3.7/site-packages/airflow/example_dags/example_bash_operator.py
[2023-02-02T01:13:19.105+0000] {logging_mixin.py:137} INFO - [2023-02-02T01:13:19.105+0000] {dag.py:2690} INFO - Sync 1 DAGs
[2023-02-02T01:13:19.124+0000] {logging_mixin.py:137} INFO - [2023-02-02T01:13:19.124+0000] {dag.py:3441} INFO - Setting next_dagrun for example_bash_operator to 2023-02-01T00:00:00+00:00, run_after=2023-02-02T00:00:00+00:00
[2023-02-02T01:13:19.138+0000] {processor.py:175} INFO - Processing /home/airflow/.local/lib/python3.7/site-packages/airflow/example_dags/example_bash_operator.py took 0.082 seconds
[2023-02-02T01:13:49.782+0000] {processor.py:153} INFO - Started process (PID=489) to work on /home/airflow/.local/lib/python3.7/site-packages/airflow/example_dags/example_bash_operator.py
[2023-02-02T01:13:49.783+0000] {processor.py:743} INFO - Processing file /home/airflow/.local/lib/python3.7/site-packages/airflow/example_dags/example_bash_operator.py for tasks to queue
[2023-02-02T01:13:49.783+0000] {logging_mixin.py:137} INFO - [2023-02-02T01:13:49.783+0000] {dagbag.py:538} INFO - Filling up the DagBag from /home/airflow/.local/lib/python3.7/site-packages/airflow/example_dags/example_bash_operator.py
[2023-02-02T01:13:49.801+0000] {processor.py:753} INFO - DAG(s) dict_keys(['example_bash_operator']) retrieved from /home/airflow/.local/lib/python3.7/site-packages/airflow/example_dags/example_bash_operator.py
[2023-02-02T01:13:49.827+0000] {logging_mixin.py:137} INFO - [2023-02-02T01:13:49.827+0000] {dag.py:2690} INFO - Sync 1 DAGs
[2023-02-02T01:13:49.846+0000] {logging_mixin.py:137} INFO - [2023-02-02T01:13:49.846+0000] {dag.py:3441} INFO - Setting next_dagrun for example_bash_operator to 2023-02-01T00:00:00+00:00, run_after=2023-02-02T00:00:00+00:00
[2023-02-02T01:13:49.859+0000] {processor.py:175} INFO - Processing /home/airflow/.local/lib/python3.7/site-packages/airflow/example_dags/example_bash_operator.py took 0.078 seconds
[2023-02-02T01:14:20.528+0000] {processor.py:153} INFO - Started process (PID=561) to work on /home/airflow/.local/lib/python3.7/site-packages/airflow/example_dags/example_bash_operator.py
[2023-02-02T01:14:20.528+0000] {processor.py:743} INFO - Processing file /home/airflow/.local/lib/python3.7/site-packages/airflow/example_dags/example_bash_operator.py for tasks to queue
[2023-02-02T01:14:20.529+0000] {logging_mixin.py:137} INFO - [2023-02-02T01:14:20.529+0000] {dagbag.py:538} INFO - Filling up the DagBag from /home/airflow/.local/lib/python3.7/site-packages/airflow/example_dags/example_bash_operator.py
[2023-02-02T01:14:20.547+0000] {processor.py:753} INFO - DAG(s) dict_keys(['example_bash_operator']) retrieved from /home/airflow/.local/lib/python3.7/site-packages/airflow/example_dags/example_bash_operator.py
[2023-02-02T01:14:20.574+0000] {logging_mixin.py:137} INFO - [2023-02-02T01:14:20.574+0000] {dag.py:2690} INFO - Sync 1 DAGs
[2023-02-02T01:14:20.592+0000] {logging_mixin.py:137} INFO - [2023-02-02T01:14:20.592+0000] {dag.py:3441} INFO - Setting next_dagrun for example_bash_operator to 2023-02-01T00:00:00+00:00, run_after=2023-02-02T00:00:00+00:00
[2023-02-02T01:14:20.605+0000] {processor.py:175} INFO - Processing /home/airflow/.local/lib/python3.7/site-packages/airflow/example_dags/example_bash_operator.py took 0.080 seconds
[2023-02-02T01:14:51.246+0000] {processor.py:153} INFO - Started process (PID=647) to work on /home/airflow/.local/lib/python3.7/site-packages/airflow/example_dags/example_bash_operator.py
[2023-02-02T01:14:51.247+0000] {processor.py:743} INFO - Processing file /home/airflow/.local/lib/python3.7/site-packages/airflow/example_dags/example_bash_operator.py for tasks to queue
[2023-02-02T01:14:51.247+0000] {logging_mixin.py:137} INFO - [2023-02-02T01:14:51.247+0000] {dagbag.py:538} INFO - Filling up the DagBag from /home/airflow/.local/lib/python3.7/site-packages/airflow/example_dags/example_bash_operator.py
[2023-02-02T01:14:51.263+0000] {processor.py:753} INFO - DAG(s) dict_keys(['example_bash_operator']) retrieved from /home/airflow/.local/lib/python3.7/site-packages/airflow/example_dags/example_bash_operator.py
[2023-02-02T01:14:51.289+0000] {logging_mixin.py:137} INFO - [2023-02-02T01:14:51.289+0000] {dag.py:2690} INFO - Sync 1 DAGs
[2023-02-02T01:14:51.307+0000] {logging_mixin.py:137} INFO - [2023-02-02T01:14:51.307+0000] {dag.py:3441} INFO - Setting next_dagrun for example_bash_operator to 2023-02-01T00:00:00+00:00, run_after=2023-02-02T00:00:00+00:00
[2023-02-02T01:14:51.319+0000] {processor.py:175} INFO - Processing /home/airflow/.local/lib/python3.7/site-packages/airflow/example_dags/example_bash_operator.py took 0.075 seconds
[2023-02-02T01:15:21.950+0000] {processor.py:153} INFO - Started process (PID=734) to work on /home/airflow/.local/lib/python3.7/site-packages/airflow/example_dags/example_bash_operator.py
[2023-02-02T01:15:21.950+0000] {processor.py:743} INFO - Processing file /home/airflow/.local/lib/python3.7/site-packages/airflow/example_dags/example_bash_operator.py for tasks to queue
[2023-02-02T01:15:21.951+0000] {logging_mixin.py:137} INFO - [2023-02-02T01:15:21.951+0000] {dagbag.py:538} INFO - Filling up the DagBag from /home/airflow/.local/lib/python3.7/site-packages/airflow/example_dags/example_bash_operator.py
[2023-02-02T01:15:21.972+0000] {processor.py:753} INFO - DAG(s) dict_keys(['example_bash_operator']) retrieved from /home/airflow/.local/lib/python3.7/site-packages/airflow/example_dags/example_bash_operator.py
[2023-02-02T01:15:22.003+0000] {logging_mixin.py:137} INFO - [2023-02-02T01:15:22.003+0000] {dag.py:2690} INFO - Sync 1 DAGs
[2023-02-02T01:15:22.029+0000] {logging_mixin.py:137} INFO - [2023-02-02T01:15:22.028+0000] {dag.py:3441} INFO - Setting next_dagrun for example_bash_operator to 2023-02-01T00:00:00+00:00, run_after=2023-02-02T00:00:00+00:00
[2023-02-02T01:15:22.042+0000] {processor.py:175} INFO - Processing /home/airflow/.local/lib/python3.7/site-packages/airflow/example_dags/example_bash_operator.py took 0.096 seconds
[2023-02-02T01:15:52.787+0000] {processor.py:153} INFO - Started process (PID=814) to work on /home/airflow/.local/lib/python3.7/site-packages/airflow/example_dags/example_bash_operator.py
[2023-02-02T01:15:52.788+0000] {processor.py:743} INFO - Processing file /home/airflow/.local/lib/python3.7/site-packages/airflow/example_dags/example_bash_operator.py for tasks to queue
[2023-02-02T01:15:52.789+0000] {logging_mixin.py:137} INFO - [2023-02-02T01:15:52.789+0000] {dagbag.py:538} INFO - Filling up the DagBag from /home/airflow/.local/lib/python3.7/site-packages/airflow/example_dags/example_bash_operator.py
[2023-02-02T01:15:52.804+0000] {processor.py:753} INFO - DAG(s) dict_keys(['example_bash_operator']) retrieved from /home/airflow/.local/lib/python3.7/site-packages/airflow/example_dags/example_bash_operator.py
[2023-02-02T01:15:52.842+0000] {logging_mixin.py:137} INFO - [2023-02-02T01:15:52.841+0000] {dag.py:2690} INFO - Sync 1 DAGs
[2023-02-02T01:15:52.868+0000] {logging_mixin.py:137} INFO - [2023-02-02T01:15:52.868+0000] {dag.py:3441} INFO - Setting next_dagrun for example_bash_operator to 2023-02-01T00:00:00+00:00, run_after=2023-02-02T00:00:00+00:00
[2023-02-02T01:15:52.883+0000] {processor.py:175} INFO - Processing /home/airflow/.local/lib/python3.7/site-packages/airflow/example_dags/example_bash_operator.py took 0.097 seconds
[2023-02-02T01:16:23.618+0000] {processor.py:153} INFO - Started process (PID=892) to work on /home/airflow/.local/lib/python3.7/site-packages/airflow/example_dags/example_bash_operator.py
[2023-02-02T01:16:23.619+0000] {processor.py:743} INFO - Processing file /home/airflow/.local/lib/python3.7/site-packages/airflow/example_dags/example_bash_operator.py for tasks to queue
[2023-02-02T01:16:23.620+0000] {logging_mixin.py:137} INFO - [2023-02-02T01:16:23.619+0000] {dagbag.py:538} INFO - Filling up the DagBag from /home/airflow/.local/lib/python3.7/site-packages/airflow/example_dags/example_bash_operator.py
[2023-02-02T01:16:23.634+0000] {processor.py:753} INFO - DAG(s) dict_keys(['example_bash_operator']) retrieved from /home/airflow/.local/lib/python3.7/site-packages/airflow/example_dags/example_bash_operator.py
[2023-02-02T01:16:23.660+0000] {logging_mixin.py:137} INFO - [2023-02-02T01:16:23.660+0000] {dag.py:2690} INFO - Sync 1 DAGs
[2023-02-02T01:16:23.685+0000] {logging_mixin.py:137} INFO - [2023-02-02T01:16:23.685+0000] {dag.py:3441} INFO - Setting next_dagrun for example_bash_operator to 2023-02-01T00:00:00+00:00, run_after=2023-02-02T00:00:00+00:00
[2023-02-02T01:16:23.702+0000] {processor.py:175} INFO - Processing /home/airflow/.local/lib/python3.7/site-packages/airflow/example_dags/example_bash_operator.py took 0.086 seconds
[2023-02-02T01:16:54.490+0000] {processor.py:153} INFO - Started process (PID=979) to work on /home/airflow/.local/lib/python3.7/site-packages/airflow/example_dags/example_bash_operator.py
[2023-02-02T01:16:54.491+0000] {processor.py:743} INFO - Processing file /home/airflow/.local/lib/python3.7/site-packages/airflow/example_dags/example_bash_operator.py for tasks to queue
[2023-02-02T01:16:54.491+0000] {logging_mixin.py:137} INFO - [2023-02-02T01:16:54.491+0000] {dagbag.py:538} INFO - Filling up the DagBag from /home/airflow/.local/lib/python3.7/site-packages/airflow/example_dags/example_bash_operator.py
[2023-02-02T01:16:54.508+0000] {processor.py:753} INFO - DAG(s) dict_keys(['example_bash_operator']) retrieved from /home/airflow/.local/lib/python3.7/site-packages/airflow/example_dags/example_bash_operator.py
[2023-02-02T01:16:54.540+0000] {logging_mixin.py:137} INFO - [2023-02-02T01:16:54.540+0000] {dag.py:2690} INFO - Sync 1 DAGs
[2023-02-02T01:16:54.563+0000] {logging_mixin.py:137} INFO - [2023-02-02T01:16:54.562+0000] {dag.py:3441} INFO - Setting next_dagrun for example_bash_operator to 2023-02-01T00:00:00+00:00, run_after=2023-02-02T00:00:00+00:00
[2023-02-02T01:16:54.575+0000] {processor.py:175} INFO - Processing /home/airflow/.local/lib/python3.7/site-packages/airflow/example_dags/example_bash_operator.py took 0.087 seconds
[2023-02-02T01:17:25.326+0000] {processor.py:153} INFO - Started process (PID=1066) to work on /home/airflow/.local/lib/python3.7/site-packages/airflow/example_dags/example_bash_operator.py
[2023-02-02T01:17:25.327+0000] {processor.py:743} INFO - Processing file /home/airflow/.local/lib/python3.7/site-packages/airflow/example_dags/example_bash_operator.py for tasks to queue
[2023-02-02T01:17:25.327+0000] {logging_mixin.py:137} INFO - [2023-02-02T01:17:25.327+0000] {dagbag.py:538} INFO - Filling up the DagBag from /home/airflow/.local/lib/python3.7/site-packages/airflow/example_dags/example_bash_operator.py
[2023-02-02T01:17:25.349+0000] {processor.py:753} INFO - DAG(s) dict_keys(['example_bash_operator']) retrieved from /home/airflow/.local/lib/python3.7/site-packages/airflow/example_dags/example_bash_operator.py
[2023-02-02T01:17:25.377+0000] {logging_mixin.py:137} INFO - [2023-02-02T01:17:25.377+0000] {dag.py:2690} INFO - Sync 1 DAGs
[2023-02-02T01:17:25.400+0000] {logging_mixin.py:137} INFO - [2023-02-02T01:17:25.400+0000] {dag.py:3441} INFO - Setting next_dagrun for example_bash_operator to 2023-02-01T00:00:00+00:00, run_after=2023-02-02T00:00:00+00:00
[2023-02-02T01:17:25.416+0000] {processor.py:175} INFO - Processing /home/airflow/.local/lib/python3.7/site-packages/airflow/example_dags/example_bash_operator.py took 0.093 seconds
[2023-02-02T01:17:56.130+0000] {processor.py:153} INFO - Started process (PID=1137) to work on /home/airflow/.local/lib/python3.7/site-packages/airflow/example_dags/example_bash_operator.py
[2023-02-02T01:17:56.131+0000] {processor.py:743} INFO - Processing file /home/airflow/.local/lib/python3.7/site-packages/airflow/example_dags/example_bash_operator.py for tasks to queue
[2023-02-02T01:17:56.131+0000] {logging_mixin.py:137} INFO - [2023-02-02T01:17:56.131+0000] {dagbag.py:538} INFO - Filling up the DagBag from /home/airflow/.local/lib/python3.7/site-packages/airflow/example_dags/example_bash_operator.py
[2023-02-02T01:17:56.145+0000] {processor.py:753} INFO - DAG(s) dict_keys(['example_bash_operator']) retrieved from /home/airflow/.local/lib/python3.7/site-packages/airflow/example_dags/example_bash_operator.py
[2023-02-02T01:17:56.169+0000] {logging_mixin.py:137} INFO - [2023-02-02T01:17:56.169+0000] {dag.py:2690} INFO - Sync 1 DAGs
[2023-02-02T01:17:56.186+0000] {logging_mixin.py:137} INFO - [2023-02-02T01:17:56.186+0000] {dag.py:3441} INFO - Setting next_dagrun for example_bash_operator to 2023-02-01T00:00:00+00:00, run_after=2023-02-02T00:00:00+00:00
[2023-02-02T01:17:56.198+0000] {processor.py:175} INFO - Processing /home/airflow/.local/lib/python3.7/site-packages/airflow/example_dags/example_bash_operator.py took 0.070 seconds
[2023-02-02T01:18:26.941+0000] {processor.py:153} INFO - Started process (PID=1224) to work on /home/airflow/.local/lib/python3.7/site-packages/airflow/example_dags/example_bash_operator.py
[2023-02-02T01:18:26.942+0000] {processor.py:743} INFO - Processing file /home/airflow/.local/lib/python3.7/site-packages/airflow/example_dags/example_bash_operator.py for tasks to queue
[2023-02-02T01:18:26.942+0000] {logging_mixin.py:137} INFO - [2023-02-02T01:18:26.942+0000] {dagbag.py:538} INFO - Filling up the DagBag from /home/airflow/.local/lib/python3.7/site-packages/airflow/example_dags/example_bash_operator.py
[2023-02-02T01:18:26.958+0000] {processor.py:753} INFO - DAG(s) dict_keys(['example_bash_operator']) retrieved from /home/airflow/.local/lib/python3.7/site-packages/airflow/example_dags/example_bash_operator.py
[2023-02-02T01:18:26.982+0000] {logging_mixin.py:137} INFO - [2023-02-02T01:18:26.982+0000] {dag.py:2690} INFO - Sync 1 DAGs
[2023-02-02T01:18:26.999+0000] {logging_mixin.py:137} INFO - [2023-02-02T01:18:26.998+0000] {dag.py:3441} INFO - Setting next_dagrun for example_bash_operator to 2023-02-01T00:00:00+00:00, run_after=2023-02-02T00:00:00+00:00
[2023-02-02T01:18:27.011+0000] {processor.py:175} INFO - Processing /home/airflow/.local/lib/python3.7/site-packages/airflow/example_dags/example_bash_operator.py took 0.072 seconds
[2023-02-02T01:18:57.762+0000] {processor.py:153} INFO - Started process (PID=1311) to work on /home/airflow/.local/lib/python3.7/site-packages/airflow/example_dags/example_bash_operator.py
[2023-02-02T01:18:57.763+0000] {processor.py:743} INFO - Processing file /home/airflow/.local/lib/python3.7/site-packages/airflow/example_dags/example_bash_operator.py for tasks to queue
[2023-02-02T01:18:57.763+0000] {logging_mixin.py:137} INFO - [2023-02-02T01:18:57.763+0000] {dagbag.py:538} INFO - Filling up the DagBag from /home/airflow/.local/lib/python3.7/site-packages/airflow/example_dags/example_bash_operator.py
[2023-02-02T01:18:57.784+0000] {processor.py:753} INFO - DAG(s) dict_keys(['example_bash_operator']) retrieved from /home/airflow/.local/lib/python3.7/site-packages/airflow/example_dags/example_bash_operator.py
[2023-02-02T01:18:57.814+0000] {logging_mixin.py:137} INFO - [2023-02-02T01:18:57.814+0000] {dag.py:2690} INFO - Sync 1 DAGs
[2023-02-02T01:18:57.839+0000] {logging_mixin.py:137} INFO - [2023-02-02T01:18:57.839+0000] {dag.py:3441} INFO - Setting next_dagrun for example_bash_operator to 2023-02-01T00:00:00+00:00, run_after=2023-02-02T00:00:00+00:00
[2023-02-02T01:18:57.851+0000] {processor.py:175} INFO - Processing /home/airflow/.local/lib/python3.7/site-packages/airflow/example_dags/example_bash_operator.py took 0.092 seconds
[2023-02-02T01:19:28.480+0000] {processor.py:153} INFO - Started process (PID=1382) to work on /home/airflow/.local/lib/python3.7/site-packages/airflow/example_dags/example_bash_operator.py
[2023-02-02T01:19:28.480+0000] {processor.py:743} INFO - Processing file /home/airflow/.local/lib/python3.7/site-packages/airflow/example_dags/example_bash_operator.py for tasks to queue
[2023-02-02T01:19:28.481+0000] {logging_mixin.py:137} INFO - [2023-02-02T01:19:28.481+0000] {dagbag.py:538} INFO - Filling up the DagBag from /home/airflow/.local/lib/python3.7/site-packages/airflow/example_dags/example_bash_operator.py
[2023-02-02T01:19:28.495+0000] {processor.py:753} INFO - DAG(s) dict_keys(['example_bash_operator']) retrieved from /home/airflow/.local/lib/python3.7/site-packages/airflow/example_dags/example_bash_operator.py
[2023-02-02T01:19:28.520+0000] {logging_mixin.py:137} INFO - [2023-02-02T01:19:28.520+0000] {dag.py:2690} INFO - Sync 1 DAGs
[2023-02-02T01:19:28.537+0000] {logging_mixin.py:137} INFO - [2023-02-02T01:19:28.537+0000] {dag.py:3441} INFO - Setting next_dagrun for example_bash_operator to 2023-02-01T00:00:00+00:00, run_after=2023-02-02T00:00:00+00:00
[2023-02-02T01:19:28.553+0000] {processor.py:175} INFO - Processing /home/airflow/.local/lib/python3.7/site-packages/airflow/example_dags/example_bash_operator.py took 0.075 seconds
[2023-02-02T01:19:59.177+0000] {processor.py:153} INFO - Started process (PID=1469) to work on /home/airflow/.local/lib/python3.7/site-packages/airflow/example_dags/example_bash_operator.py
[2023-02-02T01:19:59.178+0000] {processor.py:743} INFO - Processing file /home/airflow/.local/lib/python3.7/site-packages/airflow/example_dags/example_bash_operator.py for tasks to queue
[2023-02-02T01:19:59.178+0000] {logging_mixin.py:137} INFO - [2023-02-02T01:19:59.178+0000] {dagbag.py:538} INFO - Filling up the DagBag from /home/airflow/.local/lib/python3.7/site-packages/airflow/example_dags/example_bash_operator.py
[2023-02-02T01:19:59.195+0000] {processor.py:753} INFO - DAG(s) dict_keys(['example_bash_operator']) retrieved from /home/airflow/.local/lib/python3.7/site-packages/airflow/example_dags/example_bash_operator.py
[2023-02-02T01:19:59.221+0000] {logging_mixin.py:137} INFO - [2023-02-02T01:19:59.221+0000] {dag.py:2690} INFO - Sync 1 DAGs
[2023-02-02T01:19:59.239+0000] {logging_mixin.py:137} INFO - [2023-02-02T01:19:59.239+0000] {dag.py:3441} INFO - Setting next_dagrun for example_bash_operator to 2023-02-01T00:00:00+00:00, run_after=2023-02-02T00:00:00+00:00
[2023-02-02T01:19:59.250+0000] {processor.py:175} INFO - Processing /home/airflow/.local/lib/python3.7/site-packages/airflow/example_dags/example_bash_operator.py took 0.075 seconds
[2023-02-02T01:20:30.001+0000] {processor.py:153} INFO - Started process (PID=1556) to work on /home/airflow/.local/lib/python3.7/site-packages/airflow/example_dags/example_bash_operator.py
[2023-02-02T01:20:30.001+0000] {processor.py:743} INFO - Processing file /home/airflow/.local/lib/python3.7/site-packages/airflow/example_dags/example_bash_operator.py for tasks to queue
[2023-02-02T01:20:30.002+0000] {logging_mixin.py:137} INFO - [2023-02-02T01:20:30.002+0000] {dagbag.py:538} INFO - Filling up the DagBag from /home/airflow/.local/lib/python3.7/site-packages/airflow/example_dags/example_bash_operator.py
[2023-02-02T01:20:30.031+0000] {processor.py:753} INFO - DAG(s) dict_keys(['example_bash_operator']) retrieved from /home/airflow/.local/lib/python3.7/site-packages/airflow/example_dags/example_bash_operator.py
[2023-02-02T01:20:30.059+0000] {logging_mixin.py:137} INFO - [2023-02-02T01:20:30.059+0000] {dag.py:2690} INFO - Sync 1 DAGs
[2023-02-02T01:20:30.078+0000] {logging_mixin.py:137} INFO - [2023-02-02T01:20:30.077+0000] {dag.py:3441} INFO - Setting next_dagrun for example_bash_operator to 2023-02-01T00:00:00+00:00, run_after=2023-02-02T00:00:00+00:00
[2023-02-02T01:20:30.092+0000] {processor.py:175} INFO - Processing /home/airflow/.local/lib/python3.7/site-packages/airflow/example_dags/example_bash_operator.py took 0.094 seconds
[2023-02-02T01:21:00.692+0000] {processor.py:153} INFO - Started process (PID=1627) to work on /home/airflow/.local/lib/python3.7/site-packages/airflow/example_dags/example_bash_operator.py
[2023-02-02T01:21:00.693+0000] {processor.py:743} INFO - Processing file /home/airflow/.local/lib/python3.7/site-packages/airflow/example_dags/example_bash_operator.py for tasks to queue
[2023-02-02T01:21:00.693+0000] {logging_mixin.py:137} INFO - [2023-02-02T01:21:00.693+0000] {dagbag.py:538} INFO - Filling up the DagBag from /home/airflow/.local/lib/python3.7/site-packages/airflow/example_dags/example_bash_operator.py
[2023-02-02T01:21:00.712+0000] {processor.py:753} INFO - DAG(s) dict_keys(['example_bash_operator']) retrieved from /home/airflow/.local/lib/python3.7/site-packages/airflow/example_dags/example_bash_operator.py
[2023-02-02T01:21:00.738+0000] {logging_mixin.py:137} INFO - [2023-02-02T01:21:00.738+0000] {dag.py:2690} INFO - Sync 1 DAGs
[2023-02-02T01:21:00.756+0000] {logging_mixin.py:137} INFO - [2023-02-02T01:21:00.756+0000] {dag.py:3441} INFO - Setting next_dagrun for example_bash_operator to 2023-02-01T00:00:00+00:00, run_after=2023-02-02T00:00:00+00:00
[2023-02-02T01:21:00.768+0000] {processor.py:175} INFO - Processing /home/airflow/.local/lib/python3.7/site-packages/airflow/example_dags/example_bash_operator.py took 0.079 seconds
[2023-02-02T01:21:31.419+0000] {processor.py:153} INFO - Started process (PID=1714) to work on /home/airflow/.local/lib/python3.7/site-packages/airflow/example_dags/example_bash_operator.py
[2023-02-02T01:21:31.419+0000] {processor.py:743} INFO - Processing file /home/airflow/.local/lib/python3.7/site-packages/airflow/example_dags/example_bash_operator.py for tasks to queue
[2023-02-02T01:21:31.420+0000] {logging_mixin.py:137} INFO - [2023-02-02T01:21:31.420+0000] {dagbag.py:538} INFO - Filling up the DagBag from /home/airflow/.local/lib/python3.7/site-packages/airflow/example_dags/example_bash_operator.py
[2023-02-02T01:21:31.436+0000] {processor.py:753} INFO - DAG(s) dict_keys(['example_bash_operator']) retrieved from /home/airflow/.local/lib/python3.7/site-packages/airflow/example_dags/example_bash_operator.py
[2023-02-02T01:21:31.462+0000] {logging_mixin.py:137} INFO - [2023-02-02T01:21:31.462+0000] {dag.py:2690} INFO - Sync 1 DAGs
[2023-02-02T01:21:31.478+0000] {logging_mixin.py:137} INFO - [2023-02-02T01:21:31.478+0000] {dag.py:3441} INFO - Setting next_dagrun for example_bash_operator to 2023-02-01T00:00:00+00:00, run_after=2023-02-02T00:00:00+00:00
[2023-02-02T01:21:31.490+0000] {processor.py:175} INFO - Processing /home/airflow/.local/lib/python3.7/site-packages/airflow/example_dags/example_bash_operator.py took 0.074 seconds
[2023-02-02T01:22:02.114+0000] {processor.py:153} INFO - Started process (PID=1801) to work on /home/airflow/.local/lib/python3.7/site-packages/airflow/example_dags/example_bash_operator.py
[2023-02-02T01:22:02.115+0000] {processor.py:743} INFO - Processing file /home/airflow/.local/lib/python3.7/site-packages/airflow/example_dags/example_bash_operator.py for tasks to queue
[2023-02-02T01:22:02.115+0000] {logging_mixin.py:137} INFO - [2023-02-02T01:22:02.115+0000] {dagbag.py:538} INFO - Filling up the DagBag from /home/airflow/.local/lib/python3.7/site-packages/airflow/example_dags/example_bash_operator.py
[2023-02-02T01:22:02.132+0000] {processor.py:753} INFO - DAG(s) dict_keys(['example_bash_operator']) retrieved from /home/airflow/.local/lib/python3.7/site-packages/airflow/example_dags/example_bash_operator.py
[2023-02-02T01:22:02.155+0000] {logging_mixin.py:137} INFO - [2023-02-02T01:22:02.155+0000] {dag.py:2690} INFO - Sync 1 DAGs
[2023-02-02T01:22:02.174+0000] {logging_mixin.py:137} INFO - [2023-02-02T01:22:02.174+0000] {dag.py:3441} INFO - Setting next_dagrun for example_bash_operator to 2023-02-01T00:00:00+00:00, run_after=2023-02-02T00:00:00+00:00
[2023-02-02T01:22:02.186+0000] {processor.py:175} INFO - Processing /home/airflow/.local/lib/python3.7/site-packages/airflow/example_dags/example_bash_operator.py took 0.074 seconds
[2023-02-02T01:22:32.931+0000] {processor.py:153} INFO - Started process (PID=1881) to work on /home/airflow/.local/lib/python3.7/site-packages/airflow/example_dags/example_bash_operator.py
[2023-02-02T01:22:32.934+0000] {processor.py:743} INFO - Processing file /home/airflow/.local/lib/python3.7/site-packages/airflow/example_dags/example_bash_operator.py for tasks to queue
[2023-02-02T01:22:32.934+0000] {logging_mixin.py:137} INFO - [2023-02-02T01:22:32.934+0000] {dagbag.py:538} INFO - Filling up the DagBag from /home/airflow/.local/lib/python3.7/site-packages/airflow/example_dags/example_bash_operator.py
[2023-02-02T01:22:32.952+0000] {processor.py:753} INFO - DAG(s) dict_keys(['example_bash_operator']) retrieved from /home/airflow/.local/lib/python3.7/site-packages/airflow/example_dags/example_bash_operator.py
[2023-02-02T01:22:32.983+0000] {logging_mixin.py:137} INFO - [2023-02-02T01:22:32.983+0000] {dag.py:2690} INFO - Sync 1 DAGs
[2023-02-02T01:22:33.006+0000] {logging_mixin.py:137} INFO - [2023-02-02T01:22:33.005+0000] {dag.py:3441} INFO - Setting next_dagrun for example_bash_operator to 2023-02-01T00:00:00+00:00, run_after=2023-02-02T00:00:00+00:00
[2023-02-02T01:22:33.019+0000] {processor.py:175} INFO - Processing /home/airflow/.local/lib/python3.7/site-packages/airflow/example_dags/example_bash_operator.py took 0.092 seconds
[2023-02-02T01:23:03.668+0000] {processor.py:153} INFO - Started process (PID=1959) to work on /home/airflow/.local/lib/python3.7/site-packages/airflow/example_dags/example_bash_operator.py
[2023-02-02T01:23:03.668+0000] {processor.py:743} INFO - Processing file /home/airflow/.local/lib/python3.7/site-packages/airflow/example_dags/example_bash_operator.py for tasks to queue
[2023-02-02T01:23:03.669+0000] {logging_mixin.py:137} INFO - [2023-02-02T01:23:03.669+0000] {dagbag.py:538} INFO - Filling up the DagBag from /home/airflow/.local/lib/python3.7/site-packages/airflow/example_dags/example_bash_operator.py
[2023-02-02T01:23:03.683+0000] {processor.py:753} INFO - DAG(s) dict_keys(['example_bash_operator']) retrieved from /home/airflow/.local/lib/python3.7/site-packages/airflow/example_dags/example_bash_operator.py
[2023-02-02T01:23:03.706+0000] {logging_mixin.py:137} INFO - [2023-02-02T01:23:03.706+0000] {dag.py:2690} INFO - Sync 1 DAGs
[2023-02-02T01:23:03.722+0000] {logging_mixin.py:137} INFO - [2023-02-02T01:23:03.722+0000] {dag.py:3441} INFO - Setting next_dagrun for example_bash_operator to 2023-02-01T00:00:00+00:00, run_after=2023-02-02T00:00:00+00:00
[2023-02-02T01:23:03.734+0000] {processor.py:175} INFO - Processing /home/airflow/.local/lib/python3.7/site-packages/airflow/example_dags/example_bash_operator.py took 0.069 seconds
[2023-02-02T01:23:34.405+0000] {processor.py:153} INFO - Started process (PID=2046) to work on /home/airflow/.local/lib/python3.7/site-packages/airflow/example_dags/example_bash_operator.py
[2023-02-02T01:23:34.406+0000] {processor.py:743} INFO - Processing file /home/airflow/.local/lib/python3.7/site-packages/airflow/example_dags/example_bash_operator.py for tasks to queue
[2023-02-02T01:23:34.407+0000] {logging_mixin.py:137} INFO - [2023-02-02T01:23:34.407+0000] {dagbag.py:538} INFO - Filling up the DagBag from /home/airflow/.local/lib/python3.7/site-packages/airflow/example_dags/example_bash_operator.py
[2023-02-02T01:23:34.425+0000] {processor.py:753} INFO - DAG(s) dict_keys(['example_bash_operator']) retrieved from /home/airflow/.local/lib/python3.7/site-packages/airflow/example_dags/example_bash_operator.py
[2023-02-02T01:23:34.455+0000] {logging_mixin.py:137} INFO - [2023-02-02T01:23:34.455+0000] {dag.py:2690} INFO - Sync 1 DAGs
[2023-02-02T01:23:34.473+0000] {logging_mixin.py:137} INFO - [2023-02-02T01:23:34.472+0000] {dag.py:3441} INFO - Setting next_dagrun for example_bash_operator to 2023-02-01T00:00:00+00:00, run_after=2023-02-02T00:00:00+00:00
[2023-02-02T01:23:34.484+0000] {processor.py:175} INFO - Processing /home/airflow/.local/lib/python3.7/site-packages/airflow/example_dags/example_bash_operator.py took 0.081 seconds
[2023-02-02T01:24:05.286+0000] {processor.py:153} INFO - Started process (PID=2133) to work on /home/airflow/.local/lib/python3.7/site-packages/airflow/example_dags/example_bash_operator.py
[2023-02-02T01:24:05.287+0000] {processor.py:743} INFO - Processing file /home/airflow/.local/lib/python3.7/site-packages/airflow/example_dags/example_bash_operator.py for tasks to queue
[2023-02-02T01:24:05.287+0000] {logging_mixin.py:137} INFO - [2023-02-02T01:24:05.287+0000] {dagbag.py:538} INFO - Filling up the DagBag from /home/airflow/.local/lib/python3.7/site-packages/airflow/example_dags/example_bash_operator.py
[2023-02-02T01:24:05.302+0000] {processor.py:753} INFO - DAG(s) dict_keys(['example_bash_operator']) retrieved from /home/airflow/.local/lib/python3.7/site-packages/airflow/example_dags/example_bash_operator.py
[2023-02-02T01:24:05.327+0000] {logging_mixin.py:137} INFO - [2023-02-02T01:24:05.327+0000] {dag.py:2690} INFO - Sync 1 DAGs
[2023-02-02T01:24:05.345+0000] {logging_mixin.py:137} INFO - [2023-02-02T01:24:05.345+0000] {dag.py:3441} INFO - Setting next_dagrun for example_bash_operator to 2023-02-01T00:00:00+00:00, run_after=2023-02-02T00:00:00+00:00
[2023-02-02T01:24:05.357+0000] {processor.py:175} INFO - Processing /home/airflow/.local/lib/python3.7/site-packages/airflow/example_dags/example_bash_operator.py took 0.073 seconds
[2023-02-02T01:24:36.023+0000] {processor.py:153} INFO - Started process (PID=2204) to work on /home/airflow/.local/lib/python3.7/site-packages/airflow/example_dags/example_bash_operator.py
[2023-02-02T01:24:36.024+0000] {processor.py:743} INFO - Processing file /home/airflow/.local/lib/python3.7/site-packages/airflow/example_dags/example_bash_operator.py for tasks to queue
[2023-02-02T01:24:36.025+0000] {logging_mixin.py:137} INFO - [2023-02-02T01:24:36.024+0000] {dagbag.py:538} INFO - Filling up the DagBag from /home/airflow/.local/lib/python3.7/site-packages/airflow/example_dags/example_bash_operator.py
[2023-02-02T01:24:36.039+0000] {processor.py:753} INFO - DAG(s) dict_keys(['example_bash_operator']) retrieved from /home/airflow/.local/lib/python3.7/site-packages/airflow/example_dags/example_bash_operator.py
[2023-02-02T01:24:36.064+0000] {logging_mixin.py:137} INFO - [2023-02-02T01:24:36.064+0000] {dag.py:2690} INFO - Sync 1 DAGs
[2023-02-02T01:24:36.081+0000] {logging_mixin.py:137} INFO - [2023-02-02T01:24:36.081+0000] {dag.py:3441} INFO - Setting next_dagrun for example_bash_operator to 2023-02-01T00:00:00+00:00, run_after=2023-02-02T00:00:00+00:00
[2023-02-02T01:24:36.094+0000] {processor.py:175} INFO - Processing /home/airflow/.local/lib/python3.7/site-packages/airflow/example_dags/example_bash_operator.py took 0.072 seconds
[2023-02-02T01:25:06.672+0000] {processor.py:153} INFO - Started process (PID=2291) to work on /home/airflow/.local/lib/python3.7/site-packages/airflow/example_dags/example_bash_operator.py
[2023-02-02T01:25:06.673+0000] {processor.py:743} INFO - Processing file /home/airflow/.local/lib/python3.7/site-packages/airflow/example_dags/example_bash_operator.py for tasks to queue
[2023-02-02T01:25:06.673+0000] {logging_mixin.py:137} INFO - [2023-02-02T01:25:06.673+0000] {dagbag.py:538} INFO - Filling up the DagBag from /home/airflow/.local/lib/python3.7/site-packages/airflow/example_dags/example_bash_operator.py
[2023-02-02T01:25:06.690+0000] {processor.py:753} INFO - DAG(s) dict_keys(['example_bash_operator']) retrieved from /home/airflow/.local/lib/python3.7/site-packages/airflow/example_dags/example_bash_operator.py
[2023-02-02T01:25:06.716+0000] {logging_mixin.py:137} INFO - [2023-02-02T01:25:06.715+0000] {dag.py:2690} INFO - Sync 1 DAGs
[2023-02-02T01:25:06.734+0000] {logging_mixin.py:137} INFO - [2023-02-02T01:25:06.733+0000] {dag.py:3441} INFO - Setting next_dagrun for example_bash_operator to 2023-02-01T00:00:00+00:00, run_after=2023-02-02T00:00:00+00:00
[2023-02-02T01:25:06.747+0000] {processor.py:175} INFO - Processing /home/airflow/.local/lib/python3.7/site-packages/airflow/example_dags/example_bash_operator.py took 0.078 seconds
