[2023-02-02T01:11:15.268+0000] {processor.py:153} INFO - Started process (PID=58) to work on /home/airflow/.local/lib/python3.7/site-packages/airflow/example_dags/example_sla_dag.py
[2023-02-02T01:11:15.268+0000] {processor.py:743} INFO - Processing file /home/airflow/.local/lib/python3.7/site-packages/airflow/example_dags/example_sla_dag.py for tasks to queue
[2023-02-02T01:11:15.269+0000] {logging_mixin.py:137} INFO - [2023-02-02T01:11:15.269+0000] {dagbag.py:538} INFO - Filling up the DagBag from /home/airflow/.local/lib/python3.7/site-packages/airflow/example_dags/example_sla_dag.py
[2023-02-02T01:11:15.292+0000] {processor.py:753} INFO - DAG(s) dict_keys(['example_sla_dag']) retrieved from /home/airflow/.local/lib/python3.7/site-packages/airflow/example_dags/example_sla_dag.py
[2023-02-02T01:11:15.302+0000] {logging_mixin.py:137} INFO - [2023-02-02T01:11:15.302+0000] {dag.py:2690} INFO - Sync 1 DAGs
[2023-02-02T01:11:15.328+0000] {logging_mixin.py:137} INFO - [2023-02-02T01:11:15.328+0000] {dag.py:3441} INFO - Setting next_dagrun for example_sla_dag to 2023-02-02T01:08:00+00:00, run_after=2023-02-02T01:10:00+00:00
[2023-02-02T01:11:15.342+0000] {processor.py:175} INFO - Processing /home/airflow/.local/lib/python3.7/site-packages/airflow/example_dags/example_sla_dag.py took 0.077 seconds
[2023-02-02T01:11:46.032+0000] {processor.py:153} INFO - Started process (PID=145) to work on /home/airflow/.local/lib/python3.7/site-packages/airflow/example_dags/example_sla_dag.py
[2023-02-02T01:11:46.032+0000] {processor.py:743} INFO - Processing file /home/airflow/.local/lib/python3.7/site-packages/airflow/example_dags/example_sla_dag.py for tasks to queue
[2023-02-02T01:11:46.033+0000] {logging_mixin.py:137} INFO - [2023-02-02T01:11:46.033+0000] {dagbag.py:538} INFO - Filling up the DagBag from /home/airflow/.local/lib/python3.7/site-packages/airflow/example_dags/example_sla_dag.py
[2023-02-02T01:11:46.056+0000] {processor.py:753} INFO - DAG(s) dict_keys(['example_sla_dag']) retrieved from /home/airflow/.local/lib/python3.7/site-packages/airflow/example_dags/example_sla_dag.py
[2023-02-02T01:11:46.073+0000] {logging_mixin.py:137} INFO - [2023-02-02T01:11:46.073+0000] {dag.py:2690} INFO - Sync 1 DAGs
[2023-02-02T01:11:46.092+0000] {logging_mixin.py:137} INFO - [2023-02-02T01:11:46.092+0000] {dag.py:3441} INFO - Setting next_dagrun for example_sla_dag to 2023-02-02T01:08:00+00:00, run_after=2023-02-02T01:10:00+00:00
[2023-02-02T01:11:46.104+0000] {processor.py:175} INFO - Processing /home/airflow/.local/lib/python3.7/site-packages/airflow/example_dags/example_sla_dag.py took 0.075 seconds
[2023-02-02T01:12:16.985+0000] {processor.py:153} INFO - Started process (PID=232) to work on /home/airflow/.local/lib/python3.7/site-packages/airflow/example_dags/example_sla_dag.py
[2023-02-02T01:12:16.985+0000] {processor.py:743} INFO - Processing file /home/airflow/.local/lib/python3.7/site-packages/airflow/example_dags/example_sla_dag.py for tasks to queue
[2023-02-02T01:12:16.986+0000] {logging_mixin.py:137} INFO - [2023-02-02T01:12:16.986+0000] {dagbag.py:538} INFO - Filling up the DagBag from /home/airflow/.local/lib/python3.7/site-packages/airflow/example_dags/example_sla_dag.py
[2023-02-02T01:12:17.001+0000] {processor.py:753} INFO - DAG(s) dict_keys(['example_sla_dag']) retrieved from /home/airflow/.local/lib/python3.7/site-packages/airflow/example_dags/example_sla_dag.py
[2023-02-02T01:12:17.017+0000] {logging_mixin.py:137} INFO - [2023-02-02T01:12:17.017+0000] {dag.py:2690} INFO - Sync 1 DAGs
[2023-02-02T01:12:17.036+0000] {logging_mixin.py:137} INFO - [2023-02-02T01:12:17.036+0000] {dag.py:3441} INFO - Setting next_dagrun for example_sla_dag to 2023-02-02T01:10:00+00:00, run_after=2023-02-02T01:12:00+00:00
[2023-02-02T01:12:17.048+0000] {processor.py:175} INFO - Processing /home/airflow/.local/lib/python3.7/site-packages/airflow/example_dags/example_sla_dag.py took 0.065 seconds
[2023-02-02T01:12:47.743+0000] {processor.py:153} INFO - Started process (PID=303) to work on /home/airflow/.local/lib/python3.7/site-packages/airflow/example_dags/example_sla_dag.py
[2023-02-02T01:12:47.744+0000] {processor.py:743} INFO - Processing file /home/airflow/.local/lib/python3.7/site-packages/airflow/example_dags/example_sla_dag.py for tasks to queue
[2023-02-02T01:12:47.745+0000] {logging_mixin.py:137} INFO - [2023-02-02T01:12:47.745+0000] {dagbag.py:538} INFO - Filling up the DagBag from /home/airflow/.local/lib/python3.7/site-packages/airflow/example_dags/example_sla_dag.py
[2023-02-02T01:12:47.763+0000] {processor.py:753} INFO - DAG(s) dict_keys(['example_sla_dag']) retrieved from /home/airflow/.local/lib/python3.7/site-packages/airflow/example_dags/example_sla_dag.py
[2023-02-02T01:12:47.783+0000] {logging_mixin.py:137} INFO - [2023-02-02T01:12:47.783+0000] {dag.py:2690} INFO - Sync 1 DAGs
[2023-02-02T01:12:47.811+0000] {logging_mixin.py:137} INFO - [2023-02-02T01:12:47.810+0000] {dag.py:3441} INFO - Setting next_dagrun for example_sla_dag to 2023-02-02T01:10:00+00:00, run_after=2023-02-02T01:12:00+00:00
[2023-02-02T01:12:47.826+0000] {processor.py:175} INFO - Processing /home/airflow/.local/lib/python3.7/site-packages/airflow/example_dags/example_sla_dag.py took 0.085 seconds
[2023-02-02T01:13:18.521+0000] {processor.py:153} INFO - Started process (PID=390) to work on /home/airflow/.local/lib/python3.7/site-packages/airflow/example_dags/example_sla_dag.py
[2023-02-02T01:13:18.521+0000] {processor.py:743} INFO - Processing file /home/airflow/.local/lib/python3.7/site-packages/airflow/example_dags/example_sla_dag.py for tasks to queue
[2023-02-02T01:13:18.522+0000] {logging_mixin.py:137} INFO - [2023-02-02T01:13:18.522+0000] {dagbag.py:538} INFO - Filling up the DagBag from /home/airflow/.local/lib/python3.7/site-packages/airflow/example_dags/example_sla_dag.py
[2023-02-02T01:13:18.537+0000] {processor.py:753} INFO - DAG(s) dict_keys(['example_sla_dag']) retrieved from /home/airflow/.local/lib/python3.7/site-packages/airflow/example_dags/example_sla_dag.py
[2023-02-02T01:13:18.551+0000] {logging_mixin.py:137} INFO - [2023-02-02T01:13:18.551+0000] {dag.py:2690} INFO - Sync 1 DAGs
[2023-02-02T01:13:18.568+0000] {logging_mixin.py:137} INFO - [2023-02-02T01:13:18.568+0000] {dag.py:3441} INFO - Setting next_dagrun for example_sla_dag to 2023-02-02T01:10:00+00:00, run_after=2023-02-02T01:12:00+00:00
[2023-02-02T01:13:18.579+0000] {processor.py:175} INFO - Processing /home/airflow/.local/lib/python3.7/site-packages/airflow/example_dags/example_sla_dag.py took 0.060 seconds
[2023-02-02T01:13:49.239+0000] {processor.py:153} INFO - Started process (PID=477) to work on /home/airflow/.local/lib/python3.7/site-packages/airflow/example_dags/example_sla_dag.py
[2023-02-02T01:13:49.239+0000] {processor.py:743} INFO - Processing file /home/airflow/.local/lib/python3.7/site-packages/airflow/example_dags/example_sla_dag.py for tasks to queue
[2023-02-02T01:13:49.240+0000] {logging_mixin.py:137} INFO - [2023-02-02T01:13:49.240+0000] {dagbag.py:538} INFO - Filling up the DagBag from /home/airflow/.local/lib/python3.7/site-packages/airflow/example_dags/example_sla_dag.py
[2023-02-02T01:13:49.255+0000] {processor.py:753} INFO - DAG(s) dict_keys(['example_sla_dag']) retrieved from /home/airflow/.local/lib/python3.7/site-packages/airflow/example_dags/example_sla_dag.py
[2023-02-02T01:13:49.271+0000] {logging_mixin.py:137} INFO - [2023-02-02T01:13:49.271+0000] {dag.py:2690} INFO - Sync 1 DAGs
[2023-02-02T01:13:49.292+0000] {logging_mixin.py:137} INFO - [2023-02-02T01:13:49.292+0000] {dag.py:3441} INFO - Setting next_dagrun for example_sla_dag to 2023-02-02T01:10:00+00:00, run_after=2023-02-02T01:12:00+00:00
[2023-02-02T01:13:49.304+0000] {processor.py:175} INFO - Processing /home/airflow/.local/lib/python3.7/site-packages/airflow/example_dags/example_sla_dag.py took 0.067 seconds
[2023-02-02T01:14:19.990+0000] {processor.py:153} INFO - Started process (PID=548) to work on /home/airflow/.local/lib/python3.7/site-packages/airflow/example_dags/example_sla_dag.py
[2023-02-02T01:14:19.991+0000] {processor.py:743} INFO - Processing file /home/airflow/.local/lib/python3.7/site-packages/airflow/example_dags/example_sla_dag.py for tasks to queue
[2023-02-02T01:14:19.992+0000] {logging_mixin.py:137} INFO - [2023-02-02T01:14:19.992+0000] {dagbag.py:538} INFO - Filling up the DagBag from /home/airflow/.local/lib/python3.7/site-packages/airflow/example_dags/example_sla_dag.py
[2023-02-02T01:14:20.009+0000] {processor.py:753} INFO - DAG(s) dict_keys(['example_sla_dag']) retrieved from /home/airflow/.local/lib/python3.7/site-packages/airflow/example_dags/example_sla_dag.py
[2023-02-02T01:14:20.025+0000] {logging_mixin.py:137} INFO - [2023-02-02T01:14:20.025+0000] {dag.py:2690} INFO - Sync 1 DAGs
[2023-02-02T01:14:20.044+0000] {logging_mixin.py:137} INFO - [2023-02-02T01:14:20.044+0000] {dag.py:3441} INFO - Setting next_dagrun for example_sla_dag to 2023-02-02T01:12:00+00:00, run_after=2023-02-02T01:14:00+00:00
[2023-02-02T01:14:20.056+0000] {processor.py:175} INFO - Processing /home/airflow/.local/lib/python3.7/site-packages/airflow/example_dags/example_sla_dag.py took 0.068 seconds
[2023-02-02T01:14:50.682+0000] {processor.py:153} INFO - Started process (PID=635) to work on /home/airflow/.local/lib/python3.7/site-packages/airflow/example_dags/example_sla_dag.py
[2023-02-02T01:14:50.683+0000] {processor.py:743} INFO - Processing file /home/airflow/.local/lib/python3.7/site-packages/airflow/example_dags/example_sla_dag.py for tasks to queue
[2023-02-02T01:14:50.683+0000] {logging_mixin.py:137} INFO - [2023-02-02T01:14:50.683+0000] {dagbag.py:538} INFO - Filling up the DagBag from /home/airflow/.local/lib/python3.7/site-packages/airflow/example_dags/example_sla_dag.py
[2023-02-02T01:14:50.700+0000] {processor.py:753} INFO - DAG(s) dict_keys(['example_sla_dag']) retrieved from /home/airflow/.local/lib/python3.7/site-packages/airflow/example_dags/example_sla_dag.py
[2023-02-02T01:14:50.718+0000] {logging_mixin.py:137} INFO - [2023-02-02T01:14:50.718+0000] {dag.py:2690} INFO - Sync 1 DAGs
[2023-02-02T01:14:50.736+0000] {logging_mixin.py:137} INFO - [2023-02-02T01:14:50.736+0000] {dag.py:3441} INFO - Setting next_dagrun for example_sla_dag to 2023-02-02T01:12:00+00:00, run_after=2023-02-02T01:14:00+00:00
[2023-02-02T01:14:50.748+0000] {processor.py:175} INFO - Processing /home/airflow/.local/lib/python3.7/site-packages/airflow/example_dags/example_sla_dag.py took 0.068 seconds
[2023-02-02T01:15:21.479+0000] {processor.py:153} INFO - Started process (PID=722) to work on /home/airflow/.local/lib/python3.7/site-packages/airflow/example_dags/example_sla_dag.py
[2023-02-02T01:15:21.480+0000] {processor.py:743} INFO - Processing file /home/airflow/.local/lib/python3.7/site-packages/airflow/example_dags/example_sla_dag.py for tasks to queue
[2023-02-02T01:15:21.481+0000] {logging_mixin.py:137} INFO - [2023-02-02T01:15:21.480+0000] {dagbag.py:538} INFO - Filling up the DagBag from /home/airflow/.local/lib/python3.7/site-packages/airflow/example_dags/example_sla_dag.py
[2023-02-02T01:15:21.496+0000] {processor.py:753} INFO - DAG(s) dict_keys(['example_sla_dag']) retrieved from /home/airflow/.local/lib/python3.7/site-packages/airflow/example_dags/example_sla_dag.py
[2023-02-02T01:15:21.517+0000] {logging_mixin.py:137} INFO - [2023-02-02T01:15:21.517+0000] {dag.py:2690} INFO - Sync 1 DAGs
[2023-02-02T01:15:21.537+0000] {logging_mixin.py:137} INFO - [2023-02-02T01:15:21.537+0000] {dag.py:3441} INFO - Setting next_dagrun for example_sla_dag to 2023-02-02T01:12:00+00:00, run_after=2023-02-02T01:14:00+00:00
[2023-02-02T01:15:21.548+0000] {processor.py:175} INFO - Processing /home/airflow/.local/lib/python3.7/site-packages/airflow/example_dags/example_sla_dag.py took 0.071 seconds
[2023-02-02T01:15:52.229+0000] {processor.py:153} INFO - Started process (PID=793) to work on /home/airflow/.local/lib/python3.7/site-packages/airflow/example_dags/example_sla_dag.py
[2023-02-02T01:15:52.230+0000] {processor.py:743} INFO - Processing file /home/airflow/.local/lib/python3.7/site-packages/airflow/example_dags/example_sla_dag.py for tasks to queue
[2023-02-02T01:15:52.230+0000] {logging_mixin.py:137} INFO - [2023-02-02T01:15:52.230+0000] {dagbag.py:538} INFO - Filling up the DagBag from /home/airflow/.local/lib/python3.7/site-packages/airflow/example_dags/example_sla_dag.py
[2023-02-02T01:15:52.249+0000] {processor.py:753} INFO - DAG(s) dict_keys(['example_sla_dag']) retrieved from /home/airflow/.local/lib/python3.7/site-packages/airflow/example_dags/example_sla_dag.py
[2023-02-02T01:15:52.267+0000] {logging_mixin.py:137} INFO - [2023-02-02T01:15:52.267+0000] {dag.py:2690} INFO - Sync 1 DAGs
[2023-02-02T01:15:52.288+0000] {logging_mixin.py:137} INFO - [2023-02-02T01:15:52.288+0000] {dag.py:3441} INFO - Setting next_dagrun for example_sla_dag to 2023-02-02T01:12:00+00:00, run_after=2023-02-02T01:14:00+00:00
[2023-02-02T01:15:52.302+0000] {processor.py:175} INFO - Processing /home/airflow/.local/lib/python3.7/site-packages/airflow/example_dags/example_sla_dag.py took 0.075 seconds
[2023-02-02T01:16:23.081+0000] {processor.py:153} INFO - Started process (PID=880) to work on /home/airflow/.local/lib/python3.7/site-packages/airflow/example_dags/example_sla_dag.py
[2023-02-02T01:16:23.082+0000] {processor.py:743} INFO - Processing file /home/airflow/.local/lib/python3.7/site-packages/airflow/example_dags/example_sla_dag.py for tasks to queue
[2023-02-02T01:16:23.082+0000] {logging_mixin.py:137} INFO - [2023-02-02T01:16:23.082+0000] {dagbag.py:538} INFO - Filling up the DagBag from /home/airflow/.local/lib/python3.7/site-packages/airflow/example_dags/example_sla_dag.py
[2023-02-02T01:16:23.102+0000] {processor.py:753} INFO - DAG(s) dict_keys(['example_sla_dag']) retrieved from /home/airflow/.local/lib/python3.7/site-packages/airflow/example_dags/example_sla_dag.py
[2023-02-02T01:16:23.118+0000] {logging_mixin.py:137} INFO - [2023-02-02T01:16:23.118+0000] {dag.py:2690} INFO - Sync 1 DAGs
[2023-02-02T01:16:23.137+0000] {logging_mixin.py:137} INFO - [2023-02-02T01:16:23.137+0000] {dag.py:3441} INFO - Setting next_dagrun for example_sla_dag to 2023-02-02T01:14:00+00:00, run_after=2023-02-02T01:16:00+00:00
[2023-02-02T01:16:23.149+0000] {processor.py:175} INFO - Processing /home/airflow/.local/lib/python3.7/site-packages/airflow/example_dags/example_sla_dag.py took 0.069 seconds
[2023-02-02T01:16:53.937+0000] {processor.py:153} INFO - Started process (PID=967) to work on /home/airflow/.local/lib/python3.7/site-packages/airflow/example_dags/example_sla_dag.py
[2023-02-02T01:16:53.938+0000] {processor.py:743} INFO - Processing file /home/airflow/.local/lib/python3.7/site-packages/airflow/example_dags/example_sla_dag.py for tasks to queue
[2023-02-02T01:16:53.939+0000] {logging_mixin.py:137} INFO - [2023-02-02T01:16:53.939+0000] {dagbag.py:538} INFO - Filling up the DagBag from /home/airflow/.local/lib/python3.7/site-packages/airflow/example_dags/example_sla_dag.py
[2023-02-02T01:16:53.958+0000] {processor.py:753} INFO - DAG(s) dict_keys(['example_sla_dag']) retrieved from /home/airflow/.local/lib/python3.7/site-packages/airflow/example_dags/example_sla_dag.py
[2023-02-02T01:16:53.972+0000] {logging_mixin.py:137} INFO - [2023-02-02T01:16:53.972+0000] {dag.py:2690} INFO - Sync 1 DAGs
[2023-02-02T01:16:53.989+0000] {logging_mixin.py:137} INFO - [2023-02-02T01:16:53.989+0000] {dag.py:3441} INFO - Setting next_dagrun for example_sla_dag to 2023-02-02T01:14:00+00:00, run_after=2023-02-02T01:16:00+00:00
[2023-02-02T01:16:54.001+0000] {processor.py:175} INFO - Processing /home/airflow/.local/lib/python3.7/site-packages/airflow/example_dags/example_sla_dag.py took 0.066 seconds
[2023-02-02T01:17:24.691+0000] {processor.py:153} INFO - Started process (PID=1047) to work on /home/airflow/.local/lib/python3.7/site-packages/airflow/example_dags/example_sla_dag.py
[2023-02-02T01:17:24.692+0000] {processor.py:743} INFO - Processing file /home/airflow/.local/lib/python3.7/site-packages/airflow/example_dags/example_sla_dag.py for tasks to queue
[2023-02-02T01:17:24.693+0000] {logging_mixin.py:137} INFO - [2023-02-02T01:17:24.692+0000] {dagbag.py:538} INFO - Filling up the DagBag from /home/airflow/.local/lib/python3.7/site-packages/airflow/example_dags/example_sla_dag.py
[2023-02-02T01:17:24.715+0000] {processor.py:753} INFO - DAG(s) dict_keys(['example_sla_dag']) retrieved from /home/airflow/.local/lib/python3.7/site-packages/airflow/example_dags/example_sla_dag.py
[2023-02-02T01:17:24.738+0000] {logging_mixin.py:137} INFO - [2023-02-02T01:17:24.738+0000] {dag.py:2690} INFO - Sync 1 DAGs
[2023-02-02T01:17:24.772+0000] {logging_mixin.py:137} INFO - [2023-02-02T01:17:24.772+0000] {dag.py:3441} INFO - Setting next_dagrun for example_sla_dag to 2023-02-02T01:14:00+00:00, run_after=2023-02-02T01:16:00+00:00
[2023-02-02T01:17:24.785+0000] {processor.py:175} INFO - Processing /home/airflow/.local/lib/python3.7/site-packages/airflow/example_dags/example_sla_dag.py took 0.097 seconds
[2023-02-02T01:17:55.666+0000] {processor.py:153} INFO - Started process (PID=1125) to work on /home/airflow/.local/lib/python3.7/site-packages/airflow/example_dags/example_sla_dag.py
[2023-02-02T01:17:55.667+0000] {processor.py:743} INFO - Processing file /home/airflow/.local/lib/python3.7/site-packages/airflow/example_dags/example_sla_dag.py for tasks to queue
[2023-02-02T01:17:55.667+0000] {logging_mixin.py:137} INFO - [2023-02-02T01:17:55.667+0000] {dagbag.py:538} INFO - Filling up the DagBag from /home/airflow/.local/lib/python3.7/site-packages/airflow/example_dags/example_sla_dag.py
[2023-02-02T01:17:55.684+0000] {processor.py:753} INFO - DAG(s) dict_keys(['example_sla_dag']) retrieved from /home/airflow/.local/lib/python3.7/site-packages/airflow/example_dags/example_sla_dag.py
[2023-02-02T01:17:55.701+0000] {logging_mixin.py:137} INFO - [2023-02-02T01:17:55.701+0000] {dag.py:2690} INFO - Sync 1 DAGs
[2023-02-02T01:17:55.722+0000] {logging_mixin.py:137} INFO - [2023-02-02T01:17:55.722+0000] {dag.py:3441} INFO - Setting next_dagrun for example_sla_dag to 2023-02-02T01:14:00+00:00, run_after=2023-02-02T01:16:00+00:00
[2023-02-02T01:17:55.736+0000] {processor.py:175} INFO - Processing /home/airflow/.local/lib/python3.7/site-packages/airflow/example_dags/example_sla_dag.py took 0.073 seconds
[2023-02-02T01:18:26.340+0000] {processor.py:153} INFO - Started process (PID=1212) to work on /home/airflow/.local/lib/python3.7/site-packages/airflow/example_dags/example_sla_dag.py
[2023-02-02T01:18:26.340+0000] {processor.py:743} INFO - Processing file /home/airflow/.local/lib/python3.7/site-packages/airflow/example_dags/example_sla_dag.py for tasks to queue
[2023-02-02T01:18:26.341+0000] {logging_mixin.py:137} INFO - [2023-02-02T01:18:26.341+0000] {dagbag.py:538} INFO - Filling up the DagBag from /home/airflow/.local/lib/python3.7/site-packages/airflow/example_dags/example_sla_dag.py
[2023-02-02T01:18:26.363+0000] {processor.py:753} INFO - DAG(s) dict_keys(['example_sla_dag']) retrieved from /home/airflow/.local/lib/python3.7/site-packages/airflow/example_dags/example_sla_dag.py
[2023-02-02T01:18:26.378+0000] {logging_mixin.py:137} INFO - [2023-02-02T01:18:26.378+0000] {dag.py:2690} INFO - Sync 1 DAGs
[2023-02-02T01:18:26.396+0000] {logging_mixin.py:137} INFO - [2023-02-02T01:18:26.396+0000] {dag.py:3441} INFO - Setting next_dagrun for example_sla_dag to 2023-02-02T01:16:00+00:00, run_after=2023-02-02T01:18:00+00:00
[2023-02-02T01:18:26.408+0000] {processor.py:175} INFO - Processing /home/airflow/.local/lib/python3.7/site-packages/airflow/example_dags/example_sla_dag.py took 0.071 seconds
[2023-02-02T01:18:57.230+0000] {processor.py:153} INFO - Started process (PID=1299) to work on /home/airflow/.local/lib/python3.7/site-packages/airflow/example_dags/example_sla_dag.py
[2023-02-02T01:18:57.230+0000] {processor.py:743} INFO - Processing file /home/airflow/.local/lib/python3.7/site-packages/airflow/example_dags/example_sla_dag.py for tasks to queue
[2023-02-02T01:18:57.231+0000] {logging_mixin.py:137} INFO - [2023-02-02T01:18:57.231+0000] {dagbag.py:538} INFO - Filling up the DagBag from /home/airflow/.local/lib/python3.7/site-packages/airflow/example_dags/example_sla_dag.py
[2023-02-02T01:18:57.247+0000] {processor.py:753} INFO - DAG(s) dict_keys(['example_sla_dag']) retrieved from /home/airflow/.local/lib/python3.7/site-packages/airflow/example_dags/example_sla_dag.py
[2023-02-02T01:18:57.263+0000] {logging_mixin.py:137} INFO - [2023-02-02T01:18:57.263+0000] {dag.py:2690} INFO - Sync 1 DAGs
[2023-02-02T01:18:57.283+0000] {logging_mixin.py:137} INFO - [2023-02-02T01:18:57.283+0000] {dag.py:3441} INFO - Setting next_dagrun for example_sla_dag to 2023-02-02T01:16:00+00:00, run_after=2023-02-02T01:18:00+00:00
[2023-02-02T01:18:57.296+0000] {processor.py:175} INFO - Processing /home/airflow/.local/lib/python3.7/site-packages/airflow/example_dags/example_sla_dag.py took 0.068 seconds
[2023-02-02T01:19:28.031+0000] {processor.py:153} INFO - Started process (PID=1370) to work on /home/airflow/.local/lib/python3.7/site-packages/airflow/example_dags/example_sla_dag.py
[2023-02-02T01:19:28.032+0000] {processor.py:743} INFO - Processing file /home/airflow/.local/lib/python3.7/site-packages/airflow/example_dags/example_sla_dag.py for tasks to queue
[2023-02-02T01:19:28.032+0000] {logging_mixin.py:137} INFO - [2023-02-02T01:19:28.032+0000] {dagbag.py:538} INFO - Filling up the DagBag from /home/airflow/.local/lib/python3.7/site-packages/airflow/example_dags/example_sla_dag.py
[2023-02-02T01:19:28.048+0000] {processor.py:753} INFO - DAG(s) dict_keys(['example_sla_dag']) retrieved from /home/airflow/.local/lib/python3.7/site-packages/airflow/example_dags/example_sla_dag.py
[2023-02-02T01:19:28.063+0000] {logging_mixin.py:137} INFO - [2023-02-02T01:19:28.063+0000] {dag.py:2690} INFO - Sync 1 DAGs
[2023-02-02T01:19:28.083+0000] {logging_mixin.py:137} INFO - [2023-02-02T01:19:28.083+0000] {dag.py:3441} INFO - Setting next_dagrun for example_sla_dag to 2023-02-02T01:16:00+00:00, run_after=2023-02-02T01:18:00+00:00
[2023-02-02T01:19:28.094+0000] {processor.py:175} INFO - Processing /home/airflow/.local/lib/python3.7/site-packages/airflow/example_dags/example_sla_dag.py took 0.065 seconds
[2023-02-02T01:19:58.710+0000] {processor.py:153} INFO - Started process (PID=1457) to work on /home/airflow/.local/lib/python3.7/site-packages/airflow/example_dags/example_sla_dag.py
[2023-02-02T01:19:58.710+0000] {processor.py:743} INFO - Processing file /home/airflow/.local/lib/python3.7/site-packages/airflow/example_dags/example_sla_dag.py for tasks to queue
[2023-02-02T01:19:58.711+0000] {logging_mixin.py:137} INFO - [2023-02-02T01:19:58.711+0000] {dagbag.py:538} INFO - Filling up the DagBag from /home/airflow/.local/lib/python3.7/site-packages/airflow/example_dags/example_sla_dag.py
[2023-02-02T01:19:58.730+0000] {processor.py:753} INFO - DAG(s) dict_keys(['example_sla_dag']) retrieved from /home/airflow/.local/lib/python3.7/site-packages/airflow/example_dags/example_sla_dag.py
[2023-02-02T01:19:58.747+0000] {logging_mixin.py:137} INFO - [2023-02-02T01:19:58.747+0000] {dag.py:2690} INFO - Sync 1 DAGs
[2023-02-02T01:19:58.765+0000] {logging_mixin.py:137} INFO - [2023-02-02T01:19:58.765+0000] {dag.py:3441} INFO - Setting next_dagrun for example_sla_dag to 2023-02-02T01:16:00+00:00, run_after=2023-02-02T01:18:00+00:00
[2023-02-02T01:19:58.777+0000] {processor.py:175} INFO - Processing /home/airflow/.local/lib/python3.7/site-packages/airflow/example_dags/example_sla_dag.py took 0.070 seconds
[2023-02-02T01:20:29.416+0000] {processor.py:153} INFO - Started process (PID=1544) to work on /home/airflow/.local/lib/python3.7/site-packages/airflow/example_dags/example_sla_dag.py
[2023-02-02T01:20:29.417+0000] {processor.py:743} INFO - Processing file /home/airflow/.local/lib/python3.7/site-packages/airflow/example_dags/example_sla_dag.py for tasks to queue
[2023-02-02T01:20:29.418+0000] {logging_mixin.py:137} INFO - [2023-02-02T01:20:29.418+0000] {dagbag.py:538} INFO - Filling up the DagBag from /home/airflow/.local/lib/python3.7/site-packages/airflow/example_dags/example_sla_dag.py
[2023-02-02T01:20:29.437+0000] {processor.py:753} INFO - DAG(s) dict_keys(['example_sla_dag']) retrieved from /home/airflow/.local/lib/python3.7/site-packages/airflow/example_dags/example_sla_dag.py
[2023-02-02T01:20:29.456+0000] {logging_mixin.py:137} INFO - [2023-02-02T01:20:29.456+0000] {dag.py:2690} INFO - Sync 1 DAGs
[2023-02-02T01:20:29.478+0000] {logging_mixin.py:137} INFO - [2023-02-02T01:20:29.478+0000] {dag.py:3441} INFO - Setting next_dagrun for example_sla_dag to 2023-02-02T01:18:00+00:00, run_after=2023-02-02T01:20:00+00:00
[2023-02-02T01:20:29.490+0000] {processor.py:175} INFO - Processing /home/airflow/.local/lib/python3.7/site-packages/airflow/example_dags/example_sla_dag.py took 0.076 seconds
[2023-02-02T01:21:00.239+0000] {processor.py:153} INFO - Started process (PID=1615) to work on /home/airflow/.local/lib/python3.7/site-packages/airflow/example_dags/example_sla_dag.py
[2023-02-02T01:21:00.239+0000] {processor.py:743} INFO - Processing file /home/airflow/.local/lib/python3.7/site-packages/airflow/example_dags/example_sla_dag.py for tasks to queue
[2023-02-02T01:21:00.240+0000] {logging_mixin.py:137} INFO - [2023-02-02T01:21:00.239+0000] {dagbag.py:538} INFO - Filling up the DagBag from /home/airflow/.local/lib/python3.7/site-packages/airflow/example_dags/example_sla_dag.py
[2023-02-02T01:21:00.254+0000] {processor.py:753} INFO - DAG(s) dict_keys(['example_sla_dag']) retrieved from /home/airflow/.local/lib/python3.7/site-packages/airflow/example_dags/example_sla_dag.py
[2023-02-02T01:21:00.271+0000] {logging_mixin.py:137} INFO - [2023-02-02T01:21:00.271+0000] {dag.py:2690} INFO - Sync 1 DAGs
[2023-02-02T01:21:00.290+0000] {logging_mixin.py:137} INFO - [2023-02-02T01:21:00.290+0000] {dag.py:3441} INFO - Setting next_dagrun for example_sla_dag to 2023-02-02T01:18:00+00:00, run_after=2023-02-02T01:20:00+00:00
[2023-02-02T01:21:00.301+0000] {processor.py:175} INFO - Processing /home/airflow/.local/lib/python3.7/site-packages/airflow/example_dags/example_sla_dag.py took 0.064 seconds
[2023-02-02T01:21:30.881+0000] {processor.py:153} INFO - Started process (PID=1702) to work on /home/airflow/.local/lib/python3.7/site-packages/airflow/example_dags/example_sla_dag.py
[2023-02-02T01:21:30.881+0000] {processor.py:743} INFO - Processing file /home/airflow/.local/lib/python3.7/site-packages/airflow/example_dags/example_sla_dag.py for tasks to queue
[2023-02-02T01:21:30.882+0000] {logging_mixin.py:137} INFO - [2023-02-02T01:21:30.882+0000] {dagbag.py:538} INFO - Filling up the DagBag from /home/airflow/.local/lib/python3.7/site-packages/airflow/example_dags/example_sla_dag.py
[2023-02-02T01:21:30.897+0000] {processor.py:753} INFO - DAG(s) dict_keys(['example_sla_dag']) retrieved from /home/airflow/.local/lib/python3.7/site-packages/airflow/example_dags/example_sla_dag.py
[2023-02-02T01:21:30.912+0000] {logging_mixin.py:137} INFO - [2023-02-02T01:21:30.912+0000] {dag.py:2690} INFO - Sync 1 DAGs
[2023-02-02T01:21:30.930+0000] {logging_mixin.py:137} INFO - [2023-02-02T01:21:30.929+0000] {dag.py:3441} INFO - Setting next_dagrun for example_sla_dag to 2023-02-02T01:18:00+00:00, run_after=2023-02-02T01:20:00+00:00
[2023-02-02T01:21:30.954+0000] {processor.py:175} INFO - Processing /home/airflow/.local/lib/python3.7/site-packages/airflow/example_dags/example_sla_dag.py took 0.075 seconds
[2023-02-02T01:22:01.583+0000] {processor.py:153} INFO - Started process (PID=1789) to work on /home/airflow/.local/lib/python3.7/site-packages/airflow/example_dags/example_sla_dag.py
[2023-02-02T01:22:01.583+0000] {processor.py:743} INFO - Processing file /home/airflow/.local/lib/python3.7/site-packages/airflow/example_dags/example_sla_dag.py for tasks to queue
[2023-02-02T01:22:01.584+0000] {logging_mixin.py:137} INFO - [2023-02-02T01:22:01.584+0000] {dagbag.py:538} INFO - Filling up the DagBag from /home/airflow/.local/lib/python3.7/site-packages/airflow/example_dags/example_sla_dag.py
[2023-02-02T01:22:01.600+0000] {processor.py:753} INFO - DAG(s) dict_keys(['example_sla_dag']) retrieved from /home/airflow/.local/lib/python3.7/site-packages/airflow/example_dags/example_sla_dag.py
[2023-02-02T01:22:01.615+0000] {logging_mixin.py:137} INFO - [2023-02-02T01:22:01.615+0000] {dag.py:2690} INFO - Sync 1 DAGs
[2023-02-02T01:22:01.634+0000] {logging_mixin.py:137} INFO - [2023-02-02T01:22:01.634+0000] {dag.py:3441} INFO - Setting next_dagrun for example_sla_dag to 2023-02-02T01:20:00+00:00, run_after=2023-02-02T01:22:00+00:00
[2023-02-02T01:22:01.646+0000] {processor.py:175} INFO - Processing /home/airflow/.local/lib/python3.7/site-packages/airflow/example_dags/example_sla_dag.py took 0.065 seconds
[2023-02-02T01:22:32.256+0000] {processor.py:153} INFO - Started process (PID=1860) to work on /home/airflow/.local/lib/python3.7/site-packages/airflow/example_dags/example_sla_dag.py
[2023-02-02T01:22:32.256+0000] {processor.py:743} INFO - Processing file /home/airflow/.local/lib/python3.7/site-packages/airflow/example_dags/example_sla_dag.py for tasks to queue
[2023-02-02T01:22:32.257+0000] {logging_mixin.py:137} INFO - [2023-02-02T01:22:32.257+0000] {dagbag.py:538} INFO - Filling up the DagBag from /home/airflow/.local/lib/python3.7/site-packages/airflow/example_dags/example_sla_dag.py
[2023-02-02T01:22:32.272+0000] {processor.py:753} INFO - DAG(s) dict_keys(['example_sla_dag']) retrieved from /home/airflow/.local/lib/python3.7/site-packages/airflow/example_dags/example_sla_dag.py
[2023-02-02T01:22:32.287+0000] {logging_mixin.py:137} INFO - [2023-02-02T01:22:32.287+0000] {dag.py:2690} INFO - Sync 1 DAGs
[2023-02-02T01:22:32.308+0000] {logging_mixin.py:137} INFO - [2023-02-02T01:22:32.308+0000] {dag.py:3441} INFO - Setting next_dagrun for example_sla_dag to 2023-02-02T01:20:00+00:00, run_after=2023-02-02T01:22:00+00:00
[2023-02-02T01:22:32.320+0000] {processor.py:175} INFO - Processing /home/airflow/.local/lib/python3.7/site-packages/airflow/example_dags/example_sla_dag.py took 0.066 seconds
[2023-02-02T01:23:03.150+0000] {processor.py:153} INFO - Started process (PID=1947) to work on /home/airflow/.local/lib/python3.7/site-packages/airflow/example_dags/example_sla_dag.py
[2023-02-02T01:23:03.150+0000] {processor.py:743} INFO - Processing file /home/airflow/.local/lib/python3.7/site-packages/airflow/example_dags/example_sla_dag.py for tasks to queue
[2023-02-02T01:23:03.151+0000] {logging_mixin.py:137} INFO - [2023-02-02T01:23:03.151+0000] {dagbag.py:538} INFO - Filling up the DagBag from /home/airflow/.local/lib/python3.7/site-packages/airflow/example_dags/example_sla_dag.py
[2023-02-02T01:23:03.166+0000] {processor.py:753} INFO - DAG(s) dict_keys(['example_sla_dag']) retrieved from /home/airflow/.local/lib/python3.7/site-packages/airflow/example_dags/example_sla_dag.py
[2023-02-02T01:23:03.181+0000] {logging_mixin.py:137} INFO - [2023-02-02T01:23:03.181+0000] {dag.py:2690} INFO - Sync 1 DAGs
[2023-02-02T01:23:03.199+0000] {logging_mixin.py:137} INFO - [2023-02-02T01:23:03.199+0000] {dag.py:3441} INFO - Setting next_dagrun for example_sla_dag to 2023-02-02T01:20:00+00:00, run_after=2023-02-02T01:22:00+00:00
[2023-02-02T01:23:03.210+0000] {processor.py:175} INFO - Processing /home/airflow/.local/lib/python3.7/site-packages/airflow/example_dags/example_sla_dag.py took 0.062 seconds
[2023-02-02T01:23:33.906+0000] {processor.py:153} INFO - Started process (PID=2034) to work on /home/airflow/.local/lib/python3.7/site-packages/airflow/example_dags/example_sla_dag.py
[2023-02-02T01:23:33.906+0000] {processor.py:743} INFO - Processing file /home/airflow/.local/lib/python3.7/site-packages/airflow/example_dags/example_sla_dag.py for tasks to queue
[2023-02-02T01:23:33.907+0000] {logging_mixin.py:137} INFO - [2023-02-02T01:23:33.907+0000] {dagbag.py:538} INFO - Filling up the DagBag from /home/airflow/.local/lib/python3.7/site-packages/airflow/example_dags/example_sla_dag.py
[2023-02-02T01:23:33.927+0000] {processor.py:753} INFO - DAG(s) dict_keys(['example_sla_dag']) retrieved from /home/airflow/.local/lib/python3.7/site-packages/airflow/example_dags/example_sla_dag.py
[2023-02-02T01:23:33.949+0000] {logging_mixin.py:137} INFO - [2023-02-02T01:23:33.949+0000] {dag.py:2690} INFO - Sync 1 DAGs
[2023-02-02T01:23:33.969+0000] {logging_mixin.py:137} INFO - [2023-02-02T01:23:33.969+0000] {dag.py:3441} INFO - Setting next_dagrun for example_sla_dag to 2023-02-02T01:20:00+00:00, run_after=2023-02-02T01:22:00+00:00
[2023-02-02T01:23:33.980+0000] {processor.py:175} INFO - Processing /home/airflow/.local/lib/python3.7/site-packages/airflow/example_dags/example_sla_dag.py took 0.077 seconds
[2023-02-02T01:24:04.680+0000] {processor.py:153} INFO - Started process (PID=2121) to work on /home/airflow/.local/lib/python3.7/site-packages/airflow/example_dags/example_sla_dag.py
[2023-02-02T01:24:04.680+0000] {processor.py:743} INFO - Processing file /home/airflow/.local/lib/python3.7/site-packages/airflow/example_dags/example_sla_dag.py for tasks to queue
[2023-02-02T01:24:04.681+0000] {logging_mixin.py:137} INFO - [2023-02-02T01:24:04.681+0000] {dagbag.py:538} INFO - Filling up the DagBag from /home/airflow/.local/lib/python3.7/site-packages/airflow/example_dags/example_sla_dag.py
[2023-02-02T01:24:04.714+0000] {processor.py:753} INFO - DAG(s) dict_keys(['example_sla_dag']) retrieved from /home/airflow/.local/lib/python3.7/site-packages/airflow/example_dags/example_sla_dag.py
[2023-02-02T01:24:04.755+0000] {logging_mixin.py:137} INFO - [2023-02-02T01:24:04.755+0000] {dag.py:2690} INFO - Sync 1 DAGs
[2023-02-02T01:24:04.801+0000] {logging_mixin.py:137} INFO - [2023-02-02T01:24:04.801+0000] {dag.py:3441} INFO - Setting next_dagrun for example_sla_dag to 2023-02-02T01:22:00+00:00, run_after=2023-02-02T01:24:00+00:00
[2023-02-02T01:24:04.814+0000] {processor.py:175} INFO - Processing /home/airflow/.local/lib/python3.7/site-packages/airflow/example_dags/example_sla_dag.py took 0.137 seconds
[2023-02-02T01:24:35.534+0000] {processor.py:153} INFO - Started process (PID=2192) to work on /home/airflow/.local/lib/python3.7/site-packages/airflow/example_dags/example_sla_dag.py
[2023-02-02T01:24:35.535+0000] {processor.py:743} INFO - Processing file /home/airflow/.local/lib/python3.7/site-packages/airflow/example_dags/example_sla_dag.py for tasks to queue
[2023-02-02T01:24:35.535+0000] {logging_mixin.py:137} INFO - [2023-02-02T01:24:35.535+0000] {dagbag.py:538} INFO - Filling up the DagBag from /home/airflow/.local/lib/python3.7/site-packages/airflow/example_dags/example_sla_dag.py
[2023-02-02T01:24:35.550+0000] {processor.py:753} INFO - DAG(s) dict_keys(['example_sla_dag']) retrieved from /home/airflow/.local/lib/python3.7/site-packages/airflow/example_dags/example_sla_dag.py
[2023-02-02T01:24:35.567+0000] {logging_mixin.py:137} INFO - [2023-02-02T01:24:35.567+0000] {dag.py:2690} INFO - Sync 1 DAGs
[2023-02-02T01:24:35.585+0000] {logging_mixin.py:137} INFO - [2023-02-02T01:24:35.585+0000] {dag.py:3441} INFO - Setting next_dagrun for example_sla_dag to 2023-02-02T01:22:00+00:00, run_after=2023-02-02T01:24:00+00:00
[2023-02-02T01:24:35.597+0000] {processor.py:175} INFO - Processing /home/airflow/.local/lib/python3.7/site-packages/airflow/example_dags/example_sla_dag.py took 0.064 seconds
[2023-02-02T01:25:06.209+0000] {processor.py:153} INFO - Started process (PID=2279) to work on /home/airflow/.local/lib/python3.7/site-packages/airflow/example_dags/example_sla_dag.py
[2023-02-02T01:25:06.209+0000] {processor.py:743} INFO - Processing file /home/airflow/.local/lib/python3.7/site-packages/airflow/example_dags/example_sla_dag.py for tasks to queue
[2023-02-02T01:25:06.210+0000] {logging_mixin.py:137} INFO - [2023-02-02T01:25:06.210+0000] {dagbag.py:538} INFO - Filling up the DagBag from /home/airflow/.local/lib/python3.7/site-packages/airflow/example_dags/example_sla_dag.py
[2023-02-02T01:25:06.226+0000] {processor.py:753} INFO - DAG(s) dict_keys(['example_sla_dag']) retrieved from /home/airflow/.local/lib/python3.7/site-packages/airflow/example_dags/example_sla_dag.py
[2023-02-02T01:25:06.242+0000] {logging_mixin.py:137} INFO - [2023-02-02T01:25:06.242+0000] {dag.py:2690} INFO - Sync 1 DAGs
[2023-02-02T01:25:06.260+0000] {logging_mixin.py:137} INFO - [2023-02-02T01:25:06.260+0000] {dag.py:3441} INFO - Setting next_dagrun for example_sla_dag to 2023-02-02T01:22:00+00:00, run_after=2023-02-02T01:24:00+00:00
[2023-02-02T01:25:06.271+0000] {processor.py:175} INFO - Processing /home/airflow/.local/lib/python3.7/site-packages/airflow/example_dags/example_sla_dag.py took 0.064 seconds
