[2023-02-02T01:11:15.365+0000] {processor.py:153} INFO - Started process (PID=60) to work on /home/airflow/.local/lib/python3.7/site-packages/airflow/example_dags/tutorial_dag.py
[2023-02-02T01:11:15.365+0000] {processor.py:743} INFO - Processing file /home/airflow/.local/lib/python3.7/site-packages/airflow/example_dags/tutorial_dag.py for tasks to queue
[2023-02-02T01:11:15.366+0000] {logging_mixin.py:137} INFO - [2023-02-02T01:11:15.366+0000] {dagbag.py:538} INFO - Filling up the DagBag from /home/airflow/.local/lib/python3.7/site-packages/airflow/example_dags/tutorial_dag.py
[2023-02-02T01:11:15.376+0000] {processor.py:753} INFO - DAG(s) dict_keys(['tutorial_dag']) retrieved from /home/airflow/.local/lib/python3.7/site-packages/airflow/example_dags/tutorial_dag.py
[2023-02-02T01:11:15.387+0000] {logging_mixin.py:137} INFO - [2023-02-02T01:11:15.387+0000] {dag.py:2690} INFO - Sync 1 DAGs
[2023-02-02T01:11:15.412+0000] {logging_mixin.py:137} INFO - [2023-02-02T01:11:15.412+0000] {dag.py:3441} INFO - Setting next_dagrun for tutorial_dag to None, run_after=None
[2023-02-02T01:11:15.426+0000] {processor.py:175} INFO - Processing /home/airflow/.local/lib/python3.7/site-packages/airflow/example_dags/tutorial_dag.py took 0.064 seconds
[2023-02-02T01:11:46.119+0000] {processor.py:153} INFO - Started process (PID=147) to work on /home/airflow/.local/lib/python3.7/site-packages/airflow/example_dags/tutorial_dag.py
[2023-02-02T01:11:46.120+0000] {processor.py:743} INFO - Processing file /home/airflow/.local/lib/python3.7/site-packages/airflow/example_dags/tutorial_dag.py for tasks to queue
[2023-02-02T01:11:46.120+0000] {logging_mixin.py:137} INFO - [2023-02-02T01:11:46.120+0000] {dagbag.py:538} INFO - Filling up the DagBag from /home/airflow/.local/lib/python3.7/site-packages/airflow/example_dags/tutorial_dag.py
[2023-02-02T01:11:46.129+0000] {processor.py:753} INFO - DAG(s) dict_keys(['tutorial_dag']) retrieved from /home/airflow/.local/lib/python3.7/site-packages/airflow/example_dags/tutorial_dag.py
[2023-02-02T01:11:46.149+0000] {logging_mixin.py:137} INFO - [2023-02-02T01:11:46.149+0000] {dag.py:2690} INFO - Sync 1 DAGs
[2023-02-02T01:11:46.168+0000] {logging_mixin.py:137} INFO - [2023-02-02T01:11:46.168+0000] {dag.py:3441} INFO - Setting next_dagrun for tutorial_dag to None, run_after=None
[2023-02-02T01:11:46.181+0000] {processor.py:175} INFO - Processing /home/airflow/.local/lib/python3.7/site-packages/airflow/example_dags/tutorial_dag.py took 0.065 seconds
[2023-02-02T01:12:17.064+0000] {processor.py:153} INFO - Started process (PID=234) to work on /home/airflow/.local/lib/python3.7/site-packages/airflow/example_dags/tutorial_dag.py
[2023-02-02T01:12:17.064+0000] {processor.py:743} INFO - Processing file /home/airflow/.local/lib/python3.7/site-packages/airflow/example_dags/tutorial_dag.py for tasks to queue
[2023-02-02T01:12:17.065+0000] {logging_mixin.py:137} INFO - [2023-02-02T01:12:17.065+0000] {dagbag.py:538} INFO - Filling up the DagBag from /home/airflow/.local/lib/python3.7/site-packages/airflow/example_dags/tutorial_dag.py
[2023-02-02T01:12:17.073+0000] {processor.py:753} INFO - DAG(s) dict_keys(['tutorial_dag']) retrieved from /home/airflow/.local/lib/python3.7/site-packages/airflow/example_dags/tutorial_dag.py
[2023-02-02T01:12:17.090+0000] {logging_mixin.py:137} INFO - [2023-02-02T01:12:17.090+0000] {dag.py:2690} INFO - Sync 1 DAGs
[2023-02-02T01:12:17.107+0000] {logging_mixin.py:137} INFO - [2023-02-02T01:12:17.107+0000] {dag.py:3441} INFO - Setting next_dagrun for tutorial_dag to None, run_after=None
[2023-02-02T01:12:17.119+0000] {processor.py:175} INFO - Processing /home/airflow/.local/lib/python3.7/site-packages/airflow/example_dags/tutorial_dag.py took 0.057 seconds
[2023-02-02T01:12:47.843+0000] {processor.py:153} INFO - Started process (PID=305) to work on /home/airflow/.local/lib/python3.7/site-packages/airflow/example_dags/tutorial_dag.py
[2023-02-02T01:12:47.844+0000] {processor.py:743} INFO - Processing file /home/airflow/.local/lib/python3.7/site-packages/airflow/example_dags/tutorial_dag.py for tasks to queue
[2023-02-02T01:12:47.844+0000] {logging_mixin.py:137} INFO - [2023-02-02T01:12:47.844+0000] {dagbag.py:538} INFO - Filling up the DagBag from /home/airflow/.local/lib/python3.7/site-packages/airflow/example_dags/tutorial_dag.py
[2023-02-02T01:12:47.854+0000] {processor.py:753} INFO - DAG(s) dict_keys(['tutorial_dag']) retrieved from /home/airflow/.local/lib/python3.7/site-packages/airflow/example_dags/tutorial_dag.py
[2023-02-02T01:12:47.873+0000] {logging_mixin.py:137} INFO - [2023-02-02T01:12:47.873+0000] {dag.py:2690} INFO - Sync 1 DAGs
[2023-02-02T01:12:47.890+0000] {logging_mixin.py:137} INFO - [2023-02-02T01:12:47.889+0000] {dag.py:3441} INFO - Setting next_dagrun for tutorial_dag to None, run_after=None
[2023-02-02T01:12:47.902+0000] {processor.py:175} INFO - Processing /home/airflow/.local/lib/python3.7/site-packages/airflow/example_dags/tutorial_dag.py took 0.061 seconds
[2023-02-02T01:13:18.595+0000] {processor.py:153} INFO - Started process (PID=392) to work on /home/airflow/.local/lib/python3.7/site-packages/airflow/example_dags/tutorial_dag.py
[2023-02-02T01:13:18.595+0000] {processor.py:743} INFO - Processing file /home/airflow/.local/lib/python3.7/site-packages/airflow/example_dags/tutorial_dag.py for tasks to queue
[2023-02-02T01:13:18.595+0000] {logging_mixin.py:137} INFO - [2023-02-02T01:13:18.595+0000] {dagbag.py:538} INFO - Filling up the DagBag from /home/airflow/.local/lib/python3.7/site-packages/airflow/example_dags/tutorial_dag.py
[2023-02-02T01:13:18.604+0000] {processor.py:753} INFO - DAG(s) dict_keys(['tutorial_dag']) retrieved from /home/airflow/.local/lib/python3.7/site-packages/airflow/example_dags/tutorial_dag.py
[2023-02-02T01:13:18.620+0000] {logging_mixin.py:137} INFO - [2023-02-02T01:13:18.620+0000] {dag.py:2690} INFO - Sync 1 DAGs
[2023-02-02T01:13:18.635+0000] {logging_mixin.py:137} INFO - [2023-02-02T01:13:18.635+0000] {dag.py:3441} INFO - Setting next_dagrun for tutorial_dag to None, run_after=None
[2023-02-02T01:13:18.646+0000] {processor.py:175} INFO - Processing /home/airflow/.local/lib/python3.7/site-packages/airflow/example_dags/tutorial_dag.py took 0.054 seconds
[2023-02-02T01:13:49.321+0000] {processor.py:153} INFO - Started process (PID=479) to work on /home/airflow/.local/lib/python3.7/site-packages/airflow/example_dags/tutorial_dag.py
[2023-02-02T01:13:49.322+0000] {processor.py:743} INFO - Processing file /home/airflow/.local/lib/python3.7/site-packages/airflow/example_dags/tutorial_dag.py for tasks to queue
[2023-02-02T01:13:49.323+0000] {logging_mixin.py:137} INFO - [2023-02-02T01:13:49.322+0000] {dagbag.py:538} INFO - Filling up the DagBag from /home/airflow/.local/lib/python3.7/site-packages/airflow/example_dags/tutorial_dag.py
[2023-02-02T01:13:49.333+0000] {processor.py:753} INFO - DAG(s) dict_keys(['tutorial_dag']) retrieved from /home/airflow/.local/lib/python3.7/site-packages/airflow/example_dags/tutorial_dag.py
[2023-02-02T01:13:49.353+0000] {logging_mixin.py:137} INFO - [2023-02-02T01:13:49.353+0000] {dag.py:2690} INFO - Sync 1 DAGs
[2023-02-02T01:13:49.373+0000] {logging_mixin.py:137} INFO - [2023-02-02T01:13:49.373+0000] {dag.py:3441} INFO - Setting next_dagrun for tutorial_dag to None, run_after=None
[2023-02-02T01:13:49.387+0000] {processor.py:175} INFO - Processing /home/airflow/.local/lib/python3.7/site-packages/airflow/example_dags/tutorial_dag.py took 0.068 seconds
[2023-02-02T01:14:20.074+0000] {processor.py:153} INFO - Started process (PID=550) to work on /home/airflow/.local/lib/python3.7/site-packages/airflow/example_dags/tutorial_dag.py
[2023-02-02T01:14:20.075+0000] {processor.py:743} INFO - Processing file /home/airflow/.local/lib/python3.7/site-packages/airflow/example_dags/tutorial_dag.py for tasks to queue
[2023-02-02T01:14:20.075+0000] {logging_mixin.py:137} INFO - [2023-02-02T01:14:20.075+0000] {dagbag.py:538} INFO - Filling up the DagBag from /home/airflow/.local/lib/python3.7/site-packages/airflow/example_dags/tutorial_dag.py
[2023-02-02T01:14:20.084+0000] {processor.py:753} INFO - DAG(s) dict_keys(['tutorial_dag']) retrieved from /home/airflow/.local/lib/python3.7/site-packages/airflow/example_dags/tutorial_dag.py
[2023-02-02T01:14:20.101+0000] {logging_mixin.py:137} INFO - [2023-02-02T01:14:20.100+0000] {dag.py:2690} INFO - Sync 1 DAGs
[2023-02-02T01:14:20.122+0000] {logging_mixin.py:137} INFO - [2023-02-02T01:14:20.122+0000] {dag.py:3441} INFO - Setting next_dagrun for tutorial_dag to None, run_after=None
[2023-02-02T01:14:20.138+0000] {processor.py:175} INFO - Processing /home/airflow/.local/lib/python3.7/site-packages/airflow/example_dags/tutorial_dag.py took 0.067 seconds
[2023-02-02T01:14:50.766+0000] {processor.py:153} INFO - Started process (PID=637) to work on /home/airflow/.local/lib/python3.7/site-packages/airflow/example_dags/tutorial_dag.py
[2023-02-02T01:14:50.767+0000] {processor.py:743} INFO - Processing file /home/airflow/.local/lib/python3.7/site-packages/airflow/example_dags/tutorial_dag.py for tasks to queue
[2023-02-02T01:14:50.767+0000] {logging_mixin.py:137} INFO - [2023-02-02T01:14:50.767+0000] {dagbag.py:538} INFO - Filling up the DagBag from /home/airflow/.local/lib/python3.7/site-packages/airflow/example_dags/tutorial_dag.py
[2023-02-02T01:14:50.776+0000] {processor.py:753} INFO - DAG(s) dict_keys(['tutorial_dag']) retrieved from /home/airflow/.local/lib/python3.7/site-packages/airflow/example_dags/tutorial_dag.py
[2023-02-02T01:14:50.792+0000] {logging_mixin.py:137} INFO - [2023-02-02T01:14:50.792+0000] {dag.py:2690} INFO - Sync 1 DAGs
[2023-02-02T01:14:50.809+0000] {logging_mixin.py:137} INFO - [2023-02-02T01:14:50.809+0000] {dag.py:3441} INFO - Setting next_dagrun for tutorial_dag to None, run_after=None
[2023-02-02T01:14:50.822+0000] {processor.py:175} INFO - Processing /home/airflow/.local/lib/python3.7/site-packages/airflow/example_dags/tutorial_dag.py took 0.058 seconds
[2023-02-02T01:15:21.564+0000] {processor.py:153} INFO - Started process (PID=724) to work on /home/airflow/.local/lib/python3.7/site-packages/airflow/example_dags/tutorial_dag.py
[2023-02-02T01:15:21.565+0000] {processor.py:743} INFO - Processing file /home/airflow/.local/lib/python3.7/site-packages/airflow/example_dags/tutorial_dag.py for tasks to queue
[2023-02-02T01:15:21.566+0000] {logging_mixin.py:137} INFO - [2023-02-02T01:15:21.565+0000] {dagbag.py:538} INFO - Filling up the DagBag from /home/airflow/.local/lib/python3.7/site-packages/airflow/example_dags/tutorial_dag.py
[2023-02-02T01:15:21.574+0000] {processor.py:753} INFO - DAG(s) dict_keys(['tutorial_dag']) retrieved from /home/airflow/.local/lib/python3.7/site-packages/airflow/example_dags/tutorial_dag.py
[2023-02-02T01:15:21.590+0000] {logging_mixin.py:137} INFO - [2023-02-02T01:15:21.590+0000] {dag.py:2690} INFO - Sync 1 DAGs
[2023-02-02T01:15:21.605+0000] {logging_mixin.py:137} INFO - [2023-02-02T01:15:21.605+0000] {dag.py:3441} INFO - Setting next_dagrun for tutorial_dag to None, run_after=None
[2023-02-02T01:15:21.618+0000] {processor.py:175} INFO - Processing /home/airflow/.local/lib/python3.7/site-packages/airflow/example_dags/tutorial_dag.py took 0.057 seconds
[2023-02-02T01:15:52.322+0000] {processor.py:153} INFO - Started process (PID=795) to work on /home/airflow/.local/lib/python3.7/site-packages/airflow/example_dags/tutorial_dag.py
[2023-02-02T01:15:52.323+0000] {processor.py:743} INFO - Processing file /home/airflow/.local/lib/python3.7/site-packages/airflow/example_dags/tutorial_dag.py for tasks to queue
[2023-02-02T01:15:52.323+0000] {logging_mixin.py:137} INFO - [2023-02-02T01:15:52.323+0000] {dagbag.py:538} INFO - Filling up the DagBag from /home/airflow/.local/lib/python3.7/site-packages/airflow/example_dags/tutorial_dag.py
[2023-02-02T01:15:52.334+0000] {processor.py:753} INFO - DAG(s) dict_keys(['tutorial_dag']) retrieved from /home/airflow/.local/lib/python3.7/site-packages/airflow/example_dags/tutorial_dag.py
[2023-02-02T01:15:52.350+0000] {logging_mixin.py:137} INFO - [2023-02-02T01:15:52.350+0000] {dag.py:2690} INFO - Sync 1 DAGs
[2023-02-02T01:15:52.369+0000] {logging_mixin.py:137} INFO - [2023-02-02T01:15:52.369+0000] {dag.py:3441} INFO - Setting next_dagrun for tutorial_dag to None, run_after=None
[2023-02-02T01:15:52.381+0000] {processor.py:175} INFO - Processing /home/airflow/.local/lib/python3.7/site-packages/airflow/example_dags/tutorial_dag.py took 0.061 seconds
[2023-02-02T01:16:23.170+0000] {processor.py:153} INFO - Started process (PID=882) to work on /home/airflow/.local/lib/python3.7/site-packages/airflow/example_dags/tutorial_dag.py
[2023-02-02T01:16:23.171+0000] {processor.py:743} INFO - Processing file /home/airflow/.local/lib/python3.7/site-packages/airflow/example_dags/tutorial_dag.py for tasks to queue
[2023-02-02T01:16:23.172+0000] {logging_mixin.py:137} INFO - [2023-02-02T01:16:23.172+0000] {dagbag.py:538} INFO - Filling up the DagBag from /home/airflow/.local/lib/python3.7/site-packages/airflow/example_dags/tutorial_dag.py
[2023-02-02T01:16:23.182+0000] {processor.py:753} INFO - DAG(s) dict_keys(['tutorial_dag']) retrieved from /home/airflow/.local/lib/python3.7/site-packages/airflow/example_dags/tutorial_dag.py
[2023-02-02T01:16:23.205+0000] {logging_mixin.py:137} INFO - [2023-02-02T01:16:23.205+0000] {dag.py:2690} INFO - Sync 1 DAGs
[2023-02-02T01:16:23.227+0000] {logging_mixin.py:137} INFO - [2023-02-02T01:16:23.227+0000] {dag.py:3441} INFO - Setting next_dagrun for tutorial_dag to None, run_after=None
[2023-02-02T01:16:23.244+0000] {processor.py:175} INFO - Processing /home/airflow/.local/lib/python3.7/site-packages/airflow/example_dags/tutorial_dag.py took 0.076 seconds
[2023-02-02T01:16:54.091+0000] {processor.py:153} INFO - Started process (PID=969) to work on /home/airflow/.local/lib/python3.7/site-packages/airflow/example_dags/tutorial_dag.py
[2023-02-02T01:16:54.091+0000] {processor.py:743} INFO - Processing file /home/airflow/.local/lib/python3.7/site-packages/airflow/example_dags/tutorial_dag.py for tasks to queue
[2023-02-02T01:16:54.092+0000] {logging_mixin.py:137} INFO - [2023-02-02T01:16:54.092+0000] {dagbag.py:538} INFO - Filling up the DagBag from /home/airflow/.local/lib/python3.7/site-packages/airflow/example_dags/tutorial_dag.py
[2023-02-02T01:16:54.101+0000] {processor.py:753} INFO - DAG(s) dict_keys(['tutorial_dag']) retrieved from /home/airflow/.local/lib/python3.7/site-packages/airflow/example_dags/tutorial_dag.py
[2023-02-02T01:16:54.118+0000] {logging_mixin.py:137} INFO - [2023-02-02T01:16:54.117+0000] {dag.py:2690} INFO - Sync 1 DAGs
[2023-02-02T01:16:54.134+0000] {logging_mixin.py:137} INFO - [2023-02-02T01:16:54.133+0000] {dag.py:3441} INFO - Setting next_dagrun for tutorial_dag to None, run_after=None
[2023-02-02T01:16:54.147+0000] {processor.py:175} INFO - Processing /home/airflow/.local/lib/python3.7/site-packages/airflow/example_dags/tutorial_dag.py took 0.058 seconds
[2023-02-02T01:17:24.812+0000] {processor.py:153} INFO - Started process (PID=1049) to work on /home/airflow/.local/lib/python3.7/site-packages/airflow/example_dags/tutorial_dag.py
[2023-02-02T01:17:24.813+0000] {processor.py:743} INFO - Processing file /home/airflow/.local/lib/python3.7/site-packages/airflow/example_dags/tutorial_dag.py for tasks to queue
[2023-02-02T01:17:24.814+0000] {logging_mixin.py:137} INFO - [2023-02-02T01:17:24.814+0000] {dagbag.py:538} INFO - Filling up the DagBag from /home/airflow/.local/lib/python3.7/site-packages/airflow/example_dags/tutorial_dag.py
[2023-02-02T01:17:24.823+0000] {processor.py:753} INFO - DAG(s) dict_keys(['tutorial_dag']) retrieved from /home/airflow/.local/lib/python3.7/site-packages/airflow/example_dags/tutorial_dag.py
[2023-02-02T01:17:24.840+0000] {logging_mixin.py:137} INFO - [2023-02-02T01:17:24.840+0000] {dag.py:2690} INFO - Sync 1 DAGs
[2023-02-02T01:17:24.858+0000] {logging_mixin.py:137} INFO - [2023-02-02T01:17:24.858+0000] {dag.py:3441} INFO - Setting next_dagrun for tutorial_dag to None, run_after=None
[2023-02-02T01:17:24.873+0000] {processor.py:175} INFO - Processing /home/airflow/.local/lib/python3.7/site-packages/airflow/example_dags/tutorial_dag.py took 0.063 seconds
[2023-02-02T01:17:55.755+0000] {processor.py:153} INFO - Started process (PID=1127) to work on /home/airflow/.local/lib/python3.7/site-packages/airflow/example_dags/tutorial_dag.py
[2023-02-02T01:17:55.756+0000] {processor.py:743} INFO - Processing file /home/airflow/.local/lib/python3.7/site-packages/airflow/example_dags/tutorial_dag.py for tasks to queue
[2023-02-02T01:17:55.756+0000] {logging_mixin.py:137} INFO - [2023-02-02T01:17:55.756+0000] {dagbag.py:538} INFO - Filling up the DagBag from /home/airflow/.local/lib/python3.7/site-packages/airflow/example_dags/tutorial_dag.py
[2023-02-02T01:17:55.769+0000] {processor.py:753} INFO - DAG(s) dict_keys(['tutorial_dag']) retrieved from /home/airflow/.local/lib/python3.7/site-packages/airflow/example_dags/tutorial_dag.py
[2023-02-02T01:17:55.786+0000] {logging_mixin.py:137} INFO - [2023-02-02T01:17:55.786+0000] {dag.py:2690} INFO - Sync 1 DAGs
[2023-02-02T01:17:55.803+0000] {logging_mixin.py:137} INFO - [2023-02-02T01:17:55.803+0000] {dag.py:3441} INFO - Setting next_dagrun for tutorial_dag to None, run_after=None
[2023-02-02T01:17:55.814+0000] {processor.py:175} INFO - Processing /home/airflow/.local/lib/python3.7/site-packages/airflow/example_dags/tutorial_dag.py took 0.061 seconds
[2023-02-02T01:18:26.427+0000] {processor.py:153} INFO - Started process (PID=1214) to work on /home/airflow/.local/lib/python3.7/site-packages/airflow/example_dags/tutorial_dag.py
[2023-02-02T01:18:26.427+0000] {processor.py:743} INFO - Processing file /home/airflow/.local/lib/python3.7/site-packages/airflow/example_dags/tutorial_dag.py for tasks to queue
[2023-02-02T01:18:26.428+0000] {logging_mixin.py:137} INFO - [2023-02-02T01:18:26.428+0000] {dagbag.py:538} INFO - Filling up the DagBag from /home/airflow/.local/lib/python3.7/site-packages/airflow/example_dags/tutorial_dag.py
[2023-02-02T01:18:26.436+0000] {processor.py:753} INFO - DAG(s) dict_keys(['tutorial_dag']) retrieved from /home/airflow/.local/lib/python3.7/site-packages/airflow/example_dags/tutorial_dag.py
[2023-02-02T01:18:26.453+0000] {logging_mixin.py:137} INFO - [2023-02-02T01:18:26.453+0000] {dag.py:2690} INFO - Sync 1 DAGs
[2023-02-02T01:18:26.469+0000] {logging_mixin.py:137} INFO - [2023-02-02T01:18:26.469+0000] {dag.py:3441} INFO - Setting next_dagrun for tutorial_dag to None, run_after=None
[2023-02-02T01:18:26.481+0000] {processor.py:175} INFO - Processing /home/airflow/.local/lib/python3.7/site-packages/airflow/example_dags/tutorial_dag.py took 0.057 seconds
[2023-02-02T01:18:57.391+0000] {processor.py:153} INFO - Started process (PID=1301) to work on /home/airflow/.local/lib/python3.7/site-packages/airflow/example_dags/tutorial_dag.py
[2023-02-02T01:18:57.391+0000] {processor.py:743} INFO - Processing file /home/airflow/.local/lib/python3.7/site-packages/airflow/example_dags/tutorial_dag.py for tasks to queue
[2023-02-02T01:18:57.392+0000] {logging_mixin.py:137} INFO - [2023-02-02T01:18:57.392+0000] {dagbag.py:538} INFO - Filling up the DagBag from /home/airflow/.local/lib/python3.7/site-packages/airflow/example_dags/tutorial_dag.py
[2023-02-02T01:18:57.400+0000] {processor.py:753} INFO - DAG(s) dict_keys(['tutorial_dag']) retrieved from /home/airflow/.local/lib/python3.7/site-packages/airflow/example_dags/tutorial_dag.py
[2023-02-02T01:18:57.417+0000] {logging_mixin.py:137} INFO - [2023-02-02T01:18:57.417+0000] {dag.py:2690} INFO - Sync 1 DAGs
[2023-02-02T01:18:57.434+0000] {logging_mixin.py:137} INFO - [2023-02-02T01:18:57.434+0000] {dag.py:3441} INFO - Setting next_dagrun for tutorial_dag to None, run_after=None
[2023-02-02T01:18:57.447+0000] {processor.py:175} INFO - Processing /home/airflow/.local/lib/python3.7/site-packages/airflow/example_dags/tutorial_dag.py took 0.059 seconds
[2023-02-02T01:19:28.111+0000] {processor.py:153} INFO - Started process (PID=1372) to work on /home/airflow/.local/lib/python3.7/site-packages/airflow/example_dags/tutorial_dag.py
[2023-02-02T01:19:28.112+0000] {processor.py:743} INFO - Processing file /home/airflow/.local/lib/python3.7/site-packages/airflow/example_dags/tutorial_dag.py for tasks to queue
[2023-02-02T01:19:28.113+0000] {logging_mixin.py:137} INFO - [2023-02-02T01:19:28.113+0000] {dagbag.py:538} INFO - Filling up the DagBag from /home/airflow/.local/lib/python3.7/site-packages/airflow/example_dags/tutorial_dag.py
[2023-02-02T01:19:28.123+0000] {processor.py:753} INFO - DAG(s) dict_keys(['tutorial_dag']) retrieved from /home/airflow/.local/lib/python3.7/site-packages/airflow/example_dags/tutorial_dag.py
[2023-02-02T01:19:28.139+0000] {logging_mixin.py:137} INFO - [2023-02-02T01:19:28.139+0000] {dag.py:2690} INFO - Sync 1 DAGs
[2023-02-02T01:19:28.155+0000] {logging_mixin.py:137} INFO - [2023-02-02T01:19:28.155+0000] {dag.py:3441} INFO - Setting next_dagrun for tutorial_dag to None, run_after=None
[2023-02-02T01:19:28.166+0000] {processor.py:175} INFO - Processing /home/airflow/.local/lib/python3.7/site-packages/airflow/example_dags/tutorial_dag.py took 0.057 seconds
[2023-02-02T01:19:58.793+0000] {processor.py:153} INFO - Started process (PID=1459) to work on /home/airflow/.local/lib/python3.7/site-packages/airflow/example_dags/tutorial_dag.py
[2023-02-02T01:19:58.794+0000] {processor.py:743} INFO - Processing file /home/airflow/.local/lib/python3.7/site-packages/airflow/example_dags/tutorial_dag.py for tasks to queue
[2023-02-02T01:19:58.794+0000] {logging_mixin.py:137} INFO - [2023-02-02T01:19:58.794+0000] {dagbag.py:538} INFO - Filling up the DagBag from /home/airflow/.local/lib/python3.7/site-packages/airflow/example_dags/tutorial_dag.py
[2023-02-02T01:19:58.802+0000] {processor.py:753} INFO - DAG(s) dict_keys(['tutorial_dag']) retrieved from /home/airflow/.local/lib/python3.7/site-packages/airflow/example_dags/tutorial_dag.py
[2023-02-02T01:19:58.819+0000] {logging_mixin.py:137} INFO - [2023-02-02T01:19:58.819+0000] {dag.py:2690} INFO - Sync 1 DAGs
[2023-02-02T01:19:58.837+0000] {logging_mixin.py:137} INFO - [2023-02-02T01:19:58.836+0000] {dag.py:3441} INFO - Setting next_dagrun for tutorial_dag to None, run_after=None
[2023-02-02T01:19:58.848+0000] {processor.py:175} INFO - Processing /home/airflow/.local/lib/python3.7/site-packages/airflow/example_dags/tutorial_dag.py took 0.057 seconds
[2023-02-02T01:20:29.510+0000] {processor.py:153} INFO - Started process (PID=1546) to work on /home/airflow/.local/lib/python3.7/site-packages/airflow/example_dags/tutorial_dag.py
[2023-02-02T01:20:29.511+0000] {processor.py:743} INFO - Processing file /home/airflow/.local/lib/python3.7/site-packages/airflow/example_dags/tutorial_dag.py for tasks to queue
[2023-02-02T01:20:29.512+0000] {logging_mixin.py:137} INFO - [2023-02-02T01:20:29.512+0000] {dagbag.py:538} INFO - Filling up the DagBag from /home/airflow/.local/lib/python3.7/site-packages/airflow/example_dags/tutorial_dag.py
[2023-02-02T01:20:29.523+0000] {processor.py:753} INFO - DAG(s) dict_keys(['tutorial_dag']) retrieved from /home/airflow/.local/lib/python3.7/site-packages/airflow/example_dags/tutorial_dag.py
[2023-02-02T01:20:29.543+0000] {logging_mixin.py:137} INFO - [2023-02-02T01:20:29.543+0000] {dag.py:2690} INFO - Sync 1 DAGs
[2023-02-02T01:20:29.562+0000] {logging_mixin.py:137} INFO - [2023-02-02T01:20:29.561+0000] {dag.py:3441} INFO - Setting next_dagrun for tutorial_dag to None, run_after=None
[2023-02-02T01:20:29.573+0000] {processor.py:175} INFO - Processing /home/airflow/.local/lib/python3.7/site-packages/airflow/example_dags/tutorial_dag.py took 0.066 seconds
[2023-02-02T01:21:00.317+0000] {processor.py:153} INFO - Started process (PID=1617) to work on /home/airflow/.local/lib/python3.7/site-packages/airflow/example_dags/tutorial_dag.py
[2023-02-02T01:21:00.318+0000] {processor.py:743} INFO - Processing file /home/airflow/.local/lib/python3.7/site-packages/airflow/example_dags/tutorial_dag.py for tasks to queue
[2023-02-02T01:21:00.318+0000] {logging_mixin.py:137} INFO - [2023-02-02T01:21:00.318+0000] {dagbag.py:538} INFO - Filling up the DagBag from /home/airflow/.local/lib/python3.7/site-packages/airflow/example_dags/tutorial_dag.py
[2023-02-02T01:21:00.326+0000] {processor.py:753} INFO - DAG(s) dict_keys(['tutorial_dag']) retrieved from /home/airflow/.local/lib/python3.7/site-packages/airflow/example_dags/tutorial_dag.py
[2023-02-02T01:21:00.341+0000] {logging_mixin.py:137} INFO - [2023-02-02T01:21:00.341+0000] {dag.py:2690} INFO - Sync 1 DAGs
[2023-02-02T01:21:00.359+0000] {logging_mixin.py:137} INFO - [2023-02-02T01:21:00.359+0000] {dag.py:3441} INFO - Setting next_dagrun for tutorial_dag to None, run_after=None
[2023-02-02T01:21:00.371+0000] {processor.py:175} INFO - Processing /home/airflow/.local/lib/python3.7/site-packages/airflow/example_dags/tutorial_dag.py took 0.056 seconds
[2023-02-02T01:21:30.974+0000] {processor.py:153} INFO - Started process (PID=1704) to work on /home/airflow/.local/lib/python3.7/site-packages/airflow/example_dags/tutorial_dag.py
[2023-02-02T01:21:30.974+0000] {processor.py:743} INFO - Processing file /home/airflow/.local/lib/python3.7/site-packages/airflow/example_dags/tutorial_dag.py for tasks to queue
[2023-02-02T01:21:30.975+0000] {logging_mixin.py:137} INFO - [2023-02-02T01:21:30.975+0000] {dagbag.py:538} INFO - Filling up the DagBag from /home/airflow/.local/lib/python3.7/site-packages/airflow/example_dags/tutorial_dag.py
[2023-02-02T01:21:30.984+0000] {processor.py:753} INFO - DAG(s) dict_keys(['tutorial_dag']) retrieved from /home/airflow/.local/lib/python3.7/site-packages/airflow/example_dags/tutorial_dag.py
[2023-02-02T01:21:31.004+0000] {logging_mixin.py:137} INFO - [2023-02-02T01:21:31.004+0000] {dag.py:2690} INFO - Sync 1 DAGs
[2023-02-02T01:21:31.020+0000] {logging_mixin.py:137} INFO - [2023-02-02T01:21:31.020+0000] {dag.py:3441} INFO - Setting next_dagrun for tutorial_dag to None, run_after=None
[2023-02-02T01:21:31.032+0000] {processor.py:175} INFO - Processing /home/airflow/.local/lib/python3.7/site-packages/airflow/example_dags/tutorial_dag.py took 0.060 seconds
[2023-02-02T01:22:01.661+0000] {processor.py:153} INFO - Started process (PID=1791) to work on /home/airflow/.local/lib/python3.7/site-packages/airflow/example_dags/tutorial_dag.py
[2023-02-02T01:22:01.662+0000] {processor.py:743} INFO - Processing file /home/airflow/.local/lib/python3.7/site-packages/airflow/example_dags/tutorial_dag.py for tasks to queue
[2023-02-02T01:22:01.662+0000] {logging_mixin.py:137} INFO - [2023-02-02T01:22:01.662+0000] {dagbag.py:538} INFO - Filling up the DagBag from /home/airflow/.local/lib/python3.7/site-packages/airflow/example_dags/tutorial_dag.py
[2023-02-02T01:22:01.673+0000] {processor.py:753} INFO - DAG(s) dict_keys(['tutorial_dag']) retrieved from /home/airflow/.local/lib/python3.7/site-packages/airflow/example_dags/tutorial_dag.py
[2023-02-02T01:22:01.695+0000] {logging_mixin.py:137} INFO - [2023-02-02T01:22:01.695+0000] {dag.py:2690} INFO - Sync 1 DAGs
[2023-02-02T01:22:01.711+0000] {logging_mixin.py:137} INFO - [2023-02-02T01:22:01.711+0000] {dag.py:3441} INFO - Setting next_dagrun for tutorial_dag to None, run_after=None
[2023-02-02T01:22:01.722+0000] {processor.py:175} INFO - Processing /home/airflow/.local/lib/python3.7/site-packages/airflow/example_dags/tutorial_dag.py took 0.063 seconds
[2023-02-02T01:22:32.422+0000] {processor.py:153} INFO - Started process (PID=1869) to work on /home/airflow/.local/lib/python3.7/site-packages/airflow/example_dags/tutorial_dag.py
[2023-02-02T01:22:32.423+0000] {processor.py:743} INFO - Processing file /home/airflow/.local/lib/python3.7/site-packages/airflow/example_dags/tutorial_dag.py for tasks to queue
[2023-02-02T01:22:32.424+0000] {logging_mixin.py:137} INFO - [2023-02-02T01:22:32.424+0000] {dagbag.py:538} INFO - Filling up the DagBag from /home/airflow/.local/lib/python3.7/site-packages/airflow/example_dags/tutorial_dag.py
[2023-02-02T01:22:32.435+0000] {processor.py:753} INFO - DAG(s) dict_keys(['tutorial_dag']) retrieved from /home/airflow/.local/lib/python3.7/site-packages/airflow/example_dags/tutorial_dag.py
[2023-02-02T01:22:32.457+0000] {logging_mixin.py:137} INFO - [2023-02-02T01:22:32.457+0000] {dag.py:2690} INFO - Sync 1 DAGs
[2023-02-02T01:22:32.476+0000] {logging_mixin.py:137} INFO - [2023-02-02T01:22:32.475+0000] {dag.py:3441} INFO - Setting next_dagrun for tutorial_dag to None, run_after=None
[2023-02-02T01:22:32.488+0000] {processor.py:175} INFO - Processing /home/airflow/.local/lib/python3.7/site-packages/airflow/example_dags/tutorial_dag.py took 0.069 seconds
[2023-02-02T01:23:03.225+0000] {processor.py:153} INFO - Started process (PID=1949) to work on /home/airflow/.local/lib/python3.7/site-packages/airflow/example_dags/tutorial_dag.py
[2023-02-02T01:23:03.225+0000] {processor.py:743} INFO - Processing file /home/airflow/.local/lib/python3.7/site-packages/airflow/example_dags/tutorial_dag.py for tasks to queue
[2023-02-02T01:23:03.226+0000] {logging_mixin.py:137} INFO - [2023-02-02T01:23:03.226+0000] {dagbag.py:538} INFO - Filling up the DagBag from /home/airflow/.local/lib/python3.7/site-packages/airflow/example_dags/tutorial_dag.py
[2023-02-02T01:23:03.236+0000] {processor.py:753} INFO - DAG(s) dict_keys(['tutorial_dag']) retrieved from /home/airflow/.local/lib/python3.7/site-packages/airflow/example_dags/tutorial_dag.py
[2023-02-02T01:23:03.253+0000] {logging_mixin.py:137} INFO - [2023-02-02T01:23:03.253+0000] {dag.py:2690} INFO - Sync 1 DAGs
[2023-02-02T01:23:03.269+0000] {logging_mixin.py:137} INFO - [2023-02-02T01:23:03.269+0000] {dag.py:3441} INFO - Setting next_dagrun for tutorial_dag to None, run_after=None
[2023-02-02T01:23:03.282+0000] {processor.py:175} INFO - Processing /home/airflow/.local/lib/python3.7/site-packages/airflow/example_dags/tutorial_dag.py took 0.059 seconds
[2023-02-02T01:23:33.999+0000] {processor.py:153} INFO - Started process (PID=2036) to work on /home/airflow/.local/lib/python3.7/site-packages/airflow/example_dags/tutorial_dag.py
[2023-02-02T01:23:34.000+0000] {processor.py:743} INFO - Processing file /home/airflow/.local/lib/python3.7/site-packages/airflow/example_dags/tutorial_dag.py for tasks to queue
[2023-02-02T01:23:34.000+0000] {logging_mixin.py:137} INFO - [2023-02-02T01:23:34.000+0000] {dagbag.py:538} INFO - Filling up the DagBag from /home/airflow/.local/lib/python3.7/site-packages/airflow/example_dags/tutorial_dag.py
[2023-02-02T01:23:34.010+0000] {processor.py:753} INFO - DAG(s) dict_keys(['tutorial_dag']) retrieved from /home/airflow/.local/lib/python3.7/site-packages/airflow/example_dags/tutorial_dag.py
[2023-02-02T01:23:34.028+0000] {logging_mixin.py:137} INFO - [2023-02-02T01:23:34.027+0000] {dag.py:2690} INFO - Sync 1 DAGs
[2023-02-02T01:23:34.043+0000] {logging_mixin.py:137} INFO - [2023-02-02T01:23:34.043+0000] {dag.py:3441} INFO - Setting next_dagrun for tutorial_dag to None, run_after=None
[2023-02-02T01:23:34.055+0000] {processor.py:175} INFO - Processing /home/airflow/.local/lib/python3.7/site-packages/airflow/example_dags/tutorial_dag.py took 0.058 seconds
[2023-02-02T01:24:04.830+0000] {processor.py:153} INFO - Started process (PID=2123) to work on /home/airflow/.local/lib/python3.7/site-packages/airflow/example_dags/tutorial_dag.py
[2023-02-02T01:24:04.831+0000] {processor.py:743} INFO - Processing file /home/airflow/.local/lib/python3.7/site-packages/airflow/example_dags/tutorial_dag.py for tasks to queue
[2023-02-02T01:24:04.831+0000] {logging_mixin.py:137} INFO - [2023-02-02T01:24:04.831+0000] {dagbag.py:538} INFO - Filling up the DagBag from /home/airflow/.local/lib/python3.7/site-packages/airflow/example_dags/tutorial_dag.py
[2023-02-02T01:24:04.839+0000] {processor.py:753} INFO - DAG(s) dict_keys(['tutorial_dag']) retrieved from /home/airflow/.local/lib/python3.7/site-packages/airflow/example_dags/tutorial_dag.py
[2023-02-02T01:24:04.856+0000] {logging_mixin.py:137} INFO - [2023-02-02T01:24:04.856+0000] {dag.py:2690} INFO - Sync 1 DAGs
[2023-02-02T01:24:04.872+0000] {logging_mixin.py:137} INFO - [2023-02-02T01:24:04.872+0000] {dag.py:3441} INFO - Setting next_dagrun for tutorial_dag to None, run_after=None
[2023-02-02T01:24:04.883+0000] {processor.py:175} INFO - Processing /home/airflow/.local/lib/python3.7/site-packages/airflow/example_dags/tutorial_dag.py took 0.055 seconds
[2023-02-02T01:24:35.613+0000] {processor.py:153} INFO - Started process (PID=2194) to work on /home/airflow/.local/lib/python3.7/site-packages/airflow/example_dags/tutorial_dag.py
[2023-02-02T01:24:35.614+0000] {processor.py:743} INFO - Processing file /home/airflow/.local/lib/python3.7/site-packages/airflow/example_dags/tutorial_dag.py for tasks to queue
[2023-02-02T01:24:35.615+0000] {logging_mixin.py:137} INFO - [2023-02-02T01:24:35.614+0000] {dagbag.py:538} INFO - Filling up the DagBag from /home/airflow/.local/lib/python3.7/site-packages/airflow/example_dags/tutorial_dag.py
[2023-02-02T01:24:35.625+0000] {processor.py:753} INFO - DAG(s) dict_keys(['tutorial_dag']) retrieved from /home/airflow/.local/lib/python3.7/site-packages/airflow/example_dags/tutorial_dag.py
[2023-02-02T01:24:35.644+0000] {logging_mixin.py:137} INFO - [2023-02-02T01:24:35.644+0000] {dag.py:2690} INFO - Sync 1 DAGs
[2023-02-02T01:24:35.661+0000] {logging_mixin.py:137} INFO - [2023-02-02T01:24:35.661+0000] {dag.py:3441} INFO - Setting next_dagrun for tutorial_dag to None, run_after=None
[2023-02-02T01:24:35.673+0000] {processor.py:175} INFO - Processing /home/airflow/.local/lib/python3.7/site-packages/airflow/example_dags/tutorial_dag.py took 0.061 seconds
[2023-02-02T01:25:06.285+0000] {processor.py:153} INFO - Started process (PID=2281) to work on /home/airflow/.local/lib/python3.7/site-packages/airflow/example_dags/tutorial_dag.py
[2023-02-02T01:25:06.286+0000] {processor.py:743} INFO - Processing file /home/airflow/.local/lib/python3.7/site-packages/airflow/example_dags/tutorial_dag.py for tasks to queue
[2023-02-02T01:25:06.286+0000] {logging_mixin.py:137} INFO - [2023-02-02T01:25:06.286+0000] {dagbag.py:538} INFO - Filling up the DagBag from /home/airflow/.local/lib/python3.7/site-packages/airflow/example_dags/tutorial_dag.py
[2023-02-02T01:25:06.295+0000] {processor.py:753} INFO - DAG(s) dict_keys(['tutorial_dag']) retrieved from /home/airflow/.local/lib/python3.7/site-packages/airflow/example_dags/tutorial_dag.py
[2023-02-02T01:25:06.312+0000] {logging_mixin.py:137} INFO - [2023-02-02T01:25:06.312+0000] {dag.py:2690} INFO - Sync 1 DAGs
[2023-02-02T01:25:06.328+0000] {logging_mixin.py:137} INFO - [2023-02-02T01:25:06.328+0000] {dag.py:3441} INFO - Setting next_dagrun for tutorial_dag to None, run_after=None
[2023-02-02T01:25:06.339+0000] {processor.py:175} INFO - Processing /home/airflow/.local/lib/python3.7/site-packages/airflow/example_dags/tutorial_dag.py took 0.056 seconds
