[2023-02-02T01:11:15.771+0000] {processor.py:153} INFO - Started process (PID=69) to work on /home/airflow/.local/lib/python3.7/site-packages/airflow/example_dags/tutorial.py
[2023-02-02T01:11:15.771+0000] {processor.py:743} INFO - Processing file /home/airflow/.local/lib/python3.7/site-packages/airflow/example_dags/tutorial.py for tasks to queue
[2023-02-02T01:11:15.772+0000] {logging_mixin.py:137} INFO - [2023-02-02T01:11:15.772+0000] {dagbag.py:538} INFO - Filling up the DagBag from /home/airflow/.local/lib/python3.7/site-packages/airflow/example_dags/tutorial.py
[2023-02-02T01:11:15.786+0000] {processor.py:753} INFO - DAG(s) dict_keys(['tutorial']) retrieved from /home/airflow/.local/lib/python3.7/site-packages/airflow/example_dags/tutorial.py
[2023-02-02T01:11:15.796+0000] {logging_mixin.py:137} INFO - [2023-02-02T01:11:15.796+0000] {dag.py:2690} INFO - Sync 1 DAGs
[2023-02-02T01:11:15.818+0000] {logging_mixin.py:137} INFO - [2023-02-02T01:11:15.818+0000] {dag.py:3441} INFO - Setting next_dagrun for tutorial to 2023-02-01T01:11:15.818669+00:00, run_after=2023-02-02T01:11:15.818669+00:00
[2023-02-02T01:11:15.834+0000] {processor.py:175} INFO - Processing /home/airflow/.local/lib/python3.7/site-packages/airflow/example_dags/tutorial.py took 0.066 seconds
[2023-02-02T01:11:46.597+0000] {processor.py:153} INFO - Started process (PID=156) to work on /home/airflow/.local/lib/python3.7/site-packages/airflow/example_dags/tutorial.py
[2023-02-02T01:11:46.598+0000] {processor.py:743} INFO - Processing file /home/airflow/.local/lib/python3.7/site-packages/airflow/example_dags/tutorial.py for tasks to queue
[2023-02-02T01:11:46.598+0000] {logging_mixin.py:137} INFO - [2023-02-02T01:11:46.598+0000] {dagbag.py:538} INFO - Filling up the DagBag from /home/airflow/.local/lib/python3.7/site-packages/airflow/example_dags/tutorial.py
[2023-02-02T01:11:46.614+0000] {processor.py:753} INFO - DAG(s) dict_keys(['tutorial']) retrieved from /home/airflow/.local/lib/python3.7/site-packages/airflow/example_dags/tutorial.py
[2023-02-02T01:11:46.632+0000] {logging_mixin.py:137} INFO - [2023-02-02T01:11:46.632+0000] {dag.py:2690} INFO - Sync 1 DAGs
[2023-02-02T01:11:46.648+0000] {logging_mixin.py:137} INFO - [2023-02-02T01:11:46.648+0000] {dag.py:3441} INFO - Setting next_dagrun for tutorial to 2023-02-01T01:11:46.648465+00:00, run_after=2023-02-02T01:11:46.648465+00:00
[2023-02-02T01:11:46.660+0000] {processor.py:175} INFO - Processing /home/airflow/.local/lib/python3.7/site-packages/airflow/example_dags/tutorial.py took 0.065 seconds
[2023-02-02T01:12:17.425+0000] {processor.py:153} INFO - Started process (PID=243) to work on /home/airflow/.local/lib/python3.7/site-packages/airflow/example_dags/tutorial.py
[2023-02-02T01:12:17.426+0000] {processor.py:743} INFO - Processing file /home/airflow/.local/lib/python3.7/site-packages/airflow/example_dags/tutorial.py for tasks to queue
[2023-02-02T01:12:17.426+0000] {logging_mixin.py:137} INFO - [2023-02-02T01:12:17.426+0000] {dagbag.py:538} INFO - Filling up the DagBag from /home/airflow/.local/lib/python3.7/site-packages/airflow/example_dags/tutorial.py
[2023-02-02T01:12:17.437+0000] {processor.py:753} INFO - DAG(s) dict_keys(['tutorial']) retrieved from /home/airflow/.local/lib/python3.7/site-packages/airflow/example_dags/tutorial.py
[2023-02-02T01:12:17.455+0000] {logging_mixin.py:137} INFO - [2023-02-02T01:12:17.455+0000] {dag.py:2690} INFO - Sync 1 DAGs
[2023-02-02T01:12:17.471+0000] {logging_mixin.py:137} INFO - [2023-02-02T01:12:17.471+0000] {dag.py:3441} INFO - Setting next_dagrun for tutorial to 2023-02-01T01:12:17.471740+00:00, run_after=2023-02-02T01:12:17.471740+00:00
[2023-02-02T01:12:17.483+0000] {processor.py:175} INFO - Processing /home/airflow/.local/lib/python3.7/site-packages/airflow/example_dags/tutorial.py took 0.060 seconds
[2023-02-02T01:12:48.253+0000] {processor.py:153} INFO - Started process (PID=314) to work on /home/airflow/.local/lib/python3.7/site-packages/airflow/example_dags/tutorial.py
[2023-02-02T01:12:48.254+0000] {processor.py:743} INFO - Processing file /home/airflow/.local/lib/python3.7/site-packages/airflow/example_dags/tutorial.py for tasks to queue
[2023-02-02T01:12:48.255+0000] {logging_mixin.py:137} INFO - [2023-02-02T01:12:48.255+0000] {dagbag.py:538} INFO - Filling up the DagBag from /home/airflow/.local/lib/python3.7/site-packages/airflow/example_dags/tutorial.py
[2023-02-02T01:12:48.268+0000] {processor.py:753} INFO - DAG(s) dict_keys(['tutorial']) retrieved from /home/airflow/.local/lib/python3.7/site-packages/airflow/example_dags/tutorial.py
[2023-02-02T01:12:48.291+0000] {logging_mixin.py:137} INFO - [2023-02-02T01:12:48.291+0000] {dag.py:2690} INFO - Sync 1 DAGs
[2023-02-02T01:12:48.315+0000] {logging_mixin.py:137} INFO - [2023-02-02T01:12:48.315+0000] {dag.py:3441} INFO - Setting next_dagrun for tutorial to 2023-02-01T01:12:48.314836+00:00, run_after=2023-02-02T01:12:48.314836+00:00
[2023-02-02T01:12:48.332+0000] {processor.py:175} INFO - Processing /home/airflow/.local/lib/python3.7/site-packages/airflow/example_dags/tutorial.py took 0.082 seconds
[2023-02-02T01:13:18.973+0000] {processor.py:153} INFO - Started process (PID=401) to work on /home/airflow/.local/lib/python3.7/site-packages/airflow/example_dags/tutorial.py
[2023-02-02T01:13:18.973+0000] {processor.py:743} INFO - Processing file /home/airflow/.local/lib/python3.7/site-packages/airflow/example_dags/tutorial.py for tasks to queue
[2023-02-02T01:13:18.974+0000] {logging_mixin.py:137} INFO - [2023-02-02T01:13:18.974+0000] {dagbag.py:538} INFO - Filling up the DagBag from /home/airflow/.local/lib/python3.7/site-packages/airflow/example_dags/tutorial.py
[2023-02-02T01:13:18.985+0000] {processor.py:753} INFO - DAG(s) dict_keys(['tutorial']) retrieved from /home/airflow/.local/lib/python3.7/site-packages/airflow/example_dags/tutorial.py
[2023-02-02T01:13:19.006+0000] {logging_mixin.py:137} INFO - [2023-02-02T01:13:19.005+0000] {dag.py:2690} INFO - Sync 1 DAGs
[2023-02-02T01:13:19.025+0000] {logging_mixin.py:137} INFO - [2023-02-02T01:13:19.025+0000] {dag.py:3441} INFO - Setting next_dagrun for tutorial to 2023-02-01T01:13:19.025407+00:00, run_after=2023-02-02T01:13:19.025407+00:00
[2023-02-02T01:13:19.038+0000] {processor.py:175} INFO - Processing /home/airflow/.local/lib/python3.7/site-packages/airflow/example_dags/tutorial.py took 0.068 seconds
[2023-02-02T01:13:49.714+0000] {processor.py:153} INFO - Started process (PID=488) to work on /home/airflow/.local/lib/python3.7/site-packages/airflow/example_dags/tutorial.py
[2023-02-02T01:13:49.714+0000] {processor.py:743} INFO - Processing file /home/airflow/.local/lib/python3.7/site-packages/airflow/example_dags/tutorial.py for tasks to queue
[2023-02-02T01:13:49.715+0000] {logging_mixin.py:137} INFO - [2023-02-02T01:13:49.715+0000] {dagbag.py:538} INFO - Filling up the DagBag from /home/airflow/.local/lib/python3.7/site-packages/airflow/example_dags/tutorial.py
[2023-02-02T01:13:49.725+0000] {processor.py:753} INFO - DAG(s) dict_keys(['tutorial']) retrieved from /home/airflow/.local/lib/python3.7/site-packages/airflow/example_dags/tutorial.py
[2023-02-02T01:13:49.740+0000] {logging_mixin.py:137} INFO - [2023-02-02T01:13:49.740+0000] {dag.py:2690} INFO - Sync 1 DAGs
[2023-02-02T01:13:49.756+0000] {logging_mixin.py:137} INFO - [2023-02-02T01:13:49.756+0000] {dag.py:3441} INFO - Setting next_dagrun for tutorial to 2023-02-01T01:13:49.756599+00:00, run_after=2023-02-02T01:13:49.756599+00:00
[2023-02-02T01:13:49.768+0000] {processor.py:175} INFO - Processing /home/airflow/.local/lib/python3.7/site-packages/airflow/example_dags/tutorial.py took 0.056 seconds
[2023-02-02T01:14:20.454+0000] {processor.py:153} INFO - Started process (PID=559) to work on /home/airflow/.local/lib/python3.7/site-packages/airflow/example_dags/tutorial.py
[2023-02-02T01:14:20.454+0000] {processor.py:743} INFO - Processing file /home/airflow/.local/lib/python3.7/site-packages/airflow/example_dags/tutorial.py for tasks to queue
[2023-02-02T01:14:20.455+0000] {logging_mixin.py:137} INFO - [2023-02-02T01:14:20.455+0000] {dagbag.py:538} INFO - Filling up the DagBag from /home/airflow/.local/lib/python3.7/site-packages/airflow/example_dags/tutorial.py
[2023-02-02T01:14:20.465+0000] {processor.py:753} INFO - DAG(s) dict_keys(['tutorial']) retrieved from /home/airflow/.local/lib/python3.7/site-packages/airflow/example_dags/tutorial.py
[2023-02-02T01:14:20.481+0000] {logging_mixin.py:137} INFO - [2023-02-02T01:14:20.481+0000] {dag.py:2690} INFO - Sync 1 DAGs
[2023-02-02T01:14:20.497+0000] {logging_mixin.py:137} INFO - [2023-02-02T01:14:20.497+0000] {dag.py:3441} INFO - Setting next_dagrun for tutorial to 2023-02-01T01:14:20.497589+00:00, run_after=2023-02-02T01:14:20.497589+00:00
[2023-02-02T01:14:20.509+0000] {processor.py:175} INFO - Processing /home/airflow/.local/lib/python3.7/site-packages/airflow/example_dags/tutorial.py took 0.057 seconds
[2023-02-02T01:14:51.162+0000] {processor.py:153} INFO - Started process (PID=646) to work on /home/airflow/.local/lib/python3.7/site-packages/airflow/example_dags/tutorial.py
[2023-02-02T01:14:51.163+0000] {processor.py:743} INFO - Processing file /home/airflow/.local/lib/python3.7/site-packages/airflow/example_dags/tutorial.py for tasks to queue
[2023-02-02T01:14:51.163+0000] {logging_mixin.py:137} INFO - [2023-02-02T01:14:51.163+0000] {dagbag.py:538} INFO - Filling up the DagBag from /home/airflow/.local/lib/python3.7/site-packages/airflow/example_dags/tutorial.py
[2023-02-02T01:14:51.176+0000] {processor.py:753} INFO - DAG(s) dict_keys(['tutorial']) retrieved from /home/airflow/.local/lib/python3.7/site-packages/airflow/example_dags/tutorial.py
[2023-02-02T01:14:51.197+0000] {logging_mixin.py:137} INFO - [2023-02-02T01:14:51.197+0000] {dag.py:2690} INFO - Sync 1 DAGs
[2023-02-02T01:14:51.217+0000] {logging_mixin.py:137} INFO - [2023-02-02T01:14:51.217+0000] {dag.py:3441} INFO - Setting next_dagrun for tutorial to 2023-02-01T01:14:51.217733+00:00, run_after=2023-02-02T01:14:51.217733+00:00
[2023-02-02T01:14:51.230+0000] {processor.py:175} INFO - Processing /home/airflow/.local/lib/python3.7/site-packages/airflow/example_dags/tutorial.py took 0.071 seconds
[2023-02-02T01:15:21.931+0000] {processor.py:153} INFO - Started process (PID=733) to work on /home/airflow/.local/lib/python3.7/site-packages/airflow/example_dags/tutorial.py
[2023-02-02T01:15:21.931+0000] {processor.py:743} INFO - Processing file /home/airflow/.local/lib/python3.7/site-packages/airflow/example_dags/tutorial.py for tasks to queue
[2023-02-02T01:15:21.932+0000] {logging_mixin.py:137} INFO - [2023-02-02T01:15:21.932+0000] {dagbag.py:538} INFO - Filling up the DagBag from /home/airflow/.local/lib/python3.7/site-packages/airflow/example_dags/tutorial.py
[2023-02-02T01:15:21.941+0000] {processor.py:753} INFO - DAG(s) dict_keys(['tutorial']) retrieved from /home/airflow/.local/lib/python3.7/site-packages/airflow/example_dags/tutorial.py
[2023-02-02T01:15:21.962+0000] {logging_mixin.py:137} INFO - [2023-02-02T01:15:21.962+0000] {dag.py:2690} INFO - Sync 1 DAGs
[2023-02-02T01:15:21.984+0000] {logging_mixin.py:137} INFO - [2023-02-02T01:15:21.984+0000] {dag.py:3441} INFO - Setting next_dagrun for tutorial to 2023-02-01T01:15:21.984102+00:00, run_after=2023-02-02T01:15:21.984102+00:00
[2023-02-02T01:15:21.997+0000] {processor.py:175} INFO - Processing /home/airflow/.local/lib/python3.7/site-packages/airflow/example_dags/tutorial.py took 0.068 seconds
[2023-02-02T01:15:52.719+0000] {processor.py:153} INFO - Started process (PID=813) to work on /home/airflow/.local/lib/python3.7/site-packages/airflow/example_dags/tutorial.py
[2023-02-02T01:15:52.719+0000] {processor.py:743} INFO - Processing file /home/airflow/.local/lib/python3.7/site-packages/airflow/example_dags/tutorial.py for tasks to queue
[2023-02-02T01:15:52.720+0000] {logging_mixin.py:137} INFO - [2023-02-02T01:15:52.720+0000] {dagbag.py:538} INFO - Filling up the DagBag from /home/airflow/.local/lib/python3.7/site-packages/airflow/example_dags/tutorial.py
[2023-02-02T01:15:52.729+0000] {processor.py:753} INFO - DAG(s) dict_keys(['tutorial']) retrieved from /home/airflow/.local/lib/python3.7/site-packages/airflow/example_dags/tutorial.py
[2023-02-02T01:15:52.744+0000] {logging_mixin.py:137} INFO - [2023-02-02T01:15:52.744+0000] {dag.py:2690} INFO - Sync 1 DAGs
[2023-02-02T01:15:52.760+0000] {logging_mixin.py:137} INFO - [2023-02-02T01:15:52.760+0000] {dag.py:3441} INFO - Setting next_dagrun for tutorial to 2023-02-01T01:15:52.760415+00:00, run_after=2023-02-02T01:15:52.760415+00:00
[2023-02-02T01:15:52.772+0000] {processor.py:175} INFO - Processing /home/airflow/.local/lib/python3.7/site-packages/airflow/example_dags/tutorial.py took 0.056 seconds
[2023-02-02T01:16:23.587+0000] {processor.py:153} INFO - Started process (PID=891) to work on /home/airflow/.local/lib/python3.7/site-packages/airflow/example_dags/tutorial.py
[2023-02-02T01:16:23.588+0000] {processor.py:743} INFO - Processing file /home/airflow/.local/lib/python3.7/site-packages/airflow/example_dags/tutorial.py for tasks to queue
[2023-02-02T01:16:23.589+0000] {logging_mixin.py:137} INFO - [2023-02-02T01:16:23.589+0000] {dagbag.py:538} INFO - Filling up the DagBag from /home/airflow/.local/lib/python3.7/site-packages/airflow/example_dags/tutorial.py
[2023-02-02T01:16:23.599+0000] {processor.py:753} INFO - DAG(s) dict_keys(['tutorial']) retrieved from /home/airflow/.local/lib/python3.7/site-packages/airflow/example_dags/tutorial.py
[2023-02-02T01:16:23.619+0000] {logging_mixin.py:137} INFO - [2023-02-02T01:16:23.618+0000] {dag.py:2690} INFO - Sync 1 DAGs
[2023-02-02T01:16:23.635+0000] {logging_mixin.py:137} INFO - [2023-02-02T01:16:23.635+0000] {dag.py:3441} INFO - Setting next_dagrun for tutorial to 2023-02-01T01:16:23.635416+00:00, run_after=2023-02-02T01:16:23.635416+00:00
[2023-02-02T01:16:23.648+0000] {processor.py:175} INFO - Processing /home/airflow/.local/lib/python3.7/site-packages/airflow/example_dags/tutorial.py took 0.063 seconds
[2023-02-02T01:16:54.464+0000] {processor.py:153} INFO - Started process (PID=978) to work on /home/airflow/.local/lib/python3.7/site-packages/airflow/example_dags/tutorial.py
[2023-02-02T01:16:54.465+0000] {processor.py:743} INFO - Processing file /home/airflow/.local/lib/python3.7/site-packages/airflow/example_dags/tutorial.py for tasks to queue
[2023-02-02T01:16:54.465+0000] {logging_mixin.py:137} INFO - [2023-02-02T01:16:54.465+0000] {dagbag.py:538} INFO - Filling up the DagBag from /home/airflow/.local/lib/python3.7/site-packages/airflow/example_dags/tutorial.py
[2023-02-02T01:16:54.475+0000] {processor.py:753} INFO - DAG(s) dict_keys(['tutorial']) retrieved from /home/airflow/.local/lib/python3.7/site-packages/airflow/example_dags/tutorial.py
[2023-02-02T01:16:54.490+0000] {logging_mixin.py:137} INFO - [2023-02-02T01:16:54.490+0000] {dag.py:2690} INFO - Sync 1 DAGs
[2023-02-02T01:16:54.507+0000] {logging_mixin.py:137} INFO - [2023-02-02T01:16:54.507+0000] {dag.py:3441} INFO - Setting next_dagrun for tutorial to 2023-02-01T01:16:54.507366+00:00, run_after=2023-02-02T01:16:54.507366+00:00
[2023-02-02T01:16:54.519+0000] {processor.py:175} INFO - Processing /home/airflow/.local/lib/python3.7/site-packages/airflow/example_dags/tutorial.py took 0.057 seconds
[2023-02-02T01:17:25.248+0000] {processor.py:153} INFO - Started process (PID=1065) to work on /home/airflow/.local/lib/python3.7/site-packages/airflow/example_dags/tutorial.py
[2023-02-02T01:17:25.249+0000] {processor.py:743} INFO - Processing file /home/airflow/.local/lib/python3.7/site-packages/airflow/example_dags/tutorial.py for tasks to queue
[2023-02-02T01:17:25.249+0000] {logging_mixin.py:137} INFO - [2023-02-02T01:17:25.249+0000] {dagbag.py:538} INFO - Filling up the DagBag from /home/airflow/.local/lib/python3.7/site-packages/airflow/example_dags/tutorial.py
[2023-02-02T01:17:25.258+0000] {processor.py:753} INFO - DAG(s) dict_keys(['tutorial']) retrieved from /home/airflow/.local/lib/python3.7/site-packages/airflow/example_dags/tutorial.py
[2023-02-02T01:17:25.276+0000] {logging_mixin.py:137} INFO - [2023-02-02T01:17:25.276+0000] {dag.py:2690} INFO - Sync 1 DAGs
[2023-02-02T01:17:25.293+0000] {logging_mixin.py:137} INFO - [2023-02-02T01:17:25.293+0000] {dag.py:3441} INFO - Setting next_dagrun for tutorial to 2023-02-01T01:17:25.292975+00:00, run_after=2023-02-02T01:17:25.292975+00:00
[2023-02-02T01:17:25.305+0000] {processor.py:175} INFO - Processing /home/airflow/.local/lib/python3.7/site-packages/airflow/example_dags/tutorial.py took 0.059 seconds
[2023-02-02T01:17:56.100+0000] {processor.py:153} INFO - Started process (PID=1136) to work on /home/airflow/.local/lib/python3.7/site-packages/airflow/example_dags/tutorial.py
[2023-02-02T01:17:56.100+0000] {processor.py:743} INFO - Processing file /home/airflow/.local/lib/python3.7/site-packages/airflow/example_dags/tutorial.py for tasks to queue
[2023-02-02T01:17:56.101+0000] {logging_mixin.py:137} INFO - [2023-02-02T01:17:56.101+0000] {dagbag.py:538} INFO - Filling up the DagBag from /home/airflow/.local/lib/python3.7/site-packages/airflow/example_dags/tutorial.py
[2023-02-02T01:17:56.110+0000] {processor.py:753} INFO - DAG(s) dict_keys(['tutorial']) retrieved from /home/airflow/.local/lib/python3.7/site-packages/airflow/example_dags/tutorial.py
[2023-02-02T01:17:56.129+0000] {logging_mixin.py:137} INFO - [2023-02-02T01:17:56.129+0000] {dag.py:2690} INFO - Sync 1 DAGs
[2023-02-02T01:17:56.146+0000] {logging_mixin.py:137} INFO - [2023-02-02T01:17:56.146+0000] {dag.py:3441} INFO - Setting next_dagrun for tutorial to 2023-02-01T01:17:56.146647+00:00, run_after=2023-02-02T01:17:56.146647+00:00
[2023-02-02T01:17:56.158+0000] {processor.py:175} INFO - Processing /home/airflow/.local/lib/python3.7/site-packages/airflow/example_dags/tutorial.py took 0.060 seconds
[2023-02-02T01:18:26.874+0000] {processor.py:153} INFO - Started process (PID=1223) to work on /home/airflow/.local/lib/python3.7/site-packages/airflow/example_dags/tutorial.py
[2023-02-02T01:18:26.874+0000] {processor.py:743} INFO - Processing file /home/airflow/.local/lib/python3.7/site-packages/airflow/example_dags/tutorial.py for tasks to queue
[2023-02-02T01:18:26.875+0000] {logging_mixin.py:137} INFO - [2023-02-02T01:18:26.875+0000] {dagbag.py:538} INFO - Filling up the DagBag from /home/airflow/.local/lib/python3.7/site-packages/airflow/example_dags/tutorial.py
[2023-02-02T01:18:26.884+0000] {processor.py:753} INFO - DAG(s) dict_keys(['tutorial']) retrieved from /home/airflow/.local/lib/python3.7/site-packages/airflow/example_dags/tutorial.py
[2023-02-02T01:18:26.899+0000] {logging_mixin.py:137} INFO - [2023-02-02T01:18:26.899+0000] {dag.py:2690} INFO - Sync 1 DAGs
[2023-02-02T01:18:26.914+0000] {logging_mixin.py:137} INFO - [2023-02-02T01:18:26.914+0000] {dag.py:3441} INFO - Setting next_dagrun for tutorial to 2023-02-01T01:18:26.914687+00:00, run_after=2023-02-02T01:18:26.914687+00:00
[2023-02-02T01:18:26.926+0000] {processor.py:175} INFO - Processing /home/airflow/.local/lib/python3.7/site-packages/airflow/example_dags/tutorial.py took 0.054 seconds
[2023-02-02T01:18:57.740+0000] {processor.py:153} INFO - Started process (PID=1310) to work on /home/airflow/.local/lib/python3.7/site-packages/airflow/example_dags/tutorial.py
[2023-02-02T01:18:57.740+0000] {processor.py:743} INFO - Processing file /home/airflow/.local/lib/python3.7/site-packages/airflow/example_dags/tutorial.py for tasks to queue
[2023-02-02T01:18:57.741+0000] {logging_mixin.py:137} INFO - [2023-02-02T01:18:57.741+0000] {dagbag.py:538} INFO - Filling up the DagBag from /home/airflow/.local/lib/python3.7/site-packages/airflow/example_dags/tutorial.py
[2023-02-02T01:18:57.751+0000] {processor.py:753} INFO - DAG(s) dict_keys(['tutorial']) retrieved from /home/airflow/.local/lib/python3.7/site-packages/airflow/example_dags/tutorial.py
[2023-02-02T01:18:57.769+0000] {logging_mixin.py:137} INFO - [2023-02-02T01:18:57.769+0000] {dag.py:2690} INFO - Sync 1 DAGs
[2023-02-02T01:18:57.785+0000] {logging_mixin.py:137} INFO - [2023-02-02T01:18:57.785+0000] {dag.py:3441} INFO - Setting next_dagrun for tutorial to 2023-02-01T01:18:57.785337+00:00, run_after=2023-02-02T01:18:57.785337+00:00
[2023-02-02T01:18:57.797+0000] {processor.py:175} INFO - Processing /home/airflow/.local/lib/python3.7/site-packages/airflow/example_dags/tutorial.py took 0.061 seconds
[2023-02-02T01:19:28.460+0000] {processor.py:153} INFO - Started process (PID=1381) to work on /home/airflow/.local/lib/python3.7/site-packages/airflow/example_dags/tutorial.py
[2023-02-02T01:19:28.460+0000] {processor.py:743} INFO - Processing file /home/airflow/.local/lib/python3.7/site-packages/airflow/example_dags/tutorial.py for tasks to queue
[2023-02-02T01:19:28.461+0000] {logging_mixin.py:137} INFO - [2023-02-02T01:19:28.461+0000] {dagbag.py:538} INFO - Filling up the DagBag from /home/airflow/.local/lib/python3.7/site-packages/airflow/example_dags/tutorial.py
[2023-02-02T01:19:28.472+0000] {processor.py:753} INFO - DAG(s) dict_keys(['tutorial']) retrieved from /home/airflow/.local/lib/python3.7/site-packages/airflow/example_dags/tutorial.py
[2023-02-02T01:19:28.487+0000] {logging_mixin.py:137} INFO - [2023-02-02T01:19:28.487+0000] {dag.py:2690} INFO - Sync 1 DAGs
[2023-02-02T01:19:28.503+0000] {logging_mixin.py:137} INFO - [2023-02-02T01:19:28.503+0000] {dag.py:3441} INFO - Setting next_dagrun for tutorial to 2023-02-01T01:19:28.503732+00:00, run_after=2023-02-02T01:19:28.503732+00:00
[2023-02-02T01:19:28.515+0000] {processor.py:175} INFO - Processing /home/airflow/.local/lib/python3.7/site-packages/airflow/example_dags/tutorial.py took 0.057 seconds
[2023-02-02T01:19:59.169+0000] {processor.py:153} INFO - Started process (PID=1468) to work on /home/airflow/.local/lib/python3.7/site-packages/airflow/example_dags/tutorial.py
[2023-02-02T01:19:59.170+0000] {processor.py:743} INFO - Processing file /home/airflow/.local/lib/python3.7/site-packages/airflow/example_dags/tutorial.py for tasks to queue
[2023-02-02T01:19:59.170+0000] {logging_mixin.py:137} INFO - [2023-02-02T01:19:59.170+0000] {dagbag.py:538} INFO - Filling up the DagBag from /home/airflow/.local/lib/python3.7/site-packages/airflow/example_dags/tutorial.py
[2023-02-02T01:19:59.182+0000] {processor.py:753} INFO - DAG(s) dict_keys(['tutorial']) retrieved from /home/airflow/.local/lib/python3.7/site-packages/airflow/example_dags/tutorial.py
[2023-02-02T01:19:59.200+0000] {logging_mixin.py:137} INFO - [2023-02-02T01:19:59.200+0000] {dag.py:2690} INFO - Sync 1 DAGs
[2023-02-02T01:19:59.221+0000] {logging_mixin.py:137} INFO - [2023-02-02T01:19:59.221+0000] {dag.py:3441} INFO - Setting next_dagrun for tutorial to 2023-02-01T01:19:59.220985+00:00, run_after=2023-02-02T01:19:59.220985+00:00
[2023-02-02T01:19:59.232+0000] {processor.py:175} INFO - Processing /home/airflow/.local/lib/python3.7/site-packages/airflow/example_dags/tutorial.py took 0.066 seconds
[2023-02-02T01:20:29.943+0000] {processor.py:153} INFO - Started process (PID=1555) to work on /home/airflow/.local/lib/python3.7/site-packages/airflow/example_dags/tutorial.py
[2023-02-02T01:20:29.944+0000] {processor.py:743} INFO - Processing file /home/airflow/.local/lib/python3.7/site-packages/airflow/example_dags/tutorial.py for tasks to queue
[2023-02-02T01:20:29.944+0000] {logging_mixin.py:137} INFO - [2023-02-02T01:20:29.944+0000] {dagbag.py:538} INFO - Filling up the DagBag from /home/airflow/.local/lib/python3.7/site-packages/airflow/example_dags/tutorial.py
[2023-02-02T01:20:29.954+0000] {processor.py:753} INFO - DAG(s) dict_keys(['tutorial']) retrieved from /home/airflow/.local/lib/python3.7/site-packages/airflow/example_dags/tutorial.py
[2023-02-02T01:20:29.972+0000] {logging_mixin.py:137} INFO - [2023-02-02T01:20:29.972+0000] {dag.py:2690} INFO - Sync 1 DAGs
[2023-02-02T01:20:29.993+0000] {logging_mixin.py:137} INFO - [2023-02-02T01:20:29.993+0000] {dag.py:3441} INFO - Setting next_dagrun for tutorial to 2023-02-01T01:20:29.993235+00:00, run_after=2023-02-02T01:20:29.993235+00:00
[2023-02-02T01:20:30.005+0000] {processor.py:175} INFO - Processing /home/airflow/.local/lib/python3.7/site-packages/airflow/example_dags/tutorial.py took 0.064 seconds
[2023-02-02T01:21:00.646+0000] {processor.py:153} INFO - Started process (PID=1626) to work on /home/airflow/.local/lib/python3.7/site-packages/airflow/example_dags/tutorial.py
[2023-02-02T01:21:00.647+0000] {processor.py:743} INFO - Processing file /home/airflow/.local/lib/python3.7/site-packages/airflow/example_dags/tutorial.py for tasks to queue
[2023-02-02T01:21:00.648+0000] {logging_mixin.py:137} INFO - [2023-02-02T01:21:00.648+0000] {dagbag.py:538} INFO - Filling up the DagBag from /home/airflow/.local/lib/python3.7/site-packages/airflow/example_dags/tutorial.py
[2023-02-02T01:21:00.659+0000] {processor.py:753} INFO - DAG(s) dict_keys(['tutorial']) retrieved from /home/airflow/.local/lib/python3.7/site-packages/airflow/example_dags/tutorial.py
[2023-02-02T01:21:00.680+0000] {logging_mixin.py:137} INFO - [2023-02-02T01:21:00.680+0000] {dag.py:2690} INFO - Sync 1 DAGs
[2023-02-02T01:21:00.697+0000] {logging_mixin.py:137} INFO - [2023-02-02T01:21:00.697+0000] {dag.py:3441} INFO - Setting next_dagrun for tutorial to 2023-02-01T01:21:00.697421+00:00, run_after=2023-02-02T01:21:00.697421+00:00
[2023-02-02T01:21:00.708+0000] {processor.py:175} INFO - Processing /home/airflow/.local/lib/python3.7/site-packages/airflow/example_dags/tutorial.py took 0.064 seconds
[2023-02-02T01:21:31.351+0000] {processor.py:153} INFO - Started process (PID=1713) to work on /home/airflow/.local/lib/python3.7/site-packages/airflow/example_dags/tutorial.py
[2023-02-02T01:21:31.351+0000] {processor.py:743} INFO - Processing file /home/airflow/.local/lib/python3.7/site-packages/airflow/example_dags/tutorial.py for tasks to queue
[2023-02-02T01:21:31.352+0000] {logging_mixin.py:137} INFO - [2023-02-02T01:21:31.352+0000] {dagbag.py:538} INFO - Filling up the DagBag from /home/airflow/.local/lib/python3.7/site-packages/airflow/example_dags/tutorial.py
[2023-02-02T01:21:31.362+0000] {processor.py:753} INFO - DAG(s) dict_keys(['tutorial']) retrieved from /home/airflow/.local/lib/python3.7/site-packages/airflow/example_dags/tutorial.py
[2023-02-02T01:21:31.377+0000] {logging_mixin.py:137} INFO - [2023-02-02T01:21:31.377+0000] {dag.py:2690} INFO - Sync 1 DAGs
[2023-02-02T01:21:31.393+0000] {logging_mixin.py:137} INFO - [2023-02-02T01:21:31.393+0000] {dag.py:3441} INFO - Setting next_dagrun for tutorial to 2023-02-01T01:21:31.392994+00:00, run_after=2023-02-02T01:21:31.392994+00:00
[2023-02-02T01:21:31.404+0000] {processor.py:175} INFO - Processing /home/airflow/.local/lib/python3.7/site-packages/airflow/example_dags/tutorial.py took 0.055 seconds
[2023-02-02T01:22:02.047+0000] {processor.py:153} INFO - Started process (PID=1800) to work on /home/airflow/.local/lib/python3.7/site-packages/airflow/example_dags/tutorial.py
[2023-02-02T01:22:02.048+0000] {processor.py:743} INFO - Processing file /home/airflow/.local/lib/python3.7/site-packages/airflow/example_dags/tutorial.py for tasks to queue
[2023-02-02T01:22:02.048+0000] {logging_mixin.py:137} INFO - [2023-02-02T01:22:02.048+0000] {dagbag.py:538} INFO - Filling up the DagBag from /home/airflow/.local/lib/python3.7/site-packages/airflow/example_dags/tutorial.py
[2023-02-02T01:22:02.057+0000] {processor.py:753} INFO - DAG(s) dict_keys(['tutorial']) retrieved from /home/airflow/.local/lib/python3.7/site-packages/airflow/example_dags/tutorial.py
[2023-02-02T01:22:02.072+0000] {logging_mixin.py:137} INFO - [2023-02-02T01:22:02.072+0000] {dag.py:2690} INFO - Sync 1 DAGs
[2023-02-02T01:22:02.088+0000] {logging_mixin.py:137} INFO - [2023-02-02T01:22:02.088+0000] {dag.py:3441} INFO - Setting next_dagrun for tutorial to 2023-02-01T01:22:02.088289+00:00, run_after=2023-02-02T01:22:02.088289+00:00
[2023-02-02T01:22:02.099+0000] {processor.py:175} INFO - Processing /home/airflow/.local/lib/python3.7/site-packages/airflow/example_dags/tutorial.py took 0.055 seconds
[2023-02-02T01:22:32.935+0000] {processor.py:153} INFO - Started process (PID=1880) to work on /home/airflow/.local/lib/python3.7/site-packages/airflow/example_dags/tutorial.py
[2023-02-02T01:22:32.936+0000] {processor.py:743} INFO - Processing file /home/airflow/.local/lib/python3.7/site-packages/airflow/example_dags/tutorial.py for tasks to queue
[2023-02-02T01:22:32.936+0000] {logging_mixin.py:137} INFO - [2023-02-02T01:22:32.936+0000] {dagbag.py:538} INFO - Filling up the DagBag from /home/airflow/.local/lib/python3.7/site-packages/airflow/example_dags/tutorial.py
[2023-02-02T01:22:32.947+0000] {processor.py:753} INFO - DAG(s) dict_keys(['tutorial']) retrieved from /home/airflow/.local/lib/python3.7/site-packages/airflow/example_dags/tutorial.py
[2023-02-02T01:22:32.964+0000] {logging_mixin.py:137} INFO - [2023-02-02T01:22:32.964+0000] {dag.py:2690} INFO - Sync 1 DAGs
[2023-02-02T01:22:32.980+0000] {logging_mixin.py:137} INFO - [2023-02-02T01:22:32.980+0000] {dag.py:3441} INFO - Setting next_dagrun for tutorial to 2023-02-01T01:22:32.980127+00:00, run_after=2023-02-02T01:22:32.980127+00:00
[2023-02-02T01:22:32.996+0000] {processor.py:175} INFO - Processing /home/airflow/.local/lib/python3.7/site-packages/airflow/example_dags/tutorial.py took 0.065 seconds
[2023-02-02T01:23:03.599+0000] {processor.py:153} INFO - Started process (PID=1958) to work on /home/airflow/.local/lib/python3.7/site-packages/airflow/example_dags/tutorial.py
[2023-02-02T01:23:03.599+0000] {processor.py:743} INFO - Processing file /home/airflow/.local/lib/python3.7/site-packages/airflow/example_dags/tutorial.py for tasks to queue
[2023-02-02T01:23:03.600+0000] {logging_mixin.py:137} INFO - [2023-02-02T01:23:03.600+0000] {dagbag.py:538} INFO - Filling up the DagBag from /home/airflow/.local/lib/python3.7/site-packages/airflow/example_dags/tutorial.py
[2023-02-02T01:23:03.610+0000] {processor.py:753} INFO - DAG(s) dict_keys(['tutorial']) retrieved from /home/airflow/.local/lib/python3.7/site-packages/airflow/example_dags/tutorial.py
[2023-02-02T01:23:03.627+0000] {logging_mixin.py:137} INFO - [2023-02-02T01:23:03.627+0000] {dag.py:2690} INFO - Sync 1 DAGs
[2023-02-02T01:23:03.644+0000] {logging_mixin.py:137} INFO - [2023-02-02T01:23:03.644+0000] {dag.py:3441} INFO - Setting next_dagrun for tutorial to 2023-02-01T01:23:03.644158+00:00, run_after=2023-02-02T01:23:03.644158+00:00
[2023-02-02T01:23:03.656+0000] {processor.py:175} INFO - Processing /home/airflow/.local/lib/python3.7/site-packages/airflow/example_dags/tutorial.py took 0.059 seconds
[2023-02-02T01:23:34.333+0000] {processor.py:153} INFO - Started process (PID=2045) to work on /home/airflow/.local/lib/python3.7/site-packages/airflow/example_dags/tutorial.py
[2023-02-02T01:23:34.334+0000] {processor.py:743} INFO - Processing file /home/airflow/.local/lib/python3.7/site-packages/airflow/example_dags/tutorial.py for tasks to queue
[2023-02-02T01:23:34.334+0000] {logging_mixin.py:137} INFO - [2023-02-02T01:23:34.334+0000] {dagbag.py:538} INFO - Filling up the DagBag from /home/airflow/.local/lib/python3.7/site-packages/airflow/example_dags/tutorial.py
[2023-02-02T01:23:34.344+0000] {processor.py:753} INFO - DAG(s) dict_keys(['tutorial']) retrieved from /home/airflow/.local/lib/python3.7/site-packages/airflow/example_dags/tutorial.py
[2023-02-02T01:23:34.361+0000] {logging_mixin.py:137} INFO - [2023-02-02T01:23:34.360+0000] {dag.py:2690} INFO - Sync 1 DAGs
[2023-02-02T01:23:34.376+0000] {logging_mixin.py:137} INFO - [2023-02-02T01:23:34.376+0000] {dag.py:3441} INFO - Setting next_dagrun for tutorial to 2023-02-01T01:23:34.376620+00:00, run_after=2023-02-02T01:23:34.376620+00:00
[2023-02-02T01:23:34.388+0000] {processor.py:175} INFO - Processing /home/airflow/.local/lib/python3.7/site-packages/airflow/example_dags/tutorial.py took 0.057 seconds
[2023-02-02T01:24:05.224+0000] {processor.py:153} INFO - Started process (PID=2132) to work on /home/airflow/.local/lib/python3.7/site-packages/airflow/example_dags/tutorial.py
[2023-02-02T01:24:05.225+0000] {processor.py:743} INFO - Processing file /home/airflow/.local/lib/python3.7/site-packages/airflow/example_dags/tutorial.py for tasks to queue
[2023-02-02T01:24:05.225+0000] {logging_mixin.py:137} INFO - [2023-02-02T01:24:05.225+0000] {dagbag.py:538} INFO - Filling up the DagBag from /home/airflow/.local/lib/python3.7/site-packages/airflow/example_dags/tutorial.py
[2023-02-02T01:24:05.237+0000] {processor.py:753} INFO - DAG(s) dict_keys(['tutorial']) retrieved from /home/airflow/.local/lib/python3.7/site-packages/airflow/example_dags/tutorial.py
[2023-02-02T01:24:05.252+0000] {logging_mixin.py:137} INFO - [2023-02-02T01:24:05.252+0000] {dag.py:2690} INFO - Sync 1 DAGs
[2023-02-02T01:24:05.268+0000] {logging_mixin.py:137} INFO - [2023-02-02T01:24:05.268+0000] {dag.py:3441} INFO - Setting next_dagrun for tutorial to 2023-02-01T01:24:05.268628+00:00, run_after=2023-02-02T01:24:05.268628+00:00
[2023-02-02T01:24:05.280+0000] {processor.py:175} INFO - Processing /home/airflow/.local/lib/python3.7/site-packages/airflow/example_dags/tutorial.py took 0.059 seconds
[2023-02-02T01:24:35.970+0000] {processor.py:153} INFO - Started process (PID=2203) to work on /home/airflow/.local/lib/python3.7/site-packages/airflow/example_dags/tutorial.py
[2023-02-02T01:24:35.971+0000] {processor.py:743} INFO - Processing file /home/airflow/.local/lib/python3.7/site-packages/airflow/example_dags/tutorial.py for tasks to queue
[2023-02-02T01:24:35.971+0000] {logging_mixin.py:137} INFO - [2023-02-02T01:24:35.971+0000] {dagbag.py:538} INFO - Filling up the DagBag from /home/airflow/.local/lib/python3.7/site-packages/airflow/example_dags/tutorial.py
[2023-02-02T01:24:35.981+0000] {processor.py:753} INFO - DAG(s) dict_keys(['tutorial']) retrieved from /home/airflow/.local/lib/python3.7/site-packages/airflow/example_dags/tutorial.py
[2023-02-02T01:24:35.997+0000] {logging_mixin.py:137} INFO - [2023-02-02T01:24:35.997+0000] {dag.py:2690} INFO - Sync 1 DAGs
[2023-02-02T01:24:36.014+0000] {logging_mixin.py:137} INFO - [2023-02-02T01:24:36.014+0000] {dag.py:3441} INFO - Setting next_dagrun for tutorial to 2023-02-01T01:24:36.014468+00:00, run_after=2023-02-02T01:24:36.014468+00:00
[2023-02-02T01:24:36.029+0000] {processor.py:175} INFO - Processing /home/airflow/.local/lib/python3.7/site-packages/airflow/example_dags/tutorial.py took 0.060 seconds
[2023-02-02T01:25:06.663+0000] {processor.py:153} INFO - Started process (PID=2290) to work on /home/airflow/.local/lib/python3.7/site-packages/airflow/example_dags/tutorial.py
[2023-02-02T01:25:06.664+0000] {processor.py:743} INFO - Processing file /home/airflow/.local/lib/python3.7/site-packages/airflow/example_dags/tutorial.py for tasks to queue
[2023-02-02T01:25:06.664+0000] {logging_mixin.py:137} INFO - [2023-02-02T01:25:06.664+0000] {dagbag.py:538} INFO - Filling up the DagBag from /home/airflow/.local/lib/python3.7/site-packages/airflow/example_dags/tutorial.py
[2023-02-02T01:25:06.677+0000] {processor.py:753} INFO - DAG(s) dict_keys(['tutorial']) retrieved from /home/airflow/.local/lib/python3.7/site-packages/airflow/example_dags/tutorial.py
[2023-02-02T01:25:06.696+0000] {logging_mixin.py:137} INFO - [2023-02-02T01:25:06.696+0000] {dag.py:2690} INFO - Sync 1 DAGs
[2023-02-02T01:25:06.715+0000] {logging_mixin.py:137} INFO - [2023-02-02T01:25:06.715+0000] {dag.py:3441} INFO - Setting next_dagrun for tutorial to 2023-02-01T01:25:06.715275+00:00, run_after=2023-02-02T01:25:06.715275+00:00
[2023-02-02T01:25:06.727+0000] {processor.py:175} INFO - Processing /home/airflow/.local/lib/python3.7/site-packages/airflow/example_dags/tutorial.py took 0.066 seconds
